[ 2017-10-23T14:06:23+08:00 ] 127.0.0.1 /sucai/index.php/home
INFO: [ app_init ] --START--
INFO: Run Behavior\BuildLiteBehavior [ RunTime:0.000019s ]
INFO: [ app_init ] --END-- [ RunTime:0.000467s ]
INFO: [ app_begin ] --START--
INFO: Run Behavior\ReadHtmlCacheBehavior [ RunTime:0.000478s ]
INFO: [ app_begin ] --END-- [ RunTime:0.000567s ]
SQL: SHOW COLUMNS FROM `sc_cate` [ RunTime:0.0011s ]
SQL: SELECT * FROM `sc_cate` WHERE `cate_parentid` = 0 ORDER BY cate_sort asc  [ RunTime:0.0004s ]
SQL: SELECT `cate_id`,`cate_parentid` FROM `sc_cate` WHERE `cate_id` = 0 LIMIT 1   [ RunTime:0.0002s ]
INFO: [ view_parse ] --START--
INFO: [ template_filter ] --START--
INFO: Run Behavior\ContentReplaceBehavior [ RunTime:0.000870s ]
INFO: [ template_filter ] --END-- [ RunTime:0.000978s ]
NOTIC: [8] Undefined index: user_id D:\wamp64\www\sucai\Application\Runtime\Cache\Home\5f5878b563bbd0551b6c84d71156b7e9.php 第 29 行.
INFO: Run Behavior\ParseTemplateBehavior [ RunTime:0.022444s ]
INFO: [ view_parse ] --END-- [ RunTime:0.022540s ]
INFO: [ view_filter ] --START--
INFO: Run Behavior\WriteHtmlCacheBehavior [ RunTime:0.000354s ]
INFO: [ view_filter ] --END-- [ RunTime:0.000448s ]
INFO: [ app_end ] --START--
INFO: Run Behavior\ShowPageTraceBehavior [ RunTime:0.000577s ]
INFO: [ app_end ] --END-- [ RunTime:0.000693s ]

[ 2017-10-23T14:06:25+08:00 ] 127.0.0.1 /sucai/index.php/Home/Lst/index/cate_id/1
INFO: [ app_init ] --START--
INFO: Run Behavior\BuildLiteBehavior [ RunTime:0.000048s ]
INFO: [ app_init ] --END-- [ RunTime:0.001372s ]
INFO: [ app_begin ] --START--
INFO: Run Behavior\ReadHtmlCacheBehavior [ RunTime:0.000667s ]
INFO: [ app_begin ] --END-- [ RunTime:0.000836s ]
SQL: SHOW COLUMNS FROM `sc_cate` [ RunTime:0.0011s ]
SQL: SELECT * FROM `sc_cate` WHERE `cate_parentid` = 0 ORDER BY cate_sort asc  [ RunTime:0.0004s ]
SQL: SELECT `cate_id`,`cate_parentid` FROM `sc_cate` WHERE `cate_id` = 1 LIMIT 1   [ RunTime:0.0002s ]
INFO: [ view_parse ] --START--
INFO: [ template_filter ] --START--
INFO: Run Behavior\ContentReplaceBehavior [ RunTime:0.000455s ]
INFO: [ template_filter ] --END-- [ RunTime:0.000553s ]
NOTIC: [8] Undefined index: user_id D:\wamp64\www\sucai\Application\Runtime\Cache\Home\cb81eedfa59617cee80c720e6614fcd4.php 第 28 行.
NOTIC: [8] Undefined variable: curr D:\wamp64\www\sucai\Application\Runtime\Cache\Home\cb81eedfa59617cee80c720e6614fcd4.php 第 146 行.
INFO: Run Behavior\ParseTemplateBehavior [ RunTime:0.063710s ]
INFO: [ view_parse ] --END-- [ RunTime:0.063824s ]
INFO: [ view_filter ] --START--
INFO: Run Behavior\WriteHtmlCacheBehavior [ RunTime:0.000330s ]
INFO: [ view_filter ] --END-- [ RunTime:0.000411s ]
INFO: [ app_end ] --START--
INFO: Run Behavior\ShowPageTraceBehavior [ RunTime:0.000560s ]
INFO: [ app_end ] --END-- [ RunTime:0.000677s ]

[ 2017-10-23T14:26:49+08:00 ] 127.0.0.1 /sucai/index.php/Home/Lst/index/cate_id/2
INFO: [ app_init ] --START--
INFO: Run Behavior\BuildLiteBehavior [ RunTime:0.000018s ]
INFO: [ app_init ] --END-- [ RunTime:0.000422s ]
INFO: [ app_begin ] --START--
INFO: Run Behavior\ReadHtmlCacheBehavior [ RunTime:0.000513s ]
INFO: [ app_begin ] --END-- [ RunTime:0.000610s ]
SQL: SHOW COLUMNS FROM `sc_cate` [ RunTime:0.0006s ]
SQL: SELECT * FROM `sc_cate` WHERE `cate_parentid` = 0 ORDER BY cate_sort asc  [ RunTime:0.0003s ]
SQL: SELECT `cate_id`,`cate_parentid` FROM `sc_cate` WHERE `cate_id` = 2 LIMIT 1   [ RunTime:0.0002s ]
INFO: [ view_parse ] --START--
INFO: [ template_filter ] --START--
INFO: Run Behavior\ContentReplaceBehavior [ RunTime:0.000445s ]
INFO: [ template_filter ] --END-- [ RunTime:0.000561s ]
NOTIC: [8] Undefined index: user_id D:\wamp64\www\sucai\Application\Runtime\Cache\Home\cb81eedfa59617cee80c720e6614fcd4.php 第 28 行.
NOTIC: [8] Undefined variable: curr D:\wamp64\www\sucai\Application\Runtime\Cache\Home\cb81eedfa59617cee80c720e6614fcd4.php 第 146 行.
INFO: Run Behavior\ParseTemplateBehavior [ RunTime:0.016796s ]
INFO: [ view_parse ] --END-- [ RunTime:0.016886s ]
INFO: [ view_filter ] --START--
INFO: Run Behavior\WriteHtmlCacheBehavior [ RunTime:0.000366s ]
INFO: [ view_filter ] --END-- [ RunTime:0.000448s ]
INFO: [ app_end ] --START--
INFO: Run Behavior\ShowPageTraceBehavior [ RunTime:0.000601s ]
INFO: [ app_end ] --END-- [ RunTime:0.000701s ]

[ 2017-10-23T14:26:51+08:00 ] 127.0.0.1 /sucai/index.php/Home/Lst/index/cate_id/3
INFO: [ app_init ] --START--
INFO: Run Behavior\BuildLiteBehavior [ RunTime:0.000021s ]
INFO: [ app_init ] --END-- [ RunTime:0.000476s ]
INFO: [ app_begin ] --START--
INFO: Run Behavior\ReadHtmlCacheBehavior [ RunTime:0.000422s ]
INFO: [ app_begin ] --END-- [ RunTime:0.000519s ]
SQL: SHOW COLUMNS FROM `sc_cate` [ RunTime:0.0005s ]
SQL: SELECT * FROM `sc_cate` WHERE `cate_parentid` = 0 ORDER BY cate_sort asc  [ RunTime:0.0003s ]
SQL: SELECT `cate_id`,`cate_parentid` FROM `sc_cate` WHERE `cate_id` = 3 LIMIT 1   [ RunTime:0.0002s ]
INFO: [ view_parse ] --START--
INFO: [ template_filter ] --START--
INFO: Run Behavior\ContentReplaceBehavior [ RunTime:0.000446s ]
INFO: [ template_filter ] --END-- [ RunTime:0.000544s ]
NOTIC: [8] Undefined index: user_id D:\wamp64\www\sucai\Application\Runtime\Cache\Home\cb81eedfa59617cee80c720e6614fcd4.php 第 28 行.
NOTIC: [8] Undefined variable: curr D:\wamp64\www\sucai\Application\Runtime\Cache\Home\cb81eedfa59617cee80c720e6614fcd4.php 第 146 行.
INFO: Run Behavior\ParseTemplateBehavior [ RunTime:0.017930s ]
INFO: [ view_parse ] --END-- [ RunTime:0.018029s ]
INFO: [ view_filter ] --START--
INFO: Run Behavior\WriteHtmlCacheBehavior [ RunTime:0.000332s ]
INFO: [ view_filter ] --END-- [ RunTime:0.000417s ]
INFO: [ app_end ] --START--
INFO: Run Behavior\ShowPageTraceBehavior [ RunTime:0.000560s ]
INFO: [ app_end ] --END-- [ RunTime:0.000654s ]

[ 2017-10-23T14:26:53+08:00 ] 127.0.0.1 /sucai/index.php/Home/Lst/index/cate_id/10
INFO: [ app_init ] --START--
INFO: Run Behavior\BuildLiteBehavior [ RunTime:0.000018s ]
INFO: [ app_init ] --END-- [ RunTime:0.000413s ]
INFO: [ app_begin ] --START--
INFO: Run Behavior\ReadHtmlCacheBehavior [ RunTime:0.000470s ]
INFO: [ app_begin ] --END-- [ RunTime:0.000558s ]
SQL: SHOW COLUMNS FROM `sc_cate` [ RunTime:0.0007s ]
SQL: SELECT * FROM `sc_cate` WHERE `cate_parentid` = 0 ORDER BY cate_sort asc  [ RunTime:0.0003s ]
SQL: SELECT `cate_id`,`cate_parentid` FROM `sc_cate` WHERE `cate_id` = 10 LIMIT 1   [ RunTime:0.0002s ]
INFO: [ view_parse ] --START--
INFO: [ template_filter ] --START--
INFO: Run Behavior\ContentReplaceBehavior [ RunTime:0.000448s ]
INFO: [ template_filter ] --END-- [ RunTime:0.000551s ]
NOTIC: [8] Undefined index: user_id D:\wamp64\www\sucai\Application\Runtime\Cache\Home\cb81eedfa59617cee80c720e6614fcd4.php 第 28 行.
NOTIC: [8] Undefined variable: curr D:\wamp64\www\sucai\Application\Runtime\Cache\Home\cb81eedfa59617cee80c720e6614fcd4.php 第 146 行.
INFO: Run Behavior\ParseTemplateBehavior [ RunTime:0.016370s ]
INFO: [ view_parse ] --END-- [ RunTime:0.016458s ]
INFO: [ view_filter ] --START--
INFO: Run Behavior\WriteHtmlCacheBehavior [ RunTime:0.000340s ]
INFO: [ view_filter ] --END-- [ RunTime:0.000420s ]
INFO: [ app_end ] --START--
INFO: Run Behavior\ShowPageTraceBehavior [ RunTime:0.001001s ]
INFO: [ app_end ] --END-- [ RunTime:0.001138s ]

[ 2017-10-23T14:26:54+08:00 ] 127.0.0.1 /sucai/index.php/Home/Lst/index/cate_id/11
INFO: [ app_init ] --START--
INFO: Run Behavior\BuildLiteBehavior [ RunTime:0.000019s ]
INFO: [ app_init ] --END-- [ RunTime:0.000445s ]
INFO: [ app_begin ] --START--
INFO: Run Behavior\ReadHtmlCacheBehavior [ RunTime:0.000489s ]
INFO: [ app_begin ] --END-- [ RunTime:0.000591s ]
SQL: SHOW COLUMNS FROM `sc_cate` [ RunTime:0.0008s ]
SQL: SELECT * FROM `sc_cate` WHERE `cate_parentid` = 0 ORDER BY cate_sort asc  [ RunTime:0.0004s ]
SQL: SELECT `cate_id`,`cate_parentid` FROM `sc_cate` WHERE `cate_id` = 11 LIMIT 1   [ RunTime:0.0002s ]
INFO: [ view_parse ] --START--
INFO: [ template_filter ] --START--
INFO: Run Behavior\ContentReplaceBehavior [ RunTime:0.000671s ]
INFO: [ template_filter ] --END-- [ RunTime:0.000853s ]
NOTIC: [8] Undefined index: user_id D:\wamp64\www\sucai\Application\Runtime\Cache\Home\cb81eedfa59617cee80c720e6614fcd4.php 第 28 行.
NOTIC: [8] Undefined variable: curr D:\wamp64\www\sucai\Application\Runtime\Cache\Home\cb81eedfa59617cee80c720e6614fcd4.php 第 146 行.
INFO: Run Behavior\ParseTemplateBehavior [ RunTime:0.023701s ]
INFO: [ view_parse ] --END-- [ RunTime:0.023790s ]
INFO: [ view_filter ] --START--
INFO: Run Behavior\WriteHtmlCacheBehavior [ RunTime:0.000329s ]
INFO: [ view_filter ] --END-- [ RunTime:0.000409s ]
INFO: [ app_end ] --START--
INFO: Run Behavior\ShowPageTraceBehavior [ RunTime:0.000695s ]
INFO: [ app_end ] --END-- [ RunTime:0.000806s ]

[ 2017-10-23T14:26:56+08:00 ] 127.0.0.1 /sucai/index.php/Home/Topic/index/cate_id/4
INFO: [ app_init ] --START--
INFO: Run Behavior\BuildLiteBehavior [ RunTime:0.000046s ]
INFO: [ app_init ] --END-- [ RunTime:0.000833s ]
INFO: [ app_begin ] --START--
INFO: Run Behavior\ReadHtmlCacheBehavior [ RunTime:0.001725s ]
INFO: [ app_begin ] --END-- [ RunTime:0.002073s ]
SQL: SHOW COLUMNS FROM `sc_cate` [ RunTime:0.0011s ]
SQL: SELECT * FROM `sc_cate` WHERE `cate_parentid` = 0 ORDER BY cate_sort asc  [ RunTime:0.0005s ]
SQL: SELECT `cate_id`,`cate_parentid` FROM `sc_cate` WHERE `cate_id` = 4 LIMIT 1   [ RunTime:0.0002s ]
SQL: SELECT `cate_id` FROM `sc_cate` WHERE `cate_parentid` = 4  [ RunTime:0.0002s ]
SQL: SELECT * FROM `sc_cate` WHERE `cate_parentid` = 4  [ RunTime:0.0002s ]
SQL: SHOW COLUMNS FROM `sc_topic` [ RunTime:0.0005s ]
SQL: SELECT COUNT(*) AS tp_count FROM `sc_topic` WHERE `cate_id` IN ('8','17','18','19','20','21','22','4') LIMIT 1   [ RunTime:0.0003s ]
SQL: SELECT * FROM `sc_topic` WHERE `cate_id` IN ('8','17','18','19','20','21','22','4') ORDER BY topic_id desc LIMIT 0,15   [ RunTime:0.0004s ]
SQL: SHOW COLUMNS FROM `sc_userinfo` [ RunTime:0.0194s ]
SQL: SHOW COLUMNS FROM `sc_comment` [ RunTime:0.0074s ]
SQL: SELECT `user_id`,`face50`,`nickname` FROM `sc_userinfo` WHERE `user_id` = 36 LIMIT 1   [ RunTime:0.0003s ]
SQL: SELECT `content`,`member_id`,`time` FROM `sc_comment` WHERE `article_id` = 26 ORDER BY time desc LIMIT 1   [ RunTime:0.0003s ]
SQL: SELECT `user_id`,`face50`,`nickname` FROM `sc_userinfo` WHERE `user_id` = null LIMIT 1   [ RunTime:0.0002s ]
SQL: SELECT `user_id`,`face50`,`nickname` FROM `sc_userinfo` WHERE `user_id` = 36 LIMIT 1   [ RunTime:0.0002s ]
SQL: SELECT `content`,`member_id`,`time` FROM `sc_comment` WHERE `article_id` = 25 ORDER BY time desc LIMIT 1   [ RunTime:0.0003s ]
SQL: SELECT `user_id`,`face50`,`nickname` FROM `sc_userinfo` WHERE `user_id` = 36 LIMIT 1   [ RunTime:0.0002s ]
SQL: SELECT `user_id`,`face50`,`nickname` FROM `sc_userinfo` WHERE `user_id` = 50 LIMIT 1   [ RunTime:0.0002s ]
SQL: SELECT `content`,`member_id`,`time` FROM `sc_comment` WHERE `article_id` = 24 ORDER BY time desc LIMIT 1   [ RunTime:0.0002s ]
SQL: SELECT `user_id`,`face50`,`nickname` FROM `sc_userinfo` WHERE `user_id` = null LIMIT 1   [ RunTime:0.0002s ]
SQL: SELECT `user_id`,`face50`,`nickname` FROM `sc_userinfo` WHERE `user_id` = 50 LIMIT 1   [ RunTime:0.0002s ]
SQL: SELECT `content`,`member_id`,`time` FROM `sc_comment` WHERE `article_id` = 23 ORDER BY time desc LIMIT 1   [ RunTime:0.0003s ]
SQL: SELECT `user_id`,`face50`,`nickname` FROM `sc_userinfo` WHERE `user_id` = null LIMIT 1   [ RunTime:0.0002s ]
SQL: SELECT `user_id`,`face50`,`nickname` FROM `sc_userinfo` WHERE `user_id` = 50 LIMIT 1   [ RunTime:0.0002s ]
SQL: SELECT `content`,`member_id`,`time` FROM `sc_comment` WHERE `article_id` = 22 ORDER BY time desc LIMIT 1   [ RunTime:0.0002s ]
SQL: SELECT `user_id`,`face50`,`nickname` FROM `sc_userinfo` WHERE `user_id` = null LIMIT 1   [ RunTime:0.0002s ]
SQL: SELECT `user_id`,`face50`,`nickname` FROM `sc_userinfo` WHERE `user_id` = 8 LIMIT 1   [ RunTime:0.0002s ]
SQL: SELECT `content`,`member_id`,`time` FROM `sc_comment` WHERE `article_id` = 21 ORDER BY time desc LIMIT 1   [ RunTime:0.0002s ]
SQL: SELECT `user_id`,`face50`,`nickname` FROM `sc_userinfo` WHERE `user_id` = 36 LIMIT 1   [ RunTime:0.0002s ]
SQL: SELECT `user_id`,`face50`,`nickname` FROM `sc_userinfo` WHERE `user_id` = 8 LIMIT 1   [ RunTime:0.0002s ]
SQL: SELECT `content`,`member_id`,`time` FROM `sc_comment` WHERE `article_id` = 19 ORDER BY time desc LIMIT 1   [ RunTime:0.0002s ]
SQL: SELECT `user_id`,`face50`,`nickname` FROM `sc_userinfo` WHERE `user_id` = 8 LIMIT 1   [ RunTime:0.0002s ]
SQL: SELECT `user_id`,`face50`,`nickname` FROM `sc_userinfo` WHERE `user_id` = 8 LIMIT 1   [ RunTime:0.0002s ]
SQL: SELECT `content`,`member_id`,`time` FROM `sc_comment` WHERE `article_id` = 17 ORDER BY time desc LIMIT 1   [ RunTime:0.0002s ]
SQL: SELECT `user_id`,`face50`,`nickname` FROM `sc_userinfo` WHERE `user_id` = 39 LIMIT 1   [ RunTime:0.0002s ]
SQL: SELECT `user_id`,`face50`,`nickname` FROM `sc_userinfo` WHERE `user_id` = 8 LIMIT 1   [ RunTime:0.0002s ]
SQL: SELECT `content`,`member_id`,`time` FROM `sc_comment` WHERE `article_id` = 16 ORDER BY time desc LIMIT 1   [ RunTime:0.0002s ]
SQL: SELECT `user_id`,`face50`,`nickname` FROM `sc_userinfo` WHERE `user_id` = 8 LIMIT 1   [ RunTime:0.0002s ]
SQL: SELECT `user_id`,`face50`,`nickname` FROM `sc_userinfo` WHERE `user_id` = 36 LIMIT 1   [ RunTime:0.0002s ]
SQL: SELECT `content`,`member_id`,`time` FROM `sc_comment` WHERE `article_id` = 13 ORDER BY time desc LIMIT 1   [ RunTime:0.0009s ]
SQL: SELECT `user_id`,`face50`,`nickname` FROM `sc_userinfo` WHERE `user_id` = 50 LIMIT 1   [ RunTime:0.0002s ]
SQL: SELECT `user_id`,`face50`,`nickname` FROM `sc_userinfo` WHERE `user_id` = 38 LIMIT 1   [ RunTime:0.0002s ]
SQL: SELECT `content`,`member_id`,`time` FROM `sc_comment` WHERE `article_id` = 10 ORDER BY time desc LIMIT 1   [ RunTime:0.0002s ]
SQL: SELECT `user_id`,`face50`,`nickname` FROM `sc_userinfo` WHERE `user_id` = 36 LIMIT 1   [ RunTime:0.0002s ]
SQL: SELECT `topic_id`,`topic_title`,`cate_id`,`click`,`comment`,`release_time` FROM `sc_topic` ORDER BY comment desc LIMIT 5   [ RunTime:0.0003s ]
INFO: [ view_parse ] --START--
INFO: [ template_filter ] --START--
INFO: Run Behavior\ContentReplaceBehavior [ RunTime:0.000264s ]
INFO: [ template_filter ] --END-- [ RunTime:0.000356s ]
NOTIC: [8] Undefined index: user_id D:\wamp64\www\sucai\Application\Runtime\Cache\Home\1093f07c77d6e1e3d6a1d26a6fc8fc7f.php 第 29 行.
NOTIC: [8] Undefined variable: curr D:\wamp64\www\sucai\Application\Runtime\Cache\Home\1093f07c77d6e1e3d6a1d26a6fc8fc7f.php 第 147 行.
INFO: Run Behavior\ParseTemplateBehavior [ RunTime:0.017443s ]
INFO: [ view_parse ] --END-- [ RunTime:0.017532s ]
INFO: [ view_filter ] --START--
INFO: Run Behavior\WriteHtmlCacheBehavior [ RunTime:0.000360s ]
INFO: [ view_filter ] --END-- [ RunTime:0.000441s ]
INFO: [ app_end ] --START--
INFO: Run Behavior\ShowPageTraceBehavior [ RunTime:0.000630s ]
INFO: [ app_end ] --END-- [ RunTime:0.000758s ]

[ 2017-10-23T14:26:56+08:00 ] 127.0.0.1 /sucai/
INFO: [ app_init ] --START--
INFO: Run Behavior\BuildLiteBehavior [ RunTime:0.000033s ]
INFO: [ app_init ] --END-- [ RunTime:0.000607s ]
INFO: [ app_begin ] --START--
INFO: Run Behavior\ReadHtmlCacheBehavior [ RunTime:0.000619s ]
INFO: [ app_begin ] --END-- [ RunTime:0.000792s ]
SQL: SHOW COLUMNS FROM `sc_cate` [ RunTime:0.0010s ]
SQL: SELECT * FROM `sc_cate` WHERE `cate_parentid` = 0 ORDER BY cate_sort asc  [ RunTime:0.0012s ]
SQL: SELECT `cate_id`,`cate_parentid` FROM `sc_cate` WHERE `cate_id` = 0 LIMIT 1   [ RunTime:0.0025s ]
INFO: [ view_parse ] --START--
INFO: [ template_filter ] --START--
INFO: Run Behavior\ContentReplaceBehavior [ RunTime:0.001392s ]
INFO: [ template_filter ] --END-- [ RunTime:0.001778s ]
NOTIC: [8] Undefined index: user_id D:\wamp64\www\sucai\Application\Runtime\Cache\Home\5f5878b563bbd0551b6c84d71156b7e9.php 第 29 行.
INFO: Run Behavior\ParseTemplateBehavior [ RunTime:0.034599s ]
INFO: [ view_parse ] --END-- [ RunTime:0.034783s ]
INFO: [ view_filter ] --START--
INFO: Run Behavior\WriteHtmlCacheBehavior [ RunTime:0.000612s ]
INFO: [ view_filter ] --END-- [ RunTime:0.000766s ]
INFO: [ app_end ] --START--
INFO: Run Behavior\ShowPageTraceBehavior [ RunTime:0.000750s ]
INFO: [ app_end ] --END-- [ RunTime:0.000912s ]

[ 2017-10-23T14:26:59+08:00 ] 127.0.0.1 /sucai/index.php/Home/Lst/index/cate_id/2
INFO: [ app_init ] --START--
INFO: Run Behavior\BuildLiteBehavior [ RunTime:0.000035s ]
INFO: [ app_init ] --END-- [ RunTime:0.000530s ]
INFO: [ app_begin ] --START--
INFO: Run Behavior\ReadHtmlCacheBehavior [ RunTime:0.000695s ]
INFO: [ app_begin ] --END-- [ RunTime:0.000847s ]
SQL: SHOW COLUMNS FROM `sc_cate` [ RunTime:0.0006s ]
SQL: SELECT * FROM `sc_cate` WHERE `cate_parentid` = 0 ORDER BY cate_sort asc  [ RunTime:0.0003s ]
SQL: SELECT `cate_id`,`cate_parentid` FROM `sc_cate` WHERE `cate_id` = 2 LIMIT 1   [ RunTime:0.0003s ]
INFO: [ view_parse ] --START--
INFO: [ template_filter ] --START--
INFO: Run Behavior\ContentReplaceBehavior [ RunTime:0.000597s ]
INFO: [ template_filter ] --END-- [ RunTime:0.000857s ]
NOTIC: [8] Undefined index: user_id D:\wamp64\www\sucai\Application\Runtime\Cache\Home\cb81eedfa59617cee80c720e6614fcd4.php 第 28 行.
NOTIC: [8] Undefined variable: curr D:\wamp64\www\sucai\Application\Runtime\Cache\Home\cb81eedfa59617cee80c720e6614fcd4.php 第 146 行.
INFO: Run Behavior\ParseTemplateBehavior [ RunTime:0.020011s ]
INFO: [ view_parse ] --END-- [ RunTime:0.020125s ]
INFO: [ view_filter ] --START--
INFO: Run Behavior\WriteHtmlCacheBehavior [ RunTime:0.000382s ]
INFO: [ view_filter ] --END-- [ RunTime:0.000497s ]
INFO: [ app_end ] --START--
INFO: Run Behavior\ShowPageTraceBehavior [ RunTime:0.000746s ]
INFO: [ app_end ] --END-- [ RunTime:0.000911s ]

[ 2017-10-23T14:27:09+08:00 ] 127.0.0.1 /sucai/index.php/Home/Lst/index/cate_id/1
INFO: [ app_init ] --START--
INFO: Run Behavior\BuildLiteBehavior [ RunTime:0.000039s ]
INFO: [ app_init ] --END-- [ RunTime:0.000565s ]
INFO: [ app_begin ] --START--
INFO: Run Behavior\ReadHtmlCacheBehavior [ RunTime:0.000523s ]
INFO: [ app_begin ] --END-- [ RunTime:0.000622s ]
SQL: SHOW COLUMNS FROM `sc_cate` [ RunTime:0.0005s ]
SQL: SELECT * FROM `sc_cate` WHERE `cate_parentid` = 0 ORDER BY cate_sort asc  [ RunTime:0.0003s ]
SQL: SELECT `cate_id`,`cate_parentid` FROM `sc_cate` WHERE `cate_id` = 1 LIMIT 1   [ RunTime:0.0002s ]
INFO: [ view_parse ] --START--
INFO: [ template_filter ] --START--
INFO: Run Behavior\ContentReplaceBehavior [ RunTime:0.000472s ]
INFO: [ template_filter ] --END-- [ RunTime:0.000595s ]
NOTIC: [8] Undefined index: user_id D:\wamp64\www\sucai\Application\Runtime\Cache\Home\cb81eedfa59617cee80c720e6614fcd4.php 第 28 行.
NOTIC: [8] Undefined variable: curr D:\wamp64\www\sucai\Application\Runtime\Cache\Home\cb81eedfa59617cee80c720e6614fcd4.php 第 146 行.
INFO: Run Behavior\ParseTemplateBehavior [ RunTime:0.025021s ]
INFO: [ view_parse ] --END-- [ RunTime:0.025133s ]
INFO: [ view_filter ] --START--
INFO: Run Behavior\WriteHtmlCacheBehavior [ RunTime:0.000598s ]
INFO: [ view_filter ] --END-- [ RunTime:0.000742s ]
INFO: [ app_end ] --START--
INFO: Run Behavior\ShowPageTraceBehavior [ RunTime:0.001211s ]
INFO: [ app_end ] --END-- [ RunTime:0.001417s ]

[ 2017-10-23T14:30:09+08:00 ] 127.0.0.1 /sucai/index.php
INFO: [ app_init ] --START--
INFO: Run Behavior\BuildLiteBehavior [ RunTime:0.000019s ]
INFO: [ app_init ] --END-- [ RunTime:0.000405s ]
INFO: [ app_begin ] --START--
INFO: Run Behavior\ReadHtmlCacheBehavior [ RunTime:0.000495s ]
INFO: [ app_begin ] --END-- [ RunTime:0.000586s ]
SQL: SHOW COLUMNS FROM `sc_cate` [ RunTime:0.0006s ]
SQL: SELECT * FROM `sc_cate` WHERE `cate_parentid` = 0 ORDER BY cate_sort asc  [ RunTime:0.0004s ]
SQL: SELECT `cate_id`,`cate_parentid` FROM `sc_cate` WHERE `cate_id` = 0 LIMIT 1   [ RunTime:0.0002s ]
INFO: [ view_parse ] --START--
INFO: [ template_filter ] --START--
INFO: Run Behavior\ContentReplaceBehavior [ RunTime:0.000905s ]
INFO: [ template_filter ] --END-- [ RunTime:0.001031s ]
NOTIC: [8] Undefined index: user_id D:\wamp64\www\sucai\Application\Runtime\Cache\Home\5f5878b563bbd0551b6c84d71156b7e9.php 第 29 行.
INFO: Run Behavior\ParseTemplateBehavior [ RunTime:0.021562s ]
INFO: [ view_parse ] --END-- [ RunTime:0.021659s ]
INFO: [ view_filter ] --START--
INFO: Run Behavior\WriteHtmlCacheBehavior [ RunTime:0.000336s ]
INFO: [ view_filter ] --END-- [ RunTime:0.000424s ]
INFO: [ app_end ] --START--
INFO: Run Behavior\ShowPageTraceBehavior [ RunTime:0.000822s ]
INFO: [ app_end ] --END-- [ RunTime:0.000983s ]

[ 2017-10-23T14:30:12+08:00 ] 127.0.0.1 /sucai/index.php/Home/Lst/index/cate_id/1
INFO: [ app_init ] --START--
INFO: Run Behavior\BuildLiteBehavior [ RunTime:0.000029s ]
INFO: [ app_init ] --END-- [ RunTime:0.000515s ]
INFO: [ app_begin ] --START--
INFO: Run Behavior\ReadHtmlCacheBehavior [ RunTime:0.000529s ]
INFO: [ app_begin ] --END-- [ RunTime:0.000670s ]
SQL: SHOW COLUMNS FROM `sc_cate` [ RunTime:0.0005s ]
SQL: SELECT * FROM `sc_cate` WHERE `cate_parentid` = 0 ORDER BY cate_sort asc  [ RunTime:0.0003s ]
SQL: SELECT `cate_id`,`cate_parentid` FROM `sc_cate` WHERE `cate_id` = 1 LIMIT 1   [ RunTime:0.0003s ]
INFO: [ view_parse ] --START--
INFO: [ template_filter ] --START--
INFO: Run Behavior\ContentReplaceBehavior [ RunTime:0.000441s ]
INFO: [ template_filter ] --END-- [ RunTime:0.000573s ]
NOTIC: [8] Undefined index: user_id D:\wamp64\www\sucai\Application\Runtime\Cache\Home\cb81eedfa59617cee80c720e6614fcd4.php 第 28 行.
NOTIC: [8] Undefined variable: curr D:\wamp64\www\sucai\Application\Runtime\Cache\Home\cb81eedfa59617cee80c720e6614fcd4.php 第 146 行.
INFO: Run Behavior\ParseTemplateBehavior [ RunTime:0.016421s ]
INFO: [ view_parse ] --END-- [ RunTime:0.016576s ]
INFO: [ view_filter ] --START--
INFO: Run Behavior\WriteHtmlCacheBehavior [ RunTime:0.000345s ]
INFO: [ view_filter ] --END-- [ RunTime:0.000433s ]
INFO: [ app_end ] --START--
INFO: Run Behavior\ShowPageTraceBehavior [ RunTime:0.000786s ]
INFO: [ app_end ] --END-- [ RunTime:0.000932s ]

[ 2017-10-23T14:30:13+08:00 ] 127.0.0.1 /sucai/index.php/Home/Lst/index/cate_id/2
INFO: [ app_init ] --START--
INFO: Run Behavior\BuildLiteBehavior [ RunTime:0.000023s ]
INFO: [ app_init ] --END-- [ RunTime:0.000550s ]
INFO: [ app_begin ] --START--
INFO: Run Behavior\ReadHtmlCacheBehavior [ RunTime:0.000435s ]
INFO: [ app_begin ] --END-- [ RunTime:0.000531s ]
SQL: SHOW COLUMNS FROM `sc_cate` [ RunTime:0.0009s ]
SQL: SELECT * FROM `sc_cate` WHERE `cate_parentid` = 0 ORDER BY cate_sort asc  [ RunTime:0.0004s ]
SQL: SELECT `cate_id`,`cate_parentid` FROM `sc_cate` WHERE `cate_id` = 2 LIMIT 1   [ RunTime:0.0002s ]
INFO: [ view_parse ] --START--
INFO: [ template_filter ] --START--
INFO: Run Behavior\ContentReplaceBehavior [ RunTime:0.000436s ]
INFO: [ template_filter ] --END-- [ RunTime:0.000529s ]
NOTIC: [8] Undefined index: user_id D:\wamp64\www\sucai\Application\Runtime\Cache\Home\cb81eedfa59617cee80c720e6614fcd4.php 第 28 行.
NOTIC: [8] Undefined variable: curr D:\wamp64\www\sucai\Application\Runtime\Cache\Home\cb81eedfa59617cee80c720e6614fcd4.php 第 146 行.
INFO: Run Behavior\ParseTemplateBehavior [ RunTime:0.017492s ]
INFO: [ view_parse ] --END-- [ RunTime:0.017594s ]
INFO: [ view_filter ] --START--
INFO: Run Behavior\WriteHtmlCacheBehavior [ RunTime:0.000302s ]
INFO: [ view_filter ] --END-- [ RunTime:0.000390s ]
INFO: [ app_end ] --START--
INFO: Run Behavior\ShowPageTraceBehavior [ RunTime:0.000598s ]
INFO: [ app_end ] --END-- [ RunTime:0.000714s ]

[ 2017-10-23T14:30:14+08:00 ] 127.0.0.1 /sucai/index.php/Home/Lst/index/cate_id/3
INFO: [ app_init ] --START--
INFO: Run Behavior\BuildLiteBehavior [ RunTime:0.000020s ]
INFO: [ app_init ] --END-- [ RunTime:0.000395s ]
INFO: [ app_begin ] --START--
INFO: Run Behavior\ReadHtmlCacheBehavior [ RunTime:0.000535s ]
INFO: [ app_begin ] --END-- [ RunTime:0.000662s ]
SQL: SHOW COLUMNS FROM `sc_cate` [ RunTime:0.0005s ]
SQL: SELECT * FROM `sc_cate` WHERE `cate_parentid` = 0 ORDER BY cate_sort asc  [ RunTime:0.0003s ]
SQL: SELECT `cate_id`,`cate_parentid` FROM `sc_cate` WHERE `cate_id` = 3 LIMIT 1   [ RunTime:0.0002s ]
INFO: [ view_parse ] --START--
INFO: [ template_filter ] --START--
INFO: Run Behavior\ContentReplaceBehavior [ RunTime:0.000447s ]
INFO: [ template_filter ] --END-- [ RunTime:0.000547s ]
NOTIC: [8] Undefined index: user_id D:\wamp64\www\sucai\Application\Runtime\Cache\Home\cb81eedfa59617cee80c720e6614fcd4.php 第 28 行.
NOTIC: [8] Undefined variable: curr D:\wamp64\www\sucai\Application\Runtime\Cache\Home\cb81eedfa59617cee80c720e6614fcd4.php 第 146 行.
INFO: Run Behavior\ParseTemplateBehavior [ RunTime:0.016547s ]
INFO: [ view_parse ] --END-- [ RunTime:0.016642s ]
INFO: [ view_filter ] --START--
INFO: Run Behavior\WriteHtmlCacheBehavior [ RunTime:0.000344s ]
INFO: [ view_filter ] --END-- [ RunTime:0.000433s ]
INFO: [ app_end ] --START--
INFO: Run Behavior\ShowPageTraceBehavior [ RunTime:0.000702s ]
INFO: [ app_end ] --END-- [ RunTime:0.000813s ]

[ 2017-10-23T14:30:16+08:00 ] 127.0.0.1 /sucai/index.php/Home/Lst/index/cate_id/10
INFO: [ app_init ] --START--
INFO: Run Behavior\BuildLiteBehavior [ RunTime:0.000095s ]
INFO: [ app_init ] --END-- [ RunTime:0.000834s ]
INFO: [ app_begin ] --START--
INFO: Run Behavior\ReadHtmlCacheBehavior [ RunTime:0.000559s ]
INFO: [ app_begin ] --END-- [ RunTime:0.000708s ]
SQL: SHOW COLUMNS FROM `sc_cate` [ RunTime:0.0005s ]
SQL: SELECT * FROM `sc_cate` WHERE `cate_parentid` = 0 ORDER BY cate_sort asc  [ RunTime:0.0003s ]
SQL: SELECT `cate_id`,`cate_parentid` FROM `sc_cate` WHERE `cate_id` = 10 LIMIT 1   [ RunTime:0.0002s ]
INFO: [ view_parse ] --START--
INFO: [ template_filter ] --START--
INFO: Run Behavior\ContentReplaceBehavior [ RunTime:0.000479s ]
INFO: [ template_filter ] --END-- [ RunTime:0.000577s ]
NOTIC: [8] Undefined index: user_id D:\wamp64\www\sucai\Application\Runtime\Cache\Home\cb81eedfa59617cee80c720e6614fcd4.php 第 28 行.
NOTIC: [8] Undefined variable: curr D:\wamp64\www\sucai\Application\Runtime\Cache\Home\cb81eedfa59617cee80c720e6614fcd4.php 第 146 行.
INFO: Run Behavior\ParseTemplateBehavior [ RunTime:0.017016s ]
INFO: [ view_parse ] --END-- [ RunTime:0.017112s ]
INFO: [ view_filter ] --START--
INFO: Run Behavior\WriteHtmlCacheBehavior [ RunTime:0.000313s ]
INFO: [ view_filter ] --END-- [ RunTime:0.000401s ]
INFO: [ app_end ] --START--
INFO: Run Behavior\ShowPageTraceBehavior [ RunTime:0.000556s ]
INFO: [ app_end ] --END-- [ RunTime:0.000648s ]

[ 2017-10-23T14:30:17+08:00 ] 127.0.0.1 /sucai/index.php/Home/Lst/index/cate_id/11
INFO: [ app_init ] --START--
INFO: Run Behavior\BuildLiteBehavior [ RunTime:0.000030s ]
INFO: [ app_init ] --END-- [ RunTime:0.000473s ]
INFO: [ app_begin ] --START--
INFO: Run Behavior\ReadHtmlCacheBehavior [ RunTime:0.000523s ]
INFO: [ app_begin ] --END-- [ RunTime:0.000637s ]
SQL: SHOW COLUMNS FROM `sc_cate` [ RunTime:0.0005s ]
SQL: SELECT * FROM `sc_cate` WHERE `cate_parentid` = 0 ORDER BY cate_sort asc  [ RunTime:0.0003s ]
SQL: SELECT `cate_id`,`cate_parentid` FROM `sc_cate` WHERE `cate_id` = 11 LIMIT 1   [ RunTime:0.0002s ]
INFO: [ view_parse ] --START--
INFO: [ template_filter ] --START--
INFO: Run Behavior\ContentReplaceBehavior [ RunTime:0.000585s ]
INFO: [ template_filter ] --END-- [ RunTime:0.000912s ]
NOTIC: [8] Undefined index: user_id D:\wamp64\www\sucai\Application\Runtime\Cache\Home\cb81eedfa59617cee80c720e6614fcd4.php 第 28 行.
NOTIC: [8] Undefined variable: curr D:\wamp64\www\sucai\Application\Runtime\Cache\Home\cb81eedfa59617cee80c720e6614fcd4.php 第 146 行.
INFO: Run Behavior\ParseTemplateBehavior [ RunTime:0.017035s ]
INFO: [ view_parse ] --END-- [ RunTime:0.017133s ]
INFO: [ view_filter ] --START--
INFO: Run Behavior\WriteHtmlCacheBehavior [ RunTime:0.000372s ]
INFO: [ view_filter ] --END-- [ RunTime:0.000479s ]
INFO: [ app_end ] --START--
INFO: Run Behavior\ShowPageTraceBehavior [ RunTime:0.000612s ]
INFO: [ app_end ] --END-- [ RunTime:0.000705s ]

[ 2017-10-23T14:30:17+08:00 ] 127.0.0.1 /sucai/index.php/Home/Topic/index/cate_id/4
INFO: [ app_init ] --START--
INFO: Run Behavior\BuildLiteBehavior [ RunTime:0.000018s ]
INFO: [ app_init ] --END-- [ RunTime:0.000419s ]
INFO: [ app_begin ] --START--
INFO: Run Behavior\ReadHtmlCacheBehavior [ RunTime:0.000423s ]
INFO: [ app_begin ] --END-- [ RunTime:0.000509s ]
SQL: SHOW COLUMNS FROM `sc_cate` [ RunTime:0.0009s ]
SQL: SELECT * FROM `sc_cate` WHERE `cate_parentid` = 0 ORDER BY cate_sort asc  [ RunTime:0.0004s ]
SQL: SELECT `cate_id`,`cate_parentid` FROM `sc_cate` WHERE `cate_id` = 4 LIMIT 1   [ RunTime:0.0002s ]
SQL: SELECT `cate_id` FROM `sc_cate` WHERE `cate_parentid` = 4  [ RunTime:0.0002s ]
SQL: SELECT * FROM `sc_cate` WHERE `cate_parentid` = 4  [ RunTime:0.0002s ]
SQL: SHOW COLUMNS FROM `sc_topic` [ RunTime:0.0007s ]
SQL: SELECT COUNT(*) AS tp_count FROM `sc_topic` WHERE `cate_id` IN ('8','17','18','19','20','21','22','4') LIMIT 1   [ RunTime:0.0003s ]
SQL: SELECT * FROM `sc_topic` WHERE `cate_id` IN ('8','17','18','19','20','21','22','4') ORDER BY topic_id desc LIMIT 0,15   [ RunTime:0.0004s ]
SQL: SHOW COLUMNS FROM `sc_userinfo` [ RunTime:0.0006s ]
SQL: SHOW COLUMNS FROM `sc_comment` [ RunTime:0.0006s ]
SQL: SELECT `user_id`,`face50`,`nickname` FROM `sc_userinfo` WHERE `user_id` = 36 LIMIT 1   [ RunTime:0.0002s ]
SQL: SELECT `content`,`member_id`,`time` FROM `sc_comment` WHERE `article_id` = 26 ORDER BY time desc LIMIT 1   [ RunTime:0.0003s ]
SQL: SELECT `user_id`,`face50`,`nickname` FROM `sc_userinfo` WHERE `user_id` = null LIMIT 1   [ RunTime:0.0002s ]
SQL: SELECT `user_id`,`face50`,`nickname` FROM `sc_userinfo` WHERE `user_id` = 36 LIMIT 1   [ RunTime:0.0002s ]
SQL: SELECT `content`,`member_id`,`time` FROM `sc_comment` WHERE `article_id` = 25 ORDER BY time desc LIMIT 1   [ RunTime:0.0002s ]
SQL: SELECT `user_id`,`face50`,`nickname` FROM `sc_userinfo` WHERE `user_id` = 36 LIMIT 1   [ RunTime:0.0011s ]
SQL: SELECT `user_id`,`face50`,`nickname` FROM `sc_userinfo` WHERE `user_id` = 50 LIMIT 1   [ RunTime:0.0015s ]
SQL: SELECT `content`,`member_id`,`time` FROM `sc_comment` WHERE `article_id` = 24 ORDER BY time desc LIMIT 1   [ RunTime:0.0004s ]
SQL: SELECT `user_id`,`face50`,`nickname` FROM `sc_userinfo` WHERE `user_id` = null LIMIT 1   [ RunTime:0.0002s ]
SQL: SELECT `user_id`,`face50`,`nickname` FROM `sc_userinfo` WHERE `user_id` = 50 LIMIT 1   [ RunTime:0.0002s ]
SQL: SELECT `content`,`member_id`,`time` FROM `sc_comment` WHERE `article_id` = 23 ORDER BY time desc LIMIT 1   [ RunTime:0.0002s ]
SQL: SELECT `user_id`,`face50`,`nickname` FROM `sc_userinfo` WHERE `user_id` = null LIMIT 1   [ RunTime:0.0002s ]
SQL: SELECT `user_id`,`face50`,`nickname` FROM `sc_userinfo` WHERE `user_id` = 50 LIMIT 1   [ RunTime:0.0002s ]
SQL: SELECT `content`,`member_id`,`time` FROM `sc_comment` WHERE `article_id` = 22 ORDER BY time desc LIMIT 1   [ RunTime:0.0002s ]
SQL: SELECT `user_id`,`face50`,`nickname` FROM `sc_userinfo` WHERE `user_id` = null LIMIT 1   [ RunTime:0.0002s ]
SQL: SELECT `user_id`,`face50`,`nickname` FROM `sc_userinfo` WHERE `user_id` = 8 LIMIT 1   [ RunTime:0.0002s ]
SQL: SELECT `content`,`member_id`,`time` FROM `sc_comment` WHERE `article_id` = 21 ORDER BY time desc LIMIT 1   [ RunTime:0.0002s ]
SQL: SELECT `user_id`,`face50`,`nickname` FROM `sc_userinfo` WHERE `user_id` = 36 LIMIT 1   [ RunTime:0.0002s ]
SQL: SELECT `user_id`,`face50`,`nickname` FROM `sc_userinfo` WHERE `user_id` = 8 LIMIT 1   [ RunTime:0.0002s ]
SQL: SELECT `content`,`member_id`,`time` FROM `sc_comment` WHERE `article_id` = 19 ORDER BY time desc LIMIT 1   [ RunTime:0.0002s ]
SQL: SELECT `user_id`,`face50`,`nickname` FROM `sc_userinfo` WHERE `user_id` = 8 LIMIT 1   [ RunTime:0.0002s ]
SQL: SELECT `user_id`,`face50`,`nickname` FROM `sc_userinfo` WHERE `user_id` = 8 LIMIT 1   [ RunTime:0.0002s ]
SQL: SELECT `content`,`member_id`,`time` FROM `sc_comment` WHERE `article_id` = 17 ORDER BY time desc LIMIT 1   [ RunTime:0.0002s ]
SQL: SELECT `user_id`,`face50`,`nickname` FROM `sc_userinfo` WHERE `user_id` = 39 LIMIT 1   [ RunTime:0.0002s ]
SQL: SELECT `user_id`,`face50`,`nickname` FROM `sc_userinfo` WHERE `user_id` = 8 LIMIT 1   [ RunTime:0.0002s ]
SQL: SELECT `content`,`member_id`,`time` FROM `sc_comment` WHERE `article_id` = 16 ORDER BY time desc LIMIT 1   [ RunTime:0.0002s ]
SQL: SELECT `user_id`,`face50`,`nickname` FROM `sc_userinfo` WHERE `user_id` = 8 LIMIT 1   [ RunTime:0.0002s ]
SQL: SELECT `user_id`,`face50`,`nickname` FROM `sc_userinfo` WHERE `user_id` = 36 LIMIT 1   [ RunTime:0.0002s ]
SQL: SELECT `content`,`member_id`,`time` FROM `sc_comment` WHERE `article_id` = 13 ORDER BY time desc LIMIT 1   [ RunTime:0.0002s ]
SQL: SELECT `user_id`,`face50`,`nickname` FROM `sc_userinfo` WHERE `user_id` = 50 LIMIT 1   [ RunTime:0.0002s ]
SQL: SELECT `user_id`,`face50`,`nickname` FROM `sc_userinfo` WHERE `user_id` = 38 LIMIT 1   [ RunTime:0.0002s ]
SQL: SELECT `content`,`member_id`,`time` FROM `sc_comment` WHERE `article_id` = 10 ORDER BY time desc LIMIT 1   [ RunTime:0.0002s ]
SQL: SELECT `user_id`,`face50`,`nickname` FROM `sc_userinfo` WHERE `user_id` = 36 LIMIT 1   [ RunTime:0.0002s ]
SQL: SELECT `topic_id`,`topic_title`,`cate_id`,`click`,`comment`,`release_time` FROM `sc_topic` ORDER BY comment desc LIMIT 5   [ RunTime:0.0007s ]
INFO: [ view_parse ] --START--
INFO: [ template_filter ] --START--
INFO: Run Behavior\ContentReplaceBehavior [ RunTime:0.000271s ]
INFO: [ template_filter ] --END-- [ RunTime:0.000361s ]
NOTIC: [8] Undefined index: user_id D:\wamp64\www\sucai\Application\Runtime\Cache\Home\1093f07c77d6e1e3d6a1d26a6fc8fc7f.php 第 29 行.
NOTIC: [8] Undefined variable: curr D:\wamp64\www\sucai\Application\Runtime\Cache\Home\1093f07c77d6e1e3d6a1d26a6fc8fc7f.php 第 147 行.
INFO: Run Behavior\ParseTemplateBehavior [ RunTime:0.017513s ]
INFO: [ view_parse ] --END-- [ RunTime:0.017609s ]
INFO: [ view_filter ] --START--
INFO: Run Behavior\WriteHtmlCacheBehavior [ RunTime:0.000381s ]
INFO: [ view_filter ] --END-- [ RunTime:0.000469s ]
INFO: [ app_end ] --START--
INFO: Run Behavior\ShowPageTraceBehavior [ RunTime:0.000568s ]
INFO: [ app_end ] --END-- [ RunTime:0.000662s ]

[ 2017-10-23T14:30:18+08:00 ] 127.0.0.1 /sucai/
INFO: [ app_init ] --START--
INFO: Run Behavior\BuildLiteBehavior [ RunTime:0.000031s ]
INFO: [ app_init ] --END-- [ RunTime:0.000650s ]
INFO: [ app_begin ] --START--
INFO: Run Behavior\ReadHtmlCacheBehavior [ RunTime:0.000926s ]
INFO: [ app_begin ] --END-- [ RunTime:0.001091s ]
SQL: SHOW COLUMNS FROM `sc_cate` [ RunTime:0.0005s ]
SQL: SELECT * FROM `sc_cate` WHERE `cate_parentid` = 0 ORDER BY cate_sort asc  [ RunTime:0.0004s ]
SQL: SELECT `cate_id`,`cate_parentid` FROM `sc_cate` WHERE `cate_id` = 0 LIMIT 1   [ RunTime:0.0003s ]
INFO: [ view_parse ] --START--
INFO: [ template_filter ] --START--
INFO: Run Behavior\ContentReplaceBehavior [ RunTime:0.000845s ]
INFO: [ template_filter ] --END-- [ RunTime:0.000971s ]
NOTIC: [8] Undefined index: user_id D:\wamp64\www\sucai\Application\Runtime\Cache\Home\5f5878b563bbd0551b6c84d71156b7e9.php 第 29 行.
INFO: Run Behavior\ParseTemplateBehavior [ RunTime:0.033115s ]
INFO: [ view_parse ] --END-- [ RunTime:0.033242s ]
INFO: [ view_filter ] --START--
INFO: Run Behavior\WriteHtmlCacheBehavior [ RunTime:0.000297s ]
INFO: [ view_filter ] --END-- [ RunTime:0.000380s ]
INFO: [ app_end ] --START--
INFO: Run Behavior\ShowPageTraceBehavior [ RunTime:0.000769s ]
INFO: [ app_end ] --END-- [ RunTime:0.000914s ]

[ 2017-10-23T14:30:19+08:00 ] 127.0.0.1 /sucai/index.php/Home/Page/index/cate_id/12
INFO: [ app_init ] --START--
INFO: Run Behavior\BuildLiteBehavior [ RunTime:0.000023s ]
INFO: [ app_init ] --END-- [ RunTime:0.000488s ]
INFO: [ app_begin ] --START--
INFO: Run Behavior\ReadHtmlCacheBehavior [ RunTime:0.000400s ]
INFO: [ app_begin ] --END-- [ RunTime:0.000495s ]
SQL: SHOW COLUMNS FROM `sc_cate` [ RunTime:0.0005s ]
SQL: SELECT * FROM `sc_cate` WHERE `cate_parentid` = 0 ORDER BY cate_sort asc  [ RunTime:0.0006s ]
SQL: SELECT `cate_id`,`cate_parentid` FROM `sc_cate` WHERE `cate_id` = 12 LIMIT 1   [ RunTime:0.0002s ]
SQL: SELECT `cate_parentid`,`cate_name` FROM `sc_cate` WHERE `cate_id` = 12 LIMIT 1   [ RunTime:0.0002s ]
SQL: SELECT * FROM `sc_cate` WHERE `cate_parentid` = 12  [ RunTime:0.0002s ]
SQL: SELECT * FROM `sc_cate` WHERE `cate_id` = 12 LIMIT 1   [ RunTime:0.0002s ]
INFO: [ view_parse ] --START--
INFO: [ template_filter ] --START--
INFO: Run Behavior\ContentReplaceBehavior [ RunTime:0.000498s ]
INFO: [ template_filter ] --END-- [ RunTime:0.000645s ]
NOTIC: [8] Undefined index: user_id D:\wamp64\www\sucai\Application\Runtime\Cache\Home\68bce0ec7afdf8798ef65138f610dc8c.php 第 27 行.
NOTIC: [8] Undefined variable: curr D:\wamp64\www\sucai\Application\Runtime\Cache\Home\68bce0ec7afdf8798ef65138f610dc8c.php 第 145 行.
INFO: Run Behavior\ParseTemplateBehavior [ RunTime:0.021395s ]
INFO: [ view_parse ] --END-- [ RunTime:0.021492s ]
INFO: [ view_filter ] --START--
INFO: Run Behavior\WriteHtmlCacheBehavior [ RunTime:0.000328s ]
INFO: [ view_filter ] --END-- [ RunTime:0.000415s ]
INFO: [ app_end ] --START--
INFO: Run Behavior\ShowPageTraceBehavior [ RunTime:0.000695s ]
INFO: [ app_end ] --END-- [ RunTime:0.000789s ]

[ 2017-10-23T14:30:20+08:00 ] 127.0.0.1 /sucai/index.php/Home/Page/index/cate_id/13
INFO: [ app_init ] --START--
INFO: Run Behavior\BuildLiteBehavior [ RunTime:0.000021s ]
INFO: [ app_init ] --END-- [ RunTime:0.000408s ]
INFO: [ app_begin ] --START--
INFO: Run Behavior\ReadHtmlCacheBehavior [ RunTime:0.000565s ]
INFO: [ app_begin ] --END-- [ RunTime:0.000695s ]
SQL: SHOW COLUMNS FROM `sc_cate` [ RunTime:0.0005s ]
SQL: SELECT * FROM `sc_cate` WHERE `cate_parentid` = 0 ORDER BY cate_sort asc  [ RunTime:0.0003s ]
SQL: SELECT `cate_id`,`cate_parentid` FROM `sc_cate` WHERE `cate_id` = 13 LIMIT 1   [ RunTime:0.0003s ]
SQL: SELECT `cate_parentid`,`cate_name` FROM `sc_cate` WHERE `cate_id` = 13 LIMIT 1   [ RunTime:0.0002s ]
SQL: SELECT * FROM `sc_cate` WHERE `cate_parentid` = 12  [ RunTime:0.0003s ]
SQL: SELECT `cate_name` FROM `sc_cate` WHERE `cate_id` = 12 LIMIT 1   [ RunTime:0.0003s ]
SQL: SELECT * FROM `sc_cate` WHERE `cate_id` = 13 LIMIT 1   [ RunTime:0.0004s ]
INFO: [ view_parse ] --START--
INFO: [ template_filter ] --START--
INFO: Run Behavior\ContentReplaceBehavior [ RunTime:0.000220s ]
INFO: [ template_filter ] --END-- [ RunTime:0.000311s ]
NOTIC: [8] Undefined index: user_id D:\wamp64\www\sucai\Application\Runtime\Cache\Home\68bce0ec7afdf8798ef65138f610dc8c.php 第 27 行.
NOTIC: [8] Undefined variable: curr D:\wamp64\www\sucai\Application\Runtime\Cache\Home\68bce0ec7afdf8798ef65138f610dc8c.php 第 145 行.
INFO: Run Behavior\ParseTemplateBehavior [ RunTime:0.012866s ]
INFO: [ view_parse ] --END-- [ RunTime:0.012963s ]
INFO: [ view_filter ] --START--
INFO: Run Behavior\WriteHtmlCacheBehavior [ RunTime:0.000331s ]
INFO: [ view_filter ] --END-- [ RunTime:0.000417s ]
INFO: [ app_end ] --START--
INFO: Run Behavior\ShowPageTraceBehavior [ RunTime:0.000651s ]
INFO: [ app_end ] --END-- [ RunTime:0.000772s ]

[ 2017-10-23T14:30:21+08:00 ] 127.0.0.1 /sucai/index.php/Home/Page/index/cate_id/14
INFO: [ app_init ] --START--
INFO: Run Behavior\BuildLiteBehavior [ RunTime:0.000019s ]
INFO: [ app_init ] --END-- [ RunTime:0.000390s ]
INFO: [ app_begin ] --START--
INFO: Run Behavior\ReadHtmlCacheBehavior [ RunTime:0.000481s ]
INFO: [ app_begin ] --END-- [ RunTime:0.000575s ]
SQL: SHOW COLUMNS FROM `sc_cate` [ RunTime:0.0005s ]
SQL: SELECT * FROM `sc_cate` WHERE `cate_parentid` = 0 ORDER BY cate_sort asc  [ RunTime:0.0003s ]
SQL: SELECT `cate_id`,`cate_parentid` FROM `sc_cate` WHERE `cate_id` = 14 LIMIT 1   [ RunTime:0.0002s ]
SQL: SELECT `cate_parentid`,`cate_name` FROM `sc_cate` WHERE `cate_id` = 14 LIMIT 1   [ RunTime:0.0002s ]
SQL: SELECT * FROM `sc_cate` WHERE `cate_parentid` = 12  [ RunTime:0.0002s ]
SQL: SELECT `cate_name` FROM `sc_cate` WHERE `cate_id` = 12 LIMIT 1   [ RunTime:0.0002s ]
SQL: SELECT * FROM `sc_cate` WHERE `cate_id` = 14 LIMIT 1   [ RunTime:0.0002s ]
INFO: [ view_parse ] --START--
INFO: [ template_filter ] --START--
INFO: Run Behavior\ContentReplaceBehavior [ RunTime:0.000232s ]
INFO: [ template_filter ] --END-- [ RunTime:0.000322s ]
NOTIC: [8] Undefined index: user_id D:\wamp64\www\sucai\Application\Runtime\Cache\Home\68bce0ec7afdf8798ef65138f610dc8c.php 第 27 行.
NOTIC: [8] Undefined variable: curr D:\wamp64\www\sucai\Application\Runtime\Cache\Home\68bce0ec7afdf8798ef65138f610dc8c.php 第 145 行.
INFO: Run Behavior\ParseTemplateBehavior [ RunTime:0.013544s ]
INFO: [ view_parse ] --END-- [ RunTime:0.013642s ]
INFO: [ view_filter ] --START--
INFO: Run Behavior\WriteHtmlCacheBehavior [ RunTime:0.000421s ]
INFO: [ view_filter ] --END-- [ RunTime:0.000529s ]
INFO: [ app_end ] --START--
INFO: Run Behavior\ShowPageTraceBehavior [ RunTime:0.000649s ]
INFO: [ app_end ] --END-- [ RunTime:0.000744s ]

[ 2017-10-23T14:30:22+08:00 ] 127.0.0.1 /sucai/index.php/Home/Page/index/cate_id/15
INFO: [ app_init ] --START--
INFO: Run Behavior\BuildLiteBehavior [ RunTime:0.000021s ]
INFO: [ app_init ] --END-- [ RunTime:0.000515s ]
INFO: [ app_begin ] --START--
INFO: Run Behavior\ReadHtmlCacheBehavior [ RunTime:0.000752s ]
INFO: [ app_begin ] --END-- [ RunTime:0.000882s ]
SQL: SHOW COLUMNS FROM `sc_cate` [ RunTime:0.0005s ]
SQL: SELECT * FROM `sc_cate` WHERE `cate_parentid` = 0 ORDER BY cate_sort asc  [ RunTime:0.0003s ]
SQL: SELECT `cate_id`,`cate_parentid` FROM `sc_cate` WHERE `cate_id` = 15 LIMIT 1   [ RunTime:0.0002s ]
SQL: SELECT `cate_parentid`,`cate_name` FROM `sc_cate` WHERE `cate_id` = 15 LIMIT 1   [ RunTime:0.0002s ]
SQL: SELECT * FROM `sc_cate` WHERE `cate_parentid` = 12  [ RunTime:0.0003s ]
SQL: SELECT `cate_name` FROM `sc_cate` WHERE `cate_id` = 12 LIMIT 1   [ RunTime:0.0002s ]
SQL: SELECT * FROM `sc_cate` WHERE `cate_id` = 15 LIMIT 1   [ RunTime:0.0002s ]
INFO: [ view_parse ] --START--
INFO: [ template_filter ] --START--
INFO: Run Behavior\ContentReplaceBehavior [ RunTime:0.000485s ]
INFO: [ template_filter ] --END-- [ RunTime:0.000738s ]
NOTIC: [8] Undefined index: user_id D:\wamp64\www\sucai\Application\Runtime\Cache\Home\68bce0ec7afdf8798ef65138f610dc8c.php 第 27 行.
NOTIC: [8] Undefined variable: curr D:\wamp64\www\sucai\Application\Runtime\Cache\Home\68bce0ec7afdf8798ef65138f610dc8c.php 第 145 行.
INFO: Run Behavior\ParseTemplateBehavior [ RunTime:0.014222s ]
INFO: [ view_parse ] --END-- [ RunTime:0.014317s ]
INFO: [ view_filter ] --START--
INFO: Run Behavior\WriteHtmlCacheBehavior [ RunTime:0.000311s ]
INFO: [ view_filter ] --END-- [ RunTime:0.000397s ]
INFO: [ app_end ] --START--
INFO: Run Behavior\ShowPageTraceBehavior [ RunTime:0.000622s ]
INFO: [ app_end ] --END-- [ RunTime:0.000714s ]

[ 2017-10-23T14:30:23+08:00 ] 127.0.0.1 /sucai/index.php/Home/Page/index/cate_id/16
INFO: [ app_init ] --START--
INFO: Run Behavior\BuildLiteBehavior [ RunTime:0.000019s ]
INFO: [ app_init ] --END-- [ RunTime:0.000409s ]
INFO: [ app_begin ] --START--
INFO: Run Behavior\ReadHtmlCacheBehavior [ RunTime:0.000471s ]
INFO: [ app_begin ] --END-- [ RunTime:0.000668s ]
SQL: SHOW COLUMNS FROM `sc_cate` [ RunTime:0.0007s ]
SQL: SELECT * FROM `sc_cate` WHERE `cate_parentid` = 0 ORDER BY cate_sort asc  [ RunTime:0.0004s ]
SQL: SELECT `cate_id`,`cate_parentid` FROM `sc_cate` WHERE `cate_id` = 16 LIMIT 1   [ RunTime:0.0002s ]
SQL: SELECT `cate_parentid`,`cate_name` FROM `sc_cate` WHERE `cate_id` = 16 LIMIT 1   [ RunTime:0.0002s ]
SQL: SELECT * FROM `sc_cate` WHERE `cate_parentid` = 12  [ RunTime:0.0003s ]
SQL: SELECT `cate_name` FROM `sc_cate` WHERE `cate_id` = 12 LIMIT 1   [ RunTime:0.0002s ]
SQL: SELECT * FROM `sc_cate` WHERE `cate_id` = 16 LIMIT 1   [ RunTime:0.0002s ]
INFO: [ view_parse ] --START--
INFO: [ template_filter ] --START--
INFO: Run Behavior\ContentReplaceBehavior [ RunTime:0.000218s ]
INFO: [ template_filter ] --END-- [ RunTime:0.000311s ]
NOTIC: [8] Undefined index: user_id D:\wamp64\www\sucai\Application\Runtime\Cache\Home\68bce0ec7afdf8798ef65138f610dc8c.php 第 27 行.
NOTIC: [8] Undefined variable: curr D:\wamp64\www\sucai\Application\Runtime\Cache\Home\68bce0ec7afdf8798ef65138f610dc8c.php 第 145 行.
INFO: Run Behavior\ParseTemplateBehavior [ RunTime:0.013746s ]
INFO: [ view_parse ] --END-- [ RunTime:0.013848s ]
INFO: [ view_filter ] --START--
INFO: Run Behavior\WriteHtmlCacheBehavior [ RunTime:0.000356s ]
INFO: [ view_filter ] --END-- [ RunTime:0.000441s ]
INFO: [ app_end ] --START--
INFO: Run Behavior\ShowPageTraceBehavior [ RunTime:0.000584s ]
INFO: [ app_end ] --END-- [ RunTime:0.000676s ]

[ 2017-10-23T14:49:46+08:00 ] 127.0.0.1 /sucai/index.php/Home/Lst/index/cate_id/1
INFO: [ app_init ] --START--
INFO: Run Behavior\BuildLiteBehavior [ RunTime:0.000020s ]
INFO: [ app_init ] --END-- [ RunTime:0.000422s ]
INFO: [ app_begin ] --START--
INFO: Run Behavior\ReadHtmlCacheBehavior [ RunTime:0.000472s ]
INFO: [ app_begin ] --END-- [ RunTime:0.000566s ]
SQL: SHOW COLUMNS FROM `sc_cate` [ RunTime:0.0005s ]
SQL: SELECT * FROM `sc_cate` WHERE `cate_parentid` = 0 ORDER BY cate_sort asc  [ RunTime:0.0004s ]
SQL: SELECT `cate_id`,`cate_parentid` FROM `sc_cate` WHERE `cate_id` = 1 LIMIT 1   [ RunTime:0.0003s ]
INFO: [ view_parse ] --START--
INFO: [ template_filter ] --START--
INFO: Run Behavior\ContentReplaceBehavior [ RunTime:0.000478s ]
INFO: [ template_filter ] --END-- [ RunTime:0.000570s ]
NOTIC: [8] Undefined index: user_id D:\wamp64\www\sucai\Application\Runtime\Cache\Home\cb81eedfa59617cee80c720e6614fcd4.php 第 28 行.
NOTIC: [8] Undefined variable: curr D:\wamp64\www\sucai\Application\Runtime\Cache\Home\cb81eedfa59617cee80c720e6614fcd4.php 第 146 行.
INFO: Run Behavior\ParseTemplateBehavior [ RunTime:0.017826s ]
INFO: [ view_parse ] --END-- [ RunTime:0.017921s ]
INFO: [ view_filter ] --START--
INFO: Run Behavior\WriteHtmlCacheBehavior [ RunTime:0.000333s ]
INFO: [ view_filter ] --END-- [ RunTime:0.000416s ]
INFO: [ app_end ] --START--
INFO: Run Behavior\ShowPageTraceBehavior [ RunTime:0.000512s ]
INFO: [ app_end ] --END-- [ RunTime:0.000633s ]

