[ 2017-10-20T23:51:27+08:00 ] 127.0.0.1 /sucai/index.php/Home/Topicart/topicArt/topic_id/10
INFO: [ app_init ] --START--
INFO: Run Behavior\BuildLiteBehavior [ RunTime:0.000018s ]
INFO: [ app_init ] --END-- [ RunTime:0.000445s ]
INFO: [ app_begin ] --START--
INFO: Run Behavior\ReadHtmlCacheBehavior [ RunTime:0.000465s ]
INFO: [ app_begin ] --END-- [ RunTime:0.000564s ]
SQL: SHOW COLUMNS FROM `sc_cate` [ RunTime:0.0005s ]
SQL: SELECT * FROM `sc_cate` WHERE `cate_parentid` = 0 ORDER BY cate_sort asc  [ RunTime:0.0004s ]
SQL: SHOW COLUMNS FROM `sc_topic` [ RunTime:0.0005s ]
SQL: SHOW COLUMNS FROM `sc_userinfo` [ RunTime:0.0005s ]
SQL: SELECT Topic.topic_title AS topic_title,Topic.topic_id AS topic_id,Topic.content AS content,Topic.keywords AS keywords,Topic.release_time AS release_time,Topic.comment AS comment,Topic.collect AS collect,Topic.attachment AS attachment,Topic.click AS click,Topic.cate_id AS cate_id,Userinfo.face50 AS face50,Userinfo.nickname AS nickname FROM sc_topic Topic  JOIN sc_userinfo Userinfo ON Topic.member_id=Userinfo.user_id WHERE Topic.topic_id = '10' LIMIT 1   [ RunTime:0.0003s ]
SQL: SHOW COLUMNS FROM `sc_topic` [ RunTime:0.0005s ]
SQL: SELECT * FROM `sc_topic` WHERE `topic_id` > '10' AND `cate_id` = '17' ORDER BY topic_id asc LIMIT 1   [ RunTime:0.0003s ]
SQL: SELECT * FROM `sc_topic` WHERE `topic_id` < '10' AND `cate_id` = '17' ORDER BY topic_id desc LIMIT 1   [ RunTime:0.0002s ]
SQL: SHOW COLUMNS FROM `sc_collect` [ RunTime:0.0004s ]
SQL: SELECT * FROM `sc_collect` WHERE `member_id` = 49 AND `article_id` = 10 AND `collect_type` = 2 LIMIT 1   [ RunTime:0.0002s ]
SQL: SHOW COLUMNS FROM `sc_comment` [ RunTime:0.0006s ]
SQL: SELECT Comment.comment_id AS comment_id,Comment.content AS content,Comment.time AS time,Comment.member_id AS member_id,Comment.article_id AS article_id,Comment.type AS type,Comment.pid AS pid,Comment.pidsub AS pidsub,Userinfo.face50 AS face50,Userinfo.user_id AS user_id,Userinfo.nickname AS nickname FROM sc_comment Comment  JOIN sc_userinfo Userinfo ON Comment.member_id=Userinfo.user_id WHERE Comment.article_id = '10' AND Comment.type = 2 AND Comment.pid > 0 AND Comment.pidsub = 0 ORDER BY Comment.time asc  [ RunTime:0.0006s ]
SQL: SELECT Comment.comment_id AS comment_id,Comment.content AS content,Comment.time AS time,Comment.member_id AS member_id,Comment.article_id AS article_id,Comment.type AS type,Comment.pid AS pid,Comment.pidsub AS pidsub,Userinfo.face50 AS face50,Userinfo.user_id AS user_id,Userinfo.nickname AS nickname FROM sc_comment Comment  JOIN sc_userinfo Userinfo ON Comment.member_id=Userinfo.user_id WHERE Comment.article_id = '10' AND Comment.type = 2 AND Comment.pid = 0 AND Comment.pidsub = 0 ORDER BY Comment.time desc  [ RunTime:0.0004s ]
SQL: SELECT COUNT(*) AS tp_count FROM sc_comment Comment  JOIN sc_userinfo Userinfo ON Comment.member_id=Userinfo.user_id WHERE Comment.article_id = '10' AND Comment.type = 2 AND Comment.pid = 0 AND Comment.pidsub = 0 LIMIT 1   [ RunTime:0.0003s ]
SQL: SHOW COLUMNS FROM `sc_userinfo` [ RunTime:0.0005s ]
SQL: SELECT * FROM `sc_userinfo` WHERE `user_id` = 49 LIMIT 1   [ RunTime:0.0003s ]
SQL: UPDATE sc_topic Topic  JOIN sc_userinfo Userinfo ON Topic.member_id=Userinfo.user_id SET `click`=click+1 WHERE Topic.topic_id = '10' [ RunTime:0.0003s ]
INFO: [ view_parse ] --START--
INFO: [ template_filter ] --START--
INFO: Run Behavior\ContentReplaceBehavior [ RunTime:0.000478s ]
INFO: [ template_filter ] --END-- [ RunTime:0.000574s ]
NOTIC: [2] Illegal string offset '' D:\wamp64\www\sucai\Application\Runtime\Cache\Home\b217f7dceaeee0f946ddbcf727b29e7e.php 第 100 行.
NOTIC: [8] Undefined variable: curr D:\wamp64\www\sucai\Application\Runtime\Cache\Home\b217f7dceaeee0f946ddbcf727b29e7e.php 第 148 行.
NOTIC: [2] date() expects parameter 2 to be long, string given D:\wamp64\www\sucai\Application\Runtime\Cache\Home\b217f7dceaeee0f946ddbcf727b29e7e.php 第 484 行.
NOTIC: [2] date() expects parameter 2 to be long, string given D:\wamp64\www\sucai\Application\Runtime\Cache\Home\b217f7dceaeee0f946ddbcf727b29e7e.php 第 484 行.
NOTIC: [2] date() expects parameter 2 to be long, string given D:\wamp64\www\sucai\Application\Runtime\Cache\Home\b217f7dceaeee0f946ddbcf727b29e7e.php 第 484 行.
NOTIC: [2] date() expects parameter 2 to be long, string given D:\wamp64\www\sucai\Application\Runtime\Cache\Home\b217f7dceaeee0f946ddbcf727b29e7e.php 第 484 行.
NOTIC: [2] date() expects parameter 2 to be long, string given D:\wamp64\www\sucai\Application\Runtime\Cache\Home\b217f7dceaeee0f946ddbcf727b29e7e.php 第 484 行.
NOTIC: [2] date() expects parameter 2 to be long, string given D:\wamp64\www\sucai\Application\Runtime\Cache\Home\b217f7dceaeee0f946ddbcf727b29e7e.php 第 484 行.
NOTIC: [2] date() expects parameter 2 to be long, string given D:\wamp64\www\sucai\Application\Runtime\Cache\Home\b217f7dceaeee0f946ddbcf727b29e7e.php 第 484 行.
NOTIC: [2] date() expects parameter 2 to be long, string given D:\wamp64\www\sucai\Application\Runtime\Cache\Home\b217f7dceaeee0f946ddbcf727b29e7e.php 第 484 行.
NOTIC: [2] date() expects parameter 2 to be long, string given D:\wamp64\www\sucai\Application\Runtime\Cache\Home\b217f7dceaeee0f946ddbcf727b29e7e.php 第 484 行.
NOTIC: [2] date() expects parameter 2 to be long, string given D:\wamp64\www\sucai\Application\Runtime\Cache\Home\b217f7dceaeee0f946ddbcf727b29e7e.php 第 484 行.
NOTIC: [2] date() expects parameter 2 to be long, string given D:\wamp64\www\sucai\Application\Runtime\Cache\Home\b217f7dceaeee0f946ddbcf727b29e7e.php 第 484 行.
NOTIC: [2] date() expects parameter 2 to be long, string given D:\wamp64\www\sucai\Application\Runtime\Cache\Home\b217f7dceaeee0f946ddbcf727b29e7e.php 第 484 行.
INFO: Run Behavior\ParseTemplateBehavior [ RunTime:0.022298s ]
INFO: [ view_parse ] --END-- [ RunTime:0.022387s ]
INFO: [ view_filter ] --START--
INFO: Run Behavior\WriteHtmlCacheBehavior [ RunTime:0.000326s ]
INFO: [ view_filter ] --END-- [ RunTime:0.000405s ]
INFO: [ app_end ] --START--
INFO: Run Behavior\ShowPageTraceBehavior [ RunTime:0.000569s ]
INFO: [ app_end ] --END-- [ RunTime:0.000688s ]

[ 2017-10-20T23:51:28+08:00 ] 127.0.0.1 /sucai/index.php/Home/Topicart/topicArt/topic_id/10
INFO: [ app_init ] --START--
INFO: Run Behavior\BuildLiteBehavior [ RunTime:0.000021s ]
INFO: [ app_init ] --END-- [ RunTime:0.000516s ]
INFO: [ app_begin ] --START--
INFO: Run Behavior\ReadHtmlCacheBehavior [ RunTime:0.000553s ]
INFO: [ app_begin ] --END-- [ RunTime:0.000694s ]
SQL: SHOW COLUMNS FROM `sc_cate` [ RunTime:0.0005s ]
SQL: SELECT * FROM `sc_cate` WHERE `cate_parentid` = 0 ORDER BY cate_sort asc  [ RunTime:0.0003s ]
SQL: SHOW COLUMNS FROM `sc_topic` [ RunTime:0.0005s ]
SQL: SHOW COLUMNS FROM `sc_userinfo` [ RunTime:0.0004s ]
SQL: SELECT Topic.topic_title AS topic_title,Topic.topic_id AS topic_id,Topic.content AS content,Topic.keywords AS keywords,Topic.release_time AS release_time,Topic.comment AS comment,Topic.collect AS collect,Topic.attachment AS attachment,Topic.click AS click,Topic.cate_id AS cate_id,Userinfo.face50 AS face50,Userinfo.nickname AS nickname FROM sc_topic Topic  JOIN sc_userinfo Userinfo ON Topic.member_id=Userinfo.user_id WHERE Topic.topic_id = '10' LIMIT 1   [ RunTime:0.0004s ]
SQL: SHOW COLUMNS FROM `sc_topic` [ RunTime:0.0014s ]
SQL: SELECT * FROM `sc_topic` WHERE `topic_id` > '10' AND `cate_id` = '17' ORDER BY topic_id asc LIMIT 1   [ RunTime:0.0003s ]
SQL: SELECT * FROM `sc_topic` WHERE `topic_id` < '10' AND `cate_id` = '17' ORDER BY topic_id desc LIMIT 1   [ RunTime:0.0003s ]
SQL: SHOW COLUMNS FROM `sc_collect` [ RunTime:0.0004s ]
SQL: SELECT * FROM `sc_collect` WHERE `member_id` = 49 AND `article_id` = 10 AND `collect_type` = 2 LIMIT 1   [ RunTime:0.0002s ]
SQL: SHOW COLUMNS FROM `sc_comment` [ RunTime:0.0004s ]
SQL: SELECT Comment.comment_id AS comment_id,Comment.content AS content,Comment.time AS time,Comment.member_id AS member_id,Comment.article_id AS article_id,Comment.type AS type,Comment.pid AS pid,Comment.pidsub AS pidsub,Userinfo.face50 AS face50,Userinfo.user_id AS user_id,Userinfo.nickname AS nickname FROM sc_comment Comment  JOIN sc_userinfo Userinfo ON Comment.member_id=Userinfo.user_id WHERE Comment.article_id = '10' AND Comment.type = 2 AND Comment.pid > 0 AND Comment.pidsub = 0 ORDER BY Comment.time asc  [ RunTime:0.0004s ]
SQL: SELECT Comment.comment_id AS comment_id,Comment.content AS content,Comment.time AS time,Comment.member_id AS member_id,Comment.article_id AS article_id,Comment.type AS type,Comment.pid AS pid,Comment.pidsub AS pidsub,Userinfo.face50 AS face50,Userinfo.user_id AS user_id,Userinfo.nickname AS nickname FROM sc_comment Comment  JOIN sc_userinfo Userinfo ON Comment.member_id=Userinfo.user_id WHERE Comment.article_id = '10' AND Comment.type = 2 AND Comment.pid = 0 AND Comment.pidsub = 0 ORDER BY Comment.time desc  [ RunTime:0.0003s ]
SQL: SELECT COUNT(*) AS tp_count FROM sc_comment Comment  JOIN sc_userinfo Userinfo ON Comment.member_id=Userinfo.user_id WHERE Comment.article_id = '10' AND Comment.type = 2 AND Comment.pid = 0 AND Comment.pidsub = 0 LIMIT 1   [ RunTime:0.0003s ]
SQL: SHOW COLUMNS FROM `sc_userinfo` [ RunTime:0.0004s ]
SQL: SELECT * FROM `sc_userinfo` WHERE `user_id` = 49 LIMIT 1   [ RunTime:0.0002s ]
SQL: UPDATE sc_topic Topic  JOIN sc_userinfo Userinfo ON Topic.member_id=Userinfo.user_id SET `click`=click+1 WHERE Topic.topic_id = '10' [ RunTime:0.0003s ]
INFO: [ view_parse ] --START--
INFO: [ template_filter ] --START--
INFO: Run Behavior\ContentReplaceBehavior [ RunTime:0.000485s ]
INFO: [ template_filter ] --END-- [ RunTime:0.000577s ]
NOTIC: [2] Illegal string offset '' D:\wamp64\www\sucai\Application\Runtime\Cache\Home\b217f7dceaeee0f946ddbcf727b29e7e.php 第 100 行.
NOTIC: [8] Undefined variable: curr D:\wamp64\www\sucai\Application\Runtime\Cache\Home\b217f7dceaeee0f946ddbcf727b29e7e.php 第 148 行.
NOTIC: [2] date() expects parameter 2 to be long, string given D:\wamp64\www\sucai\Application\Runtime\Cache\Home\b217f7dceaeee0f946ddbcf727b29e7e.php 第 484 行.
NOTIC: [2] date() expects parameter 2 to be long, string given D:\wamp64\www\sucai\Application\Runtime\Cache\Home\b217f7dceaeee0f946ddbcf727b29e7e.php 第 484 行.
NOTIC: [2] date() expects parameter 2 to be long, string given D:\wamp64\www\sucai\Application\Runtime\Cache\Home\b217f7dceaeee0f946ddbcf727b29e7e.php 第 484 行.
NOTIC: [2] date() expects parameter 2 to be long, string given D:\wamp64\www\sucai\Application\Runtime\Cache\Home\b217f7dceaeee0f946ddbcf727b29e7e.php 第 484 行.
NOTIC: [2] date() expects parameter 2 to be long, string given D:\wamp64\www\sucai\Application\Runtime\Cache\Home\b217f7dceaeee0f946ddbcf727b29e7e.php 第 484 行.
NOTIC: [2] date() expects parameter 2 to be long, string given D:\wamp64\www\sucai\Application\Runtime\Cache\Home\b217f7dceaeee0f946ddbcf727b29e7e.php 第 484 行.
NOTIC: [2] date() expects parameter 2 to be long, string given D:\wamp64\www\sucai\Application\Runtime\Cache\Home\b217f7dceaeee0f946ddbcf727b29e7e.php 第 484 行.
NOTIC: [2] date() expects parameter 2 to be long, string given D:\wamp64\www\sucai\Application\Runtime\Cache\Home\b217f7dceaeee0f946ddbcf727b29e7e.php 第 484 行.
NOTIC: [2] date() expects parameter 2 to be long, string given D:\wamp64\www\sucai\Application\Runtime\Cache\Home\b217f7dceaeee0f946ddbcf727b29e7e.php 第 484 行.
NOTIC: [2] date() expects parameter 2 to be long, string given D:\wamp64\www\sucai\Application\Runtime\Cache\Home\b217f7dceaeee0f946ddbcf727b29e7e.php 第 484 行.
NOTIC: [2] date() expects parameter 2 to be long, string given D:\wamp64\www\sucai\Application\Runtime\Cache\Home\b217f7dceaeee0f946ddbcf727b29e7e.php 第 484 行.
NOTIC: [2] date() expects parameter 2 to be long, string given D:\wamp64\www\sucai\Application\Runtime\Cache\Home\b217f7dceaeee0f946ddbcf727b29e7e.php 第 484 行.
INFO: Run Behavior\ParseTemplateBehavior [ RunTime:0.022454s ]
INFO: [ view_parse ] --END-- [ RunTime:0.022574s ]
INFO: [ view_filter ] --START--
INFO: Run Behavior\WriteHtmlCacheBehavior [ RunTime:0.000584s ]
INFO: [ view_filter ] --END-- [ RunTime:0.000696s ]
INFO: [ app_end ] --START--
INFO: Run Behavior\ShowPageTraceBehavior [ RunTime:0.000812s ]
INFO: [ app_end ] --END-- [ RunTime:0.000943s ]

[ 2017-10-20T23:51:40+08:00 ] 127.0.0.1 /sucai/index.php/Home/Topicart/topicArt/topic_id/10
INFO: [ app_init ] --START--
INFO: Run Behavior\BuildLiteBehavior [ RunTime:0.000019s ]
INFO: [ app_init ] --END-- [ RunTime:0.000460s ]
INFO: [ app_begin ] --START--
INFO: Run Behavior\ReadHtmlCacheBehavior [ RunTime:0.000542s ]
INFO: [ app_begin ] --END-- [ RunTime:0.000649s ]
SQL: SHOW COLUMNS FROM `sc_cate` [ RunTime:0.0005s ]
SQL: SELECT * FROM `sc_cate` WHERE `cate_parentid` = 0 ORDER BY cate_sort asc  [ RunTime:0.0003s ]
SQL: SHOW COLUMNS FROM `sc_topic` [ RunTime:0.0005s ]
SQL: SHOW COLUMNS FROM `sc_userinfo` [ RunTime:0.0004s ]
SQL: SELECT Topic.topic_title AS topic_title,Topic.topic_id AS topic_id,Topic.content AS content,Topic.keywords AS keywords,Topic.release_time AS release_time,Topic.comment AS comment,Topic.collect AS collect,Topic.attachment AS attachment,Topic.click AS click,Topic.cate_id AS cate_id,Userinfo.face50 AS face50,Userinfo.nickname AS nickname FROM sc_topic Topic  JOIN sc_userinfo Userinfo ON Topic.member_id=Userinfo.user_id WHERE Topic.topic_id = '10' LIMIT 1   [ RunTime:0.0003s ]
SQL: SHOW COLUMNS FROM `sc_topic` [ RunTime:0.0005s ]
SQL: SELECT * FROM `sc_topic` WHERE `topic_id` > '10' AND `cate_id` = '17' ORDER BY topic_id asc LIMIT 1   [ RunTime:0.0003s ]
SQL: SELECT * FROM `sc_topic` WHERE `topic_id` < '10' AND `cate_id` = '17' ORDER BY topic_id desc LIMIT 1   [ RunTime:0.0003s ]
SQL: SHOW COLUMNS FROM `sc_collect` [ RunTime:0.0008s ]
SQL: SELECT * FROM `sc_collect` WHERE `member_id` = 49 AND `article_id` = 10 AND `collect_type` = 2 LIMIT 1   [ RunTime:0.0003s ]
SQL: SHOW COLUMNS FROM `sc_comment` [ RunTime:0.0004s ]
SQL: SELECT Comment.comment_id AS comment_id,Comment.content AS content,Comment.time AS time,Comment.member_id AS member_id,Comment.article_id AS article_id,Comment.type AS type,Comment.pid AS pid,Comment.pidsub AS pidsub,Userinfo.face50 AS face50,Userinfo.user_id AS user_id,Userinfo.nickname AS nickname FROM sc_comment Comment  JOIN sc_userinfo Userinfo ON Comment.member_id=Userinfo.user_id WHERE Comment.article_id = '10' AND Comment.type = 2 AND Comment.pid > 0 AND Comment.pidsub = 0 ORDER BY Comment.time asc  [ RunTime:0.0004s ]
SQL: SELECT Comment.comment_id AS comment_id,Comment.content AS content,Comment.time AS time,Comment.member_id AS member_id,Comment.article_id AS article_id,Comment.type AS type,Comment.pid AS pid,Comment.pidsub AS pidsub,Userinfo.face50 AS face50,Userinfo.user_id AS user_id,Userinfo.nickname AS nickname FROM sc_comment Comment  JOIN sc_userinfo Userinfo ON Comment.member_id=Userinfo.user_id WHERE Comment.article_id = '10' AND Comment.type = 2 AND Comment.pid = 0 AND Comment.pidsub = 0 ORDER BY Comment.time desc  [ RunTime:0.0003s ]
SQL: SELECT COUNT(*) AS tp_count FROM sc_comment Comment  JOIN sc_userinfo Userinfo ON Comment.member_id=Userinfo.user_id WHERE Comment.article_id = '10' AND Comment.type = 2 AND Comment.pid = 0 AND Comment.pidsub = 0 LIMIT 1   [ RunTime:0.0003s ]
SQL: SHOW COLUMNS FROM `sc_userinfo` [ RunTime:0.0005s ]
SQL: SELECT * FROM `sc_userinfo` WHERE `user_id` = 49 LIMIT 1   [ RunTime:0.0002s ]
SQL: UPDATE sc_topic Topic  JOIN sc_userinfo Userinfo ON Topic.member_id=Userinfo.user_id SET `click`=click+1 WHERE Topic.topic_id = '10' [ RunTime:0.0003s ]
INFO: [ view_parse ] --START--
INFO: [ template_filter ] --START--
INFO: Run Behavior\ContentReplaceBehavior [ RunTime:0.000485s ]
INFO: [ template_filter ] --END-- [ RunTime:0.000580s ]
NOTIC: [2] Illegal string offset '' D:\wamp64\www\sucai\Application\Runtime\Cache\Home\b217f7dceaeee0f946ddbcf727b29e7e.php 第 100 行.
NOTIC: [8] Undefined variable: curr D:\wamp64\www\sucai\Application\Runtime\Cache\Home\b217f7dceaeee0f946ddbcf727b29e7e.php 第 148 行.
NOTIC: [2] date() expects parameter 2 to be long, string given D:\wamp64\www\sucai\Application\Runtime\Cache\Home\b217f7dceaeee0f946ddbcf727b29e7e.php 第 484 行.
NOTIC: [2] date() expects parameter 2 to be long, string given D:\wamp64\www\sucai\Application\Runtime\Cache\Home\b217f7dceaeee0f946ddbcf727b29e7e.php 第 484 行.
NOTIC: [2] date() expects parameter 2 to be long, string given D:\wamp64\www\sucai\Application\Runtime\Cache\Home\b217f7dceaeee0f946ddbcf727b29e7e.php 第 484 行.
NOTIC: [2] date() expects parameter 2 to be long, string given D:\wamp64\www\sucai\Application\Runtime\Cache\Home\b217f7dceaeee0f946ddbcf727b29e7e.php 第 484 行.
NOTIC: [2] date() expects parameter 2 to be long, string given D:\wamp64\www\sucai\Application\Runtime\Cache\Home\b217f7dceaeee0f946ddbcf727b29e7e.php 第 484 行.
NOTIC: [2] date() expects parameter 2 to be long, string given D:\wamp64\www\sucai\Application\Runtime\Cache\Home\b217f7dceaeee0f946ddbcf727b29e7e.php 第 484 行.
INFO: Run Behavior\ParseTemplateBehavior [ RunTime:0.022982s ]
INFO: [ view_parse ] --END-- [ RunTime:0.023135s ]
INFO: [ view_filter ] --START--
INFO: Run Behavior\WriteHtmlCacheBehavior [ RunTime:0.000315s ]
INFO: [ view_filter ] --END-- [ RunTime:0.000396s ]
INFO: [ app_end ] --START--
INFO: Run Behavior\ShowPageTraceBehavior [ RunTime:0.000665s ]
INFO: [ app_end ] --END-- [ RunTime:0.000784s ]

[ 2017-10-20T23:51:55+08:00 ] 127.0.0.1 /sucai/index.php/Home/Topicart/topicArt/topic_id/10
INFO: [ app_init ] --START--
INFO: Run Behavior\BuildLiteBehavior [ RunTime:0.000021s ]
INFO: [ app_init ] --END-- [ RunTime:0.000462s ]
INFO: [ app_begin ] --START--
INFO: Run Behavior\ReadHtmlCacheBehavior [ RunTime:0.000465s ]
INFO: [ app_begin ] --END-- [ RunTime:0.000552s ]
SQL: SHOW COLUMNS FROM `sc_cate` [ RunTime:0.0005s ]
SQL: SELECT * FROM `sc_cate` WHERE `cate_parentid` = 0 ORDER BY cate_sort asc  [ RunTime:0.0003s ]
SQL: SHOW COLUMNS FROM `sc_topic` [ RunTime:0.0006s ]
SQL: SHOW COLUMNS FROM `sc_userinfo` [ RunTime:0.0004s ]
SQL: SELECT Topic.topic_title AS topic_title,Topic.topic_id AS topic_id,Topic.content AS content,Topic.keywords AS keywords,Topic.release_time AS release_time,Topic.comment AS comment,Topic.collect AS collect,Topic.attachment AS attachment,Topic.click AS click,Topic.cate_id AS cate_id,Userinfo.face50 AS face50,Userinfo.nickname AS nickname FROM sc_topic Topic  JOIN sc_userinfo Userinfo ON Topic.member_id=Userinfo.user_id WHERE Topic.topic_id = '10' LIMIT 1   [ RunTime:0.0003s ]
SQL: SHOW COLUMNS FROM `sc_topic` [ RunTime:0.0004s ]
SQL: SELECT * FROM `sc_topic` WHERE `topic_id` > '10' AND `cate_id` = '17' ORDER BY topic_id asc LIMIT 1   [ RunTime:0.0003s ]
SQL: SELECT * FROM `sc_topic` WHERE `topic_id` < '10' AND `cate_id` = '17' ORDER BY topic_id desc LIMIT 1   [ RunTime:0.0002s ]
SQL: SHOW COLUMNS FROM `sc_collect` [ RunTime:0.0004s ]
SQL: SELECT * FROM `sc_collect` WHERE `member_id` = 49 AND `article_id` = 10 AND `collect_type` = 2 LIMIT 1   [ RunTime:0.0002s ]
SQL: SHOW COLUMNS FROM `sc_comment` [ RunTime:0.0004s ]
SQL: SELECT Comment.comment_id AS comment_id,Comment.content AS content,Comment.time AS time,Comment.member_id AS member_id,Comment.article_id AS article_id,Comment.type AS type,Comment.pid AS pid,Comment.pidsub AS pidsub,Userinfo.face50 AS face50,Userinfo.user_id AS user_id,Userinfo.nickname AS nickname FROM sc_comment Comment  JOIN sc_userinfo Userinfo ON Comment.member_id=Userinfo.user_id WHERE Comment.article_id = '10' AND Comment.type = 2 AND Comment.pid > 0 AND Comment.pidsub = 0 ORDER BY Comment.time asc  [ RunTime:0.0004s ]
SQL: SELECT Comment.comment_id AS comment_id,Comment.content AS content,Comment.time AS time,Comment.member_id AS member_id,Comment.article_id AS article_id,Comment.type AS type,Comment.pid AS pid,Comment.pidsub AS pidsub,Userinfo.face50 AS face50,Userinfo.user_id AS user_id,Userinfo.nickname AS nickname FROM sc_comment Comment  JOIN sc_userinfo Userinfo ON Comment.member_id=Userinfo.user_id WHERE Comment.article_id = '10' AND Comment.type = 2 AND Comment.pid = 0 AND Comment.pidsub = 0 ORDER BY Comment.time desc  [ RunTime:0.0004s ]
SQL: SELECT COUNT(*) AS tp_count FROM sc_comment Comment  JOIN sc_userinfo Userinfo ON Comment.member_id=Userinfo.user_id WHERE Comment.article_id = '10' AND Comment.type = 2 AND Comment.pid = 0 AND Comment.pidsub = 0 LIMIT 1   [ RunTime:0.0003s ]
SQL: SHOW COLUMNS FROM `sc_userinfo` [ RunTime:0.0005s ]
SQL: SELECT * FROM `sc_userinfo` WHERE `user_id` = 49 LIMIT 1   [ RunTime:0.0002s ]
SQL: UPDATE sc_topic Topic  JOIN sc_userinfo Userinfo ON Topic.member_id=Userinfo.user_id SET `click`=click+1 WHERE Topic.topic_id = '10' [ RunTime:0.0003s ]
INFO: [ view_parse ] --START--
INFO: [ template_filter ] --START--
INFO: Run Behavior\ContentReplaceBehavior [ RunTime:0.000475s ]
INFO: [ template_filter ] --END-- [ RunTime:0.000569s ]
NOTIC: [2] Illegal string offset '' D:\wamp64\www\sucai\Application\Runtime\Cache\Home\b217f7dceaeee0f946ddbcf727b29e7e.php 第 100 行.
NOTIC: [8] Undefined variable: curr D:\wamp64\www\sucai\Application\Runtime\Cache\Home\b217f7dceaeee0f946ddbcf727b29e7e.php 第 148 行.
NOTIC: [2] date() expects parameter 2 to be long, string given D:\wamp64\www\sucai\Application\Runtime\Cache\Home\b217f7dceaeee0f946ddbcf727b29e7e.php 第 484 行.
NOTIC: [2] date() expects parameter 2 to be long, string given D:\wamp64\www\sucai\Application\Runtime\Cache\Home\b217f7dceaeee0f946ddbcf727b29e7e.php 第 484 行.
NOTIC: [2] date() expects parameter 2 to be long, string given D:\wamp64\www\sucai\Application\Runtime\Cache\Home\b217f7dceaeee0f946ddbcf727b29e7e.php 第 484 行.
NOTIC: [2] date() expects parameter 2 to be long, string given D:\wamp64\www\sucai\Application\Runtime\Cache\Home\b217f7dceaeee0f946ddbcf727b29e7e.php 第 484 行.
NOTIC: [2] date() expects parameter 2 to be long, string given D:\wamp64\www\sucai\Application\Runtime\Cache\Home\b217f7dceaeee0f946ddbcf727b29e7e.php 第 484 行.
NOTIC: [2] date() expects parameter 2 to be long, string given D:\wamp64\www\sucai\Application\Runtime\Cache\Home\b217f7dceaeee0f946ddbcf727b29e7e.php 第 484 行.
INFO: Run Behavior\ParseTemplateBehavior [ RunTime:0.022045s ]
INFO: [ view_parse ] --END-- [ RunTime:0.022140s ]
INFO: [ view_filter ] --START--
INFO: Run Behavior\WriteHtmlCacheBehavior [ RunTime:0.000336s ]
INFO: [ view_filter ] --END-- [ RunTime:0.000415s ]
INFO: [ app_end ] --START--
INFO: Run Behavior\ShowPageTraceBehavior [ RunTime:0.000635s ]
INFO: [ app_end ] --END-- [ RunTime:0.000784s ]

[ 2017-10-20T23:51:55+08:00 ] 127.0.0.1 /sucai/index.php/Home/Topicart/topicArt/topic_id/10
INFO: [ app_init ] --START--
INFO: Run Behavior\BuildLiteBehavior [ RunTime:0.000020s ]
INFO: [ app_init ] --END-- [ RunTime:0.000386s ]
INFO: [ app_begin ] --START--
INFO: Run Behavior\ReadHtmlCacheBehavior [ RunTime:0.000607s ]
INFO: [ app_begin ] --END-- [ RunTime:0.000709s ]
SQL: SHOW COLUMNS FROM `sc_cate` [ RunTime:0.0005s ]
SQL: SELECT * FROM `sc_cate` WHERE `cate_parentid` = 0 ORDER BY cate_sort asc  [ RunTime:0.0004s ]
SQL: SHOW COLUMNS FROM `sc_topic` [ RunTime:0.0006s ]
SQL: SHOW COLUMNS FROM `sc_userinfo` [ RunTime:0.0005s ]
SQL: SELECT Topic.topic_title AS topic_title,Topic.topic_id AS topic_id,Topic.content AS content,Topic.keywords AS keywords,Topic.release_time AS release_time,Topic.comment AS comment,Topic.collect AS collect,Topic.attachment AS attachment,Topic.click AS click,Topic.cate_id AS cate_id,Userinfo.face50 AS face50,Userinfo.nickname AS nickname FROM sc_topic Topic  JOIN sc_userinfo Userinfo ON Topic.member_id=Userinfo.user_id WHERE Topic.topic_id = '10' LIMIT 1   [ RunTime:0.0005s ]
SQL: SHOW COLUMNS FROM `sc_topic` [ RunTime:0.0006s ]
SQL: SELECT * FROM `sc_topic` WHERE `topic_id` > '10' AND `cate_id` = '17' ORDER BY topic_id asc LIMIT 1   [ RunTime:0.0003s ]
SQL: SELECT * FROM `sc_topic` WHERE `topic_id` < '10' AND `cate_id` = '17' ORDER BY topic_id desc LIMIT 1   [ RunTime:0.0003s ]
SQL: SHOW COLUMNS FROM `sc_collect` [ RunTime:0.0004s ]
SQL: SELECT * FROM `sc_collect` WHERE `member_id` = 49 AND `article_id` = 10 AND `collect_type` = 2 LIMIT 1   [ RunTime:0.0003s ]
SQL: SHOW COLUMNS FROM `sc_comment` [ RunTime:0.0005s ]
SQL: SELECT Comment.comment_id AS comment_id,Comment.content AS content,Comment.time AS time,Comment.member_id AS member_id,Comment.article_id AS article_id,Comment.type AS type,Comment.pid AS pid,Comment.pidsub AS pidsub,Userinfo.face50 AS face50,Userinfo.user_id AS user_id,Userinfo.nickname AS nickname FROM sc_comment Comment  JOIN sc_userinfo Userinfo ON Comment.member_id=Userinfo.user_id WHERE Comment.article_id = '10' AND Comment.type = 2 AND Comment.pid > 0 AND Comment.pidsub = 0 ORDER BY Comment.time asc  [ RunTime:0.0004s ]
SQL: SELECT Comment.comment_id AS comment_id,Comment.content AS content,Comment.time AS time,Comment.member_id AS member_id,Comment.article_id AS article_id,Comment.type AS type,Comment.pid AS pid,Comment.pidsub AS pidsub,Userinfo.face50 AS face50,Userinfo.user_id AS user_id,Userinfo.nickname AS nickname FROM sc_comment Comment  JOIN sc_userinfo Userinfo ON Comment.member_id=Userinfo.user_id WHERE Comment.article_id = '10' AND Comment.type = 2 AND Comment.pid = 0 AND Comment.pidsub = 0 ORDER BY Comment.time desc  [ RunTime:0.0003s ]
SQL: SELECT COUNT(*) AS tp_count FROM sc_comment Comment  JOIN sc_userinfo Userinfo ON Comment.member_id=Userinfo.user_id WHERE Comment.article_id = '10' AND Comment.type = 2 AND Comment.pid = 0 AND Comment.pidsub = 0 LIMIT 1   [ RunTime:0.0003s ]
SQL: SHOW COLUMNS FROM `sc_userinfo` [ RunTime:0.0004s ]
SQL: SELECT * FROM `sc_userinfo` WHERE `user_id` = 49 LIMIT 1   [ RunTime:0.0003s ]
SQL: UPDATE sc_topic Topic  JOIN sc_userinfo Userinfo ON Topic.member_id=Userinfo.user_id SET `click`=click+1 WHERE Topic.topic_id = '10' [ RunTime:0.0003s ]
INFO: [ view_parse ] --START--
INFO: [ template_filter ] --START--
INFO: Run Behavior\ContentReplaceBehavior [ RunTime:0.000469s ]
INFO: [ template_filter ] --END-- [ RunTime:0.000561s ]
NOTIC: [2] Illegal string offset '' D:\wamp64\www\sucai\Application\Runtime\Cache\Home\b217f7dceaeee0f946ddbcf727b29e7e.php 第 100 行.
NOTIC: [8] Undefined variable: curr D:\wamp64\www\sucai\Application\Runtime\Cache\Home\b217f7dceaeee0f946ddbcf727b29e7e.php 第 148 行.
NOTIC: [2] date() expects parameter 2 to be long, string given D:\wamp64\www\sucai\Application\Runtime\Cache\Home\b217f7dceaeee0f946ddbcf727b29e7e.php 第 484 行.
NOTIC: [2] date() expects parameter 2 to be long, string given D:\wamp64\www\sucai\Application\Runtime\Cache\Home\b217f7dceaeee0f946ddbcf727b29e7e.php 第 484 行.
NOTIC: [2] date() expects parameter 2 to be long, string given D:\wamp64\www\sucai\Application\Runtime\Cache\Home\b217f7dceaeee0f946ddbcf727b29e7e.php 第 484 行.
NOTIC: [2] date() expects parameter 2 to be long, string given D:\wamp64\www\sucai\Application\Runtime\Cache\Home\b217f7dceaeee0f946ddbcf727b29e7e.php 第 484 行.
NOTIC: [2] date() expects parameter 2 to be long, string given D:\wamp64\www\sucai\Application\Runtime\Cache\Home\b217f7dceaeee0f946ddbcf727b29e7e.php 第 484 行.
NOTIC: [2] date() expects parameter 2 to be long, string given D:\wamp64\www\sucai\Application\Runtime\Cache\Home\b217f7dceaeee0f946ddbcf727b29e7e.php 第 484 行.
INFO: Run Behavior\ParseTemplateBehavior [ RunTime:0.022684s ]
INFO: [ view_parse ] --END-- [ RunTime:0.022774s ]
INFO: [ view_filter ] --START--
INFO: Run Behavior\WriteHtmlCacheBehavior [ RunTime:0.000453s ]
INFO: [ view_filter ] --END-- [ RunTime:0.000536s ]
INFO: [ app_end ] --START--
INFO: Run Behavior\ShowPageTraceBehavior [ RunTime:0.000476s ]
INFO: [ app_end ] --END-- [ RunTime:0.000573s ]

[ 2017-10-20T23:51:56+08:00 ] 127.0.0.1 /sucai/index.php/Home/Topicart/topicArt/topic_id/10
INFO: [ app_init ] --START--
INFO: Run Behavior\BuildLiteBehavior [ RunTime:0.000022s ]
INFO: [ app_init ] --END-- [ RunTime:0.000803s ]
INFO: [ app_begin ] --START--
INFO: Run Behavior\ReadHtmlCacheBehavior [ RunTime:0.000411s ]
INFO: [ app_begin ] --END-- [ RunTime:0.000515s ]
SQL: SHOW COLUMNS FROM `sc_cate` [ RunTime:0.0005s ]
SQL: SELECT * FROM `sc_cate` WHERE `cate_parentid` = 0 ORDER BY cate_sort asc  [ RunTime:0.0003s ]
SQL: SHOW COLUMNS FROM `sc_topic` [ RunTime:0.0005s ]
SQL: SHOW COLUMNS FROM `sc_userinfo` [ RunTime:0.0004s ]
SQL: SELECT Topic.topic_title AS topic_title,Topic.topic_id AS topic_id,Topic.content AS content,Topic.keywords AS keywords,Topic.release_time AS release_time,Topic.comment AS comment,Topic.collect AS collect,Topic.attachment AS attachment,Topic.click AS click,Topic.cate_id AS cate_id,Userinfo.face50 AS face50,Userinfo.nickname AS nickname FROM sc_topic Topic  JOIN sc_userinfo Userinfo ON Topic.member_id=Userinfo.user_id WHERE Topic.topic_id = '10' LIMIT 1   [ RunTime:0.0003s ]
SQL: SHOW COLUMNS FROM `sc_topic` [ RunTime:0.0004s ]
SQL: SELECT * FROM `sc_topic` WHERE `topic_id` > '10' AND `cate_id` = '17' ORDER BY topic_id asc LIMIT 1   [ RunTime:0.0003s ]
SQL: SELECT * FROM `sc_topic` WHERE `topic_id` < '10' AND `cate_id` = '17' ORDER BY topic_id desc LIMIT 1   [ RunTime:0.0002s ]
SQL: SHOW COLUMNS FROM `sc_collect` [ RunTime:0.0004s ]
SQL: SELECT * FROM `sc_collect` WHERE `member_id` = 49 AND `article_id` = 10 AND `collect_type` = 2 LIMIT 1   [ RunTime:0.0002s ]
SQL: SHOW COLUMNS FROM `sc_comment` [ RunTime:0.0005s ]
SQL: SELECT Comment.comment_id AS comment_id,Comment.content AS content,Comment.time AS time,Comment.member_id AS member_id,Comment.article_id AS article_id,Comment.type AS type,Comment.pid AS pid,Comment.pidsub AS pidsub,Userinfo.face50 AS face50,Userinfo.user_id AS user_id,Userinfo.nickname AS nickname FROM sc_comment Comment  JOIN sc_userinfo Userinfo ON Comment.member_id=Userinfo.user_id WHERE Comment.article_id = '10' AND Comment.type = 2 AND Comment.pid > 0 AND Comment.pidsub = 0 ORDER BY Comment.time asc  [ RunTime:0.0004s ]
SQL: SELECT Comment.comment_id AS comment_id,Comment.content AS content,Comment.time AS time,Comment.member_id AS member_id,Comment.article_id AS article_id,Comment.type AS type,Comment.pid AS pid,Comment.pidsub AS pidsub,Userinfo.face50 AS face50,Userinfo.user_id AS user_id,Userinfo.nickname AS nickname FROM sc_comment Comment  JOIN sc_userinfo Userinfo ON Comment.member_id=Userinfo.user_id WHERE Comment.article_id = '10' AND Comment.type = 2 AND Comment.pid = 0 AND Comment.pidsub = 0 ORDER BY Comment.time desc  [ RunTime:0.0004s ]
SQL: SELECT COUNT(*) AS tp_count FROM sc_comment Comment  JOIN sc_userinfo Userinfo ON Comment.member_id=Userinfo.user_id WHERE Comment.article_id = '10' AND Comment.type = 2 AND Comment.pid = 0 AND Comment.pidsub = 0 LIMIT 1   [ RunTime:0.0003s ]
SQL: SHOW COLUMNS FROM `sc_userinfo` [ RunTime:0.0006s ]
SQL: SELECT * FROM `sc_userinfo` WHERE `user_id` = 49 LIMIT 1   [ RunTime:0.0016s ]
SQL: UPDATE sc_topic Topic  JOIN sc_userinfo Userinfo ON Topic.member_id=Userinfo.user_id SET `click`=click+1 WHERE Topic.topic_id = '10' [ RunTime:0.0003s ]
INFO: [ view_parse ] --START--
INFO: [ template_filter ] --START--
INFO: Run Behavior\ContentReplaceBehavior [ RunTime:0.000499s ]
INFO: [ template_filter ] --END-- [ RunTime:0.000595s ]
NOTIC: [2] Illegal string offset '' D:\wamp64\www\sucai\Application\Runtime\Cache\Home\b217f7dceaeee0f946ddbcf727b29e7e.php 第 100 行.
NOTIC: [8] Undefined variable: curr D:\wamp64\www\sucai\Application\Runtime\Cache\Home\b217f7dceaeee0f946ddbcf727b29e7e.php 第 148 行.
NOTIC: [2] date() expects parameter 2 to be long, string given D:\wamp64\www\sucai\Application\Runtime\Cache\Home\b217f7dceaeee0f946ddbcf727b29e7e.php 第 484 行.
NOTIC: [2] date() expects parameter 2 to be long, string given D:\wamp64\www\sucai\Application\Runtime\Cache\Home\b217f7dceaeee0f946ddbcf727b29e7e.php 第 484 行.
NOTIC: [2] date() expects parameter 2 to be long, string given D:\wamp64\www\sucai\Application\Runtime\Cache\Home\b217f7dceaeee0f946ddbcf727b29e7e.php 第 484 行.
NOTIC: [2] date() expects parameter 2 to be long, string given D:\wamp64\www\sucai\Application\Runtime\Cache\Home\b217f7dceaeee0f946ddbcf727b29e7e.php 第 484 行.
NOTIC: [2] date() expects parameter 2 to be long, string given D:\wamp64\www\sucai\Application\Runtime\Cache\Home\b217f7dceaeee0f946ddbcf727b29e7e.php 第 484 行.
NOTIC: [2] date() expects parameter 2 to be long, string given D:\wamp64\www\sucai\Application\Runtime\Cache\Home\b217f7dceaeee0f946ddbcf727b29e7e.php 第 484 行.
INFO: Run Behavior\ParseTemplateBehavior [ RunTime:0.021603s ]
INFO: [ view_parse ] --END-- [ RunTime:0.021698s ]
INFO: [ view_filter ] --START--
INFO: Run Behavior\WriteHtmlCacheBehavior [ RunTime:0.000341s ]
INFO: [ view_filter ] --END-- [ RunTime:0.000422s ]
INFO: [ app_end ] --START--
INFO: Run Behavior\ShowPageTraceBehavior [ RunTime:0.000501s ]
INFO: [ app_end ] --END-- [ RunTime:0.000602s ]

[ 2017-10-20T23:51:56+08:00 ] 127.0.0.1 /sucai/index.php/Home/Topicart/topicArt/topic_id/10
INFO: [ app_init ] --START--
INFO: Run Behavior\BuildLiteBehavior [ RunTime:0.000019s ]
INFO: [ app_init ] --END-- [ RunTime:0.000460s ]
INFO: [ app_begin ] --START--
INFO: Run Behavior\ReadHtmlCacheBehavior [ RunTime:0.000463s ]
INFO: [ app_begin ] --END-- [ RunTime:0.000558s ]
SQL: SHOW COLUMNS FROM `sc_cate` [ RunTime:0.0005s ]
SQL: SELECT * FROM `sc_cate` WHERE `cate_parentid` = 0 ORDER BY cate_sort asc  [ RunTime:0.0003s ]
SQL: SHOW COLUMNS FROM `sc_topic` [ RunTime:0.0006s ]
SQL: SHOW COLUMNS FROM `sc_userinfo` [ RunTime:0.0004s ]
SQL: SELECT Topic.topic_title AS topic_title,Topic.topic_id AS topic_id,Topic.content AS content,Topic.keywords AS keywords,Topic.release_time AS release_time,Topic.comment AS comment,Topic.collect AS collect,Topic.attachment AS attachment,Topic.click AS click,Topic.cate_id AS cate_id,Userinfo.face50 AS face50,Userinfo.nickname AS nickname FROM sc_topic Topic  JOIN sc_userinfo Userinfo ON Topic.member_id=Userinfo.user_id WHERE Topic.topic_id = '10' LIMIT 1   [ RunTime:0.0003s ]
SQL: SHOW COLUMNS FROM `sc_topic` [ RunTime:0.0005s ]
SQL: SELECT * FROM `sc_topic` WHERE `topic_id` > '10' AND `cate_id` = '17' ORDER BY topic_id asc LIMIT 1   [ RunTime:0.0003s ]
SQL: SELECT * FROM `sc_topic` WHERE `topic_id` < '10' AND `cate_id` = '17' ORDER BY topic_id desc LIMIT 1   [ RunTime:0.0003s ]
SQL: SHOW COLUMNS FROM `sc_collect` [ RunTime:0.0004s ]
SQL: SELECT * FROM `sc_collect` WHERE `member_id` = 49 AND `article_id` = 10 AND `collect_type` = 2 LIMIT 1   [ RunTime:0.0003s ]
SQL: SHOW COLUMNS FROM `sc_comment` [ RunTime:0.0005s ]
SQL: SELECT Comment.comment_id AS comment_id,Comment.content AS content,Comment.time AS time,Comment.member_id AS member_id,Comment.article_id AS article_id,Comment.type AS type,Comment.pid AS pid,Comment.pidsub AS pidsub,Userinfo.face50 AS face50,Userinfo.user_id AS user_id,Userinfo.nickname AS nickname FROM sc_comment Comment  JOIN sc_userinfo Userinfo ON Comment.member_id=Userinfo.user_id WHERE Comment.article_id = '10' AND Comment.type = 2 AND Comment.pid > 0 AND Comment.pidsub = 0 ORDER BY Comment.time asc  [ RunTime:0.0004s ]
SQL: SELECT Comment.comment_id AS comment_id,Comment.content AS content,Comment.time AS time,Comment.member_id AS member_id,Comment.article_id AS article_id,Comment.type AS type,Comment.pid AS pid,Comment.pidsub AS pidsub,Userinfo.face50 AS face50,Userinfo.user_id AS user_id,Userinfo.nickname AS nickname FROM sc_comment Comment  JOIN sc_userinfo Userinfo ON Comment.member_id=Userinfo.user_id WHERE Comment.article_id = '10' AND Comment.type = 2 AND Comment.pid = 0 AND Comment.pidsub = 0 ORDER BY Comment.time desc  [ RunTime:0.0003s ]
SQL: SELECT COUNT(*) AS tp_count FROM sc_comment Comment  JOIN sc_userinfo Userinfo ON Comment.member_id=Userinfo.user_id WHERE Comment.article_id = '10' AND Comment.type = 2 AND Comment.pid = 0 AND Comment.pidsub = 0 LIMIT 1   [ RunTime:0.0003s ]
SQL: SHOW COLUMNS FROM `sc_userinfo` [ RunTime:0.0005s ]
SQL: SELECT * FROM `sc_userinfo` WHERE `user_id` = 49 LIMIT 1   [ RunTime:0.0003s ]
SQL: UPDATE sc_topic Topic  JOIN sc_userinfo Userinfo ON Topic.member_id=Userinfo.user_id SET `click`=click+1 WHERE Topic.topic_id = '10' [ RunTime:0.0010s ]
INFO: [ view_parse ] --START--
INFO: [ template_filter ] --START--
INFO: Run Behavior\ContentReplaceBehavior [ RunTime:0.000480s ]
INFO: [ template_filter ] --END-- [ RunTime:0.000576s ]
NOTIC: [2] Illegal string offset '' D:\wamp64\www\sucai\Application\Runtime\Cache\Home\b217f7dceaeee0f946ddbcf727b29e7e.php 第 100 行.
NOTIC: [8] Undefined variable: curr D:\wamp64\www\sucai\Application\Runtime\Cache\Home\b217f7dceaeee0f946ddbcf727b29e7e.php 第 148 行.
NOTIC: [2] date() expects parameter 2 to be long, string given D:\wamp64\www\sucai\Application\Runtime\Cache\Home\b217f7dceaeee0f946ddbcf727b29e7e.php 第 484 行.
NOTIC: [2] date() expects parameter 2 to be long, string given D:\wamp64\www\sucai\Application\Runtime\Cache\Home\b217f7dceaeee0f946ddbcf727b29e7e.php 第 484 行.
NOTIC: [2] date() expects parameter 2 to be long, string given D:\wamp64\www\sucai\Application\Runtime\Cache\Home\b217f7dceaeee0f946ddbcf727b29e7e.php 第 484 行.
NOTIC: [2] date() expects parameter 2 to be long, string given D:\wamp64\www\sucai\Application\Runtime\Cache\Home\b217f7dceaeee0f946ddbcf727b29e7e.php 第 484 行.
NOTIC: [2] date() expects parameter 2 to be long, string given D:\wamp64\www\sucai\Application\Runtime\Cache\Home\b217f7dceaeee0f946ddbcf727b29e7e.php 第 484 行.
NOTIC: [2] date() expects parameter 2 to be long, string given D:\wamp64\www\sucai\Application\Runtime\Cache\Home\b217f7dceaeee0f946ddbcf727b29e7e.php 第 484 行.
INFO: Run Behavior\ParseTemplateBehavior [ RunTime:0.022739s ]
INFO: [ view_parse ] --END-- [ RunTime:0.022849s ]
INFO: [ view_filter ] --START--
INFO: Run Behavior\WriteHtmlCacheBehavior [ RunTime:0.000359s ]
INFO: [ view_filter ] --END-- [ RunTime:0.000442s ]
INFO: [ app_end ] --START--
INFO: Run Behavior\ShowPageTraceBehavior [ RunTime:0.000477s ]
INFO: [ app_end ] --END-- [ RunTime:0.000578s ]

[ 2017-10-20T23:52:51+08:00 ] 127.0.0.1 /sucai/index.php/Home/Topicart/topicArt/topic_id/10
INFO: [ app_init ] --START--
INFO: Run Behavior\BuildLiteBehavior [ RunTime:0.000020s ]
INFO: [ app_init ] --END-- [ RunTime:0.000456s ]
INFO: [ app_begin ] --START--
INFO: Run Behavior\ReadHtmlCacheBehavior [ RunTime:0.000524s ]
INFO: [ app_begin ] --END-- [ RunTime:0.000637s ]
SQL: SHOW COLUMNS FROM `sc_cate` [ RunTime:0.0007s ]
SQL: SELECT * FROM `sc_cate` WHERE `cate_parentid` = 0 ORDER BY cate_sort asc  [ RunTime:0.0005s ]
SQL: SHOW COLUMNS FROM `sc_topic` [ RunTime:0.0005s ]
SQL: SHOW COLUMNS FROM `sc_userinfo` [ RunTime:0.0004s ]
SQL: SELECT Topic.topic_title AS topic_title,Topic.topic_id AS topic_id,Topic.content AS content,Topic.keywords AS keywords,Topic.release_time AS release_time,Topic.comment AS comment,Topic.collect AS collect,Topic.attachment AS attachment,Topic.click AS click,Topic.cate_id AS cate_id,Userinfo.face50 AS face50,Userinfo.nickname AS nickname FROM sc_topic Topic  JOIN sc_userinfo Userinfo ON Topic.member_id=Userinfo.user_id WHERE Topic.topic_id = '10' LIMIT 1   [ RunTime:0.0003s ]
SQL: SHOW COLUMNS FROM `sc_topic` [ RunTime:0.0005s ]
SQL: SELECT * FROM `sc_topic` WHERE `topic_id` > '10' AND `cate_id` = '17' ORDER BY topic_id asc LIMIT 1   [ RunTime:0.0003s ]
SQL: SELECT * FROM `sc_topic` WHERE `topic_id` < '10' AND `cate_id` = '17' ORDER BY topic_id desc LIMIT 1   [ RunTime:0.0002s ]
SQL: SHOW COLUMNS FROM `sc_collect` [ RunTime:0.0005s ]
SQL: SELECT * FROM `sc_collect` WHERE `member_id` = 49 AND `article_id` = 10 AND `collect_type` = 2 LIMIT 1   [ RunTime:0.0003s ]
SQL: SHOW COLUMNS FROM `sc_comment` [ RunTime:0.0005s ]
SQL: SELECT Comment.comment_id AS comment_id,Comment.content AS content,Comment.time AS time,Comment.member_id AS member_id,Comment.article_id AS article_id,Comment.type AS type,Comment.pid AS pid,Comment.pidsub AS pidsub,Userinfo.face50 AS face50,Userinfo.user_id AS user_id,Userinfo.nickname AS nickname FROM sc_comment Comment  JOIN sc_userinfo Userinfo ON Comment.member_id=Userinfo.user_id WHERE Comment.article_id = '10' AND Comment.type = 2 AND Comment.pid > 0 AND Comment.pidsub = 0 ORDER BY Comment.time asc  [ RunTime:0.0005s ]
SQL: SELECT Comment.comment_id AS comment_id,Comment.content AS content,Comment.time AS time,Comment.member_id AS member_id,Comment.article_id AS article_id,Comment.type AS type,Comment.pid AS pid,Comment.pidsub AS pidsub,Userinfo.face50 AS face50,Userinfo.user_id AS user_id,Userinfo.nickname AS nickname FROM sc_comment Comment  JOIN sc_userinfo Userinfo ON Comment.member_id=Userinfo.user_id WHERE Comment.article_id = '10' AND Comment.type = 2 AND Comment.pid = 0 AND Comment.pidsub = 0 ORDER BY Comment.time desc  [ RunTime:0.0005s ]
SQL: SELECT COUNT(*) AS tp_count FROM sc_comment Comment  JOIN sc_userinfo Userinfo ON Comment.member_id=Userinfo.user_id WHERE Comment.article_id = '10' AND Comment.type = 2 AND Comment.pid = 0 AND Comment.pidsub = 0 LIMIT 1   [ RunTime:0.0004s ]
SQL: SHOW COLUMNS FROM `sc_userinfo` [ RunTime:0.0006s ]
SQL: SELECT * FROM `sc_userinfo` WHERE `user_id` = 49 LIMIT 1   [ RunTime:0.0003s ]
SQL: UPDATE sc_topic Topic  JOIN sc_userinfo Userinfo ON Topic.member_id=Userinfo.user_id SET `click`=click+1 WHERE Topic.topic_id = '10' [ RunTime:0.0003s ]
INFO: [ view_parse ] --START--
INFO: [ template_filter ] --START--
INFO: Run Behavior\ContentReplaceBehavior [ RunTime:0.000675s ]
INFO: [ template_filter ] --END-- [ RunTime:0.000804s ]
NOTIC: [2] Illegal string offset '' D:\wamp64\www\sucai\Application\Runtime\Cache\Home\b217f7dceaeee0f946ddbcf727b29e7e.php 第 100 行.
NOTIC: [8] Undefined variable: curr D:\wamp64\www\sucai\Application\Runtime\Cache\Home\b217f7dceaeee0f946ddbcf727b29e7e.php 第 148 行.
NOTIC: [2] date() expects parameter 2 to be long, string given D:\wamp64\www\sucai\Application\Runtime\Cache\Home\b217f7dceaeee0f946ddbcf727b29e7e.php 第 485 行.
NOTIC: [2] date() expects parameter 2 to be long, string given D:\wamp64\www\sucai\Application\Runtime\Cache\Home\b217f7dceaeee0f946ddbcf727b29e7e.php 第 485 行.
NOTIC: [2] date() expects parameter 2 to be long, string given D:\wamp64\www\sucai\Application\Runtime\Cache\Home\b217f7dceaeee0f946ddbcf727b29e7e.php 第 485 行.
NOTIC: [2] date() expects parameter 2 to be long, string given D:\wamp64\www\sucai\Application\Runtime\Cache\Home\b217f7dceaeee0f946ddbcf727b29e7e.php 第 485 行.
NOTIC: [2] date() expects parameter 2 to be long, string given D:\wamp64\www\sucai\Application\Runtime\Cache\Home\b217f7dceaeee0f946ddbcf727b29e7e.php 第 485 行.
NOTIC: [2] date() expects parameter 2 to be long, string given D:\wamp64\www\sucai\Application\Runtime\Cache\Home\b217f7dceaeee0f946ddbcf727b29e7e.php 第 485 行.
INFO: Run Behavior\ParseTemplateBehavior [ RunTime:0.026453s ]
INFO: [ view_parse ] --END-- [ RunTime:0.026560s ]
INFO: [ view_filter ] --START--
INFO: Run Behavior\WriteHtmlCacheBehavior [ RunTime:0.000417s ]
INFO: [ view_filter ] --END-- [ RunTime:0.000502s ]
INFO: [ app_end ] --START--
INFO: Run Behavior\ShowPageTraceBehavior [ RunTime:0.000634s ]
INFO: [ app_end ] --END-- [ RunTime:0.000733s ]

[ 2017-10-20T23:53:06+08:00 ] 127.0.0.1 /sucai/index.php/Home/Topicart/topicArt/topic_id/10
INFO: [ app_init ] --START--
INFO: Run Behavior\BuildLiteBehavior [ RunTime:0.000019s ]
INFO: [ app_init ] --END-- [ RunTime:0.000387s ]
INFO: [ app_begin ] --START--
INFO: Run Behavior\ReadHtmlCacheBehavior [ RunTime:0.000456s ]
INFO: [ app_begin ] --END-- [ RunTime:0.000547s ]
SQL: SHOW COLUMNS FROM `sc_cate` [ RunTime:0.0006s ]
SQL: SELECT * FROM `sc_cate` WHERE `cate_parentid` = 0 ORDER BY cate_sort asc  [ RunTime:0.0003s ]
SQL: SHOW COLUMNS FROM `sc_topic` [ RunTime:0.0005s ]
SQL: SHOW COLUMNS FROM `sc_userinfo` [ RunTime:0.0004s ]
SQL: SELECT Topic.topic_title AS topic_title,Topic.topic_id AS topic_id,Topic.content AS content,Topic.keywords AS keywords,Topic.release_time AS release_time,Topic.comment AS comment,Topic.collect AS collect,Topic.attachment AS attachment,Topic.click AS click,Topic.cate_id AS cate_id,Userinfo.face50 AS face50,Userinfo.nickname AS nickname FROM sc_topic Topic  JOIN sc_userinfo Userinfo ON Topic.member_id=Userinfo.user_id WHERE Topic.topic_id = '10' LIMIT 1   [ RunTime:0.0003s ]
SQL: SHOW COLUMNS FROM `sc_topic` [ RunTime:0.0004s ]
SQL: SELECT * FROM `sc_topic` WHERE `topic_id` > '10' AND `cate_id` = '17' ORDER BY topic_id asc LIMIT 1   [ RunTime:0.0003s ]
SQL: SELECT * FROM `sc_topic` WHERE `topic_id` < '10' AND `cate_id` = '17' ORDER BY topic_id desc LIMIT 1   [ RunTime:0.0002s ]
SQL: SHOW COLUMNS FROM `sc_collect` [ RunTime:0.0004s ]
SQL: SELECT * FROM `sc_collect` WHERE `member_id` = 49 AND `article_id` = 10 AND `collect_type` = 2 LIMIT 1   [ RunTime:0.0002s ]
SQL: SHOW COLUMNS FROM `sc_comment` [ RunTime:0.0005s ]
SQL: SELECT Comment.comment_id AS comment_id,Comment.content AS content,Comment.time AS time,Comment.member_id AS member_id,Comment.article_id AS article_id,Comment.type AS type,Comment.pid AS pid,Comment.pidsub AS pidsub,Userinfo.face50 AS face50,Userinfo.user_id AS user_id,Userinfo.nickname AS nickname FROM sc_comment Comment  JOIN sc_userinfo Userinfo ON Comment.member_id=Userinfo.user_id WHERE Comment.article_id = '10' AND Comment.type = 2 AND Comment.pid > 0 AND Comment.pidsub = 0 ORDER BY Comment.time asc  [ RunTime:0.0004s ]
SQL: SELECT Comment.comment_id AS comment_id,Comment.content AS content,Comment.time AS time,Comment.member_id AS member_id,Comment.article_id AS article_id,Comment.type AS type,Comment.pid AS pid,Comment.pidsub AS pidsub,Userinfo.face50 AS face50,Userinfo.user_id AS user_id,Userinfo.nickname AS nickname FROM sc_comment Comment  JOIN sc_userinfo Userinfo ON Comment.member_id=Userinfo.user_id WHERE Comment.article_id = '10' AND Comment.type = 2 AND Comment.pid = 0 AND Comment.pidsub = 0 ORDER BY Comment.time desc  [ RunTime:0.0003s ]
SQL: SELECT COUNT(*) AS tp_count FROM sc_comment Comment  JOIN sc_userinfo Userinfo ON Comment.member_id=Userinfo.user_id WHERE Comment.article_id = '10' AND Comment.type = 2 AND Comment.pid = 0 AND Comment.pidsub = 0 LIMIT 1   [ RunTime:0.0002s ]
SQL: SHOW COLUMNS FROM `sc_userinfo` [ RunTime:0.0005s ]
SQL: SELECT * FROM `sc_userinfo` WHERE `user_id` = 49 LIMIT 1   [ RunTime:0.0002s ]
SQL: UPDATE sc_topic Topic  JOIN sc_userinfo Userinfo ON Topic.member_id=Userinfo.user_id SET `click`=click+1 WHERE Topic.topic_id = '10' [ RunTime:0.0003s ]
INFO: [ view_parse ] --START--
INFO: [ template_filter ] --START--
INFO: Run Behavior\ContentReplaceBehavior [ RunTime:0.000478s ]
INFO: [ template_filter ] --END-- [ RunTime:0.000576s ]
NOTIC: [2] Illegal string offset '' D:\wamp64\www\sucai\Application\Runtime\Cache\Home\b217f7dceaeee0f946ddbcf727b29e7e.php 第 100 行.
NOTIC: [8] Undefined variable: curr D:\wamp64\www\sucai\Application\Runtime\Cache\Home\b217f7dceaeee0f946ddbcf727b29e7e.php 第 148 行.
INFO: Run Behavior\ParseTemplateBehavior [ RunTime:0.021697s ]
INFO: [ view_parse ] --END-- [ RunTime:0.021855s ]
INFO: [ view_filter ] --START--
INFO: Run Behavior\WriteHtmlCacheBehavior [ RunTime:0.000423s ]
INFO: [ view_filter ] --END-- [ RunTime:0.000506s ]
INFO: [ app_end ] --START--
INFO: Run Behavior\ShowPageTraceBehavior [ RunTime:0.000768s ]
INFO: [ app_end ] --END-- [ RunTime:0.000915s ]

[ 2017-10-20T23:53:07+08:00 ] 127.0.0.1 /sucai/index.php/Home/Topicart/topicArt/topic_id/10
INFO: [ app_init ] --START--
INFO: Run Behavior\BuildLiteBehavior [ RunTime:0.000018s ]
INFO: [ app_init ] --END-- [ RunTime:0.000464s ]
INFO: [ app_begin ] --START--
INFO: Run Behavior\ReadHtmlCacheBehavior [ RunTime:0.000477s ]
INFO: [ app_begin ] --END-- [ RunTime:0.000602s ]
SQL: SHOW COLUMNS FROM `sc_cate` [ RunTime:0.0006s ]
SQL: SELECT * FROM `sc_cate` WHERE `cate_parentid` = 0 ORDER BY cate_sort asc  [ RunTime:0.0004s ]
SQL: SHOW COLUMNS FROM `sc_topic` [ RunTime:0.0005s ]
SQL: SHOW COLUMNS FROM `sc_userinfo` [ RunTime:0.0005s ]
SQL: SELECT Topic.topic_title AS topic_title,Topic.topic_id AS topic_id,Topic.content AS content,Topic.keywords AS keywords,Topic.release_time AS release_time,Topic.comment AS comment,Topic.collect AS collect,Topic.attachment AS attachment,Topic.click AS click,Topic.cate_id AS cate_id,Userinfo.face50 AS face50,Userinfo.nickname AS nickname FROM sc_topic Topic  JOIN sc_userinfo Userinfo ON Topic.member_id=Userinfo.user_id WHERE Topic.topic_id = '10' LIMIT 1   [ RunTime:0.0005s ]
SQL: SHOW COLUMNS FROM `sc_topic` [ RunTime:0.0004s ]
SQL: SELECT * FROM `sc_topic` WHERE `topic_id` > '10' AND `cate_id` = '17' ORDER BY topic_id asc LIMIT 1   [ RunTime:0.0005s ]
SQL: SELECT * FROM `sc_topic` WHERE `topic_id` < '10' AND `cate_id` = '17' ORDER BY topic_id desc LIMIT 1   [ RunTime:0.0005s ]
SQL: SHOW COLUMNS FROM `sc_collect` [ RunTime:0.0005s ]
SQL: SELECT * FROM `sc_collect` WHERE `member_id` = 49 AND `article_id` = 10 AND `collect_type` = 2 LIMIT 1   [ RunTime:0.0002s ]
SQL: SHOW COLUMNS FROM `sc_comment` [ RunTime:0.0006s ]
SQL: SELECT Comment.comment_id AS comment_id,Comment.content AS content,Comment.time AS time,Comment.member_id AS member_id,Comment.article_id AS article_id,Comment.type AS type,Comment.pid AS pid,Comment.pidsub AS pidsub,Userinfo.face50 AS face50,Userinfo.user_id AS user_id,Userinfo.nickname AS nickname FROM sc_comment Comment  JOIN sc_userinfo Userinfo ON Comment.member_id=Userinfo.user_id WHERE Comment.article_id = '10' AND Comment.type = 2 AND Comment.pid > 0 AND Comment.pidsub = 0 ORDER BY Comment.time asc  [ RunTime:0.0004s ]
SQL: SELECT Comment.comment_id AS comment_id,Comment.content AS content,Comment.time AS time,Comment.member_id AS member_id,Comment.article_id AS article_id,Comment.type AS type,Comment.pid AS pid,Comment.pidsub AS pidsub,Userinfo.face50 AS face50,Userinfo.user_id AS user_id,Userinfo.nickname AS nickname FROM sc_comment Comment  JOIN sc_userinfo Userinfo ON Comment.member_id=Userinfo.user_id WHERE Comment.article_id = '10' AND Comment.type = 2 AND Comment.pid = 0 AND Comment.pidsub = 0 ORDER BY Comment.time desc  [ RunTime:0.0003s ]
SQL: SELECT COUNT(*) AS tp_count FROM sc_comment Comment  JOIN sc_userinfo Userinfo ON Comment.member_id=Userinfo.user_id WHERE Comment.article_id = '10' AND Comment.type = 2 AND Comment.pid = 0 AND Comment.pidsub = 0 LIMIT 1   [ RunTime:0.0003s ]
SQL: SHOW COLUMNS FROM `sc_userinfo` [ RunTime:0.0005s ]
SQL: SELECT * FROM `sc_userinfo` WHERE `user_id` = 49 LIMIT 1   [ RunTime:0.0002s ]
SQL: UPDATE sc_topic Topic  JOIN sc_userinfo Userinfo ON Topic.member_id=Userinfo.user_id SET `click`=click+1 WHERE Topic.topic_id = '10' [ RunTime:0.0003s ]
INFO: [ view_parse ] --START--
INFO: [ template_filter ] --START--
INFO: Run Behavior\ContentReplaceBehavior [ RunTime:0.000461s ]
INFO: [ template_filter ] --END-- [ RunTime:0.000554s ]
NOTIC: [2] Illegal string offset '' D:\wamp64\www\sucai\Application\Runtime\Cache\Home\b217f7dceaeee0f946ddbcf727b29e7e.php 第 100 行.
NOTIC: [8] Undefined variable: curr D:\wamp64\www\sucai\Application\Runtime\Cache\Home\b217f7dceaeee0f946ddbcf727b29e7e.php 第 148 行.
INFO: Run Behavior\ParseTemplateBehavior [ RunTime:0.025162s ]
INFO: [ view_parse ] --END-- [ RunTime:0.025254s ]
INFO: [ view_filter ] --START--
INFO: Run Behavior\WriteHtmlCacheBehavior [ RunTime:0.000435s ]
INFO: [ view_filter ] --END-- [ RunTime:0.000517s ]
INFO: [ app_end ] --START--
INFO: Run Behavior\ShowPageTraceBehavior [ RunTime:0.000761s ]
INFO: [ app_end ] --END-- [ RunTime:0.000914s ]

[ 2017-10-20T23:53:31+08:00 ] 127.0.0.1 /sucai/index.php/Home/Topicart/topicArt/topic_id/10
INFO: [ app_init ] --START--
INFO: Run Behavior\BuildLiteBehavior [ RunTime:0.000020s ]
INFO: [ app_init ] --END-- [ RunTime:0.000431s ]
INFO: [ app_begin ] --START--
INFO: Run Behavior\ReadHtmlCacheBehavior [ RunTime:0.000475s ]
INFO: [ app_begin ] --END-- [ RunTime:0.000571s ]
SQL: SHOW COLUMNS FROM `sc_cate` [ RunTime:0.0006s ]
SQL: SELECT * FROM `sc_cate` WHERE `cate_parentid` = 0 ORDER BY cate_sort asc  [ RunTime:0.0005s ]
SQL: SHOW COLUMNS FROM `sc_topic` [ RunTime:0.0005s ]
SQL: SHOW COLUMNS FROM `sc_userinfo` [ RunTime:0.0005s ]
SQL: SELECT Topic.topic_title AS topic_title,Topic.topic_id AS topic_id,Topic.content AS content,Topic.keywords AS keywords,Topic.release_time AS release_time,Topic.comment AS comment,Topic.collect AS collect,Topic.attachment AS attachment,Topic.click AS click,Topic.cate_id AS cate_id,Userinfo.face50 AS face50,Userinfo.nickname AS nickname FROM sc_topic Topic  JOIN sc_userinfo Userinfo ON Topic.member_id=Userinfo.user_id WHERE Topic.topic_id = '10' LIMIT 1   [ RunTime:0.0004s ]
SQL: SHOW COLUMNS FROM `sc_topic` [ RunTime:0.0005s ]
SQL: SELECT * FROM `sc_topic` WHERE `topic_id` > '10' AND `cate_id` = '17' ORDER BY topic_id asc LIMIT 1   [ RunTime:0.0003s ]
SQL: SELECT * FROM `sc_topic` WHERE `topic_id` < '10' AND `cate_id` = '17' ORDER BY topic_id desc LIMIT 1   [ RunTime:0.0003s ]
SQL: SHOW COLUMNS FROM `sc_collect` [ RunTime:0.0004s ]
SQL: SELECT * FROM `sc_collect` WHERE `member_id` = 49 AND `article_id` = 10 AND `collect_type` = 2 LIMIT 1   [ RunTime:0.0003s ]
SQL: SHOW COLUMNS FROM `sc_comment` [ RunTime:0.0005s ]
SQL: SELECT Comment.comment_id AS comment_id,Comment.content AS content,Comment.time AS time,Comment.member_id AS member_id,Comment.article_id AS article_id,Comment.type AS type,Comment.pid AS pid,Comment.pidsub AS pidsub,Userinfo.face50 AS face50,Userinfo.user_id AS user_id,Userinfo.nickname AS nickname FROM sc_comment Comment  JOIN sc_userinfo Userinfo ON Comment.member_id=Userinfo.user_id WHERE Comment.article_id = '10' AND Comment.type = 2 AND Comment.pid > 0 AND Comment.pidsub = 0 ORDER BY Comment.time asc  [ RunTime:0.0004s ]
SQL: SELECT Comment.comment_id AS comment_id,Comment.content AS content,Comment.time AS time,Comment.member_id AS member_id,Comment.article_id AS article_id,Comment.type AS type,Comment.pid AS pid,Comment.pidsub AS pidsub,Userinfo.face50 AS face50,Userinfo.user_id AS user_id,Userinfo.nickname AS nickname FROM sc_comment Comment  JOIN sc_userinfo Userinfo ON Comment.member_id=Userinfo.user_id WHERE Comment.article_id = '10' AND Comment.type = 2 AND Comment.pid = 0 AND Comment.pidsub = 0 ORDER BY Comment.time desc  [ RunTime:0.0004s ]
SQL: SELECT COUNT(*) AS tp_count FROM sc_comment Comment  JOIN sc_userinfo Userinfo ON Comment.member_id=Userinfo.user_id WHERE Comment.article_id = '10' AND Comment.type = 2 AND Comment.pid = 0 AND Comment.pidsub = 0 LIMIT 1   [ RunTime:0.0003s ]
SQL: SHOW COLUMNS FROM `sc_userinfo` [ RunTime:0.0004s ]
SQL: SELECT * FROM `sc_userinfo` WHERE `user_id` = 49 LIMIT 1   [ RunTime:0.0002s ]
SQL: UPDATE sc_topic Topic  JOIN sc_userinfo Userinfo ON Topic.member_id=Userinfo.user_id SET `click`=click+1 WHERE Topic.topic_id = '10' [ RunTime:0.0003s ]
INFO: [ view_parse ] --START--
INFO: [ template_filter ] --START--
INFO: Run Behavior\ContentReplaceBehavior [ RunTime:0.000471s ]
INFO: [ template_filter ] --END-- [ RunTime:0.000562s ]
NOTIC: [2] Illegal string offset '' D:\wamp64\www\sucai\Application\Runtime\Cache\Home\b217f7dceaeee0f946ddbcf727b29e7e.php 第 100 行.
NOTIC: [8] Undefined variable: curr D:\wamp64\www\sucai\Application\Runtime\Cache\Home\b217f7dceaeee0f946ddbcf727b29e7e.php 第 148 行.
INFO: Run Behavior\ParseTemplateBehavior [ RunTime:0.022359s ]
INFO: [ view_parse ] --END-- [ RunTime:0.022473s ]
INFO: [ view_filter ] --START--
INFO: Run Behavior\WriteHtmlCacheBehavior [ RunTime:0.000433s ]
INFO: [ view_filter ] --END-- [ RunTime:0.000517s ]
INFO: [ app_end ] --START--
INFO: Run Behavior\ShowPageTraceBehavior [ RunTime:0.000789s ]
INFO: [ app_end ] --END-- [ RunTime:0.000961s ]

[ 2017-10-20T23:53:45+08:00 ] 127.0.0.1 /sucai/index.php/Home/Topicart/topicArt/topic_id/10
INFO: [ app_init ] --START--
INFO: Run Behavior\BuildLiteBehavior [ RunTime:0.000021s ]
INFO: [ app_init ] --END-- [ RunTime:0.000416s ]
INFO: [ app_begin ] --START--
INFO: Run Behavior\ReadHtmlCacheBehavior [ RunTime:0.000513s ]
INFO: [ app_begin ] --END-- [ RunTime:0.000613s ]
SQL: SHOW COLUMNS FROM `sc_cate` [ RunTime:0.0005s ]
SQL: SELECT * FROM `sc_cate` WHERE `cate_parentid` = 0 ORDER BY cate_sort asc  [ RunTime:0.0003s ]
SQL: SHOW COLUMNS FROM `sc_topic` [ RunTime:0.0006s ]
SQL: SHOW COLUMNS FROM `sc_userinfo` [ RunTime:0.0005s ]
SQL: SELECT Topic.topic_title AS topic_title,Topic.topic_id AS topic_id,Topic.content AS content,Topic.keywords AS keywords,Topic.release_time AS release_time,Topic.comment AS comment,Topic.collect AS collect,Topic.attachment AS attachment,Topic.click AS click,Topic.cate_id AS cate_id,Userinfo.face50 AS face50,Userinfo.nickname AS nickname FROM sc_topic Topic  JOIN sc_userinfo Userinfo ON Topic.member_id=Userinfo.user_id WHERE Topic.topic_id = '10' LIMIT 1   [ RunTime:0.0003s ]
SQL: SHOW COLUMNS FROM `sc_topic` [ RunTime:0.0004s ]
SQL: SELECT * FROM `sc_topic` WHERE `topic_id` > '10' AND `cate_id` = '17' ORDER BY topic_id asc LIMIT 1   [ RunTime:0.0003s ]
SQL: SELECT * FROM `sc_topic` WHERE `topic_id` < '10' AND `cate_id` = '17' ORDER BY topic_id desc LIMIT 1   [ RunTime:0.0002s ]
SQL: SHOW COLUMNS FROM `sc_collect` [ RunTime:0.0004s ]
SQL: SELECT * FROM `sc_collect` WHERE `member_id` = 49 AND `article_id` = 10 AND `collect_type` = 2 LIMIT 1   [ RunTime:0.0003s ]
SQL: SHOW COLUMNS FROM `sc_comment` [ RunTime:0.0005s ]
SQL: SELECT Comment.comment_id AS comment_id,Comment.content AS content,Comment.time AS time,Comment.member_id AS member_id,Comment.article_id AS article_id,Comment.type AS type,Comment.pid AS pid,Comment.pidsub AS pidsub,Userinfo.face50 AS face50,Userinfo.user_id AS user_id,Userinfo.nickname AS nickname FROM sc_comment Comment  JOIN sc_userinfo Userinfo ON Comment.member_id=Userinfo.user_id WHERE Comment.article_id = '10' AND Comment.type = 2 AND Comment.pid > 0 AND Comment.pidsub = 0 ORDER BY Comment.time asc  [ RunTime:0.0004s ]
SQL: SELECT Comment.comment_id AS comment_id,Comment.content AS content,Comment.time AS time,Comment.member_id AS member_id,Comment.article_id AS article_id,Comment.type AS type,Comment.pid AS pid,Comment.pidsub AS pidsub,Userinfo.face50 AS face50,Userinfo.user_id AS user_id,Userinfo.nickname AS nickname FROM sc_comment Comment  JOIN sc_userinfo Userinfo ON Comment.member_id=Userinfo.user_id WHERE Comment.article_id = '10' AND Comment.type = 2 AND Comment.pid = 0 AND Comment.pidsub = 0 ORDER BY Comment.time desc  [ RunTime:0.0003s ]
SQL: SELECT COUNT(*) AS tp_count FROM sc_comment Comment  JOIN sc_userinfo Userinfo ON Comment.member_id=Userinfo.user_id WHERE Comment.article_id = '10' AND Comment.type = 2 AND Comment.pid = 0 AND Comment.pidsub = 0 LIMIT 1   [ RunTime:0.0004s ]
SQL: SHOW COLUMNS FROM `sc_userinfo` [ RunTime:0.0007s ]
SQL: SELECT * FROM `sc_userinfo` WHERE `user_id` = 49 LIMIT 1   [ RunTime:0.0003s ]
SQL: UPDATE sc_topic Topic  JOIN sc_userinfo Userinfo ON Topic.member_id=Userinfo.user_id SET `click`=click+1 WHERE Topic.topic_id = '10' [ RunTime:0.0003s ]
INFO: [ view_parse ] --START--
INFO: [ template_filter ] --START--
INFO: Run Behavior\ContentReplaceBehavior [ RunTime:0.000475s ]
INFO: [ template_filter ] --END-- [ RunTime:0.000574s ]
NOTIC: [2] Illegal string offset '' D:\wamp64\www\sucai\Application\Runtime\Cache\Home\b217f7dceaeee0f946ddbcf727b29e7e.php 第 100 行.
NOTIC: [8] Undefined variable: curr D:\wamp64\www\sucai\Application\Runtime\Cache\Home\b217f7dceaeee0f946ddbcf727b29e7e.php 第 148 行.
INFO: Run Behavior\ParseTemplateBehavior [ RunTime:0.021761s ]
INFO: [ view_parse ] --END-- [ RunTime:0.021866s ]
INFO: [ view_filter ] --START--
INFO: Run Behavior\WriteHtmlCacheBehavior [ RunTime:0.000367s ]
INFO: [ view_filter ] --END-- [ RunTime:0.000492s ]
INFO: [ app_end ] --START--
INFO: Run Behavior\ShowPageTraceBehavior [ RunTime:0.000733s ]
INFO: [ app_end ] --END-- [ RunTime:0.000880s ]

[ 2017-10-20T23:54:03+08:00 ] 127.0.0.1 /sucai/index.php/Home/Topicart/topicArt/topic_id/10
INFO: [ app_init ] --START--
INFO: Run Behavior\BuildLiteBehavior [ RunTime:0.000020s ]
INFO: [ app_init ] --END-- [ RunTime:0.000392s ]
INFO: [ app_begin ] --START--
INFO: Run Behavior\ReadHtmlCacheBehavior [ RunTime:0.000554s ]
INFO: [ app_begin ] --END-- [ RunTime:0.000687s ]
SQL: SHOW COLUMNS FROM `sc_cate` [ RunTime:0.0005s ]
SQL: SELECT * FROM `sc_cate` WHERE `cate_parentid` = 0 ORDER BY cate_sort asc  [ RunTime:0.0003s ]
SQL: SHOW COLUMNS FROM `sc_topic` [ RunTime:0.0005s ]
SQL: SHOW COLUMNS FROM `sc_userinfo` [ RunTime:0.0005s ]
SQL: SELECT Topic.topic_title AS topic_title,Topic.topic_id AS topic_id,Topic.content AS content,Topic.keywords AS keywords,Topic.release_time AS release_time,Topic.comment AS comment,Topic.collect AS collect,Topic.attachment AS attachment,Topic.click AS click,Topic.cate_id AS cate_id,Userinfo.face50 AS face50,Userinfo.nickname AS nickname FROM sc_topic Topic  JOIN sc_userinfo Userinfo ON Topic.member_id=Userinfo.user_id WHERE Topic.topic_id = '10' LIMIT 1   [ RunTime:0.0013s ]
SQL: SHOW COLUMNS FROM `sc_topic` [ RunTime:0.0005s ]
SQL: SELECT * FROM `sc_topic` WHERE `topic_id` > '10' AND `cate_id` = '17' ORDER BY topic_id asc LIMIT 1   [ RunTime:0.0003s ]
SQL: SELECT * FROM `sc_topic` WHERE `topic_id` < '10' AND `cate_id` = '17' ORDER BY topic_id desc LIMIT 1   [ RunTime:0.0003s ]
SQL: SHOW COLUMNS FROM `sc_collect` [ RunTime:0.0004s ]
SQL: SELECT * FROM `sc_collect` WHERE `member_id` = 49 AND `article_id` = 10 AND `collect_type` = 2 LIMIT 1   [ RunTime:0.0003s ]
SQL: SHOW COLUMNS FROM `sc_comment` [ RunTime:0.0004s ]
SQL: SELECT Comment.comment_id AS comment_id,Comment.content AS content,Comment.time AS time,Comment.member_id AS member_id,Comment.article_id AS article_id,Comment.type AS type,Comment.pid AS pid,Comment.pidsub AS pidsub,Userinfo.face50 AS face50,Userinfo.user_id AS user_id,Userinfo.nickname AS nickname FROM sc_comment Comment  JOIN sc_userinfo Userinfo ON Comment.member_id=Userinfo.user_id WHERE Comment.article_id = '10' AND Comment.type = 2 AND Comment.pid > 0 AND Comment.pidsub = 0 ORDER BY Comment.time asc  [ RunTime:0.0004s ]
SQL: SELECT Comment.comment_id AS comment_id,Comment.content AS content,Comment.time AS time,Comment.member_id AS member_id,Comment.article_id AS article_id,Comment.type AS type,Comment.pid AS pid,Comment.pidsub AS pidsub,Userinfo.face50 AS face50,Userinfo.user_id AS user_id,Userinfo.nickname AS nickname FROM sc_comment Comment  JOIN sc_userinfo Userinfo ON Comment.member_id=Userinfo.user_id WHERE Comment.article_id = '10' AND Comment.type = 2 AND Comment.pid = 0 AND Comment.pidsub = 0 ORDER BY Comment.time desc  [ RunTime:0.0004s ]
SQL: SELECT COUNT(*) AS tp_count FROM sc_comment Comment  JOIN sc_userinfo Userinfo ON Comment.member_id=Userinfo.user_id WHERE Comment.article_id = '10' AND Comment.type = 2 AND Comment.pid = 0 AND Comment.pidsub = 0 LIMIT 1   [ RunTime:0.0003s ]
SQL: SHOW COLUMNS FROM `sc_userinfo` [ RunTime:0.0005s ]
SQL: SELECT * FROM `sc_userinfo` WHERE `user_id` = 49 LIMIT 1   [ RunTime:0.0003s ]
SQL: UPDATE sc_topic Topic  JOIN sc_userinfo Userinfo ON Topic.member_id=Userinfo.user_id SET `click`=click+1 WHERE Topic.topic_id = '10' [ RunTime:0.0003s ]
INFO: [ view_parse ] --START--
INFO: [ template_filter ] --START--
INFO: Run Behavior\ContentReplaceBehavior [ RunTime:0.000495s ]
INFO: [ template_filter ] --END-- [ RunTime:0.000594s ]
NOTIC: [2] Illegal string offset '' D:\wamp64\www\sucai\Application\Runtime\Cache\Home\b217f7dceaeee0f946ddbcf727b29e7e.php 第 100 行.
NOTIC: [8] Undefined variable: curr D:\wamp64\www\sucai\Application\Runtime\Cache\Home\b217f7dceaeee0f946ddbcf727b29e7e.php 第 148 行.
INFO: Run Behavior\ParseTemplateBehavior [ RunTime:0.024180s ]
INFO: [ view_parse ] --END-- [ RunTime:0.024292s ]
INFO: [ view_filter ] --START--
INFO: Run Behavior\WriteHtmlCacheBehavior [ RunTime:0.000354s ]
INFO: [ view_filter ] --END-- [ RunTime:0.000439s ]
INFO: [ app_end ] --START--
INFO: Run Behavior\ShowPageTraceBehavior [ RunTime:0.000626s ]
INFO: [ app_end ] --END-- [ RunTime:0.000778s ]

[ 2017-10-20T23:54:12+08:00 ] 127.0.0.1 /sucai/index.php/Home/Topicart/topicArt/topic_id/10
INFO: [ app_init ] --START--
INFO: Run Behavior\BuildLiteBehavior [ RunTime:0.000021s ]
INFO: [ app_init ] --END-- [ RunTime:0.000495s ]
INFO: [ app_begin ] --START--
INFO: Run Behavior\ReadHtmlCacheBehavior [ RunTime:0.000416s ]
INFO: [ app_begin ] --END-- [ RunTime:0.000514s ]
SQL: SHOW COLUMNS FROM `sc_cate` [ RunTime:0.0006s ]
SQL: SELECT * FROM `sc_cate` WHERE `cate_parentid` = 0 ORDER BY cate_sort asc  [ RunTime:0.0003s ]
SQL: SHOW COLUMNS FROM `sc_topic` [ RunTime:0.0006s ]
SQL: SHOW COLUMNS FROM `sc_userinfo` [ RunTime:0.0005s ]
SQL: SELECT Topic.topic_title AS topic_title,Topic.topic_id AS topic_id,Topic.content AS content,Topic.keywords AS keywords,Topic.release_time AS release_time,Topic.comment AS comment,Topic.collect AS collect,Topic.attachment AS attachment,Topic.click AS click,Topic.cate_id AS cate_id,Userinfo.face50 AS face50,Userinfo.nickname AS nickname FROM sc_topic Topic  JOIN sc_userinfo Userinfo ON Topic.member_id=Userinfo.user_id WHERE Topic.topic_id = '10' LIMIT 1   [ RunTime:0.0013s ]
SQL: SHOW COLUMNS FROM `sc_topic` [ RunTime:0.0006s ]
SQL: SELECT * FROM `sc_topic` WHERE `topic_id` > '10' AND `cate_id` = '17' ORDER BY topic_id asc LIMIT 1   [ RunTime:0.0005s ]
SQL: SELECT * FROM `sc_topic` WHERE `topic_id` < '10' AND `cate_id` = '17' ORDER BY topic_id desc LIMIT 1   [ RunTime:0.0003s ]
SQL: SHOW COLUMNS FROM `sc_collect` [ RunTime:0.0004s ]
SQL: SELECT * FROM `sc_collect` WHERE `member_id` = 49 AND `article_id` = 10 AND `collect_type` = 2 LIMIT 1   [ RunTime:0.0002s ]
SQL: SHOW COLUMNS FROM `sc_comment` [ RunTime:0.0004s ]
SQL: SELECT Comment.comment_id AS comment_id,Comment.content AS content,Comment.time AS time,Comment.member_id AS member_id,Comment.article_id AS article_id,Comment.type AS type,Comment.pid AS pid,Comment.pidsub AS pidsub,Userinfo.face50 AS face50,Userinfo.user_id AS user_id,Userinfo.nickname AS nickname FROM sc_comment Comment  JOIN sc_userinfo Userinfo ON Comment.member_id=Userinfo.user_id WHERE Comment.article_id = '10' AND Comment.type = 2 AND Comment.pid > 0 AND Comment.pidsub = 0 ORDER BY Comment.time asc  [ RunTime:0.0004s ]
SQL: SELECT Comment.comment_id AS comment_id,Comment.content AS content,Comment.time AS time,Comment.member_id AS member_id,Comment.article_id AS article_id,Comment.type AS type,Comment.pid AS pid,Comment.pidsub AS pidsub,Userinfo.face50 AS face50,Userinfo.user_id AS user_id,Userinfo.nickname AS nickname FROM sc_comment Comment  JOIN sc_userinfo Userinfo ON Comment.member_id=Userinfo.user_id WHERE Comment.article_id = '10' AND Comment.type = 2 AND Comment.pid = 0 AND Comment.pidsub = 0 ORDER BY Comment.time desc  [ RunTime:0.0003s ]
SQL: SELECT COUNT(*) AS tp_count FROM sc_comment Comment  JOIN sc_userinfo Userinfo ON Comment.member_id=Userinfo.user_id WHERE Comment.article_id = '10' AND Comment.type = 2 AND Comment.pid = 0 AND Comment.pidsub = 0 LIMIT 1   [ RunTime:0.0003s ]
SQL: SHOW COLUMNS FROM `sc_userinfo` [ RunTime:0.0005s ]
SQL: SELECT * FROM `sc_userinfo` WHERE `user_id` = 49 LIMIT 1   [ RunTime:0.0002s ]
SQL: UPDATE sc_topic Topic  JOIN sc_userinfo Userinfo ON Topic.member_id=Userinfo.user_id SET `click`=click+1 WHERE Topic.topic_id = '10' [ RunTime:0.0003s ]
INFO: [ view_parse ] --START--
INFO: [ template_filter ] --START--
INFO: Run Behavior\ContentReplaceBehavior [ RunTime:0.000505s ]
INFO: [ template_filter ] --END-- [ RunTime:0.000608s ]
NOTIC: [2] Illegal string offset '' D:\wamp64\www\sucai\Application\Runtime\Cache\Home\b217f7dceaeee0f946ddbcf727b29e7e.php 第 100 行.
NOTIC: [8] Undefined variable: curr D:\wamp64\www\sucai\Application\Runtime\Cache\Home\b217f7dceaeee0f946ddbcf727b29e7e.php 第 148 行.
INFO: Run Behavior\ParseTemplateBehavior [ RunTime:0.022157s ]
INFO: [ view_parse ] --END-- [ RunTime:0.022262s ]
INFO: [ view_filter ] --START--
INFO: Run Behavior\WriteHtmlCacheBehavior [ RunTime:0.000500s ]
INFO: [ view_filter ] --END-- [ RunTime:0.000589s ]
INFO: [ app_end ] --START--
INFO: Run Behavior\ShowPageTraceBehavior [ RunTime:0.000573s ]
INFO: [ app_end ] --END-- [ RunTime:0.000674s ]

