[ 2018-05-17T10:10:53+08:00 ] ::1 /sz/
INFO: [ app_init ] --START--
INFO: Run Behavior\BuildLiteBehavior [ RunTime:0.000014s ]
INFO: [ app_init ] --END-- [ RunTime:0.000439s ]
INFO: [ app_begin ] --START--
INFO: Run Behavior\ReadHtmlCacheBehavior [ RunTime:0.000535s ]
INFO: [ app_begin ] --END-- [ RunTime:0.000589s ]
SQL: SHOW COLUMNS FROM `sc_cate` [ RunTime:0.0008s ]
SQL: SELECT * FROM `sc_cate` WHERE `cate_parentid` = 0 ORDER BY cate_sort asc  [ RunTime:0.0003s ]
SQL: SELECT `cate_id`,`cate_parentid` FROM `sc_cate` WHERE `cate_id` = 0 LIMIT 1   [ RunTime:0.0002s ]
INFO: [ view_parse ] --START--
INFO: [ template_filter ] --START--
INFO: Run Behavior\ContentReplaceBehavior [ RunTime:0.000745s ]
INFO: [ template_filter ] --END-- [ RunTime:0.000803s ]
NOTIC: [8] Undefined index: user_id D:\wamp64\www\sz\Application\Runtime\Cache\Home\5f5878b563bbd0551b6c84d71156b7e9.php 第 29 行.
INFO: Run Behavior\ParseTemplateBehavior [ RunTime:0.014759s ]
INFO: [ view_parse ] --END-- [ RunTime:0.014813s ]
INFO: [ view_filter ] --START--
INFO: Run Behavior\WriteHtmlCacheBehavior [ RunTime:0.000524s ]
INFO: [ view_filter ] --END-- [ RunTime:0.000573s ]
INFO: [ app_end ] --START--
INFO: Run Behavior\ShowPageTraceBehavior [ RunTime:0.000585s ]
INFO: [ app_end ] --END-- [ RunTime:0.000638s ]

[ 2018-05-17T10:11:23+08:00 ] ::1 /sz/index.php/Home/Lst/index/cate_id/1
INFO: [ app_init ] --START--
INFO: Run Behavior\BuildLiteBehavior [ RunTime:0.000021s ]
INFO: [ app_init ] --END-- [ RunTime:0.000460s ]
INFO: [ app_begin ] --START--
INFO: Run Behavior\ReadHtmlCacheBehavior [ RunTime:0.000521s ]
INFO: [ app_begin ] --END-- [ RunTime:0.000596s ]
SQL: SHOW COLUMNS FROM `sc_cate` [ RunTime:0.0007s ]
SQL: SELECT * FROM `sc_cate` WHERE `cate_parentid` = 0 ORDER BY cate_sort asc  [ RunTime:0.0004s ]
SQL: SELECT `cate_id`,`cate_parentid` FROM `sc_cate` WHERE `cate_id` = 1 LIMIT 1   [ RunTime:0.0002s ]
SQL: SHOW COLUMNS FROM `sc_article` [ RunTime:0.0376s ]
SQL: SELECT `cate_name` FROM `sc_cate` WHERE `cate_id` = 1 LIMIT 1   [ RunTime:0.0003s ]
SQL: SELECT COUNT(*) AS tp_count FROM `sc_article` WHERE `cate_id` = 1 LIMIT 1   [ RunTime:0.0002s ]
SQL: SELECT * FROM `sc_article` WHERE `cate_id` = 1 ORDER BY article_time desc LIMIT 0,2   [ RunTime:0.0003s ]
INFO: [ view_parse ] --START--
INFO: [ template_filter ] --START--
INFO: Run Behavior\ContentReplaceBehavior [ RunTime:0.000264s ]
INFO: [ template_filter ] --END-- [ RunTime:0.000321s ]
NOTIC: [8] Undefined index: user_id D:\wamp64\www\sz\Application\Runtime\Cache\Home\cb81eedfa59617cee80c720e6614fcd4.php 第 28 行.
NOTIC: [8] Undefined variable: curr D:\wamp64\www\sz\Application\Runtime\Cache\Home\cb81eedfa59617cee80c720e6614fcd4.php 第 146 行.
NOTIC: [8] Undefined index:  download D:\wamp64\www\sz\Application\Runtime\Cache\Home\cb81eedfa59617cee80c720e6614fcd4.php 第 334 行.
NOTIC: [8] Undefined index:  download D:\wamp64\www\sz\Application\Runtime\Cache\Home\cb81eedfa59617cee80c720e6614fcd4.php 第 334 行.
INFO: Run Behavior\ParseTemplateBehavior [ RunTime:0.011659s ]
INFO: [ view_parse ] --END-- [ RunTime:0.011710s ]
INFO: [ view_filter ] --START--
INFO: Run Behavior\WriteHtmlCacheBehavior [ RunTime:0.000500s ]
INFO: [ view_filter ] --END-- [ RunTime:0.000574s ]
INFO: [ app_end ] --START--
INFO: Run Behavior\ShowPageTraceBehavior [ RunTime:0.000794s ]
INFO: [ app_end ] --END-- [ RunTime:0.000871s ]

[ 2018-05-17T10:11:25+08:00 ] ::1 /sz/index.php/Home/Lst/index/cate_id/2
INFO: [ app_init ] --START--
INFO: Run Behavior\BuildLiteBehavior [ RunTime:0.000070s ]
INFO: [ app_init ] --END-- [ RunTime:0.000779s ]
INFO: [ app_begin ] --START--
INFO: Run Behavior\ReadHtmlCacheBehavior [ RunTime:0.000581s ]
INFO: [ app_begin ] --END-- [ RunTime:0.000648s ]
SQL: SHOW COLUMNS FROM `sc_cate` [ RunTime:0.0008s ]
SQL: SELECT * FROM `sc_cate` WHERE `cate_parentid` = 0 ORDER BY cate_sort asc  [ RunTime:0.0003s ]
SQL: SELECT `cate_id`,`cate_parentid` FROM `sc_cate` WHERE `cate_id` = 2 LIMIT 1   [ RunTime:0.0002s ]
SQL: SHOW COLUMNS FROM `sc_article` [ RunTime:0.0008s ]
SQL: SELECT `cate_name` FROM `sc_cate` WHERE `cate_id` = 2 LIMIT 1   [ RunTime:0.0002s ]
SQL: SELECT COUNT(*) AS tp_count FROM `sc_article` WHERE `cate_id` = 2 LIMIT 1   [ RunTime:0.0008s ]
SQL: SELECT * FROM `sc_article` WHERE `cate_id` = 2 ORDER BY article_time desc LIMIT 0,2   [ RunTime:0.0004s ]
INFO: [ view_parse ] --START--
INFO: [ template_filter ] --START--
INFO: Run Behavior\ContentReplaceBehavior [ RunTime:0.000255s ]
INFO: [ template_filter ] --END-- [ RunTime:0.000310s ]
NOTIC: [8] Undefined index: user_id D:\wamp64\www\sz\Application\Runtime\Cache\Home\cb81eedfa59617cee80c720e6614fcd4.php 第 28 行.
NOTIC: [8] Undefined variable: curr D:\wamp64\www\sz\Application\Runtime\Cache\Home\cb81eedfa59617cee80c720e6614fcd4.php 第 146 行.
NOTIC: [8] Undefined index:  download D:\wamp64\www\sz\Application\Runtime\Cache\Home\cb81eedfa59617cee80c720e6614fcd4.php 第 334 行.
INFO: Run Behavior\ParseTemplateBehavior [ RunTime:0.014594s ]
INFO: [ view_parse ] --END-- [ RunTime:0.014663s ]
INFO: [ view_filter ] --START--
INFO: Run Behavior\WriteHtmlCacheBehavior [ RunTime:0.000694s ]
INFO: [ view_filter ] --END-- [ RunTime:0.000782s ]
INFO: [ app_end ] --START--
INFO: Run Behavior\ShowPageTraceBehavior [ RunTime:0.000835s ]
INFO: [ app_end ] --END-- [ RunTime:0.000928s ]

[ 2018-05-17T10:11:25+08:00 ] ::1 /sz/index.php/Home/Lst/index/cate_id/3
INFO: [ app_init ] --START--
INFO: Run Behavior\BuildLiteBehavior [ RunTime:0.000015s ]
INFO: [ app_init ] --END-- [ RunTime:0.000374s ]
INFO: [ app_begin ] --START--
INFO: Run Behavior\ReadHtmlCacheBehavior [ RunTime:0.000513s ]
INFO: [ app_begin ] --END-- [ RunTime:0.000575s ]
SQL: SHOW COLUMNS FROM `sc_cate` [ RunTime:0.0008s ]
SQL: SELECT * FROM `sc_cate` WHERE `cate_parentid` = 0 ORDER BY cate_sort asc  [ RunTime:0.0015s ]
SQL: SELECT `cate_id`,`cate_parentid` FROM `sc_cate` WHERE `cate_id` = 3 LIMIT 1   [ RunTime:0.0012s ]
SQL: SHOW COLUMNS FROM `sc_article` [ RunTime:0.0011s ]
SQL: SELECT `cate_name` FROM `sc_cate` WHERE `cate_id` = 3 LIMIT 1   [ RunTime:0.0003s ]
SQL: SELECT COUNT(*) AS tp_count FROM `sc_article` WHERE `cate_id` = 3 LIMIT 1   [ RunTime:0.0003s ]
SQL: SELECT * FROM `sc_article` WHERE `cate_id` = 3 ORDER BY article_time desc LIMIT 0,2   [ RunTime:0.0003s ]
INFO: [ view_parse ] --START--
INFO: [ template_filter ] --START--
INFO: Run Behavior\ContentReplaceBehavior [ RunTime:0.000260s ]
INFO: [ template_filter ] --END-- [ RunTime:0.000315s ]
NOTIC: [8] Undefined index: user_id D:\wamp64\www\sz\Application\Runtime\Cache\Home\cb81eedfa59617cee80c720e6614fcd4.php 第 28 行.
NOTIC: [8] Undefined variable: curr D:\wamp64\www\sz\Application\Runtime\Cache\Home\cb81eedfa59617cee80c720e6614fcd4.php 第 146 行.
INFO: Run Behavior\ParseTemplateBehavior [ RunTime:0.014357s ]
INFO: [ view_parse ] --END-- [ RunTime:0.014416s ]
INFO: [ view_filter ] --START--
INFO: Run Behavior\WriteHtmlCacheBehavior [ RunTime:0.000611s ]
INFO: [ view_filter ] --END-- [ RunTime:0.000665s ]
INFO: [ app_end ] --START--
INFO: Run Behavior\ShowPageTraceBehavior [ RunTime:0.000618s ]
INFO: [ app_end ] --END-- [ RunTime:0.000681s ]

[ 2018-05-17T10:11:26+08:00 ] ::1 /sz/index.php/Home/Lst/index/cate_id/10
INFO: [ app_init ] --START--
INFO: Run Behavior\BuildLiteBehavior [ RunTime:0.000015s ]
INFO: [ app_init ] --END-- [ RunTime:0.000445s ]
INFO: [ app_begin ] --START--
INFO: Run Behavior\ReadHtmlCacheBehavior [ RunTime:0.000460s ]
INFO: [ app_begin ] --END-- [ RunTime:0.000518s ]
SQL: SHOW COLUMNS FROM `sc_cate` [ RunTime:0.0005s ]
SQL: SELECT * FROM `sc_cate` WHERE `cate_parentid` = 0 ORDER BY cate_sort asc  [ RunTime:0.0004s ]
SQL: SELECT `cate_id`,`cate_parentid` FROM `sc_cate` WHERE `cate_id` = 10 LIMIT 1   [ RunTime:0.0002s ]
SQL: SHOW COLUMNS FROM `sc_article` [ RunTime:0.0015s ]
SQL: SELECT `cate_name` FROM `sc_cate` WHERE `cate_id` = 10 LIMIT 1   [ RunTime:0.0003s ]
SQL: SELECT COUNT(*) AS tp_count FROM `sc_article` WHERE `cate_id` = 10 LIMIT 1   [ RunTime:0.0004s ]
SQL: SELECT * FROM `sc_article` WHERE `cate_id` = 10 ORDER BY article_time desc LIMIT 0,2   [ RunTime:0.0004s ]
INFO: [ view_parse ] --START--
INFO: [ template_filter ] --START--
INFO: Run Behavior\ContentReplaceBehavior [ RunTime:0.000264s ]
INFO: [ template_filter ] --END-- [ RunTime:0.000320s ]
NOTIC: [8] Undefined index: user_id D:\wamp64\www\sz\Application\Runtime\Cache\Home\cb81eedfa59617cee80c720e6614fcd4.php 第 28 行.
NOTIC: [8] Undefined variable: curr D:\wamp64\www\sz\Application\Runtime\Cache\Home\cb81eedfa59617cee80c720e6614fcd4.php 第 146 行.
INFO: Run Behavior\ParseTemplateBehavior [ RunTime:0.009073s ]
INFO: [ view_parse ] --END-- [ RunTime:0.009132s ]
INFO: [ view_filter ] --START--
INFO: Run Behavior\WriteHtmlCacheBehavior [ RunTime:0.000480s ]
INFO: [ view_filter ] --END-- [ RunTime:0.000533s ]
INFO: [ app_end ] --START--
INFO: Run Behavior\ShowPageTraceBehavior [ RunTime:0.000593s ]
INFO: [ app_end ] --END-- [ RunTime:0.000658s ]

[ 2018-05-17T16:11:03+08:00 ] ::1 /sz/index.php/
INFO: [ app_init ] --START--
INFO: Run Behavior\BuildLiteBehavior [ RunTime:0.000013s ]
INFO: [ app_init ] --END-- [ RunTime:0.000323s ]
INFO: [ app_begin ] --START--
INFO: Run Behavior\ReadHtmlCacheBehavior [ RunTime:0.000401s ]
INFO: [ app_begin ] --END-- [ RunTime:0.000460s ]
SQL: SHOW COLUMNS FROM `sc_cate` [ RunTime:0.0015s ]
SQL: SELECT * FROM `sc_cate` WHERE `cate_parentid` = 0 ORDER BY cate_sort asc  [ RunTime:0.0005s ]
SQL: SELECT `cate_id`,`cate_parentid` FROM `sc_cate` WHERE `cate_id` = 0 LIMIT 1   [ RunTime:0.0003s ]
INFO: [ view_parse ] --START--
INFO: [ template_filter ] --START--
INFO: Run Behavior\ContentReplaceBehavior [ RunTime:0.000751s ]
INFO: [ template_filter ] --END-- [ RunTime:0.000812s ]
NOTIC: [8] Undefined index: user_id D:\wamp64\www\sz\Application\Runtime\Cache\Home\5f5878b563bbd0551b6c84d71156b7e9.php 第 29 行.
INFO: Run Behavior\ParseTemplateBehavior [ RunTime:0.021217s ]
INFO: [ view_parse ] --END-- [ RunTime:0.021288s ]
INFO: [ view_filter ] --START--
INFO: Run Behavior\WriteHtmlCacheBehavior [ RunTime:0.000309s ]
INFO: [ view_filter ] --END-- [ RunTime:0.000356s ]
INFO: [ app_end ] --START--
INFO: Run Behavior\ShowPageTraceBehavior [ RunTime:0.000447s ]
INFO: [ app_end ] --END-- [ RunTime:0.000505s ]

[ 2018-05-17T20:21:56+08:00 ] ::1 /sz/index.php/
INFO: [ app_init ] --START--
INFO: Run Behavior\BuildLiteBehavior [ RunTime:0.000021s ]
INFO: [ app_init ] --END-- [ RunTime:0.000537s ]
INFO: [ app_begin ] --START--
INFO: Run Behavior\ReadHtmlCacheBehavior [ RunTime:0.002956s ]
INFO: [ app_begin ] --END-- [ RunTime:0.003214s ]
SQL: SHOW COLUMNS FROM `sc_cate` [ RunTime:0.0011s ]
SQL: SELECT * FROM `sc_cate` WHERE `cate_parentid` = 0 ORDER BY cate_sort asc  [ RunTime:0.0012s ]
SQL: SELECT `cate_id`,`cate_parentid` FROM `sc_cate` WHERE `cate_id` = 0 LIMIT 1   [ RunTime:0.0003s ]
INFO: [ view_parse ] --START--
INFO: [ template_filter ] --START--
INFO: Run Behavior\ContentReplaceBehavior [ RunTime:0.000755s ]
INFO: [ template_filter ] --END-- [ RunTime:0.000815s ]
NOTIC: [8] Undefined index: user_id D:\wamp64\www\sz\Application\Runtime\Cache\Home\5f5878b563bbd0551b6c84d71156b7e9.php 第 29 行.
INFO: Run Behavior\ParseTemplateBehavior [ RunTime:0.016812s ]
INFO: [ view_parse ] --END-- [ RunTime:0.016896s ]
INFO: [ view_filter ] --START--
INFO: Run Behavior\WriteHtmlCacheBehavior [ RunTime:0.000678s ]
INFO: [ view_filter ] --END-- [ RunTime:0.000778s ]
INFO: [ app_end ] --START--
INFO: Run Behavior\ShowPageTraceBehavior [ RunTime:0.000892s ]
INFO: [ app_end ] --END-- [ RunTime:0.000997s ]

[ 2018-05-17T20:22:01+08:00 ] ::1 /sz/index.php/Home/Lst/index/cate_id/1
INFO: [ app_init ] --START--
INFO: Run Behavior\BuildLiteBehavior [ RunTime:0.000017s ]
INFO: [ app_init ] --END-- [ RunTime:0.000610s ]
INFO: [ app_begin ] --START--
INFO: Run Behavior\ReadHtmlCacheBehavior [ RunTime:0.002088s ]
INFO: [ app_begin ] --END-- [ RunTime:0.002196s ]
SQL: SHOW COLUMNS FROM `sc_cate` [ RunTime:0.0032s ]
SQL: SELECT * FROM `sc_cate` WHERE `cate_parentid` = 0 ORDER BY cate_sort asc  [ RunTime:0.0006s ]
SQL: SELECT `cate_id`,`cate_parentid` FROM `sc_cate` WHERE `cate_id` = 1 LIMIT 1   [ RunTime:0.0002s ]
SQL: SHOW COLUMNS FROM `sc_article` [ RunTime:0.0007s ]
SQL: SELECT `cate_name` FROM `sc_cate` WHERE `cate_id` = 1 LIMIT 1   [ RunTime:0.0002s ]
SQL: SELECT COUNT(*) AS tp_count FROM `sc_article` WHERE `cate_id` = 1 LIMIT 1   [ RunTime:0.0002s ]
SQL: SELECT * FROM `sc_article` WHERE `cate_id` = 1 ORDER BY article_time desc LIMIT 0,2   [ RunTime:0.0003s ]
INFO: [ view_parse ] --START--
INFO: [ template_filter ] --START--
INFO: Run Behavior\ContentReplaceBehavior [ RunTime:0.000265s ]
INFO: [ template_filter ] --END-- [ RunTime:0.000327s ]
NOTIC: [8] Undefined index: user_id D:\wamp64\www\sz\Application\Runtime\Cache\Home\cb81eedfa59617cee80c720e6614fcd4.php 第 28 行.
NOTIC: [8] Undefined variable: curr D:\wamp64\www\sz\Application\Runtime\Cache\Home\cb81eedfa59617cee80c720e6614fcd4.php 第 146 行.
NOTIC: [8] Undefined index:  download D:\wamp64\www\sz\Application\Runtime\Cache\Home\cb81eedfa59617cee80c720e6614fcd4.php 第 334 行.
NOTIC: [8] Undefined index:  download D:\wamp64\www\sz\Application\Runtime\Cache\Home\cb81eedfa59617cee80c720e6614fcd4.php 第 334 行.
INFO: Run Behavior\ParseTemplateBehavior [ RunTime:0.014542s ]
INFO: [ view_parse ] --END-- [ RunTime:0.014630s ]
INFO: [ view_filter ] --START--
INFO: Run Behavior\WriteHtmlCacheBehavior [ RunTime:0.000681s ]
INFO: [ view_filter ] --END-- [ RunTime:0.000760s ]
INFO: [ app_end ] --START--
INFO: Run Behavior\ShowPageTraceBehavior [ RunTime:0.000669s ]
INFO: [ app_end ] --END-- [ RunTime:0.000729s ]

[ 2018-05-17T20:22:01+08:00 ] ::1 /sz/
INFO: [ app_init ] --START--
INFO: Run Behavior\BuildLiteBehavior [ RunTime:0.000023s ]
INFO: [ app_init ] --END-- [ RunTime:0.000839s ]
INFO: [ app_begin ] --START--
INFO: Run Behavior\ReadHtmlCacheBehavior [ RunTime:0.000813s ]
INFO: [ app_begin ] --END-- [ RunTime:0.000903s ]
SQL: SHOW COLUMNS FROM `sc_cate` [ RunTime:0.0028s ]
SQL: SELECT * FROM `sc_cate` WHERE `cate_parentid` = 0 ORDER BY cate_sort asc  [ RunTime:0.0004s ]
SQL: SELECT `cate_id`,`cate_parentid` FROM `sc_cate` WHERE `cate_id` = 0 LIMIT 1   [ RunTime:0.0003s ]
INFO: [ view_parse ] --START--
INFO: [ template_filter ] --START--
INFO: Run Behavior\ContentReplaceBehavior [ RunTime:0.000776s ]
INFO: [ template_filter ] --END-- [ RunTime:0.000841s ]
NOTIC: [8] Undefined index: user_id D:\wamp64\www\sz\Application\Runtime\Cache\Home\5f5878b563bbd0551b6c84d71156b7e9.php 第 29 行.
INFO: Run Behavior\ParseTemplateBehavior [ RunTime:0.021295s ]
INFO: [ view_parse ] --END-- [ RunTime:0.021404s ]
INFO: [ view_filter ] --START--
INFO: Run Behavior\WriteHtmlCacheBehavior [ RunTime:0.000684s ]
INFO: [ view_filter ] --END-- [ RunTime:0.000774s ]
INFO: [ app_end ] --START--
INFO: Run Behavior\ShowPageTraceBehavior [ RunTime:0.000750s ]
INFO: [ app_end ] --END-- [ RunTime:0.000833s ]

[ 2018-05-17T20:22:02+08:00 ] ::1 /sz/index.php/Home/Lst/index/cate_id/2
INFO: [ app_init ] --START--
INFO: Run Behavior\BuildLiteBehavior [ RunTime:0.000015s ]
INFO: [ app_init ] --END-- [ RunTime:0.000399s ]
INFO: [ app_begin ] --START--
INFO: Run Behavior\ReadHtmlCacheBehavior [ RunTime:0.000584s ]
INFO: [ app_begin ] --END-- [ RunTime:0.000640s ]
SQL: SHOW COLUMNS FROM `sc_cate` [ RunTime:0.0006s ]
SQL: SELECT * FROM `sc_cate` WHERE `cate_parentid` = 0 ORDER BY cate_sort asc  [ RunTime:0.0003s ]
SQL: SELECT `cate_id`,`cate_parentid` FROM `sc_cate` WHERE `cate_id` = 2 LIMIT 1   [ RunTime:0.0002s ]
SQL: SHOW COLUMNS FROM `sc_article` [ RunTime:0.0006s ]
SQL: SELECT `cate_name` FROM `sc_cate` WHERE `cate_id` = 2 LIMIT 1   [ RunTime:0.0002s ]
SQL: SELECT COUNT(*) AS tp_count FROM `sc_article` WHERE `cate_id` = 2 LIMIT 1   [ RunTime:0.0016s ]
SQL: SELECT * FROM `sc_article` WHERE `cate_id` = 2 ORDER BY article_time desc LIMIT 0,2   [ RunTime:0.0004s ]
INFO: [ view_parse ] --START--
INFO: [ template_filter ] --START--
INFO: Run Behavior\ContentReplaceBehavior [ RunTime:0.000259s ]
INFO: [ template_filter ] --END-- [ RunTime:0.000328s ]
NOTIC: [8] Undefined index: user_id D:\wamp64\www\sz\Application\Runtime\Cache\Home\cb81eedfa59617cee80c720e6614fcd4.php 第 28 行.
NOTIC: [8] Undefined variable: curr D:\wamp64\www\sz\Application\Runtime\Cache\Home\cb81eedfa59617cee80c720e6614fcd4.php 第 146 行.
NOTIC: [8] Undefined index:  download D:\wamp64\www\sz\Application\Runtime\Cache\Home\cb81eedfa59617cee80c720e6614fcd4.php 第 334 行.
INFO: Run Behavior\ParseTemplateBehavior [ RunTime:0.011872s ]
INFO: [ view_parse ] --END-- [ RunTime:0.011935s ]
INFO: [ view_filter ] --START--
INFO: Run Behavior\WriteHtmlCacheBehavior [ RunTime:0.000455s ]
INFO: [ view_filter ] --END-- [ RunTime:0.000516s ]
INFO: [ app_end ] --START--
INFO: Run Behavior\ShowPageTraceBehavior [ RunTime:0.000900s ]
INFO: [ app_end ] --END-- [ RunTime:0.000974s ]

[ 2018-05-17T20:22:02+08:00 ] ::1 /sz/index.php/Home/Lst/index/cate_id/3
INFO: [ app_init ] --START--
INFO: Run Behavior\BuildLiteBehavior [ RunTime:0.000021s ]
INFO: [ app_init ] --END-- [ RunTime:0.000481s ]
INFO: [ app_begin ] --START--
INFO: Run Behavior\ReadHtmlCacheBehavior [ RunTime:0.000546s ]
INFO: [ app_begin ] --END-- [ RunTime:0.000606s ]
SQL: SHOW COLUMNS FROM `sc_cate` [ RunTime:0.0005s ]
SQL: SELECT * FROM `sc_cate` WHERE `cate_parentid` = 0 ORDER BY cate_sort asc  [ RunTime:0.0003s ]
SQL: SELECT `cate_id`,`cate_parentid` FROM `sc_cate` WHERE `cate_id` = 3 LIMIT 1   [ RunTime:0.0003s ]
SQL: SHOW COLUMNS FROM `sc_article` [ RunTime:0.0007s ]
SQL: SELECT `cate_name` FROM `sc_cate` WHERE `cate_id` = 3 LIMIT 1   [ RunTime:0.0014s ]
SQL: SELECT COUNT(*) AS tp_count FROM `sc_article` WHERE `cate_id` = 3 LIMIT 1   [ RunTime:0.0003s ]
SQL: SELECT * FROM `sc_article` WHERE `cate_id` = 3 ORDER BY article_time desc LIMIT 0,2   [ RunTime:0.0003s ]
INFO: [ view_parse ] --START--
INFO: [ template_filter ] --START--
INFO: Run Behavior\ContentReplaceBehavior [ RunTime:0.000258s ]
INFO: [ template_filter ] --END-- [ RunTime:0.000316s ]
NOTIC: [8] Undefined index: user_id D:\wamp64\www\sz\Application\Runtime\Cache\Home\cb81eedfa59617cee80c720e6614fcd4.php 第 28 行.
NOTIC: [8] Undefined variable: curr D:\wamp64\www\sz\Application\Runtime\Cache\Home\cb81eedfa59617cee80c720e6614fcd4.php 第 146 行.
INFO: Run Behavior\ParseTemplateBehavior [ RunTime:0.012937s ]
INFO: [ view_parse ] --END-- [ RunTime:0.013002s ]
INFO: [ view_filter ] --START--
INFO: Run Behavior\WriteHtmlCacheBehavior [ RunTime:0.000561s ]
INFO: [ view_filter ] --END-- [ RunTime:0.000620s ]
INFO: [ app_end ] --START--
INFO: Run Behavior\ShowPageTraceBehavior [ RunTime:0.000739s ]
INFO: [ app_end ] --END-- [ RunTime:0.000817s ]

[ 2018-05-17T20:22:03+08:00 ] ::1 /sz/index.php/Home/Lst/index/cate_id/10
INFO: [ app_init ] --START--
INFO: Run Behavior\BuildLiteBehavior [ RunTime:0.000014s ]
INFO: [ app_init ] --END-- [ RunTime:0.000394s ]
INFO: [ app_begin ] --START--
INFO: Run Behavior\ReadHtmlCacheBehavior [ RunTime:0.000573s ]
INFO: [ app_begin ] --END-- [ RunTime:0.000625s ]
SQL: SHOW COLUMNS FROM `sc_cate` [ RunTime:0.0005s ]
SQL: SELECT * FROM `sc_cate` WHERE `cate_parentid` = 0 ORDER BY cate_sort asc  [ RunTime:0.0003s ]
SQL: SELECT `cate_id`,`cate_parentid` FROM `sc_cate` WHERE `cate_id` = 10 LIMIT 1   [ RunTime:0.0003s ]
SQL: SHOW COLUMNS FROM `sc_article` [ RunTime:0.0019s ]
SQL: SELECT `cate_name` FROM `sc_cate` WHERE `cate_id` = 10 LIMIT 1   [ RunTime:0.0002s ]
SQL: SELECT COUNT(*) AS tp_count FROM `sc_article` WHERE `cate_id` = 10 LIMIT 1   [ RunTime:0.0002s ]
SQL: SELECT * FROM `sc_article` WHERE `cate_id` = 10 ORDER BY article_time desc LIMIT 0,2   [ RunTime:0.0003s ]
INFO: [ view_parse ] --START--
INFO: [ template_filter ] --START--
INFO: Run Behavior\ContentReplaceBehavior [ RunTime:0.000264s ]
INFO: [ template_filter ] --END-- [ RunTime:0.000342s ]
NOTIC: [8] Undefined index: user_id D:\wamp64\www\sz\Application\Runtime\Cache\Home\cb81eedfa59617cee80c720e6614fcd4.php 第 28 行.
NOTIC: [8] Undefined variable: curr D:\wamp64\www\sz\Application\Runtime\Cache\Home\cb81eedfa59617cee80c720e6614fcd4.php 第 146 行.
INFO: Run Behavior\ParseTemplateBehavior [ RunTime:0.019026s ]
INFO: [ view_parse ] --END-- [ RunTime:0.019088s ]
INFO: [ view_filter ] --START--
INFO: Run Behavior\WriteHtmlCacheBehavior [ RunTime:0.000512s ]
INFO: [ view_filter ] --END-- [ RunTime:0.000566s ]
INFO: [ app_end ] --START--
INFO: Run Behavior\ShowPageTraceBehavior [ RunTime:0.000563s ]
INFO: [ app_end ] --END-- [ RunTime:0.000616s ]

[ 2018-05-17T20:34:42+08:00 ] ::1 /sz/index.php/Home/Lst/index/cate_id/3
INFO: [ app_init ] --START--
INFO: Run Behavior\BuildLiteBehavior [ RunTime:0.000014s ]
INFO: [ app_init ] --END-- [ RunTime:0.000453s ]
INFO: [ app_begin ] --START--
INFO: Run Behavior\ReadHtmlCacheBehavior [ RunTime:0.000547s ]
INFO: [ app_begin ] --END-- [ RunTime:0.000613s ]
SQL: SHOW COLUMNS FROM `sc_cate` [ RunTime:0.0005s ]
SQL: SELECT * FROM `sc_cate` WHERE `cate_parentid` = 0 ORDER BY cate_sort asc  [ RunTime:0.0003s ]
SQL: SELECT `cate_id`,`cate_parentid` FROM `sc_cate` WHERE `cate_id` = 3 LIMIT 1   [ RunTime:0.0002s ]
SQL: SHOW COLUMNS FROM `sc_article` [ RunTime:0.0004s ]
SQL: SELECT `cate_name` FROM `sc_cate` WHERE `cate_id` = 3 LIMIT 1   [ RunTime:0.0002s ]
SQL: SELECT COUNT(*) AS tp_count FROM `sc_article` WHERE `cate_id` = 3 LIMIT 1   [ RunTime:0.0002s ]
SQL: SELECT * FROM `sc_article` WHERE `cate_id` = 3 ORDER BY article_time desc LIMIT 0,2   [ RunTime:0.0002s ]
INFO: [ view_parse ] --START--
INFO: [ template_filter ] --START--
INFO: Run Behavior\ContentReplaceBehavior [ RunTime:0.000262s ]
INFO: [ template_filter ] --END-- [ RunTime:0.000337s ]
NOTIC: [8] Undefined index: user_id D:\wamp64\www\sz\Application\Runtime\Cache\Home\cb81eedfa59617cee80c720e6614fcd4.php 第 28 行.
NOTIC: [8] Undefined variable: curr D:\wamp64\www\sz\Application\Runtime\Cache\Home\cb81eedfa59617cee80c720e6614fcd4.php 第 146 行.
INFO: Run Behavior\ParseTemplateBehavior [ RunTime:0.012706s ]
INFO: [ view_parse ] --END-- [ RunTime:0.012767s ]
INFO: [ view_filter ] --START--
INFO: Run Behavior\WriteHtmlCacheBehavior [ RunTime:0.000459s ]
INFO: [ view_filter ] --END-- [ RunTime:0.000512s ]
INFO: [ app_end ] --START--
INFO: Run Behavior\ShowPageTraceBehavior [ RunTime:0.000570s ]
INFO: [ app_end ] --END-- [ RunTime:0.000624s ]

[ 2018-05-17T20:34:44+08:00 ] ::1 /sz/index.php/Home/Lst/index/cate_id/2
INFO: [ app_init ] --START--
INFO: Run Behavior\BuildLiteBehavior [ RunTime:0.000030s ]
INFO: [ app_init ] --END-- [ RunTime:0.001755s ]
INFO: [ app_begin ] --START--
INFO: Run Behavior\ReadHtmlCacheBehavior [ RunTime:0.000592s ]
INFO: [ app_begin ] --END-- [ RunTime:0.000658s ]
SQL: SHOW COLUMNS FROM `sc_cate` [ RunTime:0.0005s ]
SQL: SELECT * FROM `sc_cate` WHERE `cate_parentid` = 0 ORDER BY cate_sort asc  [ RunTime:0.0003s ]
SQL: SELECT `cate_id`,`cate_parentid` FROM `sc_cate` WHERE `cate_id` = 2 LIMIT 1   [ RunTime:0.0002s ]
SQL: SHOW COLUMNS FROM `sc_article` [ RunTime:0.0009s ]
SQL: SELECT `cate_name` FROM `sc_cate` WHERE `cate_id` = 2 LIMIT 1   [ RunTime:0.0003s ]
SQL: SELECT COUNT(*) AS tp_count FROM `sc_article` WHERE `cate_id` = 2 LIMIT 1   [ RunTime:0.0019s ]
SQL: SELECT * FROM `sc_article` WHERE `cate_id` = 2 ORDER BY article_time desc LIMIT 0,2   [ RunTime:0.0005s ]
INFO: [ view_parse ] --START--
INFO: [ template_filter ] --START--
INFO: Run Behavior\ContentReplaceBehavior [ RunTime:0.000253s ]
INFO: [ template_filter ] --END-- [ RunTime:0.000315s ]
NOTIC: [8] Undefined index: user_id D:\wamp64\www\sz\Application\Runtime\Cache\Home\cb81eedfa59617cee80c720e6614fcd4.php 第 28 行.
NOTIC: [8] Undefined variable: curr D:\wamp64\www\sz\Application\Runtime\Cache\Home\cb81eedfa59617cee80c720e6614fcd4.php 第 146 行.
NOTIC: [8] Undefined index:  download D:\wamp64\www\sz\Application\Runtime\Cache\Home\cb81eedfa59617cee80c720e6614fcd4.php 第 334 行.
INFO: Run Behavior\ParseTemplateBehavior [ RunTime:0.009354s ]
INFO: [ view_parse ] --END-- [ RunTime:0.009412s ]
INFO: [ view_filter ] --START--
INFO: Run Behavior\WriteHtmlCacheBehavior [ RunTime:0.001938s ]
INFO: [ view_filter ] --END-- [ RunTime:0.002097s ]
INFO: [ app_end ] --START--
INFO: Run Behavior\ShowPageTraceBehavior [ RunTime:0.000920s ]
INFO: [ app_end ] --END-- [ RunTime:0.001002s ]

[ 2018-05-17T20:34:45+08:00 ] ::1 /sz/index.php/Home/Lst/index/cate_id/11
INFO: [ app_init ] --START--
INFO: Run Behavior\BuildLiteBehavior [ RunTime:0.000015s ]
INFO: [ app_init ] --END-- [ RunTime:0.000408s ]
INFO: [ app_begin ] --START--
INFO: Run Behavior\ReadHtmlCacheBehavior [ RunTime:0.000576s ]
INFO: [ app_begin ] --END-- [ RunTime:0.000640s ]
SQL: SHOW COLUMNS FROM `sc_cate` [ RunTime:0.0005s ]
SQL: SELECT * FROM `sc_cate` WHERE `cate_parentid` = 0 ORDER BY cate_sort asc  [ RunTime:0.0003s ]
SQL: SELECT `cate_id`,`cate_parentid` FROM `sc_cate` WHERE `cate_id` = 11 LIMIT 1   [ RunTime:0.0002s ]
SQL: SHOW COLUMNS FROM `sc_article` [ RunTime:0.0006s ]
SQL: SELECT `cate_name` FROM `sc_cate` WHERE `cate_id` = 11 LIMIT 1   [ RunTime:0.0009s ]
SQL: SELECT COUNT(*) AS tp_count FROM `sc_article` WHERE `cate_id` = 11 LIMIT 1   [ RunTime:0.0003s ]
SQL: SELECT * FROM `sc_article` WHERE `cate_id` = 11 ORDER BY article_time desc LIMIT 0,2   [ RunTime:0.0003s ]
INFO: [ view_parse ] --START--
INFO: [ template_filter ] --START--
INFO: Run Behavior\ContentReplaceBehavior [ RunTime:0.000261s ]
INFO: [ template_filter ] --END-- [ RunTime:0.000330s ]
NOTIC: [8] Undefined index: user_id D:\wamp64\www\sz\Application\Runtime\Cache\Home\cb81eedfa59617cee80c720e6614fcd4.php 第 28 行.
NOTIC: [8] Undefined variable: curr D:\wamp64\www\sz\Application\Runtime\Cache\Home\cb81eedfa59617cee80c720e6614fcd4.php 第 146 行.
INFO: Run Behavior\ParseTemplateBehavior [ RunTime:0.010460s ]
INFO: [ view_parse ] --END-- [ RunTime:0.010519s ]
INFO: [ view_filter ] --START--
INFO: Run Behavior\WriteHtmlCacheBehavior [ RunTime:0.000503s ]
INFO: [ view_filter ] --END-- [ RunTime:0.000557s ]
INFO: [ app_end ] --START--
INFO: Run Behavior\ShowPageTraceBehavior [ RunTime:0.000614s ]
INFO: [ app_end ] --END-- [ RunTime:0.000681s ]

[ 2018-05-17T22:56:58+08:00 ] ::1 /sz/index.php/
INFO: [ app_init ] --START--
INFO: Run Behavior\BuildLiteBehavior [ RunTime:0.000017s ]
INFO: [ app_init ] --END-- [ RunTime:0.000452s ]
INFO: [ app_begin ] --START--
INFO: Run Behavior\ReadHtmlCacheBehavior [ RunTime:0.000626s ]
INFO: [ app_begin ] --END-- [ RunTime:0.000719s ]
SQL: SHOW COLUMNS FROM `sc_cate` [ RunTime:0.0025s ]
SQL: SELECT * FROM `sc_cate` WHERE `cate_parentid` = 0 ORDER BY cate_sort asc  [ RunTime:0.0006s ]
SQL: SELECT `cate_id`,`cate_parentid` FROM `sc_cate` WHERE `cate_id` = 0 LIMIT 1   [ RunTime:0.0003s ]
INFO: [ view_parse ] --START--
INFO: [ template_filter ] --START--
INFO: Run Behavior\ContentReplaceBehavior [ RunTime:0.000875s ]
INFO: [ template_filter ] --END-- [ RunTime:0.000957s ]
NOTIC: [8] Undefined index: user_id D:\wamp64\www\sz\Application\Runtime\Cache\Home\5f5878b563bbd0551b6c84d71156b7e9.php 第 29 行.
INFO: Run Behavior\ParseTemplateBehavior [ RunTime:0.023853s ]
INFO: [ view_parse ] --END-- [ RunTime:0.023910s ]
INFO: [ view_filter ] --START--
INFO: Run Behavior\WriteHtmlCacheBehavior [ RunTime:0.000357s ]
INFO: [ view_filter ] --END-- [ RunTime:0.000410s ]
INFO: [ app_end ] --START--
INFO: Run Behavior\ShowPageTraceBehavior [ RunTime:0.000511s ]
INFO: [ app_end ] --END-- [ RunTime:0.000571s ]

[ 2018-05-17T22:57:00+08:00 ] ::1 /sz/index.php/Home/Lst/index/cate_id/1
INFO: [ app_init ] --START--
INFO: Run Behavior\BuildLiteBehavior [ RunTime:0.000014s ]
INFO: [ app_init ] --END-- [ RunTime:0.000362s ]
INFO: [ app_begin ] --START--
INFO: Run Behavior\ReadHtmlCacheBehavior [ RunTime:0.000515s ]
INFO: [ app_begin ] --END-- [ RunTime:0.000576s ]
SQL: SHOW COLUMNS FROM `sc_cate` [ RunTime:0.0007s ]
SQL: SELECT * FROM `sc_cate` WHERE `cate_parentid` = 0 ORDER BY cate_sort asc  [ RunTime:0.0007s ]
SQL: SELECT `cate_id`,`cate_parentid` FROM `sc_cate` WHERE `cate_id` = 1 LIMIT 1   [ RunTime:0.0002s ]
SQL: SHOW COLUMNS FROM `sc_article` [ RunTime:0.0006s ]
SQL: SELECT `cate_name` FROM `sc_cate` WHERE `cate_id` = 1 LIMIT 1   [ RunTime:0.0002s ]
SQL: SELECT COUNT(*) AS tp_count FROM `sc_article` WHERE `cate_id` = 1 LIMIT 1   [ RunTime:0.0002s ]
SQL: SELECT * FROM `sc_article` WHERE `cate_id` = 1 ORDER BY article_time desc LIMIT 0,2   [ RunTime:0.0004s ]
INFO: [ view_parse ] --START--
INFO: [ template_filter ] --START--
INFO: Run Behavior\ContentReplaceBehavior [ RunTime:0.000285s ]
INFO: [ template_filter ] --END-- [ RunTime:0.000361s ]
NOTIC: [8] Undefined index: user_id D:\wamp64\www\sz\Application\Runtime\Cache\Home\cb81eedfa59617cee80c720e6614fcd4.php 第 28 行.
NOTIC: [8] Undefined variable: curr D:\wamp64\www\sz\Application\Runtime\Cache\Home\cb81eedfa59617cee80c720e6614fcd4.php 第 146 行.
NOTIC: [8] Undefined index:  download D:\wamp64\www\sz\Application\Runtime\Cache\Home\cb81eedfa59617cee80c720e6614fcd4.php 第 334 行.
NOTIC: [8] Undefined index:  download D:\wamp64\www\sz\Application\Runtime\Cache\Home\cb81eedfa59617cee80c720e6614fcd4.php 第 334 行.
INFO: Run Behavior\ParseTemplateBehavior [ RunTime:0.019036s ]
INFO: [ view_parse ] --END-- [ RunTime:0.019105s ]
INFO: [ view_filter ] --START--
INFO: Run Behavior\WriteHtmlCacheBehavior [ RunTime:0.000486s ]
INFO: [ view_filter ] --END-- [ RunTime:0.000562s ]
INFO: [ app_end ] --START--
INFO: Run Behavior\ShowPageTraceBehavior [ RunTime:0.000625s ]
INFO: [ app_end ] --END-- [ RunTime:0.000711s ]

[ 2018-05-17T22:57:01+08:00 ] ::1 /sz/
INFO: [ app_init ] --START--
INFO: Run Behavior\BuildLiteBehavior [ RunTime:0.000024s ]
INFO: [ app_init ] --END-- [ RunTime:0.001741s ]
INFO: [ app_begin ] --START--
INFO: Run Behavior\ReadHtmlCacheBehavior [ RunTime:0.000675s ]
INFO: [ app_begin ] --END-- [ RunTime:0.000769s ]
SQL: SHOW COLUMNS FROM `sc_cate` [ RunTime:0.0010s ]
SQL: SELECT * FROM `sc_cate` WHERE `cate_parentid` = 0 ORDER BY cate_sort asc  [ RunTime:0.0006s ]
SQL: SELECT `cate_id`,`cate_parentid` FROM `sc_cate` WHERE `cate_id` = 0 LIMIT 1   [ RunTime:0.0003s ]
INFO: [ view_parse ] --START--
INFO: [ template_filter ] --START--
INFO: Run Behavior\ContentReplaceBehavior [ RunTime:0.000844s ]
INFO: [ template_filter ] --END-- [ RunTime:0.000977s ]
NOTIC: [8] Undefined index: user_id D:\wamp64\www\sz\Application\Runtime\Cache\Home\5f5878b563bbd0551b6c84d71156b7e9.php 第 29 行.
INFO: Run Behavior\ParseTemplateBehavior [ RunTime:0.018719s ]
INFO: [ view_parse ] --END-- [ RunTime:0.018881s ]
INFO: [ view_filter ] --START--
INFO: Run Behavior\WriteHtmlCacheBehavior [ RunTime:0.000466s ]
INFO: [ view_filter ] --END-- [ RunTime:0.000543s ]
INFO: [ app_end ] --START--
INFO: Run Behavior\ShowPageTraceBehavior [ RunTime:0.000592s ]
INFO: [ app_end ] --END-- [ RunTime:0.000668s ]

[ 2018-05-17T22:57:02+08:00 ] ::1 /sz/index.php/Home/Lst/index/cate_id/2
INFO: [ app_init ] --START--
INFO: Run Behavior\BuildLiteBehavior [ RunTime:0.000016s ]
INFO: [ app_init ] --END-- [ RunTime:0.000419s ]
INFO: [ app_begin ] --START--
INFO: Run Behavior\ReadHtmlCacheBehavior [ RunTime:0.000631s ]
INFO: [ app_begin ] --END-- [ RunTime:0.000724s ]
SQL: SHOW COLUMNS FROM `sc_cate` [ RunTime:0.0005s ]
SQL: SELECT * FROM `sc_cate` WHERE `cate_parentid` = 0 ORDER BY cate_sort asc  [ RunTime:0.0004s ]
SQL: SELECT `cate_id`,`cate_parentid` FROM `sc_cate` WHERE `cate_id` = 2 LIMIT 1   [ RunTime:0.0003s ]
SQL: SHOW COLUMNS FROM `sc_article` [ RunTime:0.0006s ]
SQL: SELECT `cate_name` FROM `sc_cate` WHERE `cate_id` = 2 LIMIT 1   [ RunTime:0.0002s ]
SQL: SELECT COUNT(*) AS tp_count FROM `sc_article` WHERE `cate_id` = 2 LIMIT 1   [ RunTime:0.0002s ]
SQL: SELECT * FROM `sc_article` WHERE `cate_id` = 2 ORDER BY article_time desc LIMIT 0,2   [ RunTime:0.0003s ]
INFO: [ view_parse ] --START--
INFO: [ template_filter ] --START--
INFO: Run Behavior\ContentReplaceBehavior [ RunTime:0.000254s ]
INFO: [ template_filter ] --END-- [ RunTime:0.000309s ]
NOTIC: [8] Undefined index: user_id D:\wamp64\www\sz\Application\Runtime\Cache\Home\cb81eedfa59617cee80c720e6614fcd4.php 第 28 行.
NOTIC: [8] Undefined variable: curr D:\wamp64\www\sz\Application\Runtime\Cache\Home\cb81eedfa59617cee80c720e6614fcd4.php 第 146 行.
NOTIC: [8] Undefined index:  download D:\wamp64\www\sz\Application\Runtime\Cache\Home\cb81eedfa59617cee80c720e6614fcd4.php 第 334 行.
INFO: Run Behavior\ParseTemplateBehavior [ RunTime:0.014457s ]
INFO: [ view_parse ] --END-- [ RunTime:0.014548s ]
INFO: [ view_filter ] --START--
INFO: Run Behavior\WriteHtmlCacheBehavior [ RunTime:0.000393s ]
INFO: [ view_filter ] --END-- [ RunTime:0.000448s ]
INFO: [ app_end ] --START--
INFO: Run Behavior\ShowPageTraceBehavior [ RunTime:0.000475s ]
INFO: [ app_end ] --END-- [ RunTime:0.000528s ]

[ 2018-05-17T22:57:03+08:00 ] ::1 /sz/index.php/Home/Lst/index/cate_id/3
INFO: [ app_init ] --START--
INFO: Run Behavior\BuildLiteBehavior [ RunTime:0.000016s ]
INFO: [ app_init ] --END-- [ RunTime:0.000402s ]
INFO: [ app_begin ] --START--
INFO: Run Behavior\ReadHtmlCacheBehavior [ RunTime:0.000547s ]
INFO: [ app_begin ] --END-- [ RunTime:0.000637s ]
SQL: SHOW COLUMNS FROM `sc_cate` [ RunTime:0.0005s ]
SQL: SELECT * FROM `sc_cate` WHERE `cate_parentid` = 0 ORDER BY cate_sort asc  [ RunTime:0.0004s ]
SQL: SELECT `cate_id`,`cate_parentid` FROM `sc_cate` WHERE `cate_id` = 3 LIMIT 1   [ RunTime:0.0002s ]
SQL: SHOW COLUMNS FROM `sc_article` [ RunTime:0.0006s ]
SQL: SELECT `cate_name` FROM `sc_cate` WHERE `cate_id` = 3 LIMIT 1   [ RunTime:0.0002s ]
SQL: SELECT COUNT(*) AS tp_count FROM `sc_article` WHERE `cate_id` = 3 LIMIT 1   [ RunTime:0.0002s ]
SQL: SELECT * FROM `sc_article` WHERE `cate_id` = 3 ORDER BY article_time desc LIMIT 0,2   [ RunTime:0.0023s ]
INFO: [ view_parse ] --START--
INFO: [ template_filter ] --START--
INFO: Run Behavior\ContentReplaceBehavior [ RunTime:0.000257s ]
INFO: [ template_filter ] --END-- [ RunTime:0.000333s ]
NOTIC: [8] Undefined index: user_id D:\wamp64\www\sz\Application\Runtime\Cache\Home\cb81eedfa59617cee80c720e6614fcd4.php 第 28 行.
NOTIC: [8] Undefined variable: curr D:\wamp64\www\sz\Application\Runtime\Cache\Home\cb81eedfa59617cee80c720e6614fcd4.php 第 146 行.
INFO: Run Behavior\ParseTemplateBehavior [ RunTime:0.013771s ]
INFO: [ view_parse ] --END-- [ RunTime:0.013841s ]
INFO: [ view_filter ] --START--
INFO: Run Behavior\WriteHtmlCacheBehavior [ RunTime:0.000427s ]
INFO: [ view_filter ] --END-- [ RunTime:0.000475s ]
INFO: [ app_end ] --START--
INFO: Run Behavior\ShowPageTraceBehavior [ RunTime:0.000591s ]
INFO: [ app_end ] --END-- [ RunTime:0.000830s ]

[ 2018-05-17T22:57:03+08:00 ] ::1 /sz/index.php/Home/Lst/index/cate_id/10
INFO: [ app_init ] --START--
INFO: Run Behavior\BuildLiteBehavior [ RunTime:0.000067s ]
INFO: [ app_init ] --END-- [ RunTime:0.000712s ]
INFO: [ app_begin ] --START--
INFO: Run Behavior\ReadHtmlCacheBehavior [ RunTime:0.000590s ]
INFO: [ app_begin ] --END-- [ RunTime:0.000671s ]
SQL: SHOW COLUMNS FROM `sc_cate` [ RunTime:0.0006s ]
SQL: SELECT * FROM `sc_cate` WHERE `cate_parentid` = 0 ORDER BY cate_sort asc  [ RunTime:0.0003s ]
SQL: SELECT `cate_id`,`cate_parentid` FROM `sc_cate` WHERE `cate_id` = 10 LIMIT 1   [ RunTime:0.0002s ]
SQL: SHOW COLUMNS FROM `sc_article` [ RunTime:0.0006s ]
SQL: SELECT `cate_name` FROM `sc_cate` WHERE `cate_id` = 10 LIMIT 1   [ RunTime:0.0002s ]
SQL: SELECT COUNT(*) AS tp_count FROM `sc_article` WHERE `cate_id` = 10 LIMIT 1   [ RunTime:0.0002s ]
SQL: SELECT * FROM `sc_article` WHERE `cate_id` = 10 ORDER BY article_time desc LIMIT 0,2   [ RunTime:0.0003s ]
INFO: [ view_parse ] --START--
INFO: [ template_filter ] --START--
INFO: Run Behavior\ContentReplaceBehavior [ RunTime:0.000255s ]
INFO: [ template_filter ] --END-- [ RunTime:0.000313s ]
NOTIC: [8] Undefined index: user_id D:\wamp64\www\sz\Application\Runtime\Cache\Home\cb81eedfa59617cee80c720e6614fcd4.php 第 28 行.
NOTIC: [8] Undefined variable: curr D:\wamp64\www\sz\Application\Runtime\Cache\Home\cb81eedfa59617cee80c720e6614fcd4.php 第 146 行.
INFO: Run Behavior\ParseTemplateBehavior [ RunTime:0.012054s ]
INFO: [ view_parse ] --END-- [ RunTime:0.012108s ]
INFO: [ view_filter ] --START--
INFO: Run Behavior\WriteHtmlCacheBehavior [ RunTime:0.000383s ]
INFO: [ view_filter ] --END-- [ RunTime:0.000432s ]
INFO: [ app_end ] --START--
INFO: Run Behavior\ShowPageTraceBehavior [ RunTime:0.000487s ]
INFO: [ app_end ] --END-- [ RunTime:0.000554s ]

[ 2018-05-17T22:57:04+08:00 ] ::1 /sz/index.php/Home/Lst/index/cate_id/11
INFO: [ app_init ] --START--
INFO: Run Behavior\BuildLiteBehavior [ RunTime:0.000015s ]
INFO: [ app_init ] --END-- [ RunTime:0.000447s ]
INFO: [ app_begin ] --START--
INFO: Run Behavior\ReadHtmlCacheBehavior [ RunTime:0.000488s ]
INFO: [ app_begin ] --END-- [ RunTime:0.000548s ]
SQL: SHOW COLUMNS FROM `sc_cate` [ RunTime:0.0006s ]
SQL: SELECT * FROM `sc_cate` WHERE `cate_parentid` = 0 ORDER BY cate_sort asc  [ RunTime:0.0024s ]
SQL: SELECT `cate_id`,`cate_parentid` FROM `sc_cate` WHERE `cate_id` = 11 LIMIT 1   [ RunTime:0.0003s ]
SQL: SHOW COLUMNS FROM `sc_article` [ RunTime:0.0005s ]
SQL: SELECT `cate_name` FROM `sc_cate` WHERE `cate_id` = 11 LIMIT 1   [ RunTime:0.0002s ]
SQL: SELECT COUNT(*) AS tp_count FROM `sc_article` WHERE `cate_id` = 11 LIMIT 1   [ RunTime:0.0003s ]
SQL: SELECT * FROM `sc_article` WHERE `cate_id` = 11 ORDER BY article_time desc LIMIT 0,2   [ RunTime:0.0009s ]
INFO: [ view_parse ] --START--
INFO: [ template_filter ] --START--
INFO: Run Behavior\ContentReplaceBehavior [ RunTime:0.000264s ]
INFO: [ template_filter ] --END-- [ RunTime:0.000323s ]
NOTIC: [8] Undefined index: user_id D:\wamp64\www\sz\Application\Runtime\Cache\Home\cb81eedfa59617cee80c720e6614fcd4.php 第 28 行.
NOTIC: [8] Undefined variable: curr D:\wamp64\www\sz\Application\Runtime\Cache\Home\cb81eedfa59617cee80c720e6614fcd4.php 第 146 行.
INFO: Run Behavior\ParseTemplateBehavior [ RunTime:0.011611s ]
INFO: [ view_parse ] --END-- [ RunTime:0.011671s ]
INFO: [ view_filter ] --START--
INFO: Run Behavior\WriteHtmlCacheBehavior [ RunTime:0.000353s ]
INFO: [ view_filter ] --END-- [ RunTime:0.000400s ]
INFO: [ app_end ] --START--
INFO: Run Behavior\ShowPageTraceBehavior [ RunTime:0.000579s ]
INFO: [ app_end ] --END-- [ RunTime:0.000650s ]

[ 2018-05-17T22:57:05+08:00 ] ::1 /sz/index.php/Home/Topic/index/cate_id/4
INFO: [ app_init ] --START--
INFO: Run Behavior\BuildLiteBehavior [ RunTime:0.000024s ]
INFO: [ app_init ] --END-- [ RunTime:0.000604s ]
INFO: [ app_begin ] --START--
INFO: Run Behavior\ReadHtmlCacheBehavior [ RunTime:0.001337s ]
INFO: [ app_begin ] --END-- [ RunTime:0.001489s ]
SQL: SHOW COLUMNS FROM `sc_cate` [ RunTime:0.0005s ]
SQL: SELECT * FROM `sc_cate` WHERE `cate_parentid` = 0 ORDER BY cate_sort asc  [ RunTime:0.0003s ]
SQL: SELECT `cate_id`,`cate_parentid` FROM `sc_cate` WHERE `cate_id` = 4 LIMIT 1   [ RunTime:0.0002s ]
SQL: SELECT `cate_id` FROM `sc_cate` WHERE `cate_parentid` = 4  [ RunTime:0.0002s ]
SQL: SELECT * FROM `sc_cate` WHERE `cate_parentid` = 4  [ RunTime:0.0002s ]
SQL: SHOW COLUMNS FROM `sc_topic` [ RunTime:0.0008s ]
SQL: SELECT COUNT(*) AS tp_count FROM `sc_topic` WHERE `cate_id` IN ('8','17','18','19','20','21','22','4') LIMIT 1   [ RunTime:0.0003s ]
SQL: SELECT * FROM `sc_topic` WHERE `cate_id` IN ('8','17','18','19','20','21','22','4') ORDER BY topic_id desc LIMIT 0,15   [ RunTime:0.0004s ]
SQL: SHOW COLUMNS FROM `sc_userinfo` [ RunTime:0.0017s ]
SQL: SHOW COLUMNS FROM `sc_comment` [ RunTime:0.0014s ]
SQL: SELECT `user_id`,`face50`,`nickname` FROM `sc_userinfo` WHERE `user_id` = 36 LIMIT 1   [ RunTime:0.0004s ]
SQL: SELECT `content`,`member_id`,`time` FROM `sc_comment` WHERE `article_id` = 26 ORDER BY time desc LIMIT 1   [ RunTime:0.0003s ]
SQL: SELECT `user_id`,`face50`,`nickname` FROM `sc_userinfo` WHERE `user_id` = 50 LIMIT 1   [ RunTime:0.0002s ]
SQL: SELECT `user_id`,`face50`,`nickname` FROM `sc_userinfo` WHERE `user_id` = 36 LIMIT 1   [ RunTime:0.0002s ]
SQL: SELECT `content`,`member_id`,`time` FROM `sc_comment` WHERE `article_id` = 25 ORDER BY time desc LIMIT 1   [ RunTime:0.0003s ]
SQL: SELECT `user_id`,`face50`,`nickname` FROM `sc_userinfo` WHERE `user_id` = 36 LIMIT 1   [ RunTime:0.0003s ]
SQL: SELECT `user_id`,`face50`,`nickname` FROM `sc_userinfo` WHERE `user_id` = 50 LIMIT 1   [ RunTime:0.0002s ]
SQL: SELECT `content`,`member_id`,`time` FROM `sc_comment` WHERE `article_id` = 24 ORDER BY time desc LIMIT 1   [ RunTime:0.0002s ]
SQL: SELECT `user_id`,`face50`,`nickname` FROM `sc_userinfo` WHERE `user_id` = null LIMIT 1   [ RunTime:0.0002s ]
SQL: SELECT `user_id`,`face50`,`nickname` FROM `sc_userinfo` WHERE `user_id` = 50 LIMIT 1   [ RunTime:0.0002s ]
SQL: SELECT `content`,`member_id`,`time` FROM `sc_comment` WHERE `article_id` = 23 ORDER BY time desc LIMIT 1   [ RunTime:0.0002s ]
SQL: SELECT `user_id`,`face50`,`nickname` FROM `sc_userinfo` WHERE `user_id` = null LIMIT 1   [ RunTime:0.0002s ]
SQL: SELECT `user_id`,`face50`,`nickname` FROM `sc_userinfo` WHERE `user_id` = 50 LIMIT 1   [ RunTime:0.0002s ]
SQL: SELECT `content`,`member_id`,`time` FROM `sc_comment` WHERE `article_id` = 22 ORDER BY time desc LIMIT 1   [ RunTime:0.0002s ]
SQL: SELECT `user_id`,`face50`,`nickname` FROM `sc_userinfo` WHERE `user_id` = null LIMIT 1   [ RunTime:0.0002s ]
SQL: SELECT `user_id`,`face50`,`nickname` FROM `sc_userinfo` WHERE `user_id` = 8 LIMIT 1   [ RunTime:0.0002s ]
SQL: SELECT `content`,`member_id`,`time` FROM `sc_comment` WHERE `article_id` = 21 ORDER BY time desc LIMIT 1   [ RunTime:0.0002s ]
SQL: SELECT `user_id`,`face50`,`nickname` FROM `sc_userinfo` WHERE `user_id` = 36 LIMIT 1   [ RunTime:0.0002s ]
SQL: SELECT `user_id`,`face50`,`nickname` FROM `sc_userinfo` WHERE `user_id` = 8 LIMIT 1   [ RunTime:0.0002s ]
SQL: SELECT `content`,`member_id`,`time` FROM `sc_comment` WHERE `article_id` = 19 ORDER BY time desc LIMIT 1   [ RunTime:0.0002s ]
SQL: SELECT `user_id`,`face50`,`nickname` FROM `sc_userinfo` WHERE `user_id` = 8 LIMIT 1   [ RunTime:0.0002s ]
SQL: SELECT `user_id`,`face50`,`nickname` FROM `sc_userinfo` WHERE `user_id` = 8 LIMIT 1   [ RunTime:0.0002s ]
SQL: SELECT `content`,`member_id`,`time` FROM `sc_comment` WHERE `article_id` = 17 ORDER BY time desc LIMIT 1   [ RunTime:0.0002s ]
SQL: SELECT `user_id`,`face50`,`nickname` FROM `sc_userinfo` WHERE `user_id` = 39 LIMIT 1   [ RunTime:0.0002s ]
SQL: SELECT `user_id`,`face50`,`nickname` FROM `sc_userinfo` WHERE `user_id` = 8 LIMIT 1   [ RunTime:0.0001s ]
SQL: SELECT `content`,`member_id`,`time` FROM `sc_comment` WHERE `article_id` = 16 ORDER BY time desc LIMIT 1   [ RunTime:0.0002s ]
SQL: SELECT `user_id`,`face50`,`nickname` FROM `sc_userinfo` WHERE `user_id` = 8 LIMIT 1   [ RunTime:0.0003s ]
SQL: SELECT `user_id`,`face50`,`nickname` FROM `sc_userinfo` WHERE `user_id` = 36 LIMIT 1   [ RunTime:0.0002s ]
SQL: SELECT `content`,`member_id`,`time` FROM `sc_comment` WHERE `article_id` = 13 ORDER BY time desc LIMIT 1   [ RunTime:0.0003s ]
SQL: SELECT `user_id`,`face50`,`nickname` FROM `sc_userinfo` WHERE `user_id` = 50 LIMIT 1   [ RunTime:0.0002s ]
SQL: SELECT `user_id`,`face50`,`nickname` FROM `sc_userinfo` WHERE `user_id` = 38 LIMIT 1   [ RunTime:0.0002s ]
SQL: SELECT `content`,`member_id`,`time` FROM `sc_comment` WHERE `article_id` = 10 ORDER BY time desc LIMIT 1   [ RunTime:0.0002s ]
SQL: SELECT `user_id`,`face50`,`nickname` FROM `sc_userinfo` WHERE `user_id` = 36 LIMIT 1   [ RunTime:0.0002s ]
SQL: SELECT `topic_id`,`topic_title`,`cate_id`,`click`,`comment`,`release_time` FROM `sc_topic` ORDER BY comment desc LIMIT 5   [ RunTime:0.0002s ]
INFO: [ view_parse ] --START--
INFO: [ template_filter ] --START--
INFO: Run Behavior\ContentReplaceBehavior [ RunTime:0.000235s ]
INFO: [ template_filter ] --END-- [ RunTime:0.000291s ]
NOTIC: [8] Undefined index: user_id D:\wamp64\www\sz\Application\Runtime\Cache\Home\1093f07c77d6e1e3d6a1d26a6fc8fc7f.php 第 29 行.
NOTIC: [8] Undefined variable: curr D:\wamp64\www\sz\Application\Runtime\Cache\Home\1093f07c77d6e1e3d6a1d26a6fc8fc7f.php 第 147 行.
INFO: Run Behavior\ParseTemplateBehavior [ RunTime:0.012620s ]
INFO: [ view_parse ] --END-- [ RunTime:0.012677s ]
INFO: [ view_filter ] --START--
INFO: Run Behavior\WriteHtmlCacheBehavior [ RunTime:0.000491s ]
INFO: [ view_filter ] --END-- [ RunTime:0.000547s ]
INFO: [ app_end ] --START--
INFO: Run Behavior\ShowPageTraceBehavior [ RunTime:0.000574s ]
INFO: [ app_end ] --END-- [ RunTime:0.000639s ]

[ 2018-05-17T22:57:05+08:00 ] ::1 /sz/index.php/Home/Page/index/cate_id/12
INFO: [ app_init ] --START--
INFO: Run Behavior\BuildLiteBehavior [ RunTime:0.000029s ]
INFO: [ app_init ] --END-- [ RunTime:0.000700s ]
INFO: [ app_begin ] --START--
INFO: Run Behavior\ReadHtmlCacheBehavior [ RunTime:0.000841s ]
INFO: [ app_begin ] --END-- [ RunTime:0.000964s ]
SQL: SHOW COLUMNS FROM `sc_cate` [ RunTime:0.0005s ]
SQL: SELECT * FROM `sc_cate` WHERE `cate_parentid` = 0 ORDER BY cate_sort asc  [ RunTime:0.0004s ]
SQL: SELECT `cate_id`,`cate_parentid` FROM `sc_cate` WHERE `cate_id` = 12 LIMIT 1   [ RunTime:0.0003s ]
SQL: SELECT `cate_parentid`,`cate_name` FROM `sc_cate` WHERE `cate_id` = 12 LIMIT 1   [ RunTime:0.0003s ]
SQL: SELECT * FROM `sc_cate` WHERE `cate_parentid` = 12  [ RunTime:0.0003s ]
SQL: SELECT * FROM `sc_cate` WHERE `cate_id` = 12 LIMIT 1   [ RunTime:0.0003s ]
INFO: [ view_parse ] --START--
INFO: [ template_filter ] --START--
INFO: Run Behavior\ContentReplaceBehavior [ RunTime:0.000192s ]
INFO: [ template_filter ] --END-- [ RunTime:0.000259s ]
NOTIC: [8] Undefined index: user_id D:\wamp64\www\sz\Application\Runtime\Cache\Home\68bce0ec7afdf8798ef65138f610dc8c.php 第 27 行.
NOTIC: [8] Undefined variable: curr D:\wamp64\www\sz\Application\Runtime\Cache\Home\68bce0ec7afdf8798ef65138f610dc8c.php 第 145 行.
INFO: Run Behavior\ParseTemplateBehavior [ RunTime:0.026050s ]
INFO: [ view_parse ] --END-- [ RunTime:0.026448s ]
INFO: [ view_filter ] --START--
INFO: Run Behavior\WriteHtmlCacheBehavior [ RunTime:0.000509s ]
INFO: [ view_filter ] --END-- [ RunTime:0.000567s ]
INFO: [ app_end ] --START--
INFO: Run Behavior\ShowPageTraceBehavior [ RunTime:0.000721s ]
INFO: [ app_end ] --END-- [ RunTime:0.000794s ]

[ 2018-05-17T22:57:05+08:00 ] ::1 /sz/
INFO: [ app_init ] --START--
INFO: Run Behavior\BuildLiteBehavior [ RunTime:0.000021s ]
INFO: [ app_init ] --END-- [ RunTime:0.000462s ]
INFO: [ app_begin ] --START--
INFO: Run Behavior\ReadHtmlCacheBehavior [ RunTime:0.000777s ]
INFO: [ app_begin ] --END-- [ RunTime:0.000879s ]
SQL: SHOW COLUMNS FROM `sc_cate` [ RunTime:0.0008s ]
SQL: SELECT * FROM `sc_cate` WHERE `cate_parentid` = 0 ORDER BY cate_sort asc  [ RunTime:0.0011s ]
SQL: SELECT `cate_id`,`cate_parentid` FROM `sc_cate` WHERE `cate_id` = 0 LIMIT 1   [ RunTime:0.0003s ]
INFO: [ view_parse ] --START--
INFO: [ template_filter ] --START--
INFO: Run Behavior\ContentReplaceBehavior [ RunTime:0.000976s ]
INFO: [ template_filter ] --END-- [ RunTime:0.001248s ]
NOTIC: [8] Undefined index: user_id D:\wamp64\www\sz\Application\Runtime\Cache\Home\5f5878b563bbd0551b6c84d71156b7e9.php 第 29 行.
INFO: Run Behavior\ParseTemplateBehavior [ RunTime:0.025369s ]
INFO: [ view_parse ] --END-- [ RunTime:0.025587s ]
INFO: [ view_filter ] --START--
INFO: Run Behavior\WriteHtmlCacheBehavior [ RunTime:0.001925s ]
INFO: [ view_filter ] --END-- [ RunTime:0.002061s ]
INFO: [ app_end ] --START--
INFO: Run Behavior\ShowPageTraceBehavior [ RunTime:0.000663s ]
INFO: [ app_end ] --END-- [ RunTime:0.000732s ]

[ 2018-05-17T22:57:06+08:00 ] ::1 /sz/index.php/Home/Lst/index/cate_id/1
INFO: [ app_init ] --START--
INFO: Run Behavior\BuildLiteBehavior [ RunTime:0.000017s ]
INFO: [ app_init ] --END-- [ RunTime:0.000396s ]
INFO: [ app_begin ] --START--
INFO: Run Behavior\ReadHtmlCacheBehavior [ RunTime:0.000576s ]
INFO: [ app_begin ] --END-- [ RunTime:0.000640s ]
SQL: SHOW COLUMNS FROM `sc_cate` [ RunTime:0.0006s ]
SQL: SELECT * FROM `sc_cate` WHERE `cate_parentid` = 0 ORDER BY cate_sort asc  [ RunTime:0.0003s ]
SQL: SELECT `cate_id`,`cate_parentid` FROM `sc_cate` WHERE `cate_id` = 1 LIMIT 1   [ RunTime:0.0002s ]
SQL: SHOW COLUMNS FROM `sc_article` [ RunTime:0.0012s ]
SQL: SELECT `cate_name` FROM `sc_cate` WHERE `cate_id` = 1 LIMIT 1   [ RunTime:0.0015s ]
SQL: SELECT COUNT(*) AS tp_count FROM `sc_article` WHERE `cate_id` = 1 LIMIT 1   [ RunTime:0.0004s ]
SQL: SELECT * FROM `sc_article` WHERE `cate_id` = 1 ORDER BY article_time desc LIMIT 0,2   [ RunTime:0.0004s ]
INFO: [ view_parse ] --START--
INFO: [ template_filter ] --START--
INFO: Run Behavior\ContentReplaceBehavior [ RunTime:0.000261s ]
INFO: [ template_filter ] --END-- [ RunTime:0.000319s ]
NOTIC: [8] Undefined index: user_id D:\wamp64\www\sz\Application\Runtime\Cache\Home\cb81eedfa59617cee80c720e6614fcd4.php 第 28 行.
NOTIC: [8] Undefined variable: curr D:\wamp64\www\sz\Application\Runtime\Cache\Home\cb81eedfa59617cee80c720e6614fcd4.php 第 146 行.
NOTIC: [8] Undefined index:  download D:\wamp64\www\sz\Application\Runtime\Cache\Home\cb81eedfa59617cee80c720e6614fcd4.php 第 334 行.
NOTIC: [8] Undefined index:  download D:\wamp64\www\sz\Application\Runtime\Cache\Home\cb81eedfa59617cee80c720e6614fcd4.php 第 334 行.
INFO: Run Behavior\ParseTemplateBehavior [ RunTime:0.009865s ]
INFO: [ view_parse ] --END-- [ RunTime:0.009926s ]
INFO: [ view_filter ] --START--
INFO: Run Behavior\WriteHtmlCacheBehavior [ RunTime:0.000446s ]
INFO: [ view_filter ] --END-- [ RunTime:0.000503s ]
INFO: [ app_end ] --START--
INFO: Run Behavior\ShowPageTraceBehavior [ RunTime:0.002397s ]
INFO: [ app_end ] --END-- [ RunTime:0.002673s ]

[ 2018-05-17T22:57:06+08:00 ] ::1 /sz/
INFO: [ app_init ] --START--
INFO: Run Behavior\BuildLiteBehavior [ RunTime:0.000025s ]
INFO: [ app_init ] --END-- [ RunTime:0.001319s ]
INFO: [ app_begin ] --START--
INFO: Run Behavior\ReadHtmlCacheBehavior [ RunTime:0.000496s ]
INFO: [ app_begin ] --END-- [ RunTime:0.000556s ]
SQL: SHOW COLUMNS FROM `sc_cate` [ RunTime:0.0007s ]
SQL: SELECT * FROM `sc_cate` WHERE `cate_parentid` = 0 ORDER BY cate_sort asc  [ RunTime:0.0005s ]
SQL: SELECT `cate_id`,`cate_parentid` FROM `sc_cate` WHERE `cate_id` = 0 LIMIT 1   [ RunTime:0.0003s ]
INFO: [ view_parse ] --START--
INFO: [ template_filter ] --START--
INFO: Run Behavior\ContentReplaceBehavior [ RunTime:0.000795s ]
INFO: [ template_filter ] --END-- [ RunTime:0.000859s ]
NOTIC: [8] Undefined index: user_id D:\wamp64\www\sz\Application\Runtime\Cache\Home\5f5878b563bbd0551b6c84d71156b7e9.php 第 29 行.
INFO: Run Behavior\ParseTemplateBehavior [ RunTime:0.020318s ]
INFO: [ view_parse ] --END-- [ RunTime:0.020418s ]
INFO: [ view_filter ] --START--
INFO: Run Behavior\WriteHtmlCacheBehavior [ RunTime:0.000589s ]
INFO: [ view_filter ] --END-- [ RunTime:0.000674s ]
INFO: [ app_end ] --START--
INFO: Run Behavior\ShowPageTraceBehavior [ RunTime:0.002203s ]
INFO: [ app_end ] --END-- [ RunTime:0.002332s ]

[ 2018-05-17T22:57:14+08:00 ] ::1 /sz/index.php/Home/Lst/index/cate_id/1/p/3.html
INFO: [ app_init ] --START--
INFO: Run Behavior\BuildLiteBehavior [ RunTime:0.000014s ]
INFO: [ app_init ] --END-- [ RunTime:0.000403s ]
INFO: [ app_begin ] --START--
INFO: Run Behavior\ReadHtmlCacheBehavior [ RunTime:0.000550s ]
INFO: [ app_begin ] --END-- [ RunTime:0.000604s ]
SQL: SHOW COLUMNS FROM `sc_cate` [ RunTime:0.0005s ]
SQL: SELECT * FROM `sc_cate` WHERE `cate_parentid` = 0 ORDER BY cate_sort asc  [ RunTime:0.0003s ]
SQL: SELECT `cate_id`,`cate_parentid` FROM `sc_cate` WHERE `cate_id` = 1 LIMIT 1   [ RunTime:0.0002s ]
SQL: SHOW COLUMNS FROM `sc_article` [ RunTime:0.0005s ]
SQL: SELECT `cate_name` FROM `sc_cate` WHERE `cate_id` = 1 LIMIT 1   [ RunTime:0.0002s ]
SQL: SELECT COUNT(*) AS tp_count FROM `sc_article` WHERE `cate_id` = 1 LIMIT 1   [ RunTime:0.0002s ]
SQL: SELECT * FROM `sc_article` WHERE `cate_id` = 1 ORDER BY article_time desc LIMIT 4,2   [ RunTime:0.0003s ]
INFO: [ view_parse ] --START--
INFO: [ template_filter ] --START--
INFO: Run Behavior\ContentReplaceBehavior [ RunTime:0.000306s ]
INFO: [ template_filter ] --END-- [ RunTime:0.000406s ]
NOTIC: [8] Undefined index: user_id D:\wamp64\www\sz\Application\Runtime\Cache\Home\cb81eedfa59617cee80c720e6614fcd4.php 第 28 行.
NOTIC: [8] Undefined variable: curr D:\wamp64\www\sz\Application\Runtime\Cache\Home\cb81eedfa59617cee80c720e6614fcd4.php 第 146 行.
NOTIC: [8] Undefined index:  download D:\wamp64\www\sz\Application\Runtime\Cache\Home\cb81eedfa59617cee80c720e6614fcd4.php 第 334 行.
NOTIC: [8] Undefined index:  download D:\wamp64\www\sz\Application\Runtime\Cache\Home\cb81eedfa59617cee80c720e6614fcd4.php 第 334 行.
INFO: Run Behavior\ParseTemplateBehavior [ RunTime:0.013416s ]
INFO: [ view_parse ] --END-- [ RunTime:0.013484s ]
INFO: [ view_filter ] --START--
INFO: Run Behavior\WriteHtmlCacheBehavior [ RunTime:0.000390s ]
INFO: [ view_filter ] --END-- [ RunTime:0.000445s ]
INFO: [ app_end ] --START--
INFO: Run Behavior\ShowPageTraceBehavior [ RunTime:0.000737s ]
INFO: [ app_end ] --END-- [ RunTime:0.000794s ]

[ 2018-05-17T22:57:15+08:00 ] ::1 /sz/index.php/Home/Lst/index/cate_id/1/p/4.html
INFO: [ app_init ] --START--
INFO: Run Behavior\BuildLiteBehavior [ RunTime:0.000059s ]
INFO: [ app_init ] --END-- [ RunTime:0.001796s ]
INFO: [ app_begin ] --START--
INFO: Run Behavior\ReadHtmlCacheBehavior [ RunTime:0.000505s ]
INFO: [ app_begin ] --END-- [ RunTime:0.000565s ]
SQL: SHOW COLUMNS FROM `sc_cate` [ RunTime:0.0006s ]
SQL: SELECT * FROM `sc_cate` WHERE `cate_parentid` = 0 ORDER BY cate_sort asc  [ RunTime:0.0004s ]
SQL: SELECT `cate_id`,`cate_parentid` FROM `sc_cate` WHERE `cate_id` = 1 LIMIT 1   [ RunTime:0.0003s ]
SQL: SHOW COLUMNS FROM `sc_article` [ RunTime:0.0005s ]
SQL: SELECT `cate_name` FROM `sc_cate` WHERE `cate_id` = 1 LIMIT 1   [ RunTime:0.0002s ]
SQL: SELECT COUNT(*) AS tp_count FROM `sc_article` WHERE `cate_id` = 1 LIMIT 1   [ RunTime:0.0002s ]
SQL: SELECT * FROM `sc_article` WHERE `cate_id` = 1 ORDER BY article_time desc LIMIT 6,2   [ RunTime:0.0004s ]
INFO: [ view_parse ] --START--
INFO: [ template_filter ] --START--
INFO: Run Behavior\ContentReplaceBehavior [ RunTime:0.000255s ]
INFO: [ template_filter ] --END-- [ RunTime:0.000322s ]
NOTIC: [8] Undefined index: user_id D:\wamp64\www\sz\Application\Runtime\Cache\Home\cb81eedfa59617cee80c720e6614fcd4.php 第 28 行.
NOTIC: [8] Undefined variable: curr D:\wamp64\www\sz\Application\Runtime\Cache\Home\cb81eedfa59617cee80c720e6614fcd4.php 第 146 行.
NOTIC: [8] Undefined index:  download D:\wamp64\www\sz\Application\Runtime\Cache\Home\cb81eedfa59617cee80c720e6614fcd4.php 第 334 行.
NOTIC: [8] Undefined index:  download D:\wamp64\www\sz\Application\Runtime\Cache\Home\cb81eedfa59617cee80c720e6614fcd4.php 第 334 行.
INFO: Run Behavior\ParseTemplateBehavior [ RunTime:0.014031s ]
INFO: [ view_parse ] --END-- [ RunTime:0.014210s ]
INFO: [ view_filter ] --START--
INFO: Run Behavior\WriteHtmlCacheBehavior [ RunTime:0.000404s ]
INFO: [ view_filter ] --END-- [ RunTime:0.000480s ]
INFO: [ app_end ] --START--
INFO: Run Behavior\ShowPageTraceBehavior [ RunTime:0.000902s ]
INFO: [ app_end ] --END-- [ RunTime:0.000988s ]

[ 2018-05-17T22:57:16+08:00 ] ::1 /sz/index.php/Home/Lst/index/cate_id/1/p/6.html
INFO: [ app_init ] --START--
INFO: Run Behavior\BuildLiteBehavior [ RunTime:0.000014s ]
INFO: [ app_init ] --END-- [ RunTime:0.000425s ]
INFO: [ app_begin ] --START--
INFO: Run Behavior\ReadHtmlCacheBehavior [ RunTime:0.000554s ]
INFO: [ app_begin ] --END-- [ RunTime:0.000607s ]
SQL: SHOW COLUMNS FROM `sc_cate` [ RunTime:0.0006s ]
SQL: SELECT * FROM `sc_cate` WHERE `cate_parentid` = 0 ORDER BY cate_sort asc  [ RunTime:0.0003s ]
SQL: SELECT `cate_id`,`cate_parentid` FROM `sc_cate` WHERE `cate_id` = 1 LIMIT 1   [ RunTime:0.0002s ]
SQL: SHOW COLUMNS FROM `sc_article` [ RunTime:0.0005s ]
SQL: SELECT `cate_name` FROM `sc_cate` WHERE `cate_id` = 1 LIMIT 1   [ RunTime:0.0002s ]
SQL: SELECT COUNT(*) AS tp_count FROM `sc_article` WHERE `cate_id` = 1 LIMIT 1   [ RunTime:0.0002s ]
SQL: SELECT * FROM `sc_article` WHERE `cate_id` = 1 ORDER BY article_time desc LIMIT 10,2   [ RunTime:0.0003s ]
INFO: [ view_parse ] --START--
INFO: [ template_filter ] --START--
INFO: Run Behavior\ContentReplaceBehavior [ RunTime:0.000640s ]
INFO: [ template_filter ] --END-- [ RunTime:0.001064s ]
NOTIC: [8] Undefined index: user_id D:\wamp64\www\sz\Application\Runtime\Cache\Home\cb81eedfa59617cee80c720e6614fcd4.php 第 28 行.
NOTIC: [8] Undefined variable: curr D:\wamp64\www\sz\Application\Runtime\Cache\Home\cb81eedfa59617cee80c720e6614fcd4.php 第 146 行.
NOTIC: [8] Undefined index:  download D:\wamp64\www\sz\Application\Runtime\Cache\Home\cb81eedfa59617cee80c720e6614fcd4.php 第 334 行.
INFO: Run Behavior\ParseTemplateBehavior [ RunTime:0.013726s ]
INFO: [ view_parse ] --END-- [ RunTime:0.013789s ]
INFO: [ view_filter ] --START--
INFO: Run Behavior\WriteHtmlCacheBehavior [ RunTime:0.000503s ]
INFO: [ view_filter ] --END-- [ RunTime:0.000560s ]
INFO: [ app_end ] --START--
INFO: Run Behavior\ShowPageTraceBehavior [ RunTime:0.000600s ]
INFO: [ app_end ] --END-- [ RunTime:0.000656s ]

[ 2018-05-17T22:57:18+08:00 ] ::1 /sz/index.php/Home/Lst/index/cate_id/1/p/2.html
INFO: [ app_init ] --START--
INFO: Run Behavior\BuildLiteBehavior [ RunTime:0.000016s ]
INFO: [ app_init ] --END-- [ RunTime:0.000441s ]
INFO: [ app_begin ] --START--
INFO: Run Behavior\ReadHtmlCacheBehavior [ RunTime:0.000476s ]
INFO: [ app_begin ] --END-- [ RunTime:0.000530s ]
SQL: SHOW COLUMNS FROM `sc_cate` [ RunTime:0.0005s ]
SQL: SELECT * FROM `sc_cate` WHERE `cate_parentid` = 0 ORDER BY cate_sort asc  [ RunTime:0.0003s ]
SQL: SELECT `cate_id`,`cate_parentid` FROM `sc_cate` WHERE `cate_id` = 1 LIMIT 1   [ RunTime:0.0002s ]
SQL: SHOW COLUMNS FROM `sc_article` [ RunTime:0.0020s ]
SQL: SELECT `cate_name` FROM `sc_cate` WHERE `cate_id` = 1 LIMIT 1   [ RunTime:0.0004s ]
SQL: SELECT COUNT(*) AS tp_count FROM `sc_article` WHERE `cate_id` = 1 LIMIT 1   [ RunTime:0.0003s ]
SQL: SELECT * FROM `sc_article` WHERE `cate_id` = 1 ORDER BY article_time desc LIMIT 2,2   [ RunTime:0.0015s ]
INFO: [ view_parse ] --START--
INFO: [ template_filter ] --START--
INFO: Run Behavior\ContentReplaceBehavior [ RunTime:0.000262s ]
INFO: [ template_filter ] --END-- [ RunTime:0.000317s ]
NOTIC: [8] Undefined index: user_id D:\wamp64\www\sz\Application\Runtime\Cache\Home\cb81eedfa59617cee80c720e6614fcd4.php 第 28 行.
NOTIC: [8] Undefined variable: curr D:\wamp64\www\sz\Application\Runtime\Cache\Home\cb81eedfa59617cee80c720e6614fcd4.php 第 146 行.
NOTIC: [8] Undefined index:  download D:\wamp64\www\sz\Application\Runtime\Cache\Home\cb81eedfa59617cee80c720e6614fcd4.php 第 334 行.
NOTIC: [8] Undefined index:  download D:\wamp64\www\sz\Application\Runtime\Cache\Home\cb81eedfa59617cee80c720e6614fcd4.php 第 334 行.
INFO: Run Behavior\ParseTemplateBehavior [ RunTime:0.011389s ]
INFO: [ view_parse ] --END-- [ RunTime:0.011471s ]
INFO: [ view_filter ] --START--
INFO: Run Behavior\WriteHtmlCacheBehavior [ RunTime:0.000791s ]
INFO: [ view_filter ] --END-- [ RunTime:0.000868s ]
INFO: [ app_end ] --START--
INFO: Run Behavior\ShowPageTraceBehavior [ RunTime:0.000585s ]
INFO: [ app_end ] --END-- [ RunTime:0.000642s ]

