[ 2018-05-19T11:15:17+08:00 ] ::1 /szsanyi/index.php
INFO: [ app_init ] --START--
INFO: Run Behavior\BuildLiteBehavior [ RunTime:0.000018s ]
INFO: [ app_init ] --END-- [ RunTime:0.001001s ]
INFO: [ app_begin ] --START--
INFO: Run Behavior\ReadHtmlCacheBehavior [ RunTime:0.000771s ]
INFO: [ app_begin ] --END-- [ RunTime:0.000832s ]
SQL: SHOW COLUMNS FROM `sc_cate` [ RunTime:0.0270s ]
SQL: SELECT * FROM `sc_cate` WHERE `cate_parentid` = 0 ORDER BY cate_sort asc  [ RunTime:0.0008s ]
SQL: SELECT `cate_id`,`cate_parentid` FROM `sc_cate` WHERE `cate_id` = 0 LIMIT 1   [ RunTime:0.0003s ]
INFO: [ view_parse ] --START--
INFO: [ template_filter ] --START--
INFO: Run Behavior\ContentReplaceBehavior [ RunTime:0.000825s ]
INFO: [ template_filter ] --END-- [ RunTime:0.000942s ]
NOTIC: [8] Undefined index: user_id D:\wamp64\www\szsanyi\Application\Runtime\Cache\Home\5f5878b563bbd0551b6c84d71156b7e9.php 第 29 行.
INFO: Run Behavior\ParseTemplateBehavior [ RunTime:0.122243s ]
INFO: [ view_parse ] --END-- [ RunTime:0.122300s ]
INFO: [ view_filter ] --START--
INFO: Run Behavior\WriteHtmlCacheBehavior [ RunTime:0.031563s ]
INFO: [ view_filter ] --END-- [ RunTime:0.031623s ]
INFO: [ app_end ] --START--
INFO: Run Behavior\ShowPageTraceBehavior [ RunTime:0.010885s ]
INFO: [ app_end ] --END-- [ RunTime:0.011037s ]

[ 2018-05-19T11:16:26+08:00 ] ::1 /szsanyi/index.php/Home/Lst/index/cate_id/1
INFO: [ app_init ] --START--
INFO: Run Behavior\BuildLiteBehavior [ RunTime:0.000015s ]
INFO: [ app_init ] --END-- [ RunTime:0.000435s ]
INFO: [ app_begin ] --START--
INFO: Run Behavior\ReadHtmlCacheBehavior [ RunTime:0.000620s ]
INFO: [ app_begin ] --END-- [ RunTime:0.000673s ]
SQL: SHOW COLUMNS FROM `sc_cate` [ RunTime:0.0009s ]
SQL: SELECT * FROM `sc_cate` WHERE `cate_parentid` = 0 ORDER BY cate_sort asc  [ RunTime:0.0004s ]
SQL: SELECT `cate_id`,`cate_parentid` FROM `sc_cate` WHERE `cate_id` = 1 LIMIT 1   [ RunTime:0.0002s ]
SQL: SHOW COLUMNS FROM `sc_article` [ RunTime:0.0113s ]
SQL: SELECT `cate_name` FROM `sc_cate` WHERE `cate_id` = 1 LIMIT 1   [ RunTime:0.0002s ]
SQL: SELECT COUNT(*) AS tp_count FROM `sc_article` WHERE `cate_id` = 1 LIMIT 1   [ RunTime:0.0177s ]
SQL: SELECT * FROM `sc_article` WHERE `cate_id` = 1 ORDER BY article_time desc LIMIT 0,2   [ RunTime:0.0005s ]
INFO: [ view_parse ] --START--
INFO: [ template_filter ] --START--
INFO: Run Behavior\ContentReplaceBehavior [ RunTime:0.000287s ]
INFO: [ template_filter ] --END-- [ RunTime:0.000383s ]
NOTIC: [8] Undefined index: user_id D:\wamp64\www\szsanyi\Application\Runtime\Cache\Home\cb81eedfa59617cee80c720e6614fcd4.php 第 28 行.
NOTIC: [8] Undefined variable: curr D:\wamp64\www\szsanyi\Application\Runtime\Cache\Home\cb81eedfa59617cee80c720e6614fcd4.php 第 146 行.
NOTIC: [8] Undefined index:  download D:\wamp64\www\szsanyi\Application\Runtime\Cache\Home\cb81eedfa59617cee80c720e6614fcd4.php 第 334 行.
NOTIC: [8] Undefined index:  download D:\wamp64\www\szsanyi\Application\Runtime\Cache\Home\cb81eedfa59617cee80c720e6614fcd4.php 第 334 行.
INFO: Run Behavior\ParseTemplateBehavior [ RunTime:0.012401s ]
INFO: [ view_parse ] --END-- [ RunTime:0.012454s ]
INFO: [ view_filter ] --START--
INFO: Run Behavior\WriteHtmlCacheBehavior [ RunTime:0.000510s ]
INFO: [ view_filter ] --END-- [ RunTime:0.000562s ]
INFO: [ app_end ] --START--
INFO: Run Behavior\ShowPageTraceBehavior [ RunTime:0.000631s ]
INFO: [ app_end ] --END-- [ RunTime:0.000685s ]

[ 2018-05-19T11:16:26+08:00 ] ::1 /szsanyi/
INFO: [ app_init ] --START--
INFO: Run Behavior\BuildLiteBehavior [ RunTime:0.000030s ]
INFO: [ app_init ] --END-- [ RunTime:0.000516s ]
INFO: [ app_begin ] --START--
INFO: Run Behavior\ReadHtmlCacheBehavior [ RunTime:0.000880s ]
INFO: [ app_begin ] --END-- [ RunTime:0.001006s ]
SQL: SHOW COLUMNS FROM `sc_cate` [ RunTime:0.0011s ]
SQL: SELECT * FROM `sc_cate` WHERE `cate_parentid` = 0 ORDER BY cate_sort asc  [ RunTime:0.0005s ]
SQL: SELECT `cate_id`,`cate_parentid` FROM `sc_cate` WHERE `cate_id` = 0 LIMIT 1   [ RunTime:0.0002s ]
INFO: [ view_parse ] --START--
INFO: [ template_filter ] --START--
INFO: Run Behavior\ContentReplaceBehavior [ RunTime:0.001499s ]
INFO: [ template_filter ] --END-- [ RunTime:0.001628s ]
NOTIC: [8] Undefined index: user_id D:\wamp64\www\szsanyi\Application\Runtime\Cache\Home\5f5878b563bbd0551b6c84d71156b7e9.php 第 29 行.
INFO: Run Behavior\ParseTemplateBehavior [ RunTime:0.029560s ]
INFO: [ view_parse ] --END-- [ RunTime:0.029649s ]
INFO: [ view_filter ] --START--
INFO: Run Behavior\WriteHtmlCacheBehavior [ RunTime:0.000798s ]
INFO: [ view_filter ] --END-- [ RunTime:0.000886s ]
INFO: [ app_end ] --START--
INFO: Run Behavior\ShowPageTraceBehavior [ RunTime:0.001542s ]
INFO: [ app_end ] --END-- [ RunTime:0.001627s ]

[ 2018-05-19T11:16:29+08:00 ] ::1 /szsanyi/index.php
INFO: [ app_init ] --START--
INFO: Run Behavior\BuildLiteBehavior [ RunTime:0.000014s ]
INFO: [ app_init ] --END-- [ RunTime:0.000435s ]
INFO: [ app_begin ] --START--
INFO: Run Behavior\ReadHtmlCacheBehavior [ RunTime:0.000590s ]
INFO: [ app_begin ] --END-- [ RunTime:0.000649s ]
SQL: SHOW COLUMNS FROM `sc_cate` [ RunTime:0.0011s ]
SQL: SELECT * FROM `sc_cate` WHERE `cate_parentid` = 0 ORDER BY cate_sort asc  [ RunTime:0.0006s ]
SQL: SELECT `cate_id`,`cate_parentid` FROM `sc_cate` WHERE `cate_id` = 0 LIMIT 1   [ RunTime:0.0003s ]
INFO: [ view_parse ] --START--
INFO: [ template_filter ] --START--
INFO: Run Behavior\ContentReplaceBehavior [ RunTime:0.001179s ]
INFO: [ template_filter ] --END-- [ RunTime:0.001327s ]
NOTIC: [8] Undefined index: user_id D:\wamp64\www\szsanyi\Application\Runtime\Cache\Home\5f5878b563bbd0551b6c84d71156b7e9.php 第 29 行.
INFO: Run Behavior\ParseTemplateBehavior [ RunTime:0.015943s ]
INFO: [ view_parse ] --END-- [ RunTime:0.016016s ]
INFO: [ view_filter ] --START--
INFO: Run Behavior\WriteHtmlCacheBehavior [ RunTime:0.000515s ]
INFO: [ view_filter ] --END-- [ RunTime:0.000565s ]
INFO: [ app_end ] --START--
INFO: Run Behavior\ShowPageTraceBehavior [ RunTime:0.000615s ]
INFO: [ app_end ] --END-- [ RunTime:0.000691s ]

[ 2018-05-19T11:16:35+08:00 ] ::1 /szsanyi/index.php/Home/Lst/index/cate_id/2
INFO: [ app_init ] --START--
INFO: Run Behavior\BuildLiteBehavior [ RunTime:0.000027s ]
INFO: [ app_init ] --END-- [ RunTime:0.000441s ]
INFO: [ app_begin ] --START--
INFO: Run Behavior\ReadHtmlCacheBehavior [ RunTime:0.000732s ]
INFO: [ app_begin ] --END-- [ RunTime:0.000813s ]
SQL: SHOW COLUMNS FROM `sc_cate` [ RunTime:0.0008s ]
SQL: SELECT * FROM `sc_cate` WHERE `cate_parentid` = 0 ORDER BY cate_sort asc  [ RunTime:0.0003s ]
SQL: SELECT `cate_id`,`cate_parentid` FROM `sc_cate` WHERE `cate_id` = 2 LIMIT 1   [ RunTime:0.0011s ]
SQL: SHOW COLUMNS FROM `sc_article` [ RunTime:0.0045s ]
SQL: SELECT `cate_name` FROM `sc_cate` WHERE `cate_id` = 2 LIMIT 1   [ RunTime:0.0002s ]
SQL: SELECT COUNT(*) AS tp_count FROM `sc_article` WHERE `cate_id` = 2 LIMIT 1   [ RunTime:0.0001s ]
SQL: SELECT * FROM `sc_article` WHERE `cate_id` = 2 ORDER BY article_time desc LIMIT 0,2   [ RunTime:0.0005s ]
INFO: [ view_parse ] --START--
INFO: [ template_filter ] --START--
INFO: Run Behavior\ContentReplaceBehavior [ RunTime:0.000246s ]
INFO: [ template_filter ] --END-- [ RunTime:0.000305s ]
NOTIC: [8] Undefined index: user_id D:\wamp64\www\szsanyi\Application\Runtime\Cache\Home\cb81eedfa59617cee80c720e6614fcd4.php 第 28 行.
NOTIC: [8] Undefined variable: curr D:\wamp64\www\szsanyi\Application\Runtime\Cache\Home\cb81eedfa59617cee80c720e6614fcd4.php 第 146 行.
NOTIC: [8] Undefined index:  download D:\wamp64\www\szsanyi\Application\Runtime\Cache\Home\cb81eedfa59617cee80c720e6614fcd4.php 第 334 行.
INFO: Run Behavior\ParseTemplateBehavior [ RunTime:0.016630s ]
INFO: [ view_parse ] --END-- [ RunTime:0.016707s ]
INFO: [ view_filter ] --START--
INFO: Run Behavior\WriteHtmlCacheBehavior [ RunTime:0.000563s ]
INFO: [ view_filter ] --END-- [ RunTime:0.000614s ]
INFO: [ app_end ] --START--
INFO: Run Behavior\ShowPageTraceBehavior [ RunTime:0.000626s ]
INFO: [ app_end ] --END-- [ RunTime:0.000682s ]

[ 2018-05-19T11:16:36+08:00 ] ::1 /szsanyi/index.php/Home/Lst/index/cate_id/3
INFO: [ app_init ] --START--
INFO: Run Behavior\BuildLiteBehavior [ RunTime:0.000014s ]
INFO: [ app_init ] --END-- [ RunTime:0.000430s ]
INFO: [ app_begin ] --START--
INFO: Run Behavior\ReadHtmlCacheBehavior [ RunTime:0.000553s ]
INFO: [ app_begin ] --END-- [ RunTime:0.000617s ]
SQL: SHOW COLUMNS FROM `sc_cate` [ RunTime:0.0008s ]
SQL: SELECT * FROM `sc_cate` WHERE `cate_parentid` = 0 ORDER BY cate_sort asc  [ RunTime:0.0003s ]
SQL: SELECT `cate_id`,`cate_parentid` FROM `sc_cate` WHERE `cate_id` = 3 LIMIT 1   [ RunTime:0.0002s ]
SQL: SHOW COLUMNS FROM `sc_article` [ RunTime:0.0011s ]
SQL: SELECT `cate_name` FROM `sc_cate` WHERE `cate_id` = 3 LIMIT 1   [ RunTime:0.0009s ]
SQL: SELECT COUNT(*) AS tp_count FROM `sc_article` WHERE `cate_id` = 3 LIMIT 1   [ RunTime:0.0002s ]
SQL: SELECT * FROM `sc_article` WHERE `cate_id` = 3 ORDER BY article_time desc LIMIT 0,2   [ RunTime:0.0003s ]
INFO: [ view_parse ] --START--
INFO: [ template_filter ] --START--
INFO: Run Behavior\ContentReplaceBehavior [ RunTime:0.000255s ]
INFO: [ template_filter ] --END-- [ RunTime:0.000313s ]
NOTIC: [8] Undefined index: user_id D:\wamp64\www\szsanyi\Application\Runtime\Cache\Home\cb81eedfa59617cee80c720e6614fcd4.php 第 28 行.
NOTIC: [8] Undefined variable: curr D:\wamp64\www\szsanyi\Application\Runtime\Cache\Home\cb81eedfa59617cee80c720e6614fcd4.php 第 146 行.
INFO: Run Behavior\ParseTemplateBehavior [ RunTime:0.014116s ]
INFO: [ view_parse ] --END-- [ RunTime:0.014172s ]
INFO: [ view_filter ] --START--
INFO: Run Behavior\WriteHtmlCacheBehavior [ RunTime:0.000428s ]
INFO: [ view_filter ] --END-- [ RunTime:0.000483s ]
INFO: [ app_end ] --START--
INFO: Run Behavior\ShowPageTraceBehavior [ RunTime:0.000727s ]
INFO: [ app_end ] --END-- [ RunTime:0.000789s ]

[ 2018-05-19T11:16:37+08:00 ] ::1 /szsanyi/index.php/Home/Lst/index/cate_id/10
INFO: [ app_init ] --START--
INFO: Run Behavior\BuildLiteBehavior [ RunTime:0.000015s ]
INFO: [ app_init ] --END-- [ RunTime:0.000457s ]
INFO: [ app_begin ] --START--
INFO: Run Behavior\ReadHtmlCacheBehavior [ RunTime:0.000569s ]
INFO: [ app_begin ] --END-- [ RunTime:0.000624s ]
SQL: SHOW COLUMNS FROM `sc_cate` [ RunTime:0.0009s ]
SQL: SELECT * FROM `sc_cate` WHERE `cate_parentid` = 0 ORDER BY cate_sort asc  [ RunTime:0.0003s ]
SQL: SELECT `cate_id`,`cate_parentid` FROM `sc_cate` WHERE `cate_id` = 10 LIMIT 1   [ RunTime:0.0002s ]
SQL: SHOW COLUMNS FROM `sc_article` [ RunTime:0.0008s ]
SQL: SELECT `cate_name` FROM `sc_cate` WHERE `cate_id` = 10 LIMIT 1   [ RunTime:0.0002s ]
SQL: SELECT COUNT(*) AS tp_count FROM `sc_article` WHERE `cate_id` = 10 LIMIT 1   [ RunTime:0.0002s ]
SQL: SELECT * FROM `sc_article` WHERE `cate_id` = 10 ORDER BY article_time desc LIMIT 0,2   [ RunTime:0.0014s ]
INFO: [ view_parse ] --START--
INFO: [ template_filter ] --START--
INFO: Run Behavior\ContentReplaceBehavior [ RunTime:0.000261s ]
INFO: [ template_filter ] --END-- [ RunTime:0.000321s ]
NOTIC: [8] Undefined index: user_id D:\wamp64\www\szsanyi\Application\Runtime\Cache\Home\cb81eedfa59617cee80c720e6614fcd4.php 第 28 行.
NOTIC: [8] Undefined variable: curr D:\wamp64\www\szsanyi\Application\Runtime\Cache\Home\cb81eedfa59617cee80c720e6614fcd4.php 第 146 行.
INFO: Run Behavior\ParseTemplateBehavior [ RunTime:0.010158s ]
INFO: [ view_parse ] --END-- [ RunTime:0.010224s ]
INFO: [ view_filter ] --START--
INFO: Run Behavior\WriteHtmlCacheBehavior [ RunTime:0.000477s ]
INFO: [ view_filter ] --END-- [ RunTime:0.000527s ]
INFO: [ app_end ] --START--
INFO: Run Behavior\ShowPageTraceBehavior [ RunTime:0.000646s ]
INFO: [ app_end ] --END-- [ RunTime:0.000704s ]

[ 2018-05-19T11:16:38+08:00 ] ::1 /szsanyi/index.php/Home/Lst/index/cate_id/11
INFO: [ app_init ] --START--
INFO: Run Behavior\BuildLiteBehavior [ RunTime:0.000018s ]
INFO: [ app_init ] --END-- [ RunTime:0.000458s ]
INFO: [ app_begin ] --START--
INFO: Run Behavior\ReadHtmlCacheBehavior [ RunTime:0.000569s ]
INFO: [ app_begin ] --END-- [ RunTime:0.000627s ]
SQL: SHOW COLUMNS FROM `sc_cate` [ RunTime:0.0013s ]
SQL: SELECT * FROM `sc_cate` WHERE `cate_parentid` = 0 ORDER BY cate_sort asc  [ RunTime:0.0004s ]
SQL: SELECT `cate_id`,`cate_parentid` FROM `sc_cate` WHERE `cate_id` = 11 LIMIT 1   [ RunTime:0.0002s ]
SQL: SHOW COLUMNS FROM `sc_article` [ RunTime:0.0009s ]
SQL: SELECT `cate_name` FROM `sc_cate` WHERE `cate_id` = 11 LIMIT 1   [ RunTime:0.0003s ]
SQL: SELECT COUNT(*) AS tp_count FROM `sc_article` WHERE `cate_id` = 11 LIMIT 1   [ RunTime:0.0002s ]
SQL: SELECT * FROM `sc_article` WHERE `cate_id` = 11 ORDER BY article_time desc LIMIT 0,2   [ RunTime:0.0003s ]
INFO: [ view_parse ] --START--
INFO: [ template_filter ] --START--
INFO: Run Behavior\ContentReplaceBehavior [ RunTime:0.000261s ]
INFO: [ template_filter ] --END-- [ RunTime:0.000323s ]
NOTIC: [8] Undefined index: user_id D:\wamp64\www\szsanyi\Application\Runtime\Cache\Home\cb81eedfa59617cee80c720e6614fcd4.php 第 28 行.
NOTIC: [8] Undefined variable: curr D:\wamp64\www\szsanyi\Application\Runtime\Cache\Home\cb81eedfa59617cee80c720e6614fcd4.php 第 146 行.
INFO: Run Behavior\ParseTemplateBehavior [ RunTime:0.009735s ]
INFO: [ view_parse ] --END-- [ RunTime:0.009788s ]
INFO: [ view_filter ] --START--
INFO: Run Behavior\WriteHtmlCacheBehavior [ RunTime:0.000495s ]
INFO: [ view_filter ] --END-- [ RunTime:0.000544s ]
INFO: [ app_end ] --START--
INFO: Run Behavior\ShowPageTraceBehavior [ RunTime:0.000737s ]
INFO: [ app_end ] --END-- [ RunTime:0.000815s ]

[ 2018-05-19T11:16:38+08:00 ] ::1 /szsanyi/index.php/Home/Topic/index/cate_id/4
INFO: [ app_init ] --START--
INFO: Run Behavior\BuildLiteBehavior [ RunTime:0.000019s ]
INFO: [ app_init ] --END-- [ RunTime:0.000416s ]
INFO: [ app_begin ] --START--
INFO: Run Behavior\ReadHtmlCacheBehavior [ RunTime:0.000687s ]
INFO: [ app_begin ] --END-- [ RunTime:0.000753s ]
SQL: SHOW COLUMNS FROM `sc_cate` [ RunTime:0.0008s ]
SQL: SELECT * FROM `sc_cate` WHERE `cate_parentid` = 0 ORDER BY cate_sort asc  [ RunTime:0.0003s ]
SQL: SELECT `cate_id`,`cate_parentid` FROM `sc_cate` WHERE `cate_id` = 4 LIMIT 1   [ RunTime:0.0002s ]
SQL: SELECT `cate_id` FROM `sc_cate` WHERE `cate_parentid` = 4  [ RunTime:0.0002s ]
SQL: SELECT * FROM `sc_cate` WHERE `cate_parentid` = 4  [ RunTime:0.0003s ]
SQL: SHOW COLUMNS FROM `sc_topic` [ RunTime:0.0384s ]
SQL: SELECT COUNT(*) AS tp_count FROM `sc_topic` WHERE `cate_id` IN ('8','17','18','19','20','21','22','4') LIMIT 1   [ RunTime:0.0317s ]
SQL: SELECT * FROM `sc_topic` WHERE `cate_id` IN ('8','17','18','19','20','21','22','4') ORDER BY topic_id desc LIMIT 0,15   [ RunTime:0.0034s ]
SQL: SHOW COLUMNS FROM `sc_userinfo` [ RunTime:0.0017s ]
SQL: SHOW COLUMNS FROM `sc_comment` [ RunTime:0.0160s ]
SQL: SELECT `user_id`,`face50`,`nickname` FROM `sc_userinfo` WHERE `user_id` = 36 LIMIT 1   [ RunTime:0.0005s ]
SQL: SELECT `content`,`member_id`,`time` FROM `sc_comment` WHERE `article_id` = 26 ORDER BY time desc LIMIT 1   [ RunTime:0.0004s ]
SQL: SELECT `user_id`,`face50`,`nickname` FROM `sc_userinfo` WHERE `user_id` = 50 LIMIT 1   [ RunTime:0.0002s ]
SQL: SELECT `user_id`,`face50`,`nickname` FROM `sc_userinfo` WHERE `user_id` = 36 LIMIT 1   [ RunTime:0.0002s ]
SQL: SELECT `content`,`member_id`,`time` FROM `sc_comment` WHERE `article_id` = 25 ORDER BY time desc LIMIT 1   [ RunTime:0.0002s ]
SQL: SELECT `user_id`,`face50`,`nickname` FROM `sc_userinfo` WHERE `user_id` = 36 LIMIT 1   [ RunTime:0.0002s ]
SQL: SELECT `user_id`,`face50`,`nickname` FROM `sc_userinfo` WHERE `user_id` = 50 LIMIT 1   [ RunTime:0.0002s ]
SQL: SELECT `content`,`member_id`,`time` FROM `sc_comment` WHERE `article_id` = 24 ORDER BY time desc LIMIT 1   [ RunTime:0.0002s ]
SQL: SELECT `user_id`,`face50`,`nickname` FROM `sc_userinfo` WHERE `user_id` = null LIMIT 1   [ RunTime:0.0002s ]
SQL: SELECT `user_id`,`face50`,`nickname` FROM `sc_userinfo` WHERE `user_id` = 50 LIMIT 1   [ RunTime:0.0002s ]
SQL: SELECT `content`,`member_id`,`time` FROM `sc_comment` WHERE `article_id` = 23 ORDER BY time desc LIMIT 1   [ RunTime:0.0002s ]
SQL: SELECT `user_id`,`face50`,`nickname` FROM `sc_userinfo` WHERE `user_id` = null LIMIT 1   [ RunTime:0.0002s ]
SQL: SELECT `user_id`,`face50`,`nickname` FROM `sc_userinfo` WHERE `user_id` = 50 LIMIT 1   [ RunTime:0.0002s ]
SQL: SELECT `content`,`member_id`,`time` FROM `sc_comment` WHERE `article_id` = 22 ORDER BY time desc LIMIT 1   [ RunTime:0.0002s ]
SQL: SELECT `user_id`,`face50`,`nickname` FROM `sc_userinfo` WHERE `user_id` = null LIMIT 1   [ RunTime:0.0002s ]
SQL: SELECT `user_id`,`face50`,`nickname` FROM `sc_userinfo` WHERE `user_id` = 8 LIMIT 1   [ RunTime:0.0002s ]
SQL: SELECT `content`,`member_id`,`time` FROM `sc_comment` WHERE `article_id` = 21 ORDER BY time desc LIMIT 1   [ RunTime:0.0001s ]
SQL: SELECT `user_id`,`face50`,`nickname` FROM `sc_userinfo` WHERE `user_id` = 36 LIMIT 1   [ RunTime:0.0001s ]
SQL: SELECT `user_id`,`face50`,`nickname` FROM `sc_userinfo` WHERE `user_id` = 8 LIMIT 1   [ RunTime:0.0002s ]
SQL: SELECT `content`,`member_id`,`time` FROM `sc_comment` WHERE `article_id` = 19 ORDER BY time desc LIMIT 1   [ RunTime:0.0012s ]
SQL: SELECT `user_id`,`face50`,`nickname` FROM `sc_userinfo` WHERE `user_id` = 8 LIMIT 1   [ RunTime:0.0005s ]
SQL: SELECT `user_id`,`face50`,`nickname` FROM `sc_userinfo` WHERE `user_id` = 8 LIMIT 1   [ RunTime:0.0003s ]
SQL: SELECT `content`,`member_id`,`time` FROM `sc_comment` WHERE `article_id` = 17 ORDER BY time desc LIMIT 1   [ RunTime:0.0003s ]
SQL: SELECT `user_id`,`face50`,`nickname` FROM `sc_userinfo` WHERE `user_id` = 39 LIMIT 1   [ RunTime:0.0002s ]
SQL: SELECT `user_id`,`face50`,`nickname` FROM `sc_userinfo` WHERE `user_id` = 8 LIMIT 1   [ RunTime:0.0002s ]
SQL: SELECT `content`,`member_id`,`time` FROM `sc_comment` WHERE `article_id` = 16 ORDER BY time desc LIMIT 1   [ RunTime:0.0002s ]
SQL: SELECT `user_id`,`face50`,`nickname` FROM `sc_userinfo` WHERE `user_id` = 8 LIMIT 1   [ RunTime:0.0002s ]
SQL: SELECT `user_id`,`face50`,`nickname` FROM `sc_userinfo` WHERE `user_id` = 36 LIMIT 1   [ RunTime:0.0002s ]
SQL: SELECT `content`,`member_id`,`time` FROM `sc_comment` WHERE `article_id` = 13 ORDER BY time desc LIMIT 1   [ RunTime:0.0002s ]
SQL: SELECT `user_id`,`face50`,`nickname` FROM `sc_userinfo` WHERE `user_id` = 50 LIMIT 1   [ RunTime:0.0002s ]
SQL: SELECT `user_id`,`face50`,`nickname` FROM `sc_userinfo` WHERE `user_id` = 38 LIMIT 1   [ RunTime:0.0002s ]
SQL: SELECT `content`,`member_id`,`time` FROM `sc_comment` WHERE `article_id` = 10 ORDER BY time desc LIMIT 1   [ RunTime:0.0002s ]
SQL: SELECT `user_id`,`face50`,`nickname` FROM `sc_userinfo` WHERE `user_id` = 36 LIMIT 1   [ RunTime:0.0002s ]
SQL: SELECT `topic_id`,`topic_title`,`cate_id`,`click`,`comment`,`release_time` FROM `sc_topic` ORDER BY comment desc LIMIT 5   [ RunTime:0.0002s ]
INFO: [ view_parse ] --START--
INFO: [ template_filter ] --START--
INFO: Run Behavior\ContentReplaceBehavior [ RunTime:0.000323s ]
INFO: [ template_filter ] --END-- [ RunTime:0.000417s ]
NOTIC: [8] Undefined index: user_id D:\wamp64\www\szsanyi\Application\Runtime\Cache\Home\1093f07c77d6e1e3d6a1d26a6fc8fc7f.php 第 29 行.
NOTIC: [8] Undefined variable: curr D:\wamp64\www\szsanyi\Application\Runtime\Cache\Home\1093f07c77d6e1e3d6a1d26a6fc8fc7f.php 第 147 行.
INFO: Run Behavior\ParseTemplateBehavior [ RunTime:0.012745s ]
INFO: [ view_parse ] --END-- [ RunTime:0.012861s ]
INFO: [ view_filter ] --START--
INFO: Run Behavior\WriteHtmlCacheBehavior [ RunTime:0.000497s ]
INFO: [ view_filter ] --END-- [ RunTime:0.000548s ]
INFO: [ app_end ] --START--
INFO: Run Behavior\ShowPageTraceBehavior [ RunTime:0.000623s ]
INFO: [ app_end ] --END-- [ RunTime:0.000683s ]

[ 2018-05-19T11:16:39+08:00 ] ::1 /szsanyi/
INFO: [ app_init ] --START--
INFO: Run Behavior\BuildLiteBehavior [ RunTime:0.000013s ]
INFO: [ app_init ] --END-- [ RunTime:0.000335s ]
INFO: [ app_begin ] --START--
INFO: Run Behavior\ReadHtmlCacheBehavior [ RunTime:0.000726s ]
INFO: [ app_begin ] --END-- [ RunTime:0.000811s ]
SQL: SHOW COLUMNS FROM `sc_cate` [ RunTime:0.0012s ]
SQL: SELECT * FROM `sc_cate` WHERE `cate_parentid` = 0 ORDER BY cate_sort asc  [ RunTime:0.0005s ]
SQL: SELECT `cate_id`,`cate_parentid` FROM `sc_cate` WHERE `cate_id` = 0 LIMIT 1   [ RunTime:0.0002s ]
INFO: [ view_parse ] --START--
INFO: [ template_filter ] --START--
INFO: Run Behavior\ContentReplaceBehavior [ RunTime:0.000764s ]
INFO: [ template_filter ] --END-- [ RunTime:0.000838s ]
NOTIC: [8] Undefined index: user_id D:\wamp64\www\szsanyi\Application\Runtime\Cache\Home\5f5878b563bbd0551b6c84d71156b7e9.php 第 29 行.
INFO: Run Behavior\ParseTemplateBehavior [ RunTime:0.020559s ]
INFO: [ view_parse ] --END-- [ RunTime:0.020635s ]
INFO: [ view_filter ] --START--
INFO: Run Behavior\WriteHtmlCacheBehavior [ RunTime:0.000418s ]
INFO: [ view_filter ] --END-- [ RunTime:0.000470s ]
INFO: [ app_end ] --START--
INFO: Run Behavior\ShowPageTraceBehavior [ RunTime:0.007103s ]
INFO: [ app_end ] --END-- [ RunTime:0.007263s ]

[ 2018-05-19T11:16:44+08:00 ] ::1 /szsanyi/index.php/Home/Lst/index/cate_id/1
INFO: [ app_init ] --START--
INFO: Run Behavior\BuildLiteBehavior [ RunTime:0.000014s ]
INFO: [ app_init ] --END-- [ RunTime:0.000406s ]
INFO: [ app_begin ] --START--
INFO: Run Behavior\ReadHtmlCacheBehavior [ RunTime:0.000507s ]
INFO: [ app_begin ] --END-- [ RunTime:0.000566s ]
SQL: SHOW COLUMNS FROM `sc_cate` [ RunTime:0.0007s ]
SQL: SELECT * FROM `sc_cate` WHERE `cate_parentid` = 0 ORDER BY cate_sort asc  [ RunTime:0.0003s ]
SQL: SELECT `cate_id`,`cate_parentid` FROM `sc_cate` WHERE `cate_id` = 1 LIMIT 1   [ RunTime:0.0002s ]
SQL: SHOW COLUMNS FROM `sc_article` [ RunTime:0.0007s ]
SQL: SELECT `cate_name` FROM `sc_cate` WHERE `cate_id` = 1 LIMIT 1   [ RunTime:0.0002s ]
SQL: SELECT COUNT(*) AS tp_count FROM `sc_article` WHERE `cate_id` = 1 LIMIT 1   [ RunTime:0.0002s ]
SQL: SELECT * FROM `sc_article` WHERE `cate_id` = 1 ORDER BY article_time desc LIMIT 0,2   [ RunTime:0.0002s ]
INFO: [ view_parse ] --START--
INFO: [ template_filter ] --START--
INFO: Run Behavior\ContentReplaceBehavior [ RunTime:0.000244s ]
INFO: [ template_filter ] --END-- [ RunTime:0.000303s ]
NOTIC: [8] Undefined index: user_id D:\wamp64\www\szsanyi\Application\Runtime\Cache\Home\cb81eedfa59617cee80c720e6614fcd4.php 第 28 行.
NOTIC: [8] Undefined variable: curr D:\wamp64\www\szsanyi\Application\Runtime\Cache\Home\cb81eedfa59617cee80c720e6614fcd4.php 第 146 行.
NOTIC: [8] Undefined index:  download D:\wamp64\www\szsanyi\Application\Runtime\Cache\Home\cb81eedfa59617cee80c720e6614fcd4.php 第 334 行.
NOTIC: [8] Undefined index:  download D:\wamp64\www\szsanyi\Application\Runtime\Cache\Home\cb81eedfa59617cee80c720e6614fcd4.php 第 334 行.
INFO: Run Behavior\ParseTemplateBehavior [ RunTime:0.014384s ]
INFO: [ view_parse ] --END-- [ RunTime:0.014438s ]
INFO: [ view_filter ] --START--
INFO: Run Behavior\WriteHtmlCacheBehavior [ RunTime:0.000392s ]
INFO: [ view_filter ] --END-- [ RunTime:0.000448s ]
INFO: [ app_end ] --START--
INFO: Run Behavior\ShowPageTraceBehavior [ RunTime:0.000748s ]
INFO: [ app_end ] --END-- [ RunTime:0.000843s ]

[ 2018-05-19T11:16:44+08:00 ] ::1 /szsanyi/
INFO: [ app_init ] --START--
INFO: Run Behavior\BuildLiteBehavior [ RunTime:0.000031s ]
INFO: [ app_init ] --END-- [ RunTime:0.000498s ]
INFO: [ app_begin ] --START--
INFO: Run Behavior\ReadHtmlCacheBehavior [ RunTime:0.000632s ]
INFO: [ app_begin ] --END-- [ RunTime:0.000738s ]
SQL: SHOW COLUMNS FROM `sc_cate` [ RunTime:0.0011s ]
SQL: SELECT * FROM `sc_cate` WHERE `cate_parentid` = 0 ORDER BY cate_sort asc  [ RunTime:0.0005s ]
SQL: SELECT `cate_id`,`cate_parentid` FROM `sc_cate` WHERE `cate_id` = 0 LIMIT 1   [ RunTime:0.0003s ]
INFO: [ view_parse ] --START--
INFO: [ template_filter ] --START--
INFO: Run Behavior\ContentReplaceBehavior [ RunTime:0.000915s ]
INFO: [ template_filter ] --END-- [ RunTime:0.001026s ]
NOTIC: [8] Undefined index: user_id D:\wamp64\www\szsanyi\Application\Runtime\Cache\Home\5f5878b563bbd0551b6c84d71156b7e9.php 第 29 行.
INFO: Run Behavior\ParseTemplateBehavior [ RunTime:0.020276s ]
INFO: [ view_parse ] --END-- [ RunTime:0.020367s ]
INFO: [ view_filter ] --START--
INFO: Run Behavior\WriteHtmlCacheBehavior [ RunTime:0.000479s ]
INFO: [ view_filter ] --END-- [ RunTime:0.000567s ]
INFO: [ app_end ] --START--
INFO: Run Behavior\ShowPageTraceBehavior [ RunTime:0.001028s ]
INFO: [ app_end ] --END-- [ RunTime:0.001138s ]

