[ 2018-05-16T17:35:31+08:00 ] ::1 /sucai/
INFO: [ app_init ] --START--
INFO: Run Behavior\BuildLiteBehavior [ RunTime:0.000021s ]
INFO: [ app_init ] --END-- [ RunTime:0.001892s ]
INFO: [ app_begin ] --START--
INFO: Run Behavior\ReadHtmlCacheBehavior [ RunTime:0.027313s ]
INFO: [ app_begin ] --END-- [ RunTime:0.027393s ]
SQL: SHOW COLUMNS FROM `sc_cate` [ RunTime:0.0403s ]
SQL: SELECT * FROM `sc_cate` WHERE `cate_parentid` = 0 ORDER BY cate_sort asc  [ RunTime:0.0085s ]
SQL: SELECT `cate_id`,`cate_parentid` FROM `sc_cate` WHERE `cate_id` = 0 LIMIT 1   [ RunTime:0.0004s ]
INFO: [ view_parse ] --START--
INFO: [ template_filter ] --START--
INFO: Run Behavior\ContentReplaceBehavior [ RunTime:0.000754s ]
INFO: [ template_filter ] --END-- [ RunTime:0.000839s ]
NOTIC: [8] Undefined index: user_id D:\wamp64\www\sucai\Application\Runtime\Cache\Home\5f5878b563bbd0551b6c84d71156b7e9.php 第 29 行.
INFO: Run Behavior\ParseTemplateBehavior [ RunTime:0.196747s ]
INFO: [ view_parse ] --END-- [ RunTime:0.196816s ]
INFO: [ view_filter ] --START--
INFO: Run Behavior\WriteHtmlCacheBehavior [ RunTime:0.013919s ]
INFO: [ view_filter ] --END-- [ RunTime:0.014001s ]
INFO: [ app_end ] --START--
INFO: Run Behavior\ShowPageTraceBehavior [ RunTime:0.010870s ]
INFO: [ app_end ] --END-- [ RunTime:0.011022s ]

[ 2018-05-16T17:49:18+08:00 ] ::1 /sucai/index.php/
INFO: [ app_init ] --START--
INFO: Run Behavior\BuildLiteBehavior [ RunTime:0.000014s ]
INFO: [ app_init ] --END-- [ RunTime:0.000406s ]
INFO: [ app_begin ] --START--
INFO: Run Behavior\ReadHtmlCacheBehavior [ RunTime:0.000485s ]
INFO: [ app_begin ] --END-- [ RunTime:0.000539s ]
SQL: SHOW COLUMNS FROM `sc_cate` [ RunTime:0.0047s ]
SQL: SELECT * FROM `sc_cate` WHERE `cate_parentid` = 0 ORDER BY cate_sort asc  [ RunTime:0.0004s ]
SQL: SELECT `cate_id`,`cate_parentid` FROM `sc_cate` WHERE `cate_id` = 0 LIMIT 1   [ RunTime:0.0002s ]
INFO: [ view_parse ] --START--
INFO: [ template_filter ] --START--
INFO: Run Behavior\ContentReplaceBehavior [ RunTime:0.001333s ]
INFO: [ template_filter ] --END-- [ RunTime:0.001658s ]
NOTIC: [8] Undefined index: user_id D:\wamp64\www\sucai\Application\Runtime\Cache\Home\5f5878b563bbd0551b6c84d71156b7e9.php 第 29 行.
INFO: Run Behavior\ParseTemplateBehavior [ RunTime:0.015862s ]
INFO: [ view_parse ] --END-- [ RunTime:0.015920s ]
INFO: [ view_filter ] --START--
INFO: Run Behavior\WriteHtmlCacheBehavior [ RunTime:0.000342s ]
INFO: [ view_filter ] --END-- [ RunTime:0.000394s ]
INFO: [ app_end ] --START--
INFO: Run Behavior\ShowPageTraceBehavior [ RunTime:0.000518s ]
INFO: [ app_end ] --END-- [ RunTime:0.000581s ]

[ 2018-05-16T17:49:33+08:00 ] ::1 /sucai/index.php/Home/Lst/index/cate_id/1
INFO: [ app_init ] --START--
INFO: Run Behavior\BuildLiteBehavior [ RunTime:0.000013s ]
INFO: [ app_init ] --END-- [ RunTime:0.000402s ]
INFO: [ app_begin ] --START--
INFO: Run Behavior\ReadHtmlCacheBehavior [ RunTime:0.000570s ]
INFO: [ app_begin ] --END-- [ RunTime:0.000626s ]
SQL: SHOW COLUMNS FROM `sc_cate` [ RunTime:0.0004s ]
SQL: SELECT * FROM `sc_cate` WHERE `cate_parentid` = 0 ORDER BY cate_sort asc  [ RunTime:0.0003s ]
SQL: SELECT `cate_id`,`cate_parentid` FROM `sc_cate` WHERE `cate_id` = 1 LIMIT 1   [ RunTime:0.0002s ]
SQL: SHOW COLUMNS FROM `sc_article` [ RunTime:0.0009s ]
SQL: SELECT `cate_name` FROM `sc_cate` WHERE `cate_id` = 1 LIMIT 1   [ RunTime:0.0002s ]
SQL: SELECT COUNT(*) AS tp_count FROM `sc_article` WHERE `cate_id` = 1 LIMIT 1   [ RunTime:0.0002s ]
SQL: SELECT * FROM `sc_article` WHERE `cate_id` = 1 ORDER BY article_time desc LIMIT 0,2   [ RunTime:0.0003s ]
INFO: [ view_parse ] --START--
INFO: [ template_filter ] --START--
INFO: Run Behavior\ContentReplaceBehavior [ RunTime:0.000274s ]
INFO: [ template_filter ] --END-- [ RunTime:0.000346s ]
NOTIC: [8] Undefined index: user_id D:\wamp64\www\sucai\Application\Runtime\Cache\Home\cb81eedfa59617cee80c720e6614fcd4.php 第 28 行.
NOTIC: [8] Undefined variable: curr D:\wamp64\www\sucai\Application\Runtime\Cache\Home\cb81eedfa59617cee80c720e6614fcd4.php 第 146 行.
NOTIC: [8] Undefined index:  download D:\wamp64\www\sucai\Application\Runtime\Cache\Home\cb81eedfa59617cee80c720e6614fcd4.php 第 334 行.
NOTIC: [8] Undefined index:  download D:\wamp64\www\sucai\Application\Runtime\Cache\Home\cb81eedfa59617cee80c720e6614fcd4.php 第 334 行.
INFO: Run Behavior\ParseTemplateBehavior [ RunTime:0.017181s ]
INFO: [ view_parse ] --END-- [ RunTime:0.017247s ]
INFO: [ view_filter ] --START--
INFO: Run Behavior\WriteHtmlCacheBehavior [ RunTime:0.000481s ]
INFO: [ view_filter ] --END-- [ RunTime:0.000534s ]
INFO: [ app_end ] --START--
INFO: Run Behavior\ShowPageTraceBehavior [ RunTime:0.000581s ]
INFO: [ app_end ] --END-- [ RunTime:0.000645s ]

[ 2018-05-16T17:54:07+08:00 ] ::1 /sucai/index.php
INFO: [ app_init ] --START--
INFO: Run Behavior\BuildLiteBehavior [ RunTime:0.000014s ]
INFO: [ app_init ] --END-- [ RunTime:0.000430s ]
INFO: [ app_begin ] --START--
INFO: Run Behavior\ReadHtmlCacheBehavior [ RunTime:0.000580s ]
INFO: [ app_begin ] --END-- [ RunTime:0.000643s ]
SQL: SHOW COLUMNS FROM `sc_cate` [ RunTime:0.0006s ]
SQL: SELECT * FROM `sc_cate` WHERE `cate_parentid` = 0 ORDER BY cate_sort asc  [ RunTime:0.0003s ]
SQL: SELECT `cate_id`,`cate_parentid` FROM `sc_cate` WHERE `cate_id` = 0 LIMIT 1   [ RunTime:0.0002s ]
INFO: [ view_parse ] --START--
INFO: [ template_filter ] --START--
INFO: Run Behavior\ContentReplaceBehavior [ RunTime:0.000759s ]
INFO: [ template_filter ] --END-- [ RunTime:0.000819s ]
NOTIC: [8] Undefined index: user_id D:\wamp64\www\sucai\Application\Runtime\Cache\Home\5f5878b563bbd0551b6c84d71156b7e9.php 第 29 行.
INFO: Run Behavior\ParseTemplateBehavior [ RunTime:0.015568s ]
INFO: [ view_parse ] --END-- [ RunTime:0.015626s ]
INFO: [ view_filter ] --START--
INFO: Run Behavior\WriteHtmlCacheBehavior [ RunTime:0.000438s ]
INFO: [ view_filter ] --END-- [ RunTime:0.000488s ]
INFO: [ app_end ] --START--
INFO: Run Behavior\ShowPageTraceBehavior [ RunTime:0.000734s ]
INFO: [ app_end ] --END-- [ RunTime:0.000848s ]

[ 2018-05-16T17:55:35+08:00 ] ::1 /sucai/index.php/Home/Lst/index/cate_id/1
INFO: [ app_init ] --START--
INFO: Run Behavior\BuildLiteBehavior [ RunTime:0.000014s ]
INFO: [ app_init ] --END-- [ RunTime:0.000424s ]
INFO: [ app_begin ] --START--
INFO: Run Behavior\ReadHtmlCacheBehavior [ RunTime:0.000620s ]
INFO: [ app_begin ] --END-- [ RunTime:0.000675s ]
SQL: SHOW COLUMNS FROM `sc_cate` [ RunTime:0.0007s ]
SQL: SELECT * FROM `sc_cate` WHERE `cate_parentid` = 0 ORDER BY cate_sort asc  [ RunTime:0.0003s ]
SQL: SELECT `cate_id`,`cate_parentid` FROM `sc_cate` WHERE `cate_id` = 1 LIMIT 1   [ RunTime:0.0003s ]
SQL: SHOW COLUMNS FROM `sc_article` [ RunTime:0.0005s ]
SQL: SELECT `cate_name` FROM `sc_cate` WHERE `cate_id` = 1 LIMIT 1   [ RunTime:0.0002s ]
SQL: SELECT COUNT(*) AS tp_count FROM `sc_article` WHERE `cate_id` = 1 LIMIT 1   [ RunTime:0.0002s ]
SQL: SELECT * FROM `sc_article` WHERE `cate_id` = 1 ORDER BY article_time desc LIMIT 0,2   [ RunTime:0.0004s ]
INFO: [ view_parse ] --START--
INFO: [ template_filter ] --START--
INFO: Run Behavior\ContentReplaceBehavior [ RunTime:0.000420s ]
INFO: [ template_filter ] --END-- [ RunTime:0.000740s ]
NOTIC: [8] Undefined index: user_id D:\wamp64\www\sucai\Application\Runtime\Cache\Home\cb81eedfa59617cee80c720e6614fcd4.php 第 28 行.
NOTIC: [8] Undefined variable: curr D:\wamp64\www\sucai\Application\Runtime\Cache\Home\cb81eedfa59617cee80c720e6614fcd4.php 第 146 行.
NOTIC: [8] Undefined index:  download D:\wamp64\www\sucai\Application\Runtime\Cache\Home\cb81eedfa59617cee80c720e6614fcd4.php 第 334 行.
NOTIC: [8] Undefined index:  download D:\wamp64\www\sucai\Application\Runtime\Cache\Home\cb81eedfa59617cee80c720e6614fcd4.php 第 334 行.
INFO: Run Behavior\ParseTemplateBehavior [ RunTime:0.017339s ]
INFO: [ view_parse ] --END-- [ RunTime:0.017421s ]
INFO: [ view_filter ] --START--
INFO: Run Behavior\WriteHtmlCacheBehavior [ RunTime:0.000476s ]
INFO: [ view_filter ] --END-- [ RunTime:0.000536s ]
INFO: [ app_end ] --START--
INFO: Run Behavior\ShowPageTraceBehavior [ RunTime:0.000693s ]
INFO: [ app_end ] --END-- [ RunTime:0.000768s ]

[ 2018-05-16T17:55:36+08:00 ] ::1 /sucai/index.php/Home/Lst/index/cate_id/2
INFO: [ app_init ] --START--
INFO: Run Behavior\BuildLiteBehavior [ RunTime:0.000015s ]
INFO: [ app_init ] --END-- [ RunTime:0.000398s ]
INFO: [ app_begin ] --START--
INFO: Run Behavior\ReadHtmlCacheBehavior [ RunTime:0.000518s ]
INFO: [ app_begin ] --END-- [ RunTime:0.000574s ]
SQL: SHOW COLUMNS FROM `sc_cate` [ RunTime:0.0005s ]
SQL: SELECT * FROM `sc_cate` WHERE `cate_parentid` = 0 ORDER BY cate_sort asc  [ RunTime:0.0003s ]
SQL: SELECT `cate_id`,`cate_parentid` FROM `sc_cate` WHERE `cate_id` = 2 LIMIT 1   [ RunTime:0.0002s ]
SQL: SHOW COLUMNS FROM `sc_article` [ RunTime:0.0009s ]
SQL: SELECT `cate_name` FROM `sc_cate` WHERE `cate_id` = 2 LIMIT 1   [ RunTime:0.0002s ]
SQL: SELECT COUNT(*) AS tp_count FROM `sc_article` WHERE `cate_id` = 2 LIMIT 1   [ RunTime:0.0002s ]
SQL: SELECT * FROM `sc_article` WHERE `cate_id` = 2 ORDER BY article_time desc LIMIT 0,2   [ RunTime:0.0003s ]
INFO: [ view_parse ] --START--
INFO: [ template_filter ] --START--
INFO: Run Behavior\ContentReplaceBehavior [ RunTime:0.000321s ]
INFO: [ template_filter ] --END-- [ RunTime:0.000500s ]
NOTIC: [8] Undefined index: user_id D:\wamp64\www\sucai\Application\Runtime\Cache\Home\cb81eedfa59617cee80c720e6614fcd4.php 第 28 行.
NOTIC: [8] Undefined variable: curr D:\wamp64\www\sucai\Application\Runtime\Cache\Home\cb81eedfa59617cee80c720e6614fcd4.php 第 146 行.
NOTIC: [8] Undefined index:  download D:\wamp64\www\sucai\Application\Runtime\Cache\Home\cb81eedfa59617cee80c720e6614fcd4.php 第 334 行.
INFO: Run Behavior\ParseTemplateBehavior [ RunTime:0.012151s ]
INFO: [ view_parse ] --END-- [ RunTime:0.012215s ]
INFO: [ view_filter ] --START--
INFO: Run Behavior\WriteHtmlCacheBehavior [ RunTime:0.000506s ]
INFO: [ view_filter ] --END-- [ RunTime:0.000565s ]
INFO: [ app_end ] --START--
INFO: Run Behavior\ShowPageTraceBehavior [ RunTime:0.000617s ]
INFO: [ app_end ] --END-- [ RunTime:0.000674s ]

[ 2018-05-16T17:55:37+08:00 ] ::1 /sucai/index.php/Home/Lst/index/cate_id/3
INFO: [ app_init ] --START--
INFO: Run Behavior\BuildLiteBehavior [ RunTime:0.000013s ]
INFO: [ app_init ] --END-- [ RunTime:0.000393s ]
INFO: [ app_begin ] --START--
INFO: Run Behavior\ReadHtmlCacheBehavior [ RunTime:0.000482s ]
INFO: [ app_begin ] --END-- [ RunTime:0.000544s ]
SQL: SHOW COLUMNS FROM `sc_cate` [ RunTime:0.0005s ]
SQL: SELECT * FROM `sc_cate` WHERE `cate_parentid` = 0 ORDER BY cate_sort asc  [ RunTime:0.0003s ]
SQL: SELECT `cate_id`,`cate_parentid` FROM `sc_cate` WHERE `cate_id` = 3 LIMIT 1   [ RunTime:0.0002s ]
SQL: SHOW COLUMNS FROM `sc_article` [ RunTime:0.0004s ]
SQL: SELECT `cate_name` FROM `sc_cate` WHERE `cate_id` = 3 LIMIT 1   [ RunTime:0.0002s ]
SQL: SELECT COUNT(*) AS tp_count FROM `sc_article` WHERE `cate_id` = 3 LIMIT 1   [ RunTime:0.0002s ]
SQL: SELECT * FROM `sc_article` WHERE `cate_id` = 3 ORDER BY article_time desc LIMIT 0,2   [ RunTime:0.0003s ]
INFO: [ view_parse ] --START--
INFO: [ template_filter ] --START--
INFO: Run Behavior\ContentReplaceBehavior [ RunTime:0.000308s ]
INFO: [ template_filter ] --END-- [ RunTime:0.000745s ]
NOTIC: [8] Undefined index: user_id D:\wamp64\www\sucai\Application\Runtime\Cache\Home\cb81eedfa59617cee80c720e6614fcd4.php 第 28 行.
NOTIC: [8] Undefined variable: curr D:\wamp64\www\sucai\Application\Runtime\Cache\Home\cb81eedfa59617cee80c720e6614fcd4.php 第 146 行.
INFO: Run Behavior\ParseTemplateBehavior [ RunTime:0.010345s ]
INFO: [ view_parse ] --END-- [ RunTime:0.010449s ]
INFO: [ view_filter ] --START--
INFO: Run Behavior\WriteHtmlCacheBehavior [ RunTime:0.000730s ]
INFO: [ view_filter ] --END-- [ RunTime:0.000824s ]
INFO: [ app_end ] --START--
INFO: Run Behavior\ShowPageTraceBehavior [ RunTime:0.000922s ]
INFO: [ app_end ] --END-- [ RunTime:0.001001s ]

