[ 2018-05-18T18:58:13+08:00 ] ::1 /sz/index.php
INFO: [ app_init ] --START--
INFO: Run Behavior\BuildLiteBehavior [ RunTime:0.000025s ]
INFO: [ app_init ] --END-- [ RunTime:0.000525s ]
INFO: [ app_begin ] --START--
INFO: Run Behavior\ReadHtmlCacheBehavior [ RunTime:0.000532s ]
INFO: [ app_begin ] --END-- [ RunTime:0.000600s ]
SQL: SHOW COLUMNS FROM `sc_cate` [ RunTime:0.1595s ]
SQL: SELECT * FROM `sc_cate` WHERE `cate_parentid` = 0 ORDER BY cate_sort asc  [ RunTime:0.0005s ]
SQL: SELECT `cate_id`,`cate_parentid` FROM `sc_cate` WHERE `cate_id` = 0 LIMIT 1   [ RunTime:0.0005s ]
INFO: [ view_parse ] --START--
INFO: [ template_filter ] --START--
INFO: Run Behavior\ContentReplaceBehavior [ RunTime:0.000771s ]
INFO: [ template_filter ] --END-- [ RunTime:0.000835s ]
NOTIC: [8] Undefined index: user_id D:\wamp64\www\sz\Application\Runtime\Cache\Home\5f5878b563bbd0551b6c84d71156b7e9.php 第 29 行.
INFO: Run Behavior\ParseTemplateBehavior [ RunTime:0.127335s ]
INFO: [ view_parse ] --END-- [ RunTime:0.127395s ]
INFO: [ view_filter ] --START--
INFO: Run Behavior\WriteHtmlCacheBehavior [ RunTime:0.000465s ]
INFO: [ view_filter ] --END-- [ RunTime:0.000514s ]
INFO: [ app_end ] --START--
INFO: Run Behavior\ShowPageTraceBehavior [ RunTime:0.000696s ]
INFO: [ app_end ] --END-- [ RunTime:0.000757s ]

[ 2018-05-18T18:59:22+08:00 ] ::1 /sz/index.php
INFO: [ app_init ] --START--
INFO: Run Behavior\BuildLiteBehavior [ RunTime:0.000014s ]
INFO: [ app_init ] --END-- [ RunTime:0.000409s ]
INFO: [ app_begin ] --START--
INFO: Run Behavior\ReadHtmlCacheBehavior [ RunTime:0.000496s ]
INFO: [ app_begin ] --END-- [ RunTime:0.000551s ]
SQL: SHOW COLUMNS FROM `sc_cate` [ RunTime:0.0008s ]
SQL: SELECT * FROM `sc_cate` WHERE `cate_parentid` = 0 ORDER BY cate_sort asc  [ RunTime:0.0004s ]
SQL: SELECT `cate_id`,`cate_parentid` FROM `sc_cate` WHERE `cate_id` = 0 LIMIT 1   [ RunTime:0.0002s ]
INFO: [ view_parse ] --START--
INFO: [ template_filter ] --START--
INFO: Run Behavior\ContentReplaceBehavior [ RunTime:0.000752s ]
INFO: [ template_filter ] --END-- [ RunTime:0.000814s ]
NOTIC: [8] Undefined index: user_id D:\wamp64\www\sz\Application\Runtime\Cache\Home\5f5878b563bbd0551b6c84d71156b7e9.php 第 29 行.
INFO: Run Behavior\ParseTemplateBehavior [ RunTime:0.015313s ]
INFO: [ view_parse ] --END-- [ RunTime:0.015370s ]
INFO: [ view_filter ] --START--
INFO: Run Behavior\WriteHtmlCacheBehavior [ RunTime:0.000540s ]
INFO: [ view_filter ] --END-- [ RunTime:0.000590s ]
INFO: [ app_end ] --START--
INFO: Run Behavior\ShowPageTraceBehavior [ RunTime:0.000618s ]
INFO: [ app_end ] --END-- [ RunTime:0.000671s ]

[ 2018-05-18T19:01:00+08:00 ] ::1 /sz/index.php
INFO: [ app_init ] --START--
INFO: Run Behavior\BuildLiteBehavior [ RunTime:0.000013s ]
INFO: [ app_init ] --END-- [ RunTime:0.000404s ]
INFO: [ app_begin ] --START--
INFO: Run Behavior\ReadHtmlCacheBehavior [ RunTime:0.000526s ]
INFO: [ app_begin ] --END-- [ RunTime:0.000585s ]
SQL: SHOW COLUMNS FROM `sc_cate` [ RunTime:0.0008s ]
SQL: SELECT * FROM `sc_cate` WHERE `cate_parentid` = 0 ORDER BY cate_sort asc  [ RunTime:0.0005s ]
SQL: SELECT `cate_id`,`cate_parentid` FROM `sc_cate` WHERE `cate_id` = 0 LIMIT 1   [ RunTime:0.0016s ]
INFO: [ view_parse ] --START--
INFO: [ template_filter ] --START--
INFO: Run Behavior\ContentReplaceBehavior [ RunTime:0.000756s ]
INFO: [ template_filter ] --END-- [ RunTime:0.000820s ]
NOTIC: [8] Undefined index: user_id D:\wamp64\www\sz\Application\Runtime\Cache\Home\5f5878b563bbd0551b6c84d71156b7e9.php 第 29 行.
INFO: Run Behavior\ParseTemplateBehavior [ RunTime:0.016421s ]
INFO: [ view_parse ] --END-- [ RunTime:0.016478s ]
INFO: [ view_filter ] --START--
INFO: Run Behavior\WriteHtmlCacheBehavior [ RunTime:0.000498s ]
INFO: [ view_filter ] --END-- [ RunTime:0.000548s ]
INFO: [ app_end ] --START--
INFO: Run Behavior\ShowPageTraceBehavior [ RunTime:0.000759s ]
INFO: [ app_end ] --END-- [ RunTime:0.000837s ]

