[ 2017-06-29T16:09:26+08:00 ] 127.0.0.1 /sucai/index.php/product_detail.html
INFO: [ app_init ] --START--
INFO: Run Behavior\BuildLiteBehavior [ RunTime:0.000000s ]
INFO: [ app_init ] --END-- [ RunTime:0.001000s ]
ERR: 无法加载模块:Product_detail

[ 2017-06-29T16:19:05+08:00 ] 127.0.0.1 /sucai/index.php/product_list.html
INFO: [ app_init ] --START--
INFO: Run Behavior\BuildLiteBehavior [ RunTime:0.000000s ]
INFO: [ app_init ] --END-- [ RunTime:0.000000s ]
ERR: 无法加载模块:Product_list

[ 2017-06-29T16:28:33+08:00 ] 127.0.0.1 /sucai/index.php/product_list.html
INFO: [ app_init ] --START--
INFO: Run Behavior\BuildLiteBehavior [ RunTime:0.000000s ]
INFO: [ app_init ] --END-- [ RunTime:0.001000s ]
ERR: 无法加载模块:Product_list

[ 2017-06-29T16:42:53+08:00 ] 127.0.0.1 /sucai/index.php/product_list.html
INFO: [ app_init ] --START--
INFO: Run Behavior\BuildLiteBehavior [ RunTime:0.000000s ]
INFO: [ app_init ] --END-- [ RunTime:0.000000s ]
ERR: 无法加载模块:Product_list

[ 2017-06-29T16:51:58+08:00 ] 127.0.0.1 /sucai/index.php/product_list.html
INFO: [ app_init ] --START--
INFO: Run Behavior\BuildLiteBehavior [ RunTime:0.000000s ]
INFO: [ app_init ] --END-- [ RunTime:0.000000s ]
ERR: 无法加载模块:Product_list

[ 2017-06-29T16:55:57+08:00 ] 127.0.0.1 /sucai/index.php/U('Admin/adminlist')
INFO: [ app_init ] --START--
INFO: Run Behavior\BuildLiteBehavior [ RunTime:0.000000s ]
INFO: [ app_init ] --END-- [ RunTime:0.000000s ]
ERR: 无法加载模块:U('Admin

[ 2017-06-29T17:10:51+08:00 ] 127.0.0.1 /sucai/index.php/U('Admin/adminlist')
INFO: [ app_init ] --START--
INFO: Run Behavior\BuildLiteBehavior [ RunTime:0.001000s ]
INFO: [ app_init ] --END-- [ RunTime:0.025001s ]
ERR: 无法加载模块:U('Admin

