[ 2017-07-16T19:41:52+08:00 ] 127.0.0.1 /sucai./Public/Uploads/2017-07-10/59631cd27a54b.jpg
INFO: [ app_init ] --START--
INFO: Run Behavior\BuildLiteBehavior [ RunTime:0.001000s ]
INFO: [ app_init ] --END-- [ RunTime:0.001000s ]
ERR: 无法加载模块:Public

[ 2017-07-16T19:41:52+08:00 ] 127.0.0.1 /sucai./Public/Uploads/2017-07-10/59631c2564def.jpg
INFO: [ app_init ] --START--
INFO: Run Behavior\BuildLiteBehavior [ RunTime:0.000000s ]
INFO: [ app_init ] --END-- [ RunTime:0.001000s ]
ERR: 无法加载模块:Public

[ 2017-07-16T19:41:52+08:00 ] 127.0.0.1 /sucai./Public/Uploads/2017-07-10/59631d180f645.jpg
INFO: [ app_init ] --START--
INFO: Run Behavior\BuildLiteBehavior [ RunTime:0.000000s ]
INFO: [ app_init ] --END-- [ RunTime:0.002000s ]
ERR: 无法加载模块:Public

[ 2017-07-16T19:41:52+08:00 ] 127.0.0.1 /sucai./Public/Uploads/2017-07-10/59631c6151b02.png
INFO: [ app_init ] --START--
INFO: Run Behavior\BuildLiteBehavior [ RunTime:0.000000s ]
INFO: [ app_init ] --END-- [ RunTime:0.001000s ]
ERR: 无法加载模块:Public

[ 2017-07-16T19:41:52+08:00 ] 127.0.0.1 /sucai./Public/Uploads/2017-07-10/59631c7b2dac1.jpg
INFO: [ app_init ] --START--
INFO: Run Behavior\BuildLiteBehavior [ RunTime:0.000000s ]
INFO: [ app_init ] --END-- [ RunTime:0.001000s ]
ERR: 无法加载模块:Public

[ 2017-07-16T19:41:52+08:00 ] 127.0.0.1 /sucai./Public/Uploads/2017-07-10/59631c95d8f18.jpg
INFO: [ app_init ] --START--
INFO: Run Behavior\BuildLiteBehavior [ RunTime:0.000000s ]
INFO: [ app_init ] --END-- [ RunTime:0.001001s ]
ERR: 无法加载模块:Public

[ 2017-07-16T19:41:52+08:00 ] 127.0.0.1 /sucai./Public/Uploads/2017-07-10/59631cd27a54b.jpg
INFO: [ app_init ] --START--
INFO: Run Behavior\BuildLiteBehavior [ RunTime:0.000000s ]
INFO: [ app_init ] --END-- [ RunTime:0.001001s ]
ERR: 无法加载模块:Public

[ 2017-07-16T19:41:52+08:00 ] 127.0.0.1 /sucai./Public/Uploads/2017-07-10/59631c95d8f18.jpg
INFO: [ app_init ] --START--
INFO: Run Behavior\BuildLiteBehavior [ RunTime:0.000000s ]
INFO: [ app_init ] --END-- [ RunTime:0.000000s ]
ERR: 无法加载模块:Public

[ 2017-07-16T19:41:52+08:00 ] 127.0.0.1 /sucai./Public/Uploads/2017-07-10/59631d180f645.jpg
INFO: [ app_init ] --START--
INFO: Run Behavior\BuildLiteBehavior [ RunTime:0.000000s ]
INFO: [ app_init ] --END-- [ RunTime:0.001000s ]
ERR: 无法加载模块:Public

[ 2017-07-16T19:41:52+08:00 ] 127.0.0.1 /sucai./Public/Uploads/2017-07-10/59631c2564def.jpg
INFO: [ app_init ] --START--
INFO: Run Behavior\BuildLiteBehavior [ RunTime:0.000000s ]
INFO: [ app_init ] --END-- [ RunTime:0.000000s ]
ERR: 无法加载模块:Public

[ 2017-07-16T19:41:52+08:00 ] 127.0.0.1 /sucai./Public/Uploads/2017-07-10/59631c7b2dac1.jpg
INFO: [ app_init ] --START--
INFO: Run Behavior\BuildLiteBehavior [ RunTime:0.000000s ]
INFO: [ app_init ] --END-- [ RunTime:0.001000s ]
ERR: 无法加载模块:Public

[ 2017-07-16T19:41:52+08:00 ] 127.0.0.1 /sucai./Public/Uploads/2017-07-10/59631c6151b02.png
INFO: [ app_init ] --START--
INFO: Run Behavior\BuildLiteBehavior [ RunTime:0.001000s ]
INFO: [ app_init ] --END-- [ RunTime:0.003001s ]
ERR: 无法加载模块:Public

[ 2017-07-16T19:42:16+08:00 ] 127.0.0.1 /sucai./Public/Uploads/2017-07-10/59631c2564def.jpg
INFO: [ app_init ] --START--
INFO: Run Behavior\BuildLiteBehavior [ RunTime:0.000000s ]
INFO: [ app_init ] --END-- [ RunTime:0.001000s ]
ERR: 无法加载模块:Public

[ 2017-07-16T19:42:16+08:00 ] 127.0.0.1 /sucai./Public/Uploads/2017-07-10/59631d180f645.jpg
INFO: [ app_init ] --START--
INFO: Run Behavior\BuildLiteBehavior [ RunTime:0.000000s ]
INFO: [ app_init ] --END-- [ RunTime:0.001001s ]
ERR: 无法加载模块:Public

[ 2017-07-16T19:42:16+08:00 ] 127.0.0.1 /sucai./Public/Uploads/2017-07-10/59631cd27a54b.jpg
INFO: [ app_init ] --START--
INFO: Run Behavior\BuildLiteBehavior [ RunTime:0.000000s ]
INFO: [ app_init ] --END-- [ RunTime:0.001000s ]
ERR: 无法加载模块:Public

[ 2017-07-16T19:42:16+08:00 ] 127.0.0.1 /sucai./Public/Uploads/2017-07-10/59631c6151b02.png
INFO: [ app_init ] --START--
INFO: Run Behavior\BuildLiteBehavior [ RunTime:0.000000s ]
INFO: [ app_init ] --END-- [ RunTime:0.001001s ]
ERR: 无法加载模块:Public

[ 2017-07-16T19:42:16+08:00 ] 127.0.0.1 /sucai./Public/Uploads/2017-07-10/59631c95d8f18.jpg
INFO: [ app_init ] --START--
INFO: Run Behavior\BuildLiteBehavior [ RunTime:0.000000s ]
INFO: [ app_init ] --END-- [ RunTime:0.001000s ]
ERR: 无法加载模块:Public

[ 2017-07-16T19:42:16+08:00 ] 127.0.0.1 /sucai./Public/Uploads/2017-07-10/59631c7b2dac1.jpg
INFO: [ app_init ] --START--
INFO: Run Behavior\BuildLiteBehavior [ RunTime:0.000000s ]
INFO: [ app_init ] --END-- [ RunTime:0.001000s ]
ERR: 无法加载模块:Public

[ 2017-07-16T19:42:16+08:00 ] 127.0.0.1 /sucai./Public/Uploads/2017-07-10/59631c2564def.jpg
INFO: [ app_init ] --START--
INFO: Run Behavior\BuildLiteBehavior [ RunTime:0.000000s ]
INFO: [ app_init ] --END-- [ RunTime:0.001000s ]
ERR: 无法加载模块:Public

[ 2017-07-16T19:42:16+08:00 ] 127.0.0.1 /sucai./Public/Uploads/2017-07-10/59631cd27a54b.jpg
INFO: [ app_init ] --START--
INFO: Run Behavior\BuildLiteBehavior [ RunTime:0.000000s ]
INFO: [ app_init ] --END-- [ RunTime:0.001000s ]
ERR: 无法加载模块:Public

[ 2017-07-16T19:42:16+08:00 ] 127.0.0.1 /sucai./Public/Uploads/2017-07-10/59631d180f645.jpg
INFO: [ app_init ] --START--
INFO: Run Behavior\BuildLiteBehavior [ RunTime:0.000000s ]
INFO: [ app_init ] --END-- [ RunTime:0.001000s ]
ERR: 无法加载模块:Public

[ 2017-07-16T19:42:25+08:00 ] 127.0.0.1 /sucai/Public/Admin/Js/php/controller.php?action=config&&noCache=1500205345310
INFO: [ app_init ] --START--
INFO: Run Behavior\BuildLiteBehavior [ RunTime:0.000000s ]
INFO: [ app_init ] --END-- [ RunTime:0.001000s ]
ERR: 无法加载模块:Public

[ 2017-07-16T19:42:26+08:00 ] 127.0.0.1 /sucai/Public/Admin/Js/third-party/zeroclipboard/ZeroClipboard.js
INFO: [ app_init ] --START--
INFO: Run Behavior\BuildLiteBehavior [ RunTime:0.000000s ]
INFO: [ app_init ] --END-- [ RunTime:0.001000s ]
ERR: 无法加载模块:Public

[ 2017-07-16T19:42:26+08:00 ] 127.0.0.1 /sucai/Public/Admin/Js/third-party/codemirror/codemirror.js
INFO: [ app_init ] --START--
INFO: Run Behavior\BuildLiteBehavior [ RunTime:0.000000s ]
INFO: [ app_init ] --END-- [ RunTime:0.001000s ]
ERR: 无法加载模块:Public

[ 2017-07-16T19:42:26+08:00 ] 127.0.0.1 /sucai/Public/Admin/Js/third-party/codemirror/codemirror.css
INFO: [ app_init ] --START--
INFO: Run Behavior\BuildLiteBehavior [ RunTime:0.000000s ]
INFO: [ app_init ] --END-- [ RunTime:0.001000s ]
ERR: 无法加载模块:Public

[ 2017-07-16T19:42:42+08:00 ] 127.0.0.1 /sucai./Public/Uploads/2017-07-10/59631c2564def.jpg
INFO: [ app_init ] --START--
INFO: Run Behavior\BuildLiteBehavior [ RunTime:0.000000s ]
INFO: [ app_init ] --END-- [ RunTime:0.005000s ]
ERR: 无法加载模块:Public

[ 2017-07-16T19:42:42+08:00 ] 127.0.0.1 /sucai./Public/Uploads/2017-07-10/59631c6151b02.png
INFO: [ app_init ] --START--
INFO: Run Behavior\BuildLiteBehavior [ RunTime:0.000000s ]
INFO: [ app_init ] --END-- [ RunTime:0.000000s ]
ERR: 无法加载模块:Public

[ 2017-07-16T19:42:42+08:00 ] 127.0.0.1 /sucai./Public/Uploads/2017-07-10/59631c95d8f18.jpg
INFO: [ app_init ] --START--
INFO: Run Behavior\BuildLiteBehavior [ RunTime:0.000000s ]
INFO: [ app_init ] --END-- [ RunTime:0.001000s ]
ERR: 无法加载模块:Public

[ 2017-07-16T19:42:42+08:00 ] 127.0.0.1 /sucai./Public/Uploads/2017-07-10/59631cd27a54b.jpg
INFO: [ app_init ] --START--
INFO: Run Behavior\BuildLiteBehavior [ RunTime:0.000000s ]
INFO: [ app_init ] --END-- [ RunTime:0.002000s ]
ERR: 无法加载模块:Public

[ 2017-07-16T19:42:42+08:00 ] 127.0.0.1 /sucai./Public/Uploads/2017-07-10/59631c7b2dac1.jpg
INFO: [ app_init ] --START--
INFO: Run Behavior\BuildLiteBehavior [ RunTime:0.000000s ]
INFO: [ app_init ] --END-- [ RunTime:0.001000s ]
ERR: 无法加载模块:Public

[ 2017-07-16T19:42:42+08:00 ] 127.0.0.1 /sucai./Public/Uploads/2017-07-10/59631d180f645.jpg
INFO: [ app_init ] --START--
INFO: Run Behavior\BuildLiteBehavior [ RunTime:0.000000s ]
INFO: [ app_init ] --END-- [ RunTime:0.001000s ]
ERR: 无法加载模块:Public

[ 2017-07-16T19:43:01+08:00 ] 127.0.0.1 /sucai./Public/Uploads/2017-07-10/59631cd27a54b.jpg
INFO: [ app_init ] --START--
INFO: Run Behavior\BuildLiteBehavior [ RunTime:0.000000s ]
INFO: [ app_init ] --END-- [ RunTime:0.001000s ]
ERR: 无法加载模块:Public

[ 2017-07-16T19:43:01+08:00 ] 127.0.0.1 /sucai./Public/Uploads/2017-07-10/59631c7b2dac1.jpg
INFO: [ app_init ] --START--
INFO: Run Behavior\BuildLiteBehavior [ RunTime:0.000000s ]
INFO: [ app_init ] --END-- [ RunTime:0.001000s ]
ERR: 无法加载模块:Public

[ 2017-07-16T19:43:01+08:00 ] 127.0.0.1 /sucai./Public/Uploads/2017-07-10/59631c95d8f18.jpg
INFO: [ app_init ] --START--
INFO: Run Behavior\BuildLiteBehavior [ RunTime:0.000000s ]
INFO: [ app_init ] --END-- [ RunTime:0.000000s ]
ERR: 无法加载模块:Public

[ 2017-07-16T19:43:01+08:00 ] 127.0.0.1 /sucai./Public/Uploads/2017-07-10/59631c6151b02.png
INFO: [ app_init ] --START--
INFO: Run Behavior\BuildLiteBehavior [ RunTime:0.000000s ]
INFO: [ app_init ] --END-- [ RunTime:0.001000s ]
ERR: 无法加载模块:Public

[ 2017-07-16T19:43:01+08:00 ] 127.0.0.1 /sucai./Public/Uploads/2017-07-10/59631c2564def.jpg
INFO: [ app_init ] --START--
INFO: Run Behavior\BuildLiteBehavior [ RunTime:0.000000s ]
INFO: [ app_init ] --END-- [ RunTime:0.001000s ]
ERR: 无法加载模块:Public

[ 2017-07-16T19:43:01+08:00 ] 127.0.0.1 /sucai./Public/Uploads/2017-07-10/59631d180f645.jpg
INFO: [ app_init ] --START--
INFO: Run Behavior\BuildLiteBehavior [ RunTime:0.001000s ]
INFO: [ app_init ] --END-- [ RunTime:0.001000s ]
ERR: 无法加载模块:Public

[ 2017-07-16T19:43:01+08:00 ] 127.0.0.1 /sucai./Public/Uploads/2017-07-10/59631cd27a54b.jpg
INFO: [ app_init ] --START--
INFO: Run Behavior\BuildLiteBehavior [ RunTime:0.000000s ]
INFO: [ app_init ] --END-- [ RunTime:0.000000s ]
ERR: 无法加载模块:Public

[ 2017-07-16T19:43:07+08:00 ] 127.0.0.1 /sucai/Public/Admin/Js/php/controller.php?action=config&&noCache=1500205387306
INFO: [ app_init ] --START--
INFO: Run Behavior\BuildLiteBehavior [ RunTime:0.000000s ]
INFO: [ app_init ] --END-- [ RunTime:0.001000s ]
ERR: 无法加载模块:Public

[ 2017-07-16T19:43:07+08:00 ] 127.0.0.1 /sucai/Public/Admin/Js/third-party/zeroclipboard/ZeroClipboard.js
INFO: [ app_init ] --START--
INFO: Run Behavior\BuildLiteBehavior [ RunTime:0.000000s ]
INFO: [ app_init ] --END-- [ RunTime:0.001000s ]
ERR: 无法加载模块:Public

[ 2017-07-16T19:43:07+08:00 ] 127.0.0.1 /sucai/Public/Admin/Js/third-party/codemirror/codemirror.css
INFO: [ app_init ] --START--
INFO: Run Behavior\BuildLiteBehavior [ RunTime:0.000000s ]
INFO: [ app_init ] --END-- [ RunTime:0.002000s ]
ERR: 无法加载模块:Public

[ 2017-07-16T19:43:07+08:00 ] 127.0.0.1 /sucai/Public/Admin/Js/third-party/codemirror/codemirror.js
INFO: [ app_init ] --START--
INFO: Run Behavior\BuildLiteBehavior [ RunTime:0.000000s ]
INFO: [ app_init ] --END-- [ RunTime:0.001000s ]
ERR: 无法加载模块:Public

[ 2017-07-16T19:43:38+08:00 ] 127.0.0.1 /sucai./Public/Uploads/2017-07-10/59631c2564def.jpg
INFO: [ app_init ] --START--
INFO: Run Behavior\BuildLiteBehavior [ RunTime:0.000000s ]
INFO: [ app_init ] --END-- [ RunTime:0.001000s ]
ERR: 无法加载模块:Public

[ 2017-07-16T19:43:38+08:00 ] 127.0.0.1 /sucai./Public/Uploads/2017-07-10/59631c6151b02.png
INFO: [ app_init ] --START--
INFO: Run Behavior\BuildLiteBehavior [ RunTime:0.000000s ]
INFO: [ app_init ] --END-- [ RunTime:0.001000s ]
ERR: 无法加载模块:Public

[ 2017-07-16T19:43:38+08:00 ] 127.0.0.1 /sucai./Public/Uploads/2017-07-10/59631cd27a54b.jpg
INFO: [ app_init ] --START--
INFO: Run Behavior\BuildLiteBehavior [ RunTime:0.000000s ]
INFO: [ app_init ] --END-- [ RunTime:0.001000s ]
ERR: 无法加载模块:Public

[ 2017-07-16T19:43:38+08:00 ] 127.0.0.1 /sucai./Public/Uploads/2017-07-10/59631c95d8f18.jpg
INFO: [ app_init ] --START--
INFO: Run Behavior\BuildLiteBehavior [ RunTime:0.000000s ]
INFO: [ app_init ] --END-- [ RunTime:0.001001s ]
ERR: 无法加载模块:Public

[ 2017-07-16T19:43:38+08:00 ] 127.0.0.1 /sucai./Public/Uploads/2017-07-10/59631d180f645.jpg
INFO: [ app_init ] --START--
INFO: Run Behavior\BuildLiteBehavior [ RunTime:0.000000s ]
INFO: [ app_init ] --END-- [ RunTime:0.001000s ]
ERR: 无法加载模块:Public

[ 2017-07-16T19:43:38+08:00 ] 127.0.0.1 /sucai./Public/Uploads/2017-07-10/59631c7b2dac1.jpg
INFO: [ app_init ] --START--
INFO: Run Behavior\BuildLiteBehavior [ RunTime:0.000000s ]
INFO: [ app_init ] --END-- [ RunTime:0.001000s ]
ERR: 无法加载模块:Public

[ 2017-07-16T19:43:39+08:00 ] 127.0.0.1 /sucai./Public/Uploads/2017-07-10/59631cd27a54b.jpg
INFO: [ app_init ] --START--
INFO: Run Behavior\BuildLiteBehavior [ RunTime:0.000000s ]
INFO: [ app_init ] --END-- [ RunTime:0.003000s ]
ERR: 无法加载模块:Public

[ 2017-07-16T19:43:39+08:00 ] 127.0.0.1 /sucai./Public/Uploads/2017-07-10/59631d180f645.jpg
INFO: [ app_init ] --START--
INFO: Run Behavior\BuildLiteBehavior [ RunTime:0.000000s ]
INFO: [ app_init ] --END-- [ RunTime:0.002000s ]
ERR: 无法加载模块:Public

[ 2017-07-16T19:43:39+08:00 ] 127.0.0.1 /sucai./Public/Uploads/2017-07-10/59631c7b2dac1.jpg
INFO: [ app_init ] --START--
INFO: Run Behavior\BuildLiteBehavior [ RunTime:0.000000s ]
INFO: [ app_init ] --END-- [ RunTime:0.002001s ]
ERR: 无法加载模块:Public

[ 2017-07-16T19:43:39+08:00 ] 127.0.0.1 /sucai./Public/Uploads/2017-07-10/59631c6151b02.png
INFO: [ app_init ] --START--
INFO: Run Behavior\BuildLiteBehavior [ RunTime:0.000000s ]
INFO: [ app_init ] --END-- [ RunTime:0.001000s ]
ERR: 无法加载模块:Public

[ 2017-07-16T19:43:39+08:00 ] 127.0.0.1 /sucai./Public/Uploads/2017-07-10/59631c2564def.jpg
INFO: [ app_init ] --START--
INFO: Run Behavior\BuildLiteBehavior [ RunTime:0.000000s ]
INFO: [ app_init ] --END-- [ RunTime:0.001000s ]
ERR: 无法加载模块:Public

[ 2017-07-16T19:43:39+08:00 ] 127.0.0.1 /sucai./Public/Uploads/2017-07-10/59631c95d8f18.jpg
INFO: [ app_init ] --START--
INFO: Run Behavior\BuildLiteBehavior [ RunTime:0.000000s ]
INFO: [ app_init ] --END-- [ RunTime:0.002001s ]
ERR: 无法加载模块:Public

[ 2017-07-16T19:43:43+08:00 ] 127.0.0.1 /sucai/Public/Admin/Js/php/controller.php?action=config&&noCache=1500205423641
INFO: [ app_init ] --START--
INFO: Run Behavior\BuildLiteBehavior [ RunTime:0.000000s ]
INFO: [ app_init ] --END-- [ RunTime:0.001000s ]
ERR: 无法加载模块:Public

[ 2017-07-16T19:43:44+08:00 ] 127.0.0.1 /sucai/Public/Admin/Js/third-party/codemirror/codemirror.js
INFO: [ app_init ] --START--
INFO: Run Behavior\BuildLiteBehavior [ RunTime:0.000000s ]
INFO: [ app_init ] --END-- [ RunTime:0.001000s ]
ERR: 无法加载模块:Public

[ 2017-07-16T19:43:44+08:00 ] 127.0.0.1 /sucai/Public/Admin/Js/third-party/zeroclipboard/ZeroClipboard.js
INFO: [ app_init ] --START--
INFO: Run Behavior\BuildLiteBehavior [ RunTime:0.000000s ]
INFO: [ app_init ] --END-- [ RunTime:0.001000s ]
ERR: 无法加载模块:Public

[ 2017-07-16T19:43:44+08:00 ] 127.0.0.1 /sucai/Public/Admin/Js/third-party/codemirror/codemirror.css
INFO: [ app_init ] --START--
INFO: Run Behavior\BuildLiteBehavior [ RunTime:0.000000s ]
INFO: [ app_init ] --END-- [ RunTime:0.001000s ]
ERR: 无法加载模块:Public

[ 2017-07-16T19:44:04+08:00 ] 127.0.0.1 /sucai/Public/Admin/Js/php/controller.php?action=config&&noCache=1500205444413
INFO: [ app_init ] --START--
INFO: Run Behavior\BuildLiteBehavior [ RunTime:0.000000s ]
INFO: [ app_init ] --END-- [ RunTime:0.000000s ]
ERR: 无法加载模块:Public

[ 2017-07-16T19:44:04+08:00 ] 127.0.0.1 /sucai/Public/Admin/Js/third-party/codemirror/codemirror.js
INFO: [ app_init ] --START--
INFO: Run Behavior\BuildLiteBehavior [ RunTime:0.000000s ]
INFO: [ app_init ] --END-- [ RunTime:0.001000s ]
ERR: 无法加载模块:Public

[ 2017-07-16T19:44:04+08:00 ] 127.0.0.1 /sucai/Public/Admin/Js/third-party/codemirror/codemirror.css
INFO: [ app_init ] --START--
INFO: Run Behavior\BuildLiteBehavior [ RunTime:0.000000s ]
INFO: [ app_init ] --END-- [ RunTime:0.001000s ]
ERR: 无法加载模块:Public

[ 2017-07-16T19:44:04+08:00 ] 127.0.0.1 /sucai/Public/Admin/Js/third-party/zeroclipboard/ZeroClipboard.js
INFO: [ app_init ] --START--
INFO: Run Behavior\BuildLiteBehavior [ RunTime:0.000000s ]
INFO: [ app_init ] --END-- [ RunTime:0.001000s ]
ERR: 无法加载模块:Public

[ 2017-07-16T19:44:33+08:00 ] 127.0.0.1 /sucai/Public/Admin/Js/php/controller.php?action=config&&noCache=1500205473902
INFO: [ app_init ] --START--
INFO: Run Behavior\BuildLiteBehavior [ RunTime:0.000000s ]
INFO: [ app_init ] --END-- [ RunTime:0.000000s ]
ERR: 无法加载模块:Public

[ 2017-07-16T19:44:34+08:00 ] 127.0.0.1 /sucai/Public/Admin/Js/third-party/codemirror/codemirror.css
INFO: [ app_init ] --START--
INFO: Run Behavior\BuildLiteBehavior [ RunTime:0.000000s ]
INFO: [ app_init ] --END-- [ RunTime:0.001000s ]
ERR: 无法加载模块:Public

[ 2017-07-16T19:44:34+08:00 ] 127.0.0.1 /sucai/Public/Admin/Js/third-party/zeroclipboard/ZeroClipboard.js
INFO: [ app_init ] --START--
INFO: Run Behavior\BuildLiteBehavior [ RunTime:0.000000s ]
INFO: [ app_init ] --END-- [ RunTime:0.001000s ]
ERR: 无法加载模块:Public

[ 2017-07-16T19:44:34+08:00 ] 127.0.0.1 /sucai/Public/Admin/Js/third-party/codemirror/codemirror.js
INFO: [ app_init ] --START--
INFO: Run Behavior\BuildLiteBehavior [ RunTime:0.000000s ]
INFO: [ app_init ] --END-- [ RunTime:0.001000s ]
ERR: 无法加载模块:Public

[ 2017-07-16T19:44:39+08:00 ] 127.0.0.1 /sucai./Public/Uploads/2017-07-10/59631d180f645.jpg
INFO: [ app_init ] --START--
INFO: Run Behavior\BuildLiteBehavior [ RunTime:0.000000s ]
INFO: [ app_init ] --END-- [ RunTime:0.001000s ]
ERR: 无法加载模块:Public

[ 2017-07-16T19:44:39+08:00 ] 127.0.0.1 /sucai./Public/Uploads/2017-07-10/59631c2564def.jpg
INFO: [ app_init ] --START--
INFO: Run Behavior\BuildLiteBehavior [ RunTime:0.000000s ]
INFO: [ app_init ] --END-- [ RunTime:0.001000s ]
ERR: 无法加载模块:Public

[ 2017-07-16T19:44:39+08:00 ] 127.0.0.1 /sucai./Public/Uploads/2017-07-10/59631cd27a54b.jpg
INFO: [ app_init ] --START--
INFO: Run Behavior\BuildLiteBehavior [ RunTime:0.000000s ]
INFO: [ app_init ] --END-- [ RunTime:0.001000s ]
ERR: 无法加载模块:Public

[ 2017-07-16T19:44:39+08:00 ] 127.0.0.1 /sucai./Public/Uploads/2017-07-10/59631c95d8f18.jpg
INFO: [ app_init ] --START--
INFO: Run Behavior\BuildLiteBehavior [ RunTime:0.000000s ]
INFO: [ app_init ] --END-- [ RunTime:0.001000s ]
ERR: 无法加载模块:Public

[ 2017-07-16T19:44:39+08:00 ] 127.0.0.1 /sucai./Public/Uploads/2017-07-10/59631c7b2dac1.jpg
INFO: [ app_init ] --START--
INFO: Run Behavior\BuildLiteBehavior [ RunTime:0.000000s ]
INFO: [ app_init ] --END-- [ RunTime:0.001000s ]
ERR: 无法加载模块:Public

[ 2017-07-16T19:44:39+08:00 ] 127.0.0.1 /sucai./Public/Uploads/2017-07-10/59631c6151b02.png
INFO: [ app_init ] --START--
INFO: Run Behavior\BuildLiteBehavior [ RunTime:0.000000s ]
INFO: [ app_init ] --END-- [ RunTime:0.001000s ]
ERR: 无法加载模块:Public

[ 2017-07-16T19:44:39+08:00 ] 127.0.0.1 /sucai./Public/Uploads/2017-07-10/59631c2564def.jpg
INFO: [ app_init ] --START--
INFO: Run Behavior\BuildLiteBehavior [ RunTime:0.000000s ]
INFO: [ app_init ] --END-- [ RunTime:0.001000s ]
ERR: 无法加载模块:Public

[ 2017-07-16T19:44:39+08:00 ] 127.0.0.1 /sucai./Public/Uploads/2017-07-10/59631cd27a54b.jpg
INFO: [ app_init ] --START--
INFO: Run Behavior\BuildLiteBehavior [ RunTime:0.000000s ]
INFO: [ app_init ] --END-- [ RunTime:0.001000s ]
ERR: 无法加载模块:Public

[ 2017-07-16T19:44:39+08:00 ] 127.0.0.1 /sucai./Public/Uploads/2017-07-10/59631d180f645.jpg
INFO: [ app_init ] --START--
INFO: Run Behavior\BuildLiteBehavior [ RunTime:0.000000s ]
INFO: [ app_init ] --END-- [ RunTime:0.001000s ]
ERR: 无法加载模块:Public

[ 2017-07-16T19:44:49+08:00 ] 127.0.0.1 /sucai./Public/Uploads/2017-07-10/59631c2564def.jpg
INFO: [ app_init ] --START--
INFO: Run Behavior\BuildLiteBehavior [ RunTime:0.000000s ]
INFO: [ app_init ] --END-- [ RunTime:0.001000s ]
ERR: 无法加载模块:Public

[ 2017-07-16T19:44:49+08:00 ] 127.0.0.1 /sucai./Public/Uploads/2017-07-10/59631c95d8f18.jpg
INFO: [ app_init ] --START--
INFO: Run Behavior\BuildLiteBehavior [ RunTime:0.000000s ]
INFO: [ app_init ] --END-- [ RunTime:0.001000s ]
ERR: 无法加载模块:Public

[ 2017-07-16T19:44:49+08:00 ] 127.0.0.1 /sucai./Public/Uploads/2017-07-10/59631cd27a54b.jpg
INFO: [ app_init ] --START--
INFO: Run Behavior\BuildLiteBehavior [ RunTime:0.000000s ]
INFO: [ app_init ] --END-- [ RunTime:0.001000s ]
ERR: 无法加载模块:Public

[ 2017-07-16T19:44:49+08:00 ] 127.0.0.1 /sucai./Public/Uploads/2017-07-10/59631c6151b02.png
INFO: [ app_init ] --START--
INFO: Run Behavior\BuildLiteBehavior [ RunTime:0.000000s ]
INFO: [ app_init ] --END-- [ RunTime:0.001000s ]
ERR: 无法加载模块:Public

[ 2017-07-16T19:44:49+08:00 ] 127.0.0.1 /sucai./Public/Uploads/2017-07-10/59631c7b2dac1.jpg
INFO: [ app_init ] --START--
INFO: Run Behavior\BuildLiteBehavior [ RunTime:0.000000s ]
INFO: [ app_init ] --END-- [ RunTime:0.001000s ]
ERR: 无法加载模块:Public

[ 2017-07-16T19:44:49+08:00 ] 127.0.0.1 /sucai./Public/Uploads/2017-07-10/59631d180f645.jpg
INFO: [ app_init ] --START--
INFO: Run Behavior\BuildLiteBehavior [ RunTime:0.000000s ]
INFO: [ app_init ] --END-- [ RunTime:0.001000s ]
ERR: 无法加载模块:Public

[ 2017-07-16T19:44:49+08:00 ] 127.0.0.1 /sucai./Public/Uploads/2017-07-10/59631c2564def.jpg
INFO: [ app_init ] --START--
INFO: Run Behavior\BuildLiteBehavior [ RunTime:0.000000s ]
INFO: [ app_init ] --END-- [ RunTime:0.001000s ]
ERR: 无法加载模块:Public

[ 2017-07-16T19:44:58+08:00 ] 127.0.0.1 /sucai/Public/Admin/Js/php/controller.php?action=config&&noCache=1500205498663
INFO: [ app_init ] --START--
INFO: Run Behavior\BuildLiteBehavior [ RunTime:0.000000s ]
INFO: [ app_init ] --END-- [ RunTime:0.001000s ]
ERR: 无法加载模块:Public

[ 2017-07-16T19:44:58+08:00 ] 127.0.0.1 /sucai/Public/Admin/Js/third-party/codemirror/codemirror.js
INFO: [ app_init ] --START--
INFO: Run Behavior\BuildLiteBehavior [ RunTime:0.000000s ]
INFO: [ app_init ] --END-- [ RunTime:0.001000s ]
ERR: 无法加载模块:Public

[ 2017-07-16T19:44:58+08:00 ] 127.0.0.1 /sucai/Public/Admin/Js/third-party/codemirror/codemirror.css
INFO: [ app_init ] --START--
INFO: Run Behavior\BuildLiteBehavior [ RunTime:0.000000s ]
INFO: [ app_init ] --END-- [ RunTime:0.001000s ]
ERR: 无法加载模块:Public

[ 2017-07-16T19:44:58+08:00 ] 127.0.0.1 /sucai/Public/Admin/Js/third-party/zeroclipboard/ZeroClipboard.js
INFO: [ app_init ] --START--
INFO: Run Behavior\BuildLiteBehavior [ RunTime:0.000000s ]
INFO: [ app_init ] --END-- [ RunTime:0.001001s ]
ERR: 无法加载模块:Public

[ 2017-07-16T19:45:59+08:00 ] 127.0.0.1 /sucai/Public/Admin/Js/php/controller.php?action=config&&noCache=1500205559277
INFO: [ app_init ] --START--
INFO: Run Behavior\BuildLiteBehavior [ RunTime:0.000000s ]
INFO: [ app_init ] --END-- [ RunTime:0.001000s ]
ERR: 无法加载模块:Public

[ 2017-07-16T19:45:59+08:00 ] 127.0.0.1 /sucai/Public/Admin/Js/third-party/codemirror/codemirror.css
INFO: [ app_init ] --START--
INFO: Run Behavior\BuildLiteBehavior [ RunTime:0.000000s ]
INFO: [ app_init ] --END-- [ RunTime:0.000000s ]
ERR: 无法加载模块:Public

[ 2017-07-16T19:45:59+08:00 ] 127.0.0.1 /sucai/Public/Admin/Js/third-party/codemirror/codemirror.js
INFO: [ app_init ] --START--
INFO: Run Behavior\BuildLiteBehavior [ RunTime:0.000000s ]
INFO: [ app_init ] --END-- [ RunTime:0.001000s ]
ERR: 无法加载模块:Public

[ 2017-07-16T19:45:59+08:00 ] 127.0.0.1 /sucai/Public/Admin/Js/third-party/zeroclipboard/ZeroClipboard.js
INFO: [ app_init ] --START--
INFO: Run Behavior\BuildLiteBehavior [ RunTime:0.000000s ]
INFO: [ app_init ] --END-- [ RunTime:0.001000s ]
ERR: 无法加载模块:Public

[ 2017-07-16T19:47:31+08:00 ] 127.0.0.1 /sucai./Public/Uploads/2017-07-10/59631c2564def.jpg
INFO: [ app_init ] --START--
INFO: Run Behavior\BuildLiteBehavior [ RunTime:0.000000s ]
INFO: [ app_init ] --END-- [ RunTime:0.000000s ]
ERR: 无法加载模块:Public

[ 2017-07-16T19:47:31+08:00 ] 127.0.0.1 /sucai./Public/Uploads/2017-07-10/59631d180f645.jpg
INFO: [ app_init ] --START--
INFO: Run Behavior\BuildLiteBehavior [ RunTime:0.000000s ]
INFO: [ app_init ] --END-- [ RunTime:0.000000s ]
ERR: 无法加载模块:Public

[ 2017-07-16T19:47:31+08:00 ] 127.0.0.1 /sucai./Public/Uploads/2017-07-10/59631cd27a54b.jpg
INFO: [ app_init ] --START--
INFO: Run Behavior\BuildLiteBehavior [ RunTime:0.000000s ]
INFO: [ app_init ] --END-- [ RunTime:0.000000s ]
ERR: 无法加载模块:Public

[ 2017-07-16T19:47:31+08:00 ] 127.0.0.1 /sucai./Public/Uploads/2017-07-10/59631c7b2dac1.jpg
INFO: [ app_init ] --START--
INFO: Run Behavior\BuildLiteBehavior [ RunTime:0.000000s ]
INFO: [ app_init ] --END-- [ RunTime:0.000000s ]
ERR: 无法加载模块:Public

[ 2017-07-16T19:47:31+08:00 ] 127.0.0.1 /sucai./Public/Uploads/2017-07-10/59631c6151b02.png
INFO: [ app_init ] --START--
INFO: Run Behavior\BuildLiteBehavior [ RunTime:0.000000s ]
INFO: [ app_init ] --END-- [ RunTime:0.001000s ]
ERR: 无法加载模块:Public

[ 2017-07-16T19:47:31+08:00 ] 127.0.0.1 /sucai./Public/Uploads/2017-07-10/59631c95d8f18.jpg
INFO: [ app_init ] --START--
INFO: Run Behavior\BuildLiteBehavior [ RunTime:0.000000s ]
INFO: [ app_init ] --END-- [ RunTime:0.000000s ]
ERR: 无法加载模块:Public

[ 2017-07-16T19:47:31+08:00 ] 127.0.0.1 /sucai./Public/Uploads/2017-07-10/59631c2564def.jpg
INFO: [ app_init ] --START--
INFO: Run Behavior\BuildLiteBehavior [ RunTime:0.000000s ]
INFO: [ app_init ] --END-- [ RunTime:0.000000s ]
ERR: 无法加载模块:Public

[ 2017-07-16T19:47:31+08:00 ] 127.0.0.1 /sucai./Public/Uploads/2017-07-10/59631d180f645.jpg
INFO: [ app_init ] --START--
INFO: Run Behavior\BuildLiteBehavior [ RunTime:0.000000s ]
INFO: [ app_init ] --END-- [ RunTime:0.000000s ]
ERR: 无法加载模块:Public

[ 2017-07-16T19:47:37+08:00 ] 127.0.0.1 /sucai./Public/Uploads/2017-07-10/59631c2564def.jpg
INFO: [ app_init ] --START--
INFO: Run Behavior\BuildLiteBehavior [ RunTime:0.000000s ]
INFO: [ app_init ] --END-- [ RunTime:0.001000s ]
ERR: 无法加载模块:Public

[ 2017-07-16T19:47:37+08:00 ] 127.0.0.1 /sucai./Public/Uploads/2017-07-10/59631d180f645.jpg
INFO: [ app_init ] --START--
INFO: Run Behavior\BuildLiteBehavior [ RunTime:0.000000s ]
INFO: [ app_init ] --END-- [ RunTime:0.001000s ]
ERR: 无法加载模块:Public

[ 2017-07-16T19:47:37+08:00 ] 127.0.0.1 /sucai./Public/Uploads/2017-07-10/59631c6151b02.png
INFO: [ app_init ] --START--
INFO: Run Behavior\BuildLiteBehavior [ RunTime:0.000000s ]
INFO: [ app_init ] --END-- [ RunTime:0.000000s ]
ERR: 无法加载模块:Public

[ 2017-07-16T19:47:37+08:00 ] 127.0.0.1 /sucai./Public/Uploads/2017-07-10/59631c95d8f18.jpg
INFO: [ app_init ] --START--
INFO: Run Behavior\BuildLiteBehavior [ RunTime:0.000000s ]
INFO: [ app_init ] --END-- [ RunTime:0.001000s ]
ERR: 无法加载模块:Public

[ 2017-07-16T19:47:38+08:00 ] 127.0.0.1 /sucai./Public/Uploads/2017-07-10/59631cd27a54b.jpg
INFO: [ app_init ] --START--
INFO: Run Behavior\BuildLiteBehavior [ RunTime:0.000000s ]
INFO: [ app_init ] --END-- [ RunTime:0.001000s ]
ERR: 无法加载模块:Public

[ 2017-07-16T19:47:38+08:00 ] 127.0.0.1 /sucai./Public/Uploads/2017-07-10/59631c7b2dac1.jpg
INFO: [ app_init ] --START--
INFO: Run Behavior\BuildLiteBehavior [ RunTime:0.000000s ]
INFO: [ app_init ] --END-- [ RunTime:0.001000s ]
ERR: 无法加载模块:Public

[ 2017-07-16T19:47:38+08:00 ] 127.0.0.1 /sucai./Public/Uploads/2017-07-10/59631c2564def.jpg
INFO: [ app_init ] --START--
INFO: Run Behavior\BuildLiteBehavior [ RunTime:0.000000s ]
INFO: [ app_init ] --END-- [ RunTime:0.001000s ]
ERR: 无法加载模块:Public

[ 2017-07-16T19:47:38+08:00 ] 127.0.0.1 /sucai./Public/Uploads/2017-07-10/59631d180f645.jpg
INFO: [ app_init ] --START--
INFO: Run Behavior\BuildLiteBehavior [ RunTime:0.000000s ]
INFO: [ app_init ] --END-- [ RunTime:0.001000s ]
ERR: 无法加载模块:Public

[ 2017-07-16T19:47:38+08:00 ] 127.0.0.1 /sucai./Public/Uploads/2017-07-10/59631cd27a54b.jpg
INFO: [ app_init ] --START--
INFO: Run Behavior\BuildLiteBehavior [ RunTime:0.000000s ]
INFO: [ app_init ] --END-- [ RunTime:0.001000s ]
ERR: 无法加载模块:Public

[ 2017-07-16T19:47:38+08:00 ] 127.0.0.1 /sucai./Public/Uploads/2017-07-10/59631c6151b02.png
INFO: [ app_init ] --START--
INFO: Run Behavior\BuildLiteBehavior [ RunTime:0.000000s ]
INFO: [ app_init ] --END-- [ RunTime:0.001000s ]
ERR: 无法加载模块:Public

[ 2017-07-16T19:47:38+08:00 ] 127.0.0.1 /sucai./Public/Uploads/2017-07-10/59631c95d8f18.jpg
INFO: [ app_init ] --START--
INFO: Run Behavior\BuildLiteBehavior [ RunTime:0.000000s ]
INFO: [ app_init ] --END-- [ RunTime:0.001000s ]
ERR: 无法加载模块:Public

[ 2017-07-16T19:47:38+08:00 ] 127.0.0.1 /sucai./Public/Uploads/2017-07-10/59631c7b2dac1.jpg
INFO: [ app_init ] --START--
INFO: Run Behavior\BuildLiteBehavior [ RunTime:0.000000s ]
INFO: [ app_init ] --END-- [ RunTime:0.002000s ]
ERR: 无法加载模块:Public

[ 2017-07-16T19:48:35+08:00 ] 127.0.0.1 /sucai/Public/Uploads/2017-07-10/59631c2564def.jpg
INFO: [ app_init ] --START--
INFO: Run Behavior\BuildLiteBehavior [ RunTime:0.000000s ]
INFO: [ app_init ] --END-- [ RunTime:0.000000s ]
ERR: 无法加载模块:Public

[ 2017-07-16T19:48:35+08:00 ] 127.0.0.1 /sucai/Public/Admin/Js/php/controller.php?action=config&&noCache=1500205715878
INFO: [ app_init ] --START--
INFO: Run Behavior\BuildLiteBehavior [ RunTime:0.000000s ]
INFO: [ app_init ] --END-- [ RunTime:0.000000s ]
ERR: 无法加载模块:Public

[ 2017-07-16T19:48:36+08:00 ] 127.0.0.1 /sucai/Public/Admin/Js/third-party/codemirror/codemirror.css
INFO: [ app_init ] --START--
INFO: Run Behavior\BuildLiteBehavior [ RunTime:0.000000s ]
INFO: [ app_init ] --END-- [ RunTime:0.001000s ]
ERR: 无法加载模块:Public

[ 2017-07-16T19:48:36+08:00 ] 127.0.0.1 /sucai/Public/Admin/Js/third-party/codemirror/codemirror.js
INFO: [ app_init ] --START--
INFO: Run Behavior\BuildLiteBehavior [ RunTime:0.000000s ]
INFO: [ app_init ] --END-- [ RunTime:0.001000s ]
ERR: 无法加载模块:Public

[ 2017-07-16T19:48:36+08:00 ] 127.0.0.1 /sucai/Public/Admin/Js/third-party/zeroclipboard/ZeroClipboard.js
INFO: [ app_init ] --START--
INFO: Run Behavior\BuildLiteBehavior [ RunTime:0.000000s ]
INFO: [ app_init ] --END-- [ RunTime:0.001000s ]
ERR: 无法加载模块:Public

[ 2017-07-16T19:48:55+08:00 ] 127.0.0.1 /sucai./Public/Uploads/2017-07-10/59631cd27a54b.jpg
INFO: [ app_init ] --START--
INFO: Run Behavior\BuildLiteBehavior [ RunTime:0.000000s ]
INFO: [ app_init ] --END-- [ RunTime:0.001000s ]
ERR: 无法加载模块:Public

[ 2017-07-16T19:48:55+08:00 ] 127.0.0.1 /sucai./Public/Uploads/2017-07-10/59631c6151b02.png
INFO: [ app_init ] --START--
INFO: Run Behavior\BuildLiteBehavior [ RunTime:0.000000s ]
INFO: [ app_init ] --END-- [ RunTime:0.002000s ]
ERR: 无法加载模块:Public

[ 2017-07-16T19:48:55+08:00 ] 127.0.0.1 /sucai./Public/Uploads/2017-07-10/59631c7b2dac1.jpg
INFO: [ app_init ] --START--
INFO: Run Behavior\BuildLiteBehavior [ RunTime:0.000000s ]
INFO: [ app_init ] --END-- [ RunTime:0.002000s ]
ERR: 无法加载模块:Public

[ 2017-07-16T19:48:55+08:00 ] 127.0.0.1 /sucai./Public/Uploads/2017-07-10/59631d180f645.jpg
INFO: [ app_init ] --START--
INFO: Run Behavior\BuildLiteBehavior [ RunTime:0.000000s ]
INFO: [ app_init ] --END-- [ RunTime:0.001000s ]
ERR: 无法加载模块:Public

[ 2017-07-16T19:48:55+08:00 ] 127.0.0.1 /sucai./Public/Uploads/2017-07-10/59631c95d8f18.jpg
INFO: [ app_init ] --START--
INFO: Run Behavior\BuildLiteBehavior [ RunTime:0.000000s ]
INFO: [ app_init ] --END-- [ RunTime:0.001000s ]
ERR: 无法加载模块:Public

[ 2017-07-16T19:48:55+08:00 ] 127.0.0.1 /sucai./Public/Uploads/2017-07-10/59631cd27a54b.jpg
INFO: [ app_init ] --START--
INFO: Run Behavior\BuildLiteBehavior [ RunTime:0.000000s ]
INFO: [ app_init ] --END-- [ RunTime:0.001000s ]
ERR: 无法加载模块:Public

[ 2017-07-16T19:49:30+08:00 ] 127.0.0.1 /sucai./Public/Uploads/2017-07-10/59631d180f645.jpg
INFO: [ app_init ] --START--
INFO: Run Behavior\BuildLiteBehavior [ RunTime:0.000000s ]
INFO: [ app_init ] --END-- [ RunTime:0.001000s ]
ERR: 无法加载模块:Public

[ 2017-07-16T19:49:30+08:00 ] 127.0.0.1 /sucai./Public/Uploads/2017-07-10/59631c95d8f18.jpg
INFO: [ app_init ] --START--
INFO: Run Behavior\BuildLiteBehavior [ RunTime:0.000000s ]
INFO: [ app_init ] --END-- [ RunTime:0.001000s ]
ERR: 无法加载模块:Public

[ 2017-07-16T19:49:30+08:00 ] 127.0.0.1 /sucai./Public/Uploads/2017-07-10/59631cd27a54b.jpg
INFO: [ app_init ] --START--
INFO: Run Behavior\BuildLiteBehavior [ RunTime:0.000000s ]
INFO: [ app_init ] --END-- [ RunTime:0.000000s ]
ERR: 无法加载模块:Public

[ 2017-07-16T19:49:30+08:00 ] 127.0.0.1 /sucai./Public/Uploads/2017-07-10/59631c6151b02.png
INFO: [ app_init ] --START--
INFO: Run Behavior\BuildLiteBehavior [ RunTime:0.000000s ]
INFO: [ app_init ] --END-- [ RunTime:0.001000s ]
ERR: 无法加载模块:Public

[ 2017-07-16T19:49:30+08:00 ] 127.0.0.1 /sucai./Public/Uploads/2017-07-10/59631c7b2dac1.jpg
INFO: [ app_init ] --START--
INFO: Run Behavior\BuildLiteBehavior [ RunTime:0.000000s ]
INFO: [ app_init ] --END-- [ RunTime:0.001000s ]
ERR: 无法加载模块:Public

[ 2017-07-16T19:49:34+08:00 ] 127.0.0.1 /sucai./Public/Uploads/2017-07-10/59631cd27a54b.jpg
INFO: [ app_init ] --START--
INFO: Run Behavior\BuildLiteBehavior [ RunTime:0.000000s ]
INFO: [ app_init ] --END-- [ RunTime:0.001000s ]
ERR: 无法加载模块:Public

[ 2017-07-16T19:49:34+08:00 ] 127.0.0.1 /sucai./Public/Uploads/2017-07-10/59631c95d8f18.jpg
INFO: [ app_init ] --START--
INFO: Run Behavior\BuildLiteBehavior [ RunTime:0.000000s ]
INFO: [ app_init ] --END-- [ RunTime:0.001001s ]
ERR: 无法加载模块:Public

[ 2017-07-16T19:49:34+08:00 ] 127.0.0.1 /sucai./Public/Uploads/2017-07-10/59631c7b2dac1.jpg
INFO: [ app_init ] --START--
INFO: Run Behavior\BuildLiteBehavior [ RunTime:0.000000s ]
INFO: [ app_init ] --END-- [ RunTime:0.003000s ]
ERR: 无法加载模块:Public

[ 2017-07-16T19:49:34+08:00 ] 127.0.0.1 /sucai./Public/Uploads/2017-07-10/59631c6151b02.png
INFO: [ app_init ] --START--
INFO: Run Behavior\BuildLiteBehavior [ RunTime:0.000000s ]
INFO: [ app_init ] --END-- [ RunTime:0.001000s ]
ERR: 无法加载模块:Public

[ 2017-07-16T19:49:34+08:00 ] 127.0.0.1 /sucai./Public/Uploads/2017-07-10/59631d180f645.jpg
INFO: [ app_init ] --START--
INFO: Run Behavior\BuildLiteBehavior [ RunTime:0.000000s ]
INFO: [ app_init ] --END-- [ RunTime:0.000000s ]
ERR: 无法加载模块:Public

[ 2017-07-16T19:50:06+08:00 ] 127.0.0.1 /sucai/Public/Admin/Js/php/controller.php?action=config&&noCache=1500205806618
INFO: [ app_init ] --START--
INFO: Run Behavior\BuildLiteBehavior [ RunTime:0.000000s ]
INFO: [ app_init ] --END-- [ RunTime:0.001000s ]
ERR: 无法加载模块:Public

[ 2017-07-16T19:50:06+08:00 ] 127.0.0.1 /sucai/Public/Admin/Js/third-party/codemirror/codemirror.js
INFO: [ app_init ] --START--
INFO: Run Behavior\BuildLiteBehavior [ RunTime:0.000000s ]
INFO: [ app_init ] --END-- [ RunTime:0.001000s ]
ERR: 无法加载模块:Public

[ 2017-07-16T19:50:06+08:00 ] 127.0.0.1 /sucai/Public/Admin/Js/third-party/zeroclipboard/ZeroClipboard.js
INFO: [ app_init ] --START--
INFO: Run Behavior\BuildLiteBehavior [ RunTime:0.000000s ]
INFO: [ app_init ] --END-- [ RunTime:0.001000s ]
ERR: 无法加载模块:Public

[ 2017-07-16T19:50:06+08:00 ] 127.0.0.1 /sucai/Public/Admin/Js/third-party/codemirror/codemirror.css
INFO: [ app_init ] --START--
INFO: Run Behavior\BuildLiteBehavior [ RunTime:0.000000s ]
INFO: [ app_init ] --END-- [ RunTime:0.001000s ]
ERR: 无法加载模块:Public

[ 2017-07-16T19:50:12+08:00 ] 127.0.0.1 /sucai./Public/Uploads/2017-07-10/59631cd27a54b.jpg
INFO: [ app_init ] --START--
INFO: Run Behavior\BuildLiteBehavior [ RunTime:0.000000s ]
INFO: [ app_init ] --END-- [ RunTime:0.004000s ]
ERR: 无法加载模块:Public

[ 2017-07-16T19:50:12+08:00 ] 127.0.0.1 /sucai./Public/Uploads/2017-07-10/59631c6151b02.png
INFO: [ app_init ] --START--
INFO: Run Behavior\BuildLiteBehavior [ RunTime:0.000000s ]
INFO: [ app_init ] --END-- [ RunTime:0.001000s ]
ERR: 无法加载模块:Public

[ 2017-07-16T19:50:12+08:00 ] 127.0.0.1 /sucai./Public/Uploads/2017-07-10/59631d180f645.jpg
INFO: [ app_init ] --START--
INFO: Run Behavior\BuildLiteBehavior [ RunTime:0.000000s ]
INFO: [ app_init ] --END-- [ RunTime:0.001000s ]
ERR: 无法加载模块:Public

[ 2017-07-16T19:50:12+08:00 ] 127.0.0.1 /sucai./Public/Uploads/2017-07-10/59631c7b2dac1.jpg
INFO: [ app_init ] --START--
INFO: Run Behavior\BuildLiteBehavior [ RunTime:0.000000s ]
INFO: [ app_init ] --END-- [ RunTime:0.001000s ]
ERR: 无法加载模块:Public

[ 2017-07-16T19:50:12+08:00 ] 127.0.0.1 /sucai./Public/Uploads/2017-07-10/59631c95d8f18.jpg
INFO: [ app_init ] --START--
INFO: Run Behavior\BuildLiteBehavior [ RunTime:0.000000s ]
INFO: [ app_init ] --END-- [ RunTime:0.001000s ]
ERR: 无法加载模块:Public

[ 2017-07-16T19:50:14+08:00 ] 127.0.0.1 /sucai/Public/Admin/Js/php/controller.php?action=config&&noCache=1500205814107
INFO: [ app_init ] --START--
INFO: Run Behavior\BuildLiteBehavior [ RunTime:0.000000s ]
INFO: [ app_init ] --END-- [ RunTime:0.001000s ]
ERR: 无法加载模块:Public

[ 2017-07-16T19:50:14+08:00 ] 127.0.0.1 /sucai/Public/Admin/Js/third-party/codemirror/codemirror.js
INFO: [ app_init ] --START--
INFO: Run Behavior\BuildLiteBehavior [ RunTime:0.000000s ]
INFO: [ app_init ] --END-- [ RunTime:0.001000s ]
ERR: 无法加载模块:Public

[ 2017-07-16T19:50:14+08:00 ] 127.0.0.1 /sucai/Public/Admin/Js/third-party/codemirror/codemirror.css
INFO: [ app_init ] --START--
INFO: Run Behavior\BuildLiteBehavior [ RunTime:0.000000s ]
INFO: [ app_init ] --END-- [ RunTime:0.001000s ]
ERR: 无法加载模块:Public

[ 2017-07-16T19:50:14+08:00 ] 127.0.0.1 /sucai/Public/Admin/Js/third-party/zeroclipboard/ZeroClipboard.js
INFO: [ app_init ] --START--
INFO: Run Behavior\BuildLiteBehavior [ RunTime:0.000000s ]
INFO: [ app_init ] --END-- [ RunTime:0.001000s ]
ERR: 无法加载模块:Public

[ 2017-07-16T19:50:18+08:00 ] 127.0.0.1 /sucai./Public/Uploads/2017-07-10/59631cd27a54b.jpg
INFO: [ app_init ] --START--
INFO: Run Behavior\BuildLiteBehavior [ RunTime:0.000000s ]
INFO: [ app_init ] --END-- [ RunTime:0.002000s ]
ERR: 无法加载模块:Public

[ 2017-07-16T19:50:18+08:00 ] 127.0.0.1 /sucai./Public/Uploads/2017-07-10/59631d180f645.jpg
INFO: [ app_init ] --START--
INFO: Run Behavior\BuildLiteBehavior [ RunTime:0.000000s ]
INFO: [ app_init ] --END-- [ RunTime:0.001000s ]
ERR: 无法加载模块:Public

[ 2017-07-16T19:50:18+08:00 ] 127.0.0.1 /sucai./Public/Uploads/2017-07-10/59631c6151b02.png
INFO: [ app_init ] --START--
INFO: Run Behavior\BuildLiteBehavior [ RunTime:0.000000s ]
INFO: [ app_init ] --END-- [ RunTime:0.001000s ]
ERR: 无法加载模块:Public

[ 2017-07-16T19:50:18+08:00 ] 127.0.0.1 /sucai./Public/Uploads/2017-07-10/59631c95d8f18.jpg
INFO: [ app_init ] --START--
INFO: Run Behavior\BuildLiteBehavior [ RunTime:0.000000s ]
INFO: [ app_init ] --END-- [ RunTime:0.001000s ]
ERR: 无法加载模块:Public

[ 2017-07-16T19:50:18+08:00 ] 127.0.0.1 /sucai./Public/Uploads/2017-07-10/59631c7b2dac1.jpg
INFO: [ app_init ] --START--
INFO: Run Behavior\BuildLiteBehavior [ RunTime:0.000000s ]
INFO: [ app_init ] --END-- [ RunTime:0.001000s ]
ERR: 无法加载模块:Public

[ 2017-07-16T19:50:18+08:00 ] 127.0.0.1 /sucai./Public/Uploads/2017-07-10/59631cd27a54b.jpg
INFO: [ app_init ] --START--
INFO: Run Behavior\BuildLiteBehavior [ RunTime:0.000000s ]
INFO: [ app_init ] --END-- [ RunTime:0.001000s ]
ERR: 无法加载模块:Public

[ 2017-07-16T19:50:18+08:00 ] 127.0.0.1 /sucai./Public/Uploads/2017-07-10/59631d180f645.jpg
INFO: [ app_init ] --START--
INFO: Run Behavior\BuildLiteBehavior [ RunTime:0.000000s ]
INFO: [ app_init ] --END-- [ RunTime:0.000000s ]
ERR: 无法加载模块:Public

[ 2017-07-16T19:54:20+08:00 ] 127.0.0.1 /sucai./Public/Uploads/2017-07-10/59631cd27a54b.jpg
INFO: [ app_init ] --START--
INFO: Run Behavior\BuildLiteBehavior [ RunTime:0.000000s ]
INFO: [ app_init ] --END-- [ RunTime:0.001000s ]
ERR: 无法加载模块:Public

[ 2017-07-16T19:54:20+08:00 ] 127.0.0.1 /sucai./Public/Uploads/2017-07-10/59631c6151b02.png
INFO: [ app_init ] --START--
INFO: Run Behavior\BuildLiteBehavior [ RunTime:0.000000s ]
INFO: [ app_init ] --END-- [ RunTime:0.000000s ]
ERR: 无法加载模块:Public

[ 2017-07-16T19:54:20+08:00 ] 127.0.0.1 /sucai./Public/Uploads/2017-07-10/59631c95d8f18.jpg
INFO: [ app_init ] --START--
INFO: Run Behavior\BuildLiteBehavior [ RunTime:0.000000s ]
INFO: [ app_init ] --END-- [ RunTime:0.001000s ]
ERR: 无法加载模块:Public

[ 2017-07-16T19:54:20+08:00 ] 127.0.0.1 /sucai./Public/Uploads/2017-07-10/59631d180f645.jpg
INFO: [ app_init ] --START--
INFO: Run Behavior\BuildLiteBehavior [ RunTime:0.000000s ]
INFO: [ app_init ] --END-- [ RunTime:0.001000s ]
ERR: 无法加载模块:Public

[ 2017-07-16T19:54:20+08:00 ] 127.0.0.1 /sucai./Public/Uploads/2017-07-10/59631c7b2dac1.jpg
INFO: [ app_init ] --START--
INFO: Run Behavior\BuildLiteBehavior [ RunTime:0.000000s ]
INFO: [ app_init ] --END-- [ RunTime:0.001000s ]
ERR: 无法加载模块:Public

[ 2017-07-16T19:54:20+08:00 ] 127.0.0.1 /sucai./Public/Uploads/2017-07-10/59631cd27a54b.jpg
INFO: [ app_init ] --START--
INFO: Run Behavior\BuildLiteBehavior [ RunTime:0.000000s ]
INFO: [ app_init ] --END-- [ RunTime:0.001000s ]
ERR: 无法加载模块:Public

[ 2017-07-16T19:54:20+08:00 ] 127.0.0.1 /sucai./Public/Uploads/2017-07-10/59631c6151b02.png
INFO: [ app_init ] --START--
INFO: Run Behavior\BuildLiteBehavior [ RunTime:0.000000s ]
INFO: [ app_init ] --END-- [ RunTime:0.002000s ]
ERR: 无法加载模块:Public

[ 2017-07-16T19:56:12+08:00 ] 127.0.0.1 /sucai./Public/Uploads/2017-07-10/59631c95d8f18.jpg
INFO: [ app_init ] --START--
INFO: Run Behavior\BuildLiteBehavior [ RunTime:0.000000s ]
INFO: [ app_init ] --END-- [ RunTime:0.000000s ]
ERR: 无法加载模块:Public

[ 2017-07-16T19:56:12+08:00 ] 127.0.0.1 /sucai./Public/Uploads/2017-07-10/59631c6151b02.png
INFO: [ app_init ] --START--
INFO: Run Behavior\BuildLiteBehavior [ RunTime:0.000000s ]
INFO: [ app_init ] --END-- [ RunTime:0.000000s ]
ERR: 无法加载模块:Public

[ 2017-07-16T19:56:12+08:00 ] 127.0.0.1 /sucai./Public/Uploads/2017-07-10/59631d180f645.jpg
INFO: [ app_init ] --START--
INFO: Run Behavior\BuildLiteBehavior [ RunTime:0.000000s ]
INFO: [ app_init ] --END-- [ RunTime:0.000000s ]
ERR: 无法加载模块:Public

[ 2017-07-16T19:56:12+08:00 ] 127.0.0.1 /sucai./Public/Uploads/2017-07-10/59631c7b2dac1.jpg
INFO: [ app_init ] --START--
INFO: Run Behavior\BuildLiteBehavior [ RunTime:0.000000s ]
INFO: [ app_init ] --END-- [ RunTime:0.000000s ]
ERR: 无法加载模块:Public

[ 2017-07-16T19:56:12+08:00 ] 127.0.0.1 /sucai./Public/Uploads/2017-07-10/59631cd27a54b.jpg
INFO: [ app_init ] --START--
INFO: Run Behavior\BuildLiteBehavior [ RunTime:0.000000s ]
INFO: [ app_init ] --END-- [ RunTime:0.001000s ]
ERR: 无法加载模块:Public

[ 2017-07-16T19:56:25+08:00 ] 127.0.0.1 /sucai./Public/Uploads/2017-07-10/59631c6151b02.png
INFO: [ app_init ] --START--
INFO: Run Behavior\BuildLiteBehavior [ RunTime:0.000000s ]
INFO: [ app_init ] --END-- [ RunTime:0.001000s ]
ERR: 无法加载模块:Public

[ 2017-07-16T19:56:25+08:00 ] 127.0.0.1 /sucai./Public/Uploads/2017-07-10/59631d180f645.jpg
INFO: [ app_init ] --START--
INFO: Run Behavior\BuildLiteBehavior [ RunTime:0.000000s ]
INFO: [ app_init ] --END-- [ RunTime:0.001000s ]
ERR: 无法加载模块:Public

[ 2017-07-16T19:56:25+08:00 ] 127.0.0.1 /sucai./Public/Uploads/2017-07-10/59631cd27a54b.jpg
INFO: [ app_init ] --START--
INFO: Run Behavior\BuildLiteBehavior [ RunTime:0.000000s ]
INFO: [ app_init ] --END-- [ RunTime:0.001000s ]
ERR: 无法加载模块:Public

[ 2017-07-16T19:56:25+08:00 ] 127.0.0.1 /sucai./Public/Uploads/2017-07-10/59631c95d8f18.jpg
INFO: [ app_init ] --START--
INFO: Run Behavior\BuildLiteBehavior [ RunTime:0.000000s ]
INFO: [ app_init ] --END-- [ RunTime:0.001000s ]
ERR: 无法加载模块:Public

[ 2017-07-16T19:56:25+08:00 ] 127.0.0.1 /sucai./Public/Uploads/2017-07-10/59631c7b2dac1.jpg
INFO: [ app_init ] --START--
INFO: Run Behavior\BuildLiteBehavior [ RunTime:0.000000s ]
INFO: [ app_init ] --END-- [ RunTime:0.001000s ]
ERR: 无法加载模块:Public

[ 2017-07-16T19:57:02+08:00 ] 127.0.0.1 /sucai./Public/Uploads/2017-07-10/59631d180f645.jpg
INFO: [ app_init ] --START--
INFO: Run Behavior\BuildLiteBehavior [ RunTime:0.000000s ]
INFO: [ app_init ] --END-- [ RunTime:0.000000s ]
ERR: 无法加载模块:Public

[ 2017-07-16T19:57:02+08:00 ] 127.0.0.1 /sucai./Public/Uploads/2017-07-10/59631c6151b02.png
INFO: [ app_init ] --START--
INFO: Run Behavior\BuildLiteBehavior [ RunTime:0.000000s ]
INFO: [ app_init ] --END-- [ RunTime:0.001000s ]
ERR: 无法加载模块:Public

[ 2017-07-16T19:57:02+08:00 ] 127.0.0.1 /sucai./Public/Uploads/2017-07-10/59631cd27a54b.jpg
INFO: [ app_init ] --START--
INFO: Run Behavior\BuildLiteBehavior [ RunTime:0.001000s ]
INFO: [ app_init ] --END-- [ RunTime:0.001000s ]
ERR: 无法加载模块:Public

[ 2017-07-16T19:57:02+08:00 ] 127.0.0.1 /sucai./Public/Uploads/2017-07-10/59631c7b2dac1.jpg
INFO: [ app_init ] --START--
INFO: Run Behavior\BuildLiteBehavior [ RunTime:0.000000s ]
INFO: [ app_init ] --END-- [ RunTime:0.001000s ]
ERR: 无法加载模块:Public

[ 2017-07-16T19:57:02+08:00 ] 127.0.0.1 /sucai./Public/Uploads/2017-07-10/59631c95d8f18.jpg
INFO: [ app_init ] --START--
INFO: Run Behavior\BuildLiteBehavior [ RunTime:0.000000s ]
INFO: [ app_init ] --END-- [ RunTime:0.001000s ]
ERR: 无法加载模块:Public

[ 2017-07-16T19:57:29+08:00 ] 127.0.0.1 /sucai./Public/Uploads/2017-07-10/59631c7b2dac1.jpg
INFO: [ app_init ] --START--
INFO: Run Behavior\BuildLiteBehavior [ RunTime:0.000000s ]
INFO: [ app_init ] --END-- [ RunTime:0.001000s ]
ERR: 无法加载模块:Public

[ 2017-07-16T19:57:29+08:00 ] 127.0.0.1 /sucai./Public/Uploads/2017-07-10/59631cd27a54b.jpg
INFO: [ app_init ] --START--
INFO: Run Behavior\BuildLiteBehavior [ RunTime:0.000000s ]
INFO: [ app_init ] --END-- [ RunTime:0.001000s ]
ERR: 无法加载模块:Public

[ 2017-07-16T19:57:29+08:00 ] 127.0.0.1 /sucai./Public/Uploads/2017-07-10/59631c95d8f18.jpg
INFO: [ app_init ] --START--
INFO: Run Behavior\BuildLiteBehavior [ RunTime:0.000000s ]
INFO: [ app_init ] --END-- [ RunTime:0.001000s ]
ERR: 无法加载模块:Public

[ 2017-07-16T19:57:29+08:00 ] 127.0.0.1 /sucai./Public/Uploads/2017-07-10/59631d180f645.jpg
INFO: [ app_init ] --START--
INFO: Run Behavior\BuildLiteBehavior [ RunTime:0.000000s ]
INFO: [ app_init ] --END-- [ RunTime:0.001000s ]
ERR: 无法加载模块:Public

[ 2017-07-16T19:57:29+08:00 ] 127.0.0.1 /sucai./Public/Uploads/2017-07-10/59631c6151b02.png
INFO: [ app_init ] --START--
INFO: Run Behavior\BuildLiteBehavior [ RunTime:0.000000s ]
INFO: [ app_init ] --END-- [ RunTime:0.001000s ]
ERR: 无法加载模块:Public

[ 2017-07-16T19:58:24+08:00 ] 127.0.0.1 /sucai./Public/Uploads/2017-07-10/59631d180f645.jpg
INFO: [ app_init ] --START--
INFO: Run Behavior\BuildLiteBehavior [ RunTime:0.000000s ]
INFO: [ app_init ] --END-- [ RunTime:0.000000s ]
ERR: 无法加载模块:Public

[ 2017-07-16T19:58:24+08:00 ] 127.0.0.1 /sucai./Public/Uploads/2017-07-10/59631cd27a54b.jpg
INFO: [ app_init ] --START--
INFO: Run Behavior\BuildLiteBehavior [ RunTime:0.000000s ]
INFO: [ app_init ] --END-- [ RunTime:0.001000s ]
ERR: 无法加载模块:Public

[ 2017-07-16T19:58:24+08:00 ] 127.0.0.1 /sucai./Public/Uploads/2017-07-10/59631c95d8f18.jpg
INFO: [ app_init ] --START--
INFO: Run Behavior\BuildLiteBehavior [ RunTime:0.000000s ]
INFO: [ app_init ] --END-- [ RunTime:0.001000s ]
ERR: 无法加载模块:Public

[ 2017-07-16T19:58:24+08:00 ] 127.0.0.1 /sucai./Public/Uploads/2017-07-10/59631c6151b02.png
INFO: [ app_init ] --START--
INFO: Run Behavior\BuildLiteBehavior [ RunTime:0.000000s ]
INFO: [ app_init ] --END-- [ RunTime:0.001000s ]
ERR: 无法加载模块:Public

[ 2017-07-16T19:58:24+08:00 ] 127.0.0.1 /sucai./Public/Uploads/2017-07-10/59631c7b2dac1.jpg
INFO: [ app_init ] --START--
INFO: Run Behavior\BuildLiteBehavior [ RunTime:0.000000s ]
INFO: [ app_init ] --END-- [ RunTime:0.000000s ]
ERR: 无法加载模块:Public

[ 2017-07-16T20:07:48+08:00 ] 127.0.0.1 /sucai./Public/Uploads/2017-07-10/59631cd27a54b.jpg
INFO: [ app_init ] --START--
INFO: Run Behavior\BuildLiteBehavior [ RunTime:0.000000s ]
INFO: [ app_init ] --END-- [ RunTime:0.001000s ]
ERR: 无法加载模块:Public

[ 2017-07-16T20:07:48+08:00 ] 127.0.0.1 /sucai./Public/Uploads/2017-07-10/59631d180f645.jpg
INFO: [ app_init ] --START--
INFO: Run Behavior\BuildLiteBehavior [ RunTime:0.000000s ]
INFO: [ app_init ] --END-- [ RunTime:0.001000s ]
ERR: 无法加载模块:Public

[ 2017-07-16T20:07:48+08:00 ] 127.0.0.1 /sucai./Public/Uploads/2017-07-10/59631c6151b02.png
INFO: [ app_init ] --START--
INFO: Run Behavior\BuildLiteBehavior [ RunTime:0.000000s ]
INFO: [ app_init ] --END-- [ RunTime:0.001000s ]
ERR: 无法加载模块:Public

[ 2017-07-16T20:07:48+08:00 ] 127.0.0.1 /sucai./Public/Uploads/2017-07-10/59631c7b2dac1.jpg
INFO: [ app_init ] --START--
INFO: Run Behavior\BuildLiteBehavior [ RunTime:0.000000s ]
INFO: [ app_init ] --END-- [ RunTime:0.001000s ]
ERR: 无法加载模块:Public

[ 2017-07-16T20:07:49+08:00 ] 127.0.0.1 /sucai./Public/Uploads/2017-07-10/59631c95d8f18.jpg
INFO: [ app_init ] --START--
INFO: Run Behavior\BuildLiteBehavior [ RunTime:0.000000s ]
INFO: [ app_init ] --END-- [ RunTime:0.000000s ]
ERR: 无法加载模块:Public

[ 2017-07-16T20:07:49+08:00 ] 127.0.0.1 /sucai./Public/Uploads/2017-07-10/59631d180f645.jpg
INFO: [ app_init ] --START--
INFO: Run Behavior\BuildLiteBehavior [ RunTime:0.000000s ]
INFO: [ app_init ] --END-- [ RunTime:0.001000s ]
ERR: 无法加载模块:Public

[ 2017-07-16T20:07:49+08:00 ] 127.0.0.1 /sucai./Public/Uploads/2017-07-10/59631cd27a54b.jpg
INFO: [ app_init ] --START--
INFO: Run Behavior\BuildLiteBehavior [ RunTime:0.000000s ]
INFO: [ app_init ] --END-- [ RunTime:0.008000s ]
ERR: 无法加载模块:Public

[ 2017-07-16T20:07:49+08:00 ] 127.0.0.1 /sucai./Public/Uploads/2017-07-10/59631c6151b02.png
INFO: [ app_init ] --START--
INFO: Run Behavior\BuildLiteBehavior [ RunTime:0.000000s ]
INFO: [ app_init ] --END-- [ RunTime:0.001000s ]
ERR: 无法加载模块:Public

[ 2017-07-16T20:08:12+08:00 ] 127.0.0.1 /sucai./Public/Uploads/2017-07-10/59631cd27a54b.jpg
INFO: [ app_init ] --START--
INFO: Run Behavior\BuildLiteBehavior [ RunTime:0.000000s ]
INFO: [ app_init ] --END-- [ RunTime:0.001000s ]
ERR: 无法加载模块:Public

[ 2017-07-16T20:08:12+08:00 ] 127.0.0.1 /sucai./Public/Uploads/2017-07-10/59631c7b2dac1.jpg
INFO: [ app_init ] --START--
INFO: Run Behavior\BuildLiteBehavior [ RunTime:0.000000s ]
INFO: [ app_init ] --END-- [ RunTime:0.001000s ]
ERR: 无法加载模块:Public

[ 2017-07-16T20:08:12+08:00 ] 127.0.0.1 /sucai./Public/Uploads/2017-07-10/59631d180f645.jpg
INFO: [ app_init ] --START--
INFO: Run Behavior\BuildLiteBehavior [ RunTime:0.000000s ]
INFO: [ app_init ] --END-- [ RunTime:0.001000s ]
ERR: 无法加载模块:Public

[ 2017-07-16T20:08:12+08:00 ] 127.0.0.1 /sucai./Public/Uploads/2017-07-10/59631c6151b02.png
INFO: [ app_init ] --START--
INFO: Run Behavior\BuildLiteBehavior [ RunTime:0.000000s ]
INFO: [ app_init ] --END-- [ RunTime:0.000000s ]
ERR: 无法加载模块:Public

[ 2017-07-16T20:08:12+08:00 ] 127.0.0.1 /sucai./Public/Uploads/2017-07-10/59631c95d8f18.jpg
INFO: [ app_init ] --START--
INFO: Run Behavior\BuildLiteBehavior [ RunTime:0.000000s ]
INFO: [ app_init ] --END-- [ RunTime:0.001000s ]
ERR: 无法加载模块:Public

[ 2017-07-16T20:08:37+08:00 ] 127.0.0.1 /sucai./Public/Uploads/2017-07-10/59631c7b2dac1.jpg
INFO: [ app_init ] --START--
INFO: Run Behavior\BuildLiteBehavior [ RunTime:0.000000s ]
INFO: [ app_init ] --END-- [ RunTime:0.001000s ]
ERR: 无法加载模块:Public

[ 2017-07-16T20:08:37+08:00 ] 127.0.0.1 /sucai./Public/Uploads/2017-07-10/59631cd27a54b.jpg
INFO: [ app_init ] --START--
INFO: Run Behavior\BuildLiteBehavior [ RunTime:0.000000s ]
INFO: [ app_init ] --END-- [ RunTime:0.000000s ]
ERR: 无法加载模块:Public

[ 2017-07-16T20:08:37+08:00 ] 127.0.0.1 /sucai./Public/Uploads/2017-07-10/59631c6151b02.png
INFO: [ app_init ] --START--
INFO: Run Behavior\BuildLiteBehavior [ RunTime:0.000000s ]
INFO: [ app_init ] --END-- [ RunTime:0.002000s ]
ERR: 无法加载模块:Public

[ 2017-07-16T20:08:37+08:00 ] 127.0.0.1 /sucai./Public/Uploads/2017-07-10/59631c95d8f18.jpg
INFO: [ app_init ] --START--
INFO: Run Behavior\BuildLiteBehavior [ RunTime:0.000000s ]
INFO: [ app_init ] --END-- [ RunTime:0.000000s ]
ERR: 无法加载模块:Public

[ 2017-07-16T20:08:37+08:00 ] 127.0.0.1 /sucai./Public/Uploads/2017-07-10/59631d180f645.jpg
INFO: [ app_init ] --START--
INFO: Run Behavior\BuildLiteBehavior [ RunTime:0.000000s ]
INFO: [ app_init ] --END-- [ RunTime:0.001000s ]
ERR: 无法加载模块:Public

[ 2017-07-16T20:20:38+08:00 ] 127.0.0.1 /sucai./Public/Uploads/2017-07-10/59631cd27a54b.jpg
INFO: [ app_init ] --START--
INFO: Run Behavior\BuildLiteBehavior [ RunTime:0.000000s ]
INFO: [ app_init ] --END-- [ RunTime:0.000000s ]
ERR: 无法加载模块:Public

[ 2017-07-16T20:20:38+08:00 ] 127.0.0.1 /sucai./Public/Uploads/2017-07-10/59631c7b2dac1.jpg
INFO: [ app_init ] --START--
INFO: Run Behavior\BuildLiteBehavior [ RunTime:0.000000s ]
INFO: [ app_init ] --END-- [ RunTime:0.001000s ]
ERR: 无法加载模块:Public

[ 2017-07-16T20:20:38+08:00 ] 127.0.0.1 /sucai./Public/Uploads/2017-07-10/59631c6151b02.png
INFO: [ app_init ] --START--
INFO: Run Behavior\BuildLiteBehavior [ RunTime:0.000000s ]
INFO: [ app_init ] --END-- [ RunTime:0.002000s ]
ERR: 无法加载模块:Public

[ 2017-07-16T20:20:38+08:00 ] 127.0.0.1 /sucai./Public/Uploads/2017-07-10/59631d180f645.jpg
INFO: [ app_init ] --START--
INFO: Run Behavior\BuildLiteBehavior [ RunTime:0.000000s ]
INFO: [ app_init ] --END-- [ RunTime:0.001000s ]
ERR: 无法加载模块:Public

[ 2017-07-16T20:20:38+08:00 ] 127.0.0.1 /sucai./Public/Uploads/2017-07-10/59631c95d8f18.jpg
INFO: [ app_init ] --START--
INFO: Run Behavior\BuildLiteBehavior [ RunTime:0.000000s ]
INFO: [ app_init ] --END-- [ RunTime:0.000000s ]
ERR: 无法加载模块:Public

[ 2017-07-16T20:20:38+08:00 ] 127.0.0.1 /sucai./Public/Uploads/2017-07-10/59631cd27a54b.jpg
INFO: [ app_init ] --START--
INFO: Run Behavior\BuildLiteBehavior [ RunTime:0.000000s ]
INFO: [ app_init ] --END-- [ RunTime:0.001000s ]
ERR: 无法加载模块:Public

[ 2017-07-16T20:20:38+08:00 ] 127.0.0.1 /sucai./Public/Uploads/2017-07-10/59631c7b2dac1.jpg
INFO: [ app_init ] --START--
INFO: Run Behavior\BuildLiteBehavior [ RunTime:0.000000s ]
INFO: [ app_init ] --END-- [ RunTime:0.001000s ]
ERR: 无法加载模块:Public

[ 2017-07-16T20:22:06+08:00 ] 127.0.0.1 /sucai./Public/Uploads/2017-07-10/59631c95d8f18.jpg
INFO: [ app_init ] --START--
INFO: Run Behavior\BuildLiteBehavior [ RunTime:0.000000s ]
INFO: [ app_init ] --END-- [ RunTime:0.001000s ]
ERR: 无法加载模块:Public

[ 2017-07-16T20:22:06+08:00 ] 127.0.0.1 /sucai./Public/Uploads/2017-07-10/59631c6151b02.png
INFO: [ app_init ] --START--
INFO: Run Behavior\BuildLiteBehavior [ RunTime:0.000000s ]
INFO: [ app_init ] --END-- [ RunTime:0.000000s ]
ERR: 无法加载模块:Public

[ 2017-07-16T20:22:06+08:00 ] 127.0.0.1 /sucai./Public/Uploads/2017-07-10/59631cd27a54b.jpg
INFO: [ app_init ] --START--
INFO: Run Behavior\BuildLiteBehavior [ RunTime:0.000000s ]
INFO: [ app_init ] --END-- [ RunTime:0.001000s ]
ERR: 无法加载模块:Public

[ 2017-07-16T20:22:06+08:00 ] 127.0.0.1 /sucai./Public/Uploads/2017-07-10/59631c7b2dac1.jpg
INFO: [ app_init ] --START--
INFO: Run Behavior\BuildLiteBehavior [ RunTime:0.000000s ]
INFO: [ app_init ] --END-- [ RunTime:0.001000s ]
ERR: 无法加载模块:Public

[ 2017-07-16T20:22:06+08:00 ] 127.0.0.1 /sucai./Public/Uploads/2017-07-10/59631d180f645.jpg
INFO: [ app_init ] --START--
INFO: Run Behavior\BuildLiteBehavior [ RunTime:0.000000s ]
INFO: [ app_init ] --END-- [ RunTime:0.001000s ]
ERR: 无法加载模块:Public

[ 2017-07-16T20:22:53+08:00 ] 127.0.0.1 /sucai./Public/Uploads/2017-07-10/59631c7b2dac1.jpg
INFO: [ app_init ] --START--
INFO: Run Behavior\BuildLiteBehavior [ RunTime:0.000000s ]
INFO: [ app_init ] --END-- [ RunTime:0.001000s ]
ERR: 无法加载模块:Public

[ 2017-07-16T20:22:53+08:00 ] 127.0.0.1 /sucai./Public/Uploads/2017-07-10/59631c6151b02.png
INFO: [ app_init ] --START--
INFO: Run Behavior\BuildLiteBehavior [ RunTime:0.001000s ]
INFO: [ app_init ] --END-- [ RunTime:0.001000s ]
ERR: 无法加载模块:Public

[ 2017-07-16T20:22:53+08:00 ] 127.0.0.1 /sucai./Public/Uploads/2017-07-10/59631cd27a54b.jpg
INFO: [ app_init ] --START--
INFO: Run Behavior\BuildLiteBehavior [ RunTime:0.000000s ]
INFO: [ app_init ] --END-- [ RunTime:0.001000s ]
ERR: 无法加载模块:Public

[ 2017-07-16T20:22:53+08:00 ] 127.0.0.1 /sucai./Public/Uploads/2017-07-10/59631d180f645.jpg
INFO: [ app_init ] --START--
INFO: Run Behavior\BuildLiteBehavior [ RunTime:0.001000s ]
INFO: [ app_init ] --END-- [ RunTime:0.002000s ]
ERR: 无法加载模块:Public

[ 2017-07-16T20:22:53+08:00 ] 127.0.0.1 /sucai./Public/Uploads/2017-07-10/59631c95d8f18.jpg
INFO: [ app_init ] --START--
INFO: Run Behavior\BuildLiteBehavior [ RunTime:0.000000s ]
INFO: [ app_init ] --END-- [ RunTime:0.001000s ]
ERR: 无法加载模块:Public

[ 2017-07-16T20:22:53+08:00 ] 127.0.0.1 /sucai./Public/Uploads/2017-07-10/59631c6151b02.png
INFO: [ app_init ] --START--
INFO: Run Behavior\BuildLiteBehavior [ RunTime:0.000000s ]
INFO: [ app_init ] --END-- [ RunTime:0.003000s ]
ERR: 无法加载模块:Public

[ 2017-07-16T20:22:53+08:00 ] 127.0.0.1 /sucai./Public/Uploads/2017-07-10/59631c7b2dac1.jpg
INFO: [ app_init ] --START--
INFO: Run Behavior\BuildLiteBehavior [ RunTime:0.000000s ]
INFO: [ app_init ] --END-- [ RunTime:0.001001s ]
ERR: 无法加载模块:Public

[ 2017-07-16T20:22:53+08:00 ] 127.0.0.1 /sucai./Public/Uploads/2017-07-10/59631cd27a54b.jpg
INFO: [ app_init ] --START--
INFO: Run Behavior\BuildLiteBehavior [ RunTime:0.000000s ]
INFO: [ app_init ] --END-- [ RunTime:0.001000s ]
ERR: 无法加载模块:Public

[ 2017-07-16T20:22:55+08:00 ] 127.0.0.1 /sucai./Public/Uploads/2017-07-10/59631c7b2dac1.jpg
INFO: [ app_init ] --START--
INFO: Run Behavior\BuildLiteBehavior [ RunTime:0.000000s ]
INFO: [ app_init ] --END-- [ RunTime:0.001000s ]
ERR: 无法加载模块:Public

[ 2017-07-16T20:22:55+08:00 ] 127.0.0.1 /sucai./Public/Uploads/2017-07-10/59631cd27a54b.jpg
INFO: [ app_init ] --START--
INFO: Run Behavior\BuildLiteBehavior [ RunTime:0.000000s ]
INFO: [ app_init ] --END-- [ RunTime:0.001000s ]
ERR: 无法加载模块:Public

[ 2017-07-16T20:22:55+08:00 ] 127.0.0.1 /sucai./Public/Uploads/2017-07-10/59631c6151b02.png
INFO: [ app_init ] --START--
INFO: Run Behavior\BuildLiteBehavior [ RunTime:0.000000s ]
INFO: [ app_init ] --END-- [ RunTime:0.000000s ]
ERR: 无法加载模块:Public

[ 2017-07-16T20:22:55+08:00 ] 127.0.0.1 /sucai./Public/Uploads/2017-07-10/59631d180f645.jpg
INFO: [ app_init ] --START--
INFO: Run Behavior\BuildLiteBehavior [ RunTime:0.000000s ]
INFO: [ app_init ] --END-- [ RunTime:0.002000s ]
ERR: 无法加载模块:Public

[ 2017-07-16T20:22:55+08:00 ] 127.0.0.1 /sucai./Public/Uploads/2017-07-10/59631c95d8f18.jpg
INFO: [ app_init ] --START--
INFO: Run Behavior\BuildLiteBehavior [ RunTime:0.000000s ]
INFO: [ app_init ] --END-- [ RunTime:0.001000s ]
ERR: 无法加载模块:Public

[ 2017-07-16T20:22:56+08:00 ] 127.0.0.1 /sucai./Public/Uploads/2017-07-10/59631cd27a54b.jpg
INFO: [ app_init ] --START--
INFO: Run Behavior\BuildLiteBehavior [ RunTime:0.000000s ]
INFO: [ app_init ] --END-- [ RunTime:0.001000s ]
ERR: 无法加载模块:Public

[ 2017-07-16T20:22:56+08:00 ] 127.0.0.1 /sucai./Public/Uploads/2017-07-10/59631c6151b02.png
INFO: [ app_init ] --START--
INFO: Run Behavior\BuildLiteBehavior [ RunTime:0.000000s ]
INFO: [ app_init ] --END-- [ RunTime:0.002000s ]
ERR: 无法加载模块:Public

[ 2017-07-16T20:22:56+08:00 ] 127.0.0.1 /sucai./Public/Uploads/2017-07-10/59631c95d8f18.jpg
INFO: [ app_init ] --START--
INFO: Run Behavior\BuildLiteBehavior [ RunTime:0.000000s ]
INFO: [ app_init ] --END-- [ RunTime:0.001000s ]
ERR: 无法加载模块:Public

[ 2017-07-16T20:22:56+08:00 ] 127.0.0.1 /sucai./Public/Uploads/2017-07-10/59631d180f645.jpg
INFO: [ app_init ] --START--
INFO: Run Behavior\BuildLiteBehavior [ RunTime:0.000000s ]
INFO: [ app_init ] --END-- [ RunTime:0.001000s ]
ERR: 无法加载模块:Public

[ 2017-07-16T20:22:56+08:00 ] 127.0.0.1 /sucai./Public/Uploads/2017-07-10/59631c7b2dac1.jpg
INFO: [ app_init ] --START--
INFO: Run Behavior\BuildLiteBehavior [ RunTime:0.000000s ]
INFO: [ app_init ] --END-- [ RunTime:0.001000s ]
ERR: 无法加载模块:Public

[ 2017-07-16T20:24:12+08:00 ] 127.0.0.1 /sucai./Public/Uploads/2017-07-10/59631d180f645.jpg
INFO: [ app_init ] --START--
INFO: Run Behavior\BuildLiteBehavior [ RunTime:0.000000s ]
INFO: [ app_init ] --END-- [ RunTime:0.001000s ]
ERR: 无法加载模块:Public

[ 2017-07-16T20:24:12+08:00 ] 127.0.0.1 /sucai./Public/Uploads/2017-07-10/59631cd27a54b.jpg
INFO: [ app_init ] --START--
INFO: Run Behavior\BuildLiteBehavior [ RunTime:0.000000s ]
INFO: [ app_init ] --END-- [ RunTime:0.000000s ]
ERR: 无法加载模块:Public

[ 2017-07-16T20:24:12+08:00 ] 127.0.0.1 /sucai./Public/Uploads/2017-07-10/59631c95d8f18.jpg
INFO: [ app_init ] --START--
INFO: Run Behavior\BuildLiteBehavior [ RunTime:0.000000s ]
INFO: [ app_init ] --END-- [ RunTime:0.002000s ]
ERR: 无法加载模块:Public

[ 2017-07-16T20:24:12+08:00 ] 127.0.0.1 /sucai./Public/Uploads/2017-07-10/59631c7b2dac1.jpg
INFO: [ app_init ] --START--
INFO: Run Behavior\BuildLiteBehavior [ RunTime:0.000000s ]
INFO: [ app_init ] --END-- [ RunTime:0.003000s ]
ERR: 无法加载模块:Public

[ 2017-07-16T20:24:12+08:00 ] 127.0.0.1 /sucai./Public/Uploads/2017-07-10/59631c6151b02.png
INFO: [ app_init ] --START--
INFO: Run Behavior\BuildLiteBehavior [ RunTime:0.000000s ]
INFO: [ app_init ] --END-- [ RunTime:0.000000s ]
ERR: 无法加载模块:Public

[ 2017-07-16T20:45:24+08:00 ] 127.0.0.1 /sucai/Public/Admin/Js/php/controller.php?action=config&&noCache=1500209124609
INFO: [ app_init ] --START--
INFO: Run Behavior\BuildLiteBehavior [ RunTime:0.000000s ]
INFO: [ app_init ] --END-- [ RunTime:0.001000s ]
ERR: 无法加载模块:Public

[ 2017-07-16T20:45:24+08:00 ] 127.0.0.1 /sucai/Public/Admin/Js/third-party/codemirror/codemirror.css
INFO: [ app_init ] --START--
INFO: Run Behavior\BuildLiteBehavior [ RunTime:0.000000s ]
INFO: [ app_init ] --END-- [ RunTime:0.000000s ]
ERR: 无法加载模块:Public

[ 2017-07-16T20:45:24+08:00 ] 127.0.0.1 /sucai/Public/Admin/Js/third-party/codemirror/codemirror.js
INFO: [ app_init ] --START--
INFO: Run Behavior\BuildLiteBehavior [ RunTime:0.000000s ]
INFO: [ app_init ] --END-- [ RunTime:0.001000s ]
ERR: 无法加载模块:Public

[ 2017-07-16T20:45:24+08:00 ] 127.0.0.1 /sucai/Public/Admin/Js/third-party/zeroclipboard/ZeroClipboard.js
INFO: [ app_init ] --START--
INFO: Run Behavior\BuildLiteBehavior [ RunTime:0.001001s ]
INFO: [ app_init ] --END-- [ RunTime:0.001001s ]
ERR: 无法加载模块:Public

[ 2017-07-16T20:46:19+08:00 ] 127.0.0.1 /sucai/Public/Admin/Js/php/controller.php?action=config&&noCache=1500209179723
INFO: [ app_init ] --START--
INFO: Run Behavior\BuildLiteBehavior [ RunTime:0.000000s ]
INFO: [ app_init ] --END-- [ RunTime:0.001000s ]
ERR: 无法加载模块:Public

[ 2017-07-16T20:46:20+08:00 ] 127.0.0.1 /sucai/Public/Admin/Js/third-party/zeroclipboard/ZeroClipboard.js
INFO: [ app_init ] --START--
INFO: Run Behavior\BuildLiteBehavior [ RunTime:0.000000s ]
INFO: [ app_init ] --END-- [ RunTime:0.001000s ]
ERR: 无法加载模块:Public

[ 2017-07-16T20:46:20+08:00 ] 127.0.0.1 /sucai/Public/Admin/Js/third-party/codemirror/codemirror.js
INFO: [ app_init ] --START--
INFO: Run Behavior\BuildLiteBehavior [ RunTime:0.000000s ]
INFO: [ app_init ] --END-- [ RunTime:0.001000s ]
ERR: 无法加载模块:Public

[ 2017-07-16T20:46:20+08:00 ] 127.0.0.1 /sucai/Public/Admin/Js/third-party/codemirror/codemirror.css
INFO: [ app_init ] --START--
INFO: Run Behavior\BuildLiteBehavior [ RunTime:0.000000s ]
INFO: [ app_init ] --END-- [ RunTime:0.001000s ]
ERR: 无法加载模块:Public

[ 2017-07-16T20:48:12+08:00 ] 127.0.0.1 /sucai/Public/Admin/Js/php/controller.php?action=config&&noCache=1500209292046
INFO: [ app_init ] --START--
INFO: Run Behavior\BuildLiteBehavior [ RunTime:0.000000s ]
INFO: [ app_init ] --END-- [ RunTime:0.001000s ]
ERR: 无法加载模块:Public

[ 2017-07-16T20:48:12+08:00 ] 127.0.0.1 /sucai/Public/Admin/Js/third-party/codemirror/codemirror.js
INFO: [ app_init ] --START--
INFO: Run Behavior\BuildLiteBehavior [ RunTime:0.000000s ]
INFO: [ app_init ] --END-- [ RunTime:0.001000s ]
ERR: 无法加载模块:Public

[ 2017-07-16T20:48:12+08:00 ] 127.0.0.1 /sucai/Public/Admin/Js/third-party/zeroclipboard/ZeroClipboard.js
INFO: [ app_init ] --START--
INFO: Run Behavior\BuildLiteBehavior [ RunTime:0.001000s ]
INFO: [ app_init ] --END-- [ RunTime:0.001000s ]
ERR: 无法加载模块:Public

[ 2017-07-16T20:48:12+08:00 ] 127.0.0.1 /sucai/Public/Admin/Js/third-party/codemirror/codemirror.css
INFO: [ app_init ] --START--
INFO: Run Behavior\BuildLiteBehavior [ RunTime:0.000000s ]
INFO: [ app_init ] --END-- [ RunTime:0.000000s ]
ERR: 无法加载模块:Public

[ 2017-07-16T20:49:08+08:00 ] 127.0.0.1 /sucai/Public/Admin/Js/php/controller.php?action=config&&noCache=1500209348780
INFO: [ app_init ] --START--
INFO: Run Behavior\BuildLiteBehavior [ RunTime:0.000000s ]
INFO: [ app_init ] --END-- [ RunTime:0.001000s ]
ERR: 无法加载模块:Public

[ 2017-07-16T20:49:09+08:00 ] 127.0.0.1 /sucai/Public/Admin/Js/third-party/codemirror/codemirror.css
INFO: [ app_init ] --START--
INFO: Run Behavior\BuildLiteBehavior [ RunTime:0.000000s ]
INFO: [ app_init ] --END-- [ RunTime:0.001000s ]
ERR: 无法加载模块:Public

[ 2017-07-16T20:49:09+08:00 ] 127.0.0.1 /sucai/Public/Admin/Js/third-party/codemirror/codemirror.js
INFO: [ app_init ] --START--
INFO: Run Behavior\BuildLiteBehavior [ RunTime:0.000000s ]
INFO: [ app_init ] --END-- [ RunTime:0.002000s ]
ERR: 无法加载模块:Public

[ 2017-07-16T20:49:09+08:00 ] 127.0.0.1 /sucai/Public/Admin/Js/third-party/zeroclipboard/ZeroClipboard.js
INFO: [ app_init ] --START--
INFO: Run Behavior\BuildLiteBehavior [ RunTime:0.000000s ]
INFO: [ app_init ] --END-- [ RunTime:0.001000s ]
ERR: 无法加载模块:Public

[ 2017-07-16T20:49:14+08:00 ] 127.0.0.1 /sucai/Public/Admin/Js/php/controller.php?action=config&&noCache=1500209354063
INFO: [ app_init ] --START--
INFO: Run Behavior\BuildLiteBehavior [ RunTime:0.000000s ]
INFO: [ app_init ] --END-- [ RunTime:0.001001s ]
ERR: 无法加载模块:Public

[ 2017-07-16T20:49:14+08:00 ] 127.0.0.1 /sucai/Public/Admin/Js/third-party/codemirror/codemirror.js
INFO: [ app_init ] --START--
INFO: Run Behavior\BuildLiteBehavior [ RunTime:0.000000s ]
INFO: [ app_init ] --END-- [ RunTime:0.001000s ]
ERR: 无法加载模块:Public

[ 2017-07-16T20:49:14+08:00 ] 127.0.0.1 /sucai/Public/Admin/Js/third-party/codemirror/codemirror.css
INFO: [ app_init ] --START--
INFO: Run Behavior\BuildLiteBehavior [ RunTime:0.000000s ]
INFO: [ app_init ] --END-- [ RunTime:0.001000s ]
ERR: 无法加载模块:Public

[ 2017-07-16T20:49:14+08:00 ] 127.0.0.1 /sucai/Public/Admin/Js/third-party/zeroclipboard/ZeroClipboard.js
INFO: [ app_init ] --START--
INFO: Run Behavior\BuildLiteBehavior [ RunTime:0.000000s ]
INFO: [ app_init ] --END-- [ RunTime:0.001000s ]
ERR: 无法加载模块:Public

[ 2017-07-16T20:50:13+08:00 ] 127.0.0.1 /sucai/Public/Admin/Js/php/controller.php?action=config&&noCache=1500209413073
INFO: [ app_init ] --START--
INFO: Run Behavior\BuildLiteBehavior [ RunTime:0.000000s ]
INFO: [ app_init ] --END-- [ RunTime:0.001000s ]
ERR: 无法加载模块:Public

[ 2017-07-16T20:53:06+08:00 ] 127.0.0.1 /sucai/Public/Admin/Js/php/controller.php?action=config&&noCache=1500209585956
INFO: [ app_init ] --START--
INFO: Run Behavior\BuildLiteBehavior [ RunTime:0.000000s ]
INFO: [ app_init ] --END-- [ RunTime:0.000000s ]
ERR: 无法加载模块:Public

[ 2017-07-16T21:06:14+08:00 ] 127.0.0.1 /sucai/Public/Admin/Js/php/controller.php?action=config&&noCache=1500210374365
INFO: [ app_init ] --START--
INFO: Run Behavior\BuildLiteBehavior [ RunTime:0.000000s ]
INFO: [ app_init ] --END-- [ RunTime:0.000000s ]
ERR: 无法加载模块:Public

[ 2017-07-16T21:06:38+08:00 ] 127.0.0.1 /sucai./Public/Uploads/2017-07-10/59631cd27a54b.jpg
INFO: [ app_init ] --START--
INFO: Run Behavior\BuildLiteBehavior [ RunTime:0.000000s ]
INFO: [ app_init ] --END-- [ RunTime:0.001001s ]
ERR: 无法加载模块:Public

[ 2017-07-16T21:06:38+08:00 ] 127.0.0.1 /sucai./Public/Uploads/2017-07-10/59631c6151b02.png
INFO: [ app_init ] --START--
INFO: Run Behavior\BuildLiteBehavior [ RunTime:0.000000s ]
INFO: [ app_init ] --END-- [ RunTime:0.001000s ]
ERR: 无法加载模块:Public

[ 2017-07-16T21:06:38+08:00 ] 127.0.0.1 /sucai./Public/Uploads/2017-07-10/59631d180f645.jpg
INFO: [ app_init ] --START--
INFO: Run Behavior\BuildLiteBehavior [ RunTime:0.000000s ]
INFO: [ app_init ] --END-- [ RunTime:0.001000s ]
ERR: 无法加载模块:Public

[ 2017-07-16T21:06:38+08:00 ] 127.0.0.1 /sucai./Public/Uploads/2017-07-10/59631c95d8f18.jpg
INFO: [ app_init ] --START--
INFO: Run Behavior\BuildLiteBehavior [ RunTime:0.000000s ]
INFO: [ app_init ] --END-- [ RunTime:0.001000s ]
ERR: 无法加载模块:Public

[ 2017-07-16T21:06:38+08:00 ] 127.0.0.1 /sucai./Public/Uploads/2017-07-10/59631c7b2dac1.jpg
INFO: [ app_init ] --START--
INFO: Run Behavior\BuildLiteBehavior [ RunTime:0.000000s ]
INFO: [ app_init ] --END-- [ RunTime:0.001000s ]
ERR: 无法加载模块:Public

[ 2017-07-16T21:06:38+08:00 ] 127.0.0.1 /sucai./Public/Uploads/2017-07-10/59631cd27a54b.jpg
INFO: [ app_init ] --START--
INFO: Run Behavior\BuildLiteBehavior [ RunTime:0.000000s ]
INFO: [ app_init ] --END-- [ RunTime:0.001000s ]
ERR: 无法加载模块:Public

[ 2017-07-16T21:16:06+08:00 ] 127.0.0.1 /sucai/Public/Admin/Js/php/controller.php?action=config&&noCache=1500210966109
INFO: [ app_init ] --START--
INFO: Run Behavior\BuildLiteBehavior [ RunTime:0.000000s ]
INFO: [ app_init ] --END-- [ RunTime:0.001000s ]
ERR: 无法加载模块:Public

[ 2017-07-16T21:16:07+08:00 ] 127.0.0.1 /sucai/Public/Admin/Js/php/controller.php?action=config&&noCache=1500210967219
INFO: [ app_init ] --START--
INFO: Run Behavior\BuildLiteBehavior [ RunTime:0.000000s ]
INFO: [ app_init ] --END-- [ RunTime:0.002000s ]
ERR: 无法加载模块:Public

[ 2017-07-16T21:17:38+08:00 ] 127.0.0.1 /sucai/Public/Admin/Js/php/controller.php?action=config&&noCache=1500211058585
INFO: [ app_init ] --START--
INFO: Run Behavior\BuildLiteBehavior [ RunTime:0.000000s ]
INFO: [ app_init ] --END-- [ RunTime:0.001000s ]
ERR: 无法加载模块:Public

[ 2017-07-16T21:18:19+08:00 ] 127.0.0.1 /sucai/Public/Admin/Js/php/controller.php?action=config&&noCache=1500211099624
INFO: [ app_init ] --START--
INFO: Run Behavior\BuildLiteBehavior [ RunTime:0.001000s ]
INFO: [ app_init ] --END-- [ RunTime:0.001000s ]
ERR: 无法加载模块:Public

[ 2017-07-16T21:18:48+08:00 ] 127.0.0.1 /sucai/Public/Admin/Js/php/controller.php?action=config&&noCache=1500211128114
INFO: [ app_init ] --START--
INFO: Run Behavior\BuildLiteBehavior [ RunTime:0.000000s ]
INFO: [ app_init ] --END-- [ RunTime:0.001000s ]
ERR: 无法加载模块:Public

[ 2017-07-16T21:19:27+08:00 ] 127.0.0.1 /sucai/Public/Admin/Js/php/controller.php?action=config&&noCache=1500211167818
INFO: [ app_init ] --START--
INFO: Run Behavior\BuildLiteBehavior [ RunTime:0.000000s ]
INFO: [ app_init ] --END-- [ RunTime:0.000000s ]
ERR: 无法加载模块:Public

[ 2017-07-16T21:19:41+08:00 ] 127.0.0.1 /sucai/Public/Admin/Js/php/controller.php?action=config&&noCache=1500211181890
INFO: [ app_init ] --START--
INFO: Run Behavior\BuildLiteBehavior [ RunTime:0.000000s ]
INFO: [ app_init ] --END-- [ RunTime:0.001000s ]
ERR: 无法加载模块:Public

[ 2017-07-16T21:22:41+08:00 ] 127.0.0.1 /sucai/Public/Admin/Js/php/controller.php?action=config&&noCache=1500211361865
INFO: [ app_init ] --START--
INFO: Run Behavior\BuildLiteBehavior [ RunTime:0.000000s ]
INFO: [ app_init ] --END-- [ RunTime:0.001000s ]
ERR: 无法加载模块:Public

[ 2017-07-16T21:23:58+08:00 ] 127.0.0.1 /sucai/Public/Admin/Js/php/controller.php?action=config&&noCache=1500211438562
INFO: [ app_init ] --START--
INFO: Run Behavior\BuildLiteBehavior [ RunTime:0.000000s ]
INFO: [ app_init ] --END-- [ RunTime:0.001000s ]
ERR: 无法加载模块:Public

[ 2017-07-16T21:24:02+08:00 ] 127.0.0.1 /sucai/Public/Admin/Js/php/controller.php?action=config&&noCache=1500211442002
INFO: [ app_init ] --START--
INFO: Run Behavior\BuildLiteBehavior [ RunTime:0.000000s ]
INFO: [ app_init ] --END-- [ RunTime:0.001000s ]
ERR: 无法加载模块:Public

[ 2017-07-16T21:42:49+08:00 ] 127.0.0.1 /sucai/Public/Admin/Js/php/controller.php?action=config&&noCache=1500212569222
INFO: [ app_init ] --START--
INFO: Run Behavior\BuildLiteBehavior [ RunTime:0.000000s ]
INFO: [ app_init ] --END-- [ RunTime:0.001000s ]
ERR: 无法加载模块:Public

[ 2017-07-16T21:48:19+08:00 ] 127.0.0.1 /sucai/Public/Admin/Js/php/controller.php?action=config&&noCache=1500212899739
INFO: [ app_init ] --START--
INFO: Run Behavior\BuildLiteBehavior [ RunTime:0.000000s ]
INFO: [ app_init ] --END-- [ RunTime:0.001001s ]
ERR: 无法加载模块:Public

[ 2017-07-16T21:58:55+08:00 ] 127.0.0.1 /sucai/Public/Admin/Js/php/controller.php?action=config&&noCache=1500213535040
INFO: [ app_init ] --START--
INFO: Run Behavior\BuildLiteBehavior [ RunTime:0.000000s ]
INFO: [ app_init ] --END-- [ RunTime:0.001000s ]
ERR: 无法加载模块:Public

[ 2017-07-16T21:59:19+08:00 ] 127.0.0.1 /sucai/Public/Admin/Js/php/controller.php?action=config&&noCache=1500213559413
INFO: [ app_init ] --START--
INFO: Run Behavior\BuildLiteBehavior [ RunTime:0.000000s ]
INFO: [ app_init ] --END-- [ RunTime:0.001000s ]
ERR: 无法加载模块:Public

[ 2017-07-16T21:59:42+08:00 ] 127.0.0.1 /sucai/Public/Admin/Js/php/controller.php?action=config&&noCache=1500213582140
INFO: [ app_init ] --START--
INFO: Run Behavior\BuildLiteBehavior [ RunTime:0.000000s ]
INFO: [ app_init ] --END-- [ RunTime:0.001000s ]
ERR: 无法加载模块:Public

[ 2017-07-16T22:00:42+08:00 ] 127.0.0.1 /sucai/Public/Admin/Js/php/controller.php?action=config&&noCache=1500213642044
INFO: [ app_init ] --START--
INFO: Run Behavior\BuildLiteBehavior [ RunTime:0.000000s ]
INFO: [ app_init ] --END-- [ RunTime:0.001001s ]
ERR: 无法加载模块:Public

[ 2017-07-16T22:00:52+08:00 ] 127.0.0.1 /sucai/Public/Admin/Js/php/controller.php?action=config&&noCache=1500213652654
INFO: [ app_init ] --START--
INFO: Run Behavior\BuildLiteBehavior [ RunTime:0.000000s ]
INFO: [ app_init ] --END-- [ RunTime:0.001000s ]
ERR: 无法加载模块:Public

