[ 2017-08-14T21:29:43+08:00 ] ::1 /sucai/Public/HOME/images/hot.png
INFO: [ app_init ] --START--
INFO: Run Behavior\BuildLiteBehavior [ RunTime:0.000032s ]
INFO: [ app_init ] --END-- [ RunTime:0.000564s ]
ERR: 无法加载模块:Public

[ 2017-08-14T21:30:21+08:00 ] ::1 /sucai/Public/HOME/Js/hm.js
INFO: [ app_init ] --START--
INFO: Run Behavior\BuildLiteBehavior [ RunTime:0.000041s ]
INFO: [ app_init ] --END-- [ RunTime:0.000654s ]
ERR: 无法加载模块:Public

[ 2017-08-14T21:30:21+08:00 ] ::1 /sucai/Public/HOME/Js/jquery.js
INFO: [ app_init ] --START--
INFO: Run Behavior\BuildLiteBehavior [ RunTime:0.000031s ]
INFO: [ app_init ] --END-- [ RunTime:0.000547s ]
ERR: 无法加载模块:Public

[ 2017-08-14T21:30:21+08:00 ] ::1 /sucai/Public/HOME/Js/common_version2016.js
INFO: [ app_init ] --START--
INFO: Run Behavior\BuildLiteBehavior [ RunTime:0.000031s ]
INFO: [ app_init ] --END-- [ RunTime:0.000532s ]
ERR: 无法加载模块:Public

[ 2017-08-14T21:30:21+08:00 ] ::1 /sucai/Public/HOME/Js/jquery_002.js
INFO: [ app_init ] --START--
INFO: Run Behavior\BuildLiteBehavior [ RunTime:0.000032s ]
INFO: [ app_init ] --END-- [ RunTime:0.000543s ]
ERR: 无法加载模块:Public

[ 2017-08-14T21:30:21+08:00 ] ::1 /sucai/Public/HOME/images/hot.png
INFO: [ app_init ] --START--
INFO: Run Behavior\BuildLiteBehavior [ RunTime:0.000032s ]
INFO: [ app_init ] --END-- [ RunTime:0.000713s ]
ERR: 无法加载模块:Public

[ 2017-08-14T21:30:21+08:00 ] ::1 /sucai/Public/HOME/Js/jquery.js
INFO: [ app_init ] --START--
INFO: Run Behavior\BuildLiteBehavior [ RunTime:0.000019s ]
INFO: [ app_init ] --END-- [ RunTime:0.000472s ]
ERR: 无法加载模块:Public

[ 2017-08-14T21:30:21+08:00 ] ::1 /sucai/Public/HOME/Js/common_version2016.js
INFO: [ app_init ] --START--
INFO: Run Behavior\BuildLiteBehavior [ RunTime:0.000033s ]
INFO: [ app_init ] --END-- [ RunTime:0.002309s ]
ERR: 无法加载模块:Public

[ 2017-08-14T21:30:21+08:00 ] ::1 /sucai/Public/HOME/Js/jquery_002.js
INFO: [ app_init ] --START--
INFO: Run Behavior\BuildLiteBehavior [ RunTime:0.000061s ]
INFO: [ app_init ] --END-- [ RunTime:0.000523s ]
ERR: 无法加载模块:Public

[ 2017-08-14T21:31:17+08:00 ] ::1 /sucai/Public/HOME/images/hot.png
INFO: [ app_init ] --START--
INFO: Run Behavior\BuildLiteBehavior [ RunTime:0.000035s ]
INFO: [ app_init ] --END-- [ RunTime:0.000659s ]
ERR: 无法加载模块:Public

[ 2017-08-14T21:32:05+08:00 ] ::1 /sucai/Public/HOME/images/hot.png
INFO: [ app_init ] --START--
INFO: Run Behavior\BuildLiteBehavior [ RunTime:0.000022s ]
INFO: [ app_init ] --END-- [ RunTime:0.000879s ]
ERR: 无法加载模块:Public

[ 2017-08-14T21:41:58+08:00 ] ::1 /sucai/Public/HOME/images/hot.png
INFO: [ app_init ] --START--
INFO: Run Behavior\BuildLiteBehavior [ RunTime:0.000031s ]
INFO: [ app_init ] --END-- [ RunTime:0.000546s ]
ERR: 无法加载模块:Public

[ 2017-08-14T21:41:58+08:00 ] ::1 /sucai/Public/HOME/images/global.png
INFO: [ app_init ] --START--
INFO: Run Behavior\BuildLiteBehavior [ RunTime:0.000031s ]
INFO: [ app_init ] --END-- [ RunTime:0.000558s ]
ERR: 无法加载模块:Public

[ 2017-08-14T21:41:58+08:00 ] ::1 /sucai/Public/HOME/images/icon-feature.png
INFO: [ app_init ] --START--
INFO: Run Behavior\BuildLiteBehavior [ RunTime:0.000030s ]
INFO: [ app_init ] --END-- [ RunTime:0.000544s ]
ERR: 无法加载模块:Public

[ 2017-08-14T21:43:13+08:00 ] ::1 /sucai/Public/HOME/images/hot.png
INFO: [ app_init ] --START--
INFO: Run Behavior\BuildLiteBehavior [ RunTime:0.000033s ]
INFO: [ app_init ] --END-- [ RunTime:0.000539s ]
ERR: 无法加载模块:Public

[ 2017-08-14T21:43:13+08:00 ] ::1 /sucai/Public/HOME/images/global.png
INFO: [ app_init ] --START--
INFO: Run Behavior\BuildLiteBehavior [ RunTime:0.000031s ]
INFO: [ app_init ] --END-- [ RunTime:0.000580s ]
ERR: 无法加载模块:Public

[ 2017-08-14T21:43:13+08:00 ] ::1 /sucai/Public/HOME/images/icon-feature.png
INFO: [ app_init ] --START--
INFO: Run Behavior\BuildLiteBehavior [ RunTime:0.000033s ]
INFO: [ app_init ] --END-- [ RunTime:0.000688s ]
ERR: 无法加载模块:Public

[ 2017-08-14T21:43:42+08:00 ] ::1 /sucai/Public/HOME/images/hot.png
INFO: [ app_init ] --START--
INFO: Run Behavior\BuildLiteBehavior [ RunTime:0.000025s ]
INFO: [ app_init ] --END-- [ RunTime:0.000528s ]
ERR: 无法加载模块:Public

[ 2017-08-14T21:43:42+08:00 ] ::1 /sucai/Public/HOME/images/global.png
INFO: [ app_init ] --START--
INFO: Run Behavior\BuildLiteBehavior [ RunTime:0.000037s ]
INFO: [ app_init ] --END-- [ RunTime:0.001398s ]
ERR: 无法加载模块:Public

[ 2017-08-14T21:43:42+08:00 ] ::1 /sucai/Public/HOME/images/icon-feature.png
INFO: [ app_init ] --START--
INFO: Run Behavior\BuildLiteBehavior [ RunTime:0.000034s ]
INFO: [ app_init ] --END-- [ RunTime:0.000672s ]
ERR: 无法加载模块:Public

[ 2017-08-14T21:50:20+08:00 ] ::1 /sucai/Public/HOME/images/hot.png
INFO: [ app_init ] --START--
INFO: Run Behavior\BuildLiteBehavior [ RunTime:0.000032s ]
INFO: [ app_init ] --END-- [ RunTime:0.000559s ]
ERR: 无法加载模块:Public

[ 2017-08-14T21:50:20+08:00 ] ::1 /sucai/Public/HOME/images/newicon20140910.png
INFO: [ app_init ] --START--
INFO: Run Behavior\BuildLiteBehavior [ RunTime:0.000034s ]
INFO: [ app_init ] --END-- [ RunTime:0.001240s ]
ERR: 无法加载模块:Public

[ 2017-08-14T21:50:20+08:00 ] ::1 /sucai/Public/HOME/img/share/icons_0_16.png?v=91362611.png
INFO: [ app_init ] --START--
INFO: Run Behavior\BuildLiteBehavior [ RunTime:0.000032s ]
INFO: [ app_init ] --END-- [ RunTime:0.000610s ]
ERR: 无法加载模块:Public

[ 2017-08-14T21:50:20+08:00 ] ::1 /sucai/Public/HOME/images/tieicon.png
INFO: [ app_init ] --START--
INFO: Run Behavior\BuildLiteBehavior [ RunTime:0.000037s ]
INFO: [ app_init ] --END-- [ RunTime:0.004982s ]
ERR: 无法加载模块:Public

[ 2017-08-14T21:50:20+08:00 ] ::1 /sucai/Public/HOME/images/bigbtn.png
INFO: [ app_init ] --START--
INFO: Run Behavior\BuildLiteBehavior [ RunTime:0.000019s ]
INFO: [ app_init ] --END-- [ RunTime:0.000407s ]
ERR: 无法加载模块:Public

[ 2017-08-14T21:50:54+08:00 ] ::1 /sucai/Public/HOME/images/hot.png
INFO: [ app_init ] --START--
INFO: Run Behavior\BuildLiteBehavior [ RunTime:0.000029s ]
INFO: [ app_init ] --END-- [ RunTime:0.000529s ]
ERR: 无法加载模块:Public

[ 2017-08-14T21:50:54+08:00 ] ::1 /sucai/Public/HOME/images/bigbtn.png
INFO: [ app_init ] --START--
INFO: Run Behavior\BuildLiteBehavior [ RunTime:0.000033s ]
INFO: [ app_init ] --END-- [ RunTime:0.001005s ]
ERR: 无法加载模块:Public

[ 2017-08-14T21:50:54+08:00 ] ::1 /sucai/Public/HOME/images/tieicon.png
INFO: [ app_init ] --START--
INFO: Run Behavior\BuildLiteBehavior [ RunTime:0.000034s ]
INFO: [ app_init ] --END-- [ RunTime:0.003127s ]
ERR: 无法加载模块:Public

[ 2017-08-14T21:50:54+08:00 ] ::1 /sucai/Public/HOME/images/newicon20140910.png
INFO: [ app_init ] --START--
INFO: Run Behavior\BuildLiteBehavior [ RunTime:0.000043s ]
INFO: [ app_init ] --END-- [ RunTime:0.000949s ]
ERR: 无法加载模块:Public

[ 2017-08-14T21:50:54+08:00 ] ::1 /sucai/Public/HOME/img/share/icons_0_16.png?v=91362611.png
INFO: [ app_init ] --START--
INFO: Run Behavior\BuildLiteBehavior [ RunTime:0.000040s ]
INFO: [ app_init ] --END-- [ RunTime:0.002988s ]
ERR: 无法加载模块:Public

[ 2017-08-14T21:51:21+08:00 ] ::1 /sucai/Public/HOME/images/hot.png
INFO: [ app_init ] --START--
INFO: Run Behavior\BuildLiteBehavior [ RunTime:0.000035s ]
INFO: [ app_init ] --END-- [ RunTime:0.002050s ]
ERR: 无法加载模块:Public

[ 2017-08-14T21:51:21+08:00 ] ::1 /sucai/Public/HOME/images/tieicon.png
INFO: [ app_init ] --START--
INFO: Run Behavior\BuildLiteBehavior [ RunTime:0.000030s ]
INFO: [ app_init ] --END-- [ RunTime:0.000774s ]
ERR: 无法加载模块:Public

[ 2017-08-14T21:51:21+08:00 ] ::1 /sucai/Public/HOME/images/newicon20140910.png
INFO: [ app_init ] --START--
INFO: Run Behavior\BuildLiteBehavior [ RunTime:0.000038s ]
INFO: [ app_init ] --END-- [ RunTime:0.000955s ]
ERR: 无法加载模块:Public

[ 2017-08-14T21:51:21+08:00 ] ::1 /sucai/Public/HOME/img/share/icons_0_16.png?v=91362611.png
INFO: [ app_init ] --START--
INFO: Run Behavior\BuildLiteBehavior [ RunTime:0.000027s ]
INFO: [ app_init ] --END-- [ RunTime:0.000532s ]
ERR: 无法加载模块:Public

[ 2017-08-14T21:51:21+08:00 ] ::1 /sucai/Public/HOME/images/bigbtn.png
INFO: [ app_init ] --START--
INFO: Run Behavior\BuildLiteBehavior [ RunTime:0.000029s ]
INFO: [ app_init ] --END-- [ RunTime:0.001656s ]
ERR: 无法加载模块:Public

[ 2017-08-14T21:51:46+08:00 ] ::1 /sucai/Public/HOME/images/hot.png
INFO: [ app_init ] --START--
INFO: Run Behavior\BuildLiteBehavior [ RunTime:0.000034s ]
INFO: [ app_init ] --END-- [ RunTime:0.000935s ]
ERR: 无法加载模块:Public

[ 2017-08-14T21:55:16+08:00 ] ::1 /sucai/Public/HOME/images/hot.png
INFO: [ app_init ] --START--
INFO: Run Behavior\BuildLiteBehavior [ RunTime:0.000021s ]
INFO: [ app_init ] --END-- [ RunTime:0.000488s ]
ERR: 无法加载模块:Public

[ 2017-08-14T22:00:13+08:00 ] ::1 /sucai/Public/HOME/images/hot.png
INFO: [ app_init ] --START--
INFO: Run Behavior\BuildLiteBehavior [ RunTime:0.000019s ]
INFO: [ app_init ] --END-- [ RunTime:0.000394s ]
ERR: 无法加载模块:Public

[ 2017-08-14T22:01:24+08:00 ] ::1 /sucai/Public/HOME/images/hot.png
INFO: [ app_init ] --START--
INFO: Run Behavior\BuildLiteBehavior [ RunTime:0.000020s ]
INFO: [ app_init ] --END-- [ RunTime:0.000398s ]
ERR: 无法加载模块:Public

[ 2017-08-14T22:02:04+08:00 ] ::1 /sucai/Public/HOME/images/hot.png
INFO: [ app_init ] --START--
INFO: Run Behavior\BuildLiteBehavior [ RunTime:0.000020s ]
INFO: [ app_init ] --END-- [ RunTime:0.000452s ]
ERR: 无法加载模块:Public

[ 2017-08-14T22:03:58+08:00 ] ::1 /sucai/Public/HOME/images/hot.png
INFO: [ app_init ] --START--
INFO: Run Behavior\BuildLiteBehavior [ RunTime:0.000030s ]
INFO: [ app_init ] --END-- [ RunTime:0.000445s ]
ERR: 无法加载模块:Public

[ 2017-08-14T22:03:58+08:00 ] ::1 /sucai/Public/HOME/images/newicon20140910.png
INFO: [ app_init ] --START--
INFO: Run Behavior\BuildLiteBehavior [ RunTime:0.000037s ]
INFO: [ app_init ] --END-- [ RunTime:0.000735s ]
ERR: 无法加载模块:Public

[ 2017-08-14T22:03:58+08:00 ] ::1 /sucai/Public/HOME/img/share/icons_0_16.png?v=91362611.png
INFO: [ app_init ] --START--
INFO: Run Behavior\BuildLiteBehavior [ RunTime:0.000029s ]
INFO: [ app_init ] --END-- [ RunTime:0.000537s ]
ERR: 无法加载模块:Public

[ 2017-08-14T22:03:58+08:00 ] ::1 /sucai/Public/HOME/images/bigbtn.png
INFO: [ app_init ] --START--
INFO: Run Behavior\BuildLiteBehavior [ RunTime:0.000032s ]
INFO: [ app_init ] --END-- [ RunTime:0.000611s ]
ERR: 无法加载模块:Public

[ 2017-08-14T22:03:58+08:00 ] ::1 /sucai/Public/HOME/images/tieicon.png
INFO: [ app_init ] --START--
INFO: Run Behavior\BuildLiteBehavior [ RunTime:0.000019s ]
INFO: [ app_init ] --END-- [ RunTime:0.000402s ]
ERR: 无法加载模块:Public

[ 2017-08-14T22:10:21+08:00 ] ::1 /sucai/Public/HOME/images/hot.png
INFO: [ app_init ] --START--
INFO: Run Behavior\BuildLiteBehavior [ RunTime:0.000029s ]
INFO: [ app_init ] --END-- [ RunTime:0.000516s ]
ERR: 无法加载模块:Public

[ 2017-08-14T22:11:18+08:00 ] ::1 /sucai/Public/HOME/images/global.png
INFO: [ app_init ] --START--
INFO: Run Behavior\BuildLiteBehavior [ RunTime:0.000045s ]
INFO: [ app_init ] --END-- [ RunTime:0.000566s ]
ERR: 无法加载模块:Public

[ 2017-08-14T22:11:18+08:00 ] ::1 /sucai/Public/HOME/images/hot.png
INFO: [ app_init ] --START--
INFO: Run Behavior\BuildLiteBehavior [ RunTime:0.000031s ]
INFO: [ app_init ] --END-- [ RunTime:0.000617s ]
ERR: 无法加载模块:Public

[ 2017-08-14T22:13:00+08:00 ] ::1 /sucai/Public/HOME/images/hot.png
INFO: [ app_init ] --START--
INFO: Run Behavior\BuildLiteBehavior [ RunTime:0.000032s ]
INFO: [ app_init ] --END-- [ RunTime:0.000588s ]
ERR: 无法加载模块:Public

[ 2017-08-14T22:13:00+08:00 ] ::1 /sucai/Public/HOME/img/share/icons_0_16.png?v=91362611.png
INFO: [ app_init ] --START--
INFO: Run Behavior\BuildLiteBehavior [ RunTime:0.000029s ]
INFO: [ app_init ] --END-- [ RunTime:0.000590s ]
ERR: 无法加载模块:Public

[ 2017-08-14T22:13:00+08:00 ] ::1 /sucai/Public/HOME/images/tieicon.png
INFO: [ app_init ] --START--
INFO: Run Behavior\BuildLiteBehavior [ RunTime:0.000029s ]
INFO: [ app_init ] --END-- [ RunTime:0.000510s ]
ERR: 无法加载模块:Public

[ 2017-08-14T22:13:00+08:00 ] ::1 /sucai/Public/HOME/images/bigbtn.png
INFO: [ app_init ] --START--
INFO: Run Behavior\BuildLiteBehavior [ RunTime:0.000031s ]
INFO: [ app_init ] --END-- [ RunTime:0.010649s ]
ERR: 无法加载模块:Public

[ 2017-08-14T22:13:00+08:00 ] ::1 /sucai/Public/HOME/images/newicon20140910.png
INFO: [ app_init ] --START--
INFO: Run Behavior\BuildLiteBehavior [ RunTime:0.000028s ]
INFO: [ app_init ] --END-- [ RunTime:0.000542s ]
ERR: 无法加载模块:Public

[ 2017-08-14T22:13:01+08:00 ] ::1 /sucai/Public/HOME/images/hot.png
INFO: [ app_init ] --START--
INFO: Run Behavior\BuildLiteBehavior [ RunTime:0.000032s ]
INFO: [ app_init ] --END-- [ RunTime:0.000579s ]
ERR: 无法加载模块:Public

[ 2017-08-14T22:13:01+08:00 ] ::1 /sucai/Public/HOME/images/newicon20140910.png
INFO: [ app_init ] --START--
INFO: Run Behavior\BuildLiteBehavior [ RunTime:0.000029s ]
INFO: [ app_init ] --END-- [ RunTime:0.000793s ]
ERR: 无法加载模块:Public

[ 2017-08-14T22:13:01+08:00 ] ::1 /sucai/Public/HOME/images/tieicon.png
INFO: [ app_init ] --START--
INFO: Run Behavior\BuildLiteBehavior [ RunTime:0.000031s ]
INFO: [ app_init ] --END-- [ RunTime:0.000552s ]
ERR: 无法加载模块:Public

[ 2017-08-14T22:13:01+08:00 ] ::1 /sucai/Public/HOME/img/share/icons_0_16.png?v=91362611.png
INFO: [ app_init ] --START--
INFO: Run Behavior\BuildLiteBehavior [ RunTime:0.000031s ]
INFO: [ app_init ] --END-- [ RunTime:0.001069s ]
ERR: 无法加载模块:Public

[ 2017-08-14T22:13:01+08:00 ] ::1 /sucai/Public/HOME/images/bigbtn.png
INFO: [ app_init ] --START--
INFO: Run Behavior\BuildLiteBehavior [ RunTime:0.000035s ]
INFO: [ app_init ] --END-- [ RunTime:0.001043s ]
ERR: 无法加载模块:Public

[ 2017-08-14T22:13:01+08:00 ] ::1 /sucai/Public/HOME/images/hot.png
INFO: [ app_init ] --START--
INFO: Run Behavior\BuildLiteBehavior [ RunTime:0.000365s ]
INFO: [ app_init ] --END-- [ RunTime:0.002410s ]
ERR: 无法加载模块:Public

[ 2017-08-14T22:13:01+08:00 ] ::1 /sucai/Public/HOME/images/newicon20140910.png
INFO: [ app_init ] --START--
INFO: Run Behavior\BuildLiteBehavior [ RunTime:0.000032s ]
INFO: [ app_init ] --END-- [ RunTime:0.000611s ]
ERR: 无法加载模块:Public

[ 2017-08-14T22:13:01+08:00 ] ::1 /sucai/Public/HOME/img/share/icons_0_16.png?v=91362611.png
INFO: [ app_init ] --START--
INFO: Run Behavior\BuildLiteBehavior [ RunTime:0.000031s ]
INFO: [ app_init ] --END-- [ RunTime:0.000583s ]
ERR: 无法加载模块:Public

[ 2017-08-14T22:13:01+08:00 ] ::1 /sucai/Public/HOME/images/tieicon.png
INFO: [ app_init ] --START--
INFO: Run Behavior\BuildLiteBehavior [ RunTime:0.000034s ]
INFO: [ app_init ] --END-- [ RunTime:0.000595s ]
ERR: 无法加载模块:Public

[ 2017-08-14T22:22:46+08:00 ] ::1 /sucai./Public/Uploads/2017-07-10/59631d180f645.jpg
INFO: [ app_init ] --START--
INFO: Run Behavior\BuildLiteBehavior [ RunTime:0.000030s ]
INFO: [ app_init ] --END-- [ RunTime:0.000619s ]
ERR: 无法加载模块:Public

[ 2017-08-14T22:22:46+08:00 ] ::1 /sucai./Public/Uploads/2017-07-10/59631c6151b02.png
INFO: [ app_init ] --START--
INFO: Run Behavior\BuildLiteBehavior [ RunTime:0.000029s ]
INFO: [ app_init ] --END-- [ RunTime:0.000625s ]
ERR: 无法加载模块:Public

[ 2017-08-14T22:22:46+08:00 ] ::1 /sucai./Public/Uploads/2017-07-10/59631c7b2dac1.jpg
INFO: [ app_init ] --START--
INFO: Run Behavior\BuildLiteBehavior [ RunTime:0.000029s ]
INFO: [ app_init ] --END-- [ RunTime:0.000594s ]
ERR: 无法加载模块:Public

[ 2017-08-14T22:22:46+08:00 ] ::1 /sucai./Public/Uploads/2017-07-10/59631c95d8f18.jpg
INFO: [ app_init ] --START--
INFO: Run Behavior\BuildLiteBehavior [ RunTime:0.000020s ]
INFO: [ app_init ] --END-- [ RunTime:0.000385s ]
ERR: 无法加载模块:Public

[ 2017-08-14T22:22:46+08:00 ] ::1 /sucai./Public/Uploads/2017-07-10/59631d180f645.jpg
INFO: [ app_init ] --START--
INFO: Run Behavior\BuildLiteBehavior [ RunTime:0.000031s ]
INFO: [ app_init ] --END-- [ RunTime:0.000545s ]
ERR: 无法加载模块:Public

[ 2017-08-14T22:22:46+08:00 ] ::1 /sucai./Public/Uploads/2017-07-10/59631c6151b02.png
INFO: [ app_init ] --START--
INFO: Run Behavior\BuildLiteBehavior [ RunTime:0.000027s ]
INFO: [ app_init ] --END-- [ RunTime:0.000621s ]
ERR: 无法加载模块:Public

[ 2017-08-14T22:23:09+08:00 ] ::1 /sucai./Public/Uploads/2017-07-10/59631d180f645.jpg
INFO: [ app_init ] --START--
INFO: Run Behavior\BuildLiteBehavior [ RunTime:0.000032s ]
INFO: [ app_init ] --END-- [ RunTime:0.000545s ]
ERR: 无法加载模块:Public

[ 2017-08-14T22:23:09+08:00 ] ::1 /sucai./Public/Uploads/2017-07-10/59631c95d8f18.jpg
INFO: [ app_init ] --START--
INFO: Run Behavior\BuildLiteBehavior [ RunTime:0.000034s ]
INFO: [ app_init ] --END-- [ RunTime:0.000723s ]
ERR: 无法加载模块:Public

[ 2017-08-14T22:23:09+08:00 ] ::1 /sucai./Public/Uploads/2017-07-10/59631cd27a54b.jpg
INFO: [ app_init ] --START--
INFO: Run Behavior\BuildLiteBehavior [ RunTime:0.000031s ]
INFO: [ app_init ] --END-- [ RunTime:0.000563s ]
ERR: 无法加载模块:Public

[ 2017-08-14T22:23:09+08:00 ] ::1 /sucai./Public/Uploads/2017-07-10/59631c6151b02.png
INFO: [ app_init ] --START--
INFO: Run Behavior\BuildLiteBehavior [ RunTime:0.000033s ]
INFO: [ app_init ] --END-- [ RunTime:0.000611s ]
ERR: 无法加载模块:Public

[ 2017-08-14T22:23:09+08:00 ] ::1 /sucai./Public/Uploads/2017-07-10/59631c7b2dac1.jpg
INFO: [ app_init ] --START--
INFO: Run Behavior\BuildLiteBehavior [ RunTime:0.000023s ]
INFO: [ app_init ] --END-- [ RunTime:0.000439s ]
ERR: 无法加载模块:Public

[ 2017-08-14T22:26:12+08:00 ] ::1 /sucai./Public/Uploads/2017-07-10/59631cd27a54b.jpg
INFO: [ app_init ] --START--
INFO: Run Behavior\BuildLiteBehavior [ RunTime:0.000031s ]
INFO: [ app_init ] --END-- [ RunTime:0.000561s ]
ERR: 无法加载模块:Public

[ 2017-08-14T22:26:12+08:00 ] ::1 /sucai./Public/Uploads/2017-07-10/59631c6151b02.png
INFO: [ app_init ] --START--
INFO: Run Behavior\BuildLiteBehavior [ RunTime:0.000031s ]
INFO: [ app_init ] --END-- [ RunTime:0.000551s ]
ERR: 无法加载模块:Public

[ 2017-08-14T22:26:12+08:00 ] ::1 /sucai./Public/Uploads/2017-07-10/59631c95d8f18.jpg
INFO: [ app_init ] --START--
INFO: Run Behavior\BuildLiteBehavior [ RunTime:0.000031s ]
INFO: [ app_init ] --END-- [ RunTime:0.000620s ]
ERR: 无法加载模块:Public

[ 2017-08-14T22:26:12+08:00 ] ::1 /sucai./Public/Uploads/2017-07-10/59631c7b2dac1.jpg
INFO: [ app_init ] --START--
INFO: Run Behavior\BuildLiteBehavior [ RunTime:0.000030s ]
INFO: [ app_init ] --END-- [ RunTime:0.000575s ]
ERR: 无法加载模块:Public

[ 2017-08-14T22:26:12+08:00 ] ::1 /sucai./Public/Uploads/2017-07-10/59631d180f645.jpg
INFO: [ app_init ] --START--
INFO: Run Behavior\BuildLiteBehavior [ RunTime:0.000044s ]
INFO: [ app_init ] --END-- [ RunTime:0.000916s ]
ERR: 无法加载模块:Public

[ 2017-08-14T22:26:12+08:00 ] ::1 /sucai./Public/Uploads/2017-07-10/59631cd27a54b.jpg
INFO: [ app_init ] --START--
INFO: Run Behavior\BuildLiteBehavior [ RunTime:0.000034s ]
INFO: [ app_init ] --END-- [ RunTime:0.000560s ]
ERR: 无法加载模块:Public

[ 2017-08-14T22:26:12+08:00 ] ::1 /sucai./Public/Uploads/2017-07-10/59631c6151b02.png
INFO: [ app_init ] --START--
INFO: Run Behavior\BuildLiteBehavior [ RunTime:0.000036s ]
INFO: [ app_init ] --END-- [ RunTime:0.001100s ]
ERR: 无法加载模块:Public

[ 2017-08-14T22:26:40+08:00 ] ::1 /sucai./Public/Uploads/2017-07-10/59631d180f645.jpg
INFO: [ app_init ] --START--
INFO: Run Behavior\BuildLiteBehavior [ RunTime:0.000030s ]
INFO: [ app_init ] --END-- [ RunTime:0.000595s ]
ERR: 无法加载模块:Public

[ 2017-08-14T22:26:40+08:00 ] ::1 /sucai./Public/Uploads/2017-07-10/59631c6151b02.png
INFO: [ app_init ] --START--
INFO: Run Behavior\BuildLiteBehavior [ RunTime:0.000027s ]
INFO: [ app_init ] --END-- [ RunTime:0.000487s ]
ERR: 无法加载模块:Public

[ 2017-08-14T22:26:40+08:00 ] ::1 /sucai./Public/Uploads/2017-07-10/59631c7b2dac1.jpg
INFO: [ app_init ] --START--
INFO: Run Behavior\BuildLiteBehavior [ RunTime:0.000032s ]
INFO: [ app_init ] --END-- [ RunTime:0.000540s ]
ERR: 无法加载模块:Public

[ 2017-08-14T22:26:40+08:00 ] ::1 /sucai./Public/Uploads/2017-07-10/59631c95d8f18.jpg
INFO: [ app_init ] --START--
INFO: Run Behavior\BuildLiteBehavior [ RunTime:0.000030s ]
INFO: [ app_init ] --END-- [ RunTime:0.000650s ]
ERR: 无法加载模块:Public

[ 2017-08-14T22:26:40+08:00 ] ::1 /sucai./Public/Uploads/2017-07-10/59631cd27a54b.jpg
INFO: [ app_init ] --START--
INFO: Run Behavior\BuildLiteBehavior [ RunTime:0.000038s ]
INFO: [ app_init ] --END-- [ RunTime:0.000550s ]
ERR: 无法加载模块:Public

[ 2017-08-14T22:26:40+08:00 ] ::1 /sucai./Public/Uploads/2017-07-10/59631cd27a54b.jpg
INFO: [ app_init ] --START--
INFO: Run Behavior\BuildLiteBehavior [ RunTime:0.000050s ]
INFO: [ app_init ] --END-- [ RunTime:0.000555s ]
ERR: 无法加载模块:Public

[ 2017-08-14T22:26:40+08:00 ] ::1 /sucai./Public/Uploads/2017-07-10/59631c6151b02.png
INFO: [ app_init ] --START--
INFO: Run Behavior\BuildLiteBehavior [ RunTime:0.000031s ]
INFO: [ app_init ] --END-- [ RunTime:0.000521s ]
ERR: 无法加载模块:Public

[ 2017-08-14T22:26:40+08:00 ] ::1 /sucai./Public/Uploads/2017-07-10/59631c7b2dac1.jpg
INFO: [ app_init ] --START--
INFO: Run Behavior\BuildLiteBehavior [ RunTime:0.000033s ]
INFO: [ app_init ] --END-- [ RunTime:0.000699s ]
ERR: 无法加载模块:Public

[ 2017-08-14T22:26:40+08:00 ] ::1 /sucai./Public/Uploads/2017-07-10/59631d180f645.jpg
INFO: [ app_init ] --START--
INFO: Run Behavior\BuildLiteBehavior [ RunTime:0.000031s ]
INFO: [ app_init ] --END-- [ RunTime:0.000573s ]
ERR: 无法加载模块:Public

[ 2017-08-14T22:26:40+08:00 ] ::1 /sucai./Public/Uploads/2017-07-10/59631c95d8f18.jpg
INFO: [ app_init ] --START--
INFO: Run Behavior\BuildLiteBehavior [ RunTime:0.000030s ]
INFO: [ app_init ] --END-- [ RunTime:0.000566s ]
ERR: 无法加载模块:Public

[ 2017-08-14T22:26:47+08:00 ] ::1 /sucai/Public/Admin/Js/php/controller.php?action=config&&noCache=1502720807785
INFO: [ app_init ] --START--
INFO: Run Behavior\BuildLiteBehavior [ RunTime:0.000017s ]
INFO: [ app_init ] --END-- [ RunTime:0.000351s ]
ERR: 无法加载模块:Public

[ 2017-08-14T22:26:48+08:00 ] ::1 /sucai/Public/Admin/Js/third-party/codemirror/codemirror.css
INFO: [ app_init ] --START--
INFO: Run Behavior\BuildLiteBehavior [ RunTime:0.000042s ]
INFO: [ app_init ] --END-- [ RunTime:0.000573s ]
ERR: 无法加载模块:Public

[ 2017-08-14T22:26:48+08:00 ] ::1 /sucai/Public/Admin/Js/third-party/codemirror/codemirror.js
INFO: [ app_init ] --START--
INFO: Run Behavior\BuildLiteBehavior [ RunTime:0.000032s ]
INFO: [ app_init ] --END-- [ RunTime:0.000573s ]
ERR: 无法加载模块:Public

[ 2017-08-14T22:26:48+08:00 ] ::1 /sucai/Public/Admin/Js/third-party/zeroclipboard/ZeroClipboard.js
INFO: [ app_init ] --START--
INFO: Run Behavior\BuildLiteBehavior [ RunTime:0.000037s ]
INFO: [ app_init ] --END-- [ RunTime:0.000553s ]
ERR: 无法加载模块:Public

[ 2017-08-14T22:27:38+08:00 ] ::1 /sucai/Public/Admin/Js/php/controller.php?action=config&&noCache=1502720858428
INFO: [ app_init ] --START--
INFO: Run Behavior\BuildLiteBehavior [ RunTime:0.000020s ]
INFO: [ app_init ] --END-- [ RunTime:0.000413s ]
ERR: 无法加载模块:Public

[ 2017-08-14T22:27:38+08:00 ] ::1 /sucai/Public/Admin/Js/third-party/codemirror/codemirror.js
INFO: [ app_init ] --START--
INFO: Run Behavior\BuildLiteBehavior [ RunTime:0.000020s ]
INFO: [ app_init ] --END-- [ RunTime:0.000397s ]
ERR: 无法加载模块:Public

[ 2017-08-14T22:27:38+08:00 ] ::1 /sucai/Public/Admin/Js/third-party/zeroclipboard/ZeroClipboard.js
INFO: [ app_init ] --START--
INFO: Run Behavior\BuildLiteBehavior [ RunTime:0.000025s ]
INFO: [ app_init ] --END-- [ RunTime:0.000541s ]
ERR: 无法加载模块:Public

[ 2017-08-14T22:27:38+08:00 ] ::1 /sucai/Public/Admin/Js/third-party/codemirror/codemirror.css
INFO: [ app_init ] --START--
INFO: Run Behavior\BuildLiteBehavior [ RunTime:0.000019s ]
INFO: [ app_init ] --END-- [ RunTime:0.000387s ]
ERR: 无法加载模块:Public

[ 2017-08-14T22:27:53+08:00 ] ::1 /sucai/Public/Admin/Js/php/controller.php?action=config&&noCache=1502720873290
INFO: [ app_init ] --START--
INFO: Run Behavior\BuildLiteBehavior [ RunTime:0.000044s ]
INFO: [ app_init ] --END-- [ RunTime:0.000393s ]
ERR: 无法加载模块:Public

[ 2017-08-14T22:27:53+08:00 ] ::1 /sucai/Public/Admin/Js/third-party/codemirror/codemirror.css
INFO: [ app_init ] --START--
INFO: Run Behavior\BuildLiteBehavior [ RunTime:0.000047s ]
INFO: [ app_init ] --END-- [ RunTime:0.000635s ]
ERR: 无法加载模块:Public

[ 2017-08-14T22:27:53+08:00 ] ::1 /sucai/Public/Admin/Js/third-party/codemirror/codemirror.js
INFO: [ app_init ] --START--
INFO: Run Behavior\BuildLiteBehavior [ RunTime:0.000052s ]
INFO: [ app_init ] --END-- [ RunTime:0.000788s ]
ERR: 无法加载模块:Public

[ 2017-08-14T22:27:53+08:00 ] ::1 /sucai/Public/Admin/Js/third-party/zeroclipboard/ZeroClipboard.js
INFO: [ app_init ] --START--
INFO: Run Behavior\BuildLiteBehavior [ RunTime:0.000031s ]
INFO: [ app_init ] --END-- [ RunTime:0.000541s ]
ERR: 无法加载模块:Public

[ 2017-08-14T22:28:09+08:00 ] ::1 /sucai./Public/Uploads/2017-07-10/59631cd27a54b.jpg
INFO: [ app_init ] --START--
INFO: Run Behavior\BuildLiteBehavior [ RunTime:0.000030s ]
INFO: [ app_init ] --END-- [ RunTime:0.000650s ]
ERR: 无法加载模块:Public

[ 2017-08-14T22:28:09+08:00 ] ::1 /sucai./Public/Uploads/2017-07-10/59631c6151b02.png
INFO: [ app_init ] --START--
INFO: Run Behavior\BuildLiteBehavior [ RunTime:0.000034s ]
INFO: [ app_init ] --END-- [ RunTime:0.000840s ]
ERR: 无法加载模块:Public

[ 2017-08-14T22:28:09+08:00 ] ::1 /sucai./Public/Uploads/2017-07-10/59631d180f645.jpg
INFO: [ app_init ] --START--
INFO: Run Behavior\BuildLiteBehavior [ RunTime:0.000031s ]
INFO: [ app_init ] --END-- [ RunTime:0.000562s ]
ERR: 无法加载模块:Public

[ 2017-08-14T22:28:09+08:00 ] ::1 /sucai./Public/Uploads/2017-07-10/59631c95d8f18.jpg
INFO: [ app_init ] --START--
INFO: Run Behavior\BuildLiteBehavior [ RunTime:0.000126s ]
INFO: [ app_init ] --END-- [ RunTime:0.001195s ]
ERR: 无法加载模块:Public

[ 2017-08-14T22:28:09+08:00 ] ::1 /sucai./Public/Uploads/2017-07-10/59631c7b2dac1.jpg
INFO: [ app_init ] --START--
INFO: Run Behavior\BuildLiteBehavior [ RunTime:0.000030s ]
INFO: [ app_init ] --END-- [ RunTime:0.000436s ]
ERR: 无法加载模块:Public

[ 2017-08-14T22:28:09+08:00 ] ::1 /sucai./Public/Uploads/2017-07-10/59631cd27a54b.jpg
INFO: [ app_init ] --START--
INFO: Run Behavior\BuildLiteBehavior [ RunTime:0.000045s ]
INFO: [ app_init ] --END-- [ RunTime:0.000770s ]
ERR: 无法加载模块:Public

[ 2017-08-14T22:28:09+08:00 ] ::1 /sucai./Public/Uploads/2017-07-10/59631c6151b02.png
INFO: [ app_init ] --START--
INFO: Run Behavior\BuildLiteBehavior [ RunTime:0.000043s ]
INFO: [ app_init ] --END-- [ RunTime:0.000868s ]
ERR: 无法加载模块:Public

[ 2017-08-14T22:28:17+08:00 ] ::1 /sucai/Public/Admin/Js/php/controller.php?action=config&&noCache=1502720897620
INFO: [ app_init ] --START--
INFO: Run Behavior\BuildLiteBehavior [ RunTime:0.000033s ]
INFO: [ app_init ] --END-- [ RunTime:0.000802s ]
ERR: 无法加载模块:Public

[ 2017-08-14T22:28:17+08:00 ] ::1 /sucai/Public/Admin/Js/third-party/codemirror/codemirror.js
INFO: [ app_init ] --START--
INFO: Run Behavior\BuildLiteBehavior [ RunTime:0.000029s ]
INFO: [ app_init ] --END-- [ RunTime:0.000538s ]
ERR: 无法加载模块:Public

[ 2017-08-14T22:28:17+08:00 ] ::1 /sucai/Public/Admin/Js/third-party/codemirror/codemirror.css
INFO: [ app_init ] --START--
INFO: Run Behavior\BuildLiteBehavior [ RunTime:0.000030s ]
INFO: [ app_init ] --END-- [ RunTime:0.000771s ]
ERR: 无法加载模块:Public

[ 2017-08-14T22:28:17+08:00 ] ::1 /sucai/Public/Admin/Js/third-party/zeroclipboard/ZeroClipboard.js
INFO: [ app_init ] --START--
INFO: Run Behavior\BuildLiteBehavior [ RunTime:0.000054s ]
INFO: [ app_init ] --END-- [ RunTime:0.001488s ]
ERR: 无法加载模块:Public

[ 2017-08-14T22:33:13+08:00 ] ::1 /sucai/Public/Admin/Js/php/controller.php?action=config&&noCache=1502721193163
INFO: [ app_init ] --START--
INFO: Run Behavior\BuildLiteBehavior [ RunTime:0.000038s ]
INFO: [ app_init ] --END-- [ RunTime:0.000560s ]
ERR: 无法加载模块:Public

[ 2017-08-14T22:33:13+08:00 ] ::1 /sucai/Public/Admin/Js/third-party/codemirror/codemirror.js
INFO: [ app_init ] --START--
INFO: Run Behavior\BuildLiteBehavior [ RunTime:0.000031s ]
INFO: [ app_init ] --END-- [ RunTime:0.000916s ]
ERR: 无法加载模块:Public

[ 2017-08-14T22:33:13+08:00 ] ::1 /sucai/Public/Admin/Js/third-party/codemirror/codemirror.css
INFO: [ app_init ] --START--
INFO: Run Behavior\BuildLiteBehavior [ RunTime:0.000048s ]
INFO: [ app_init ] --END-- [ RunTime:0.000721s ]
ERR: 无法加载模块:Public

[ 2017-08-14T22:33:13+08:00 ] ::1 /sucai/Public/Admin/Js/third-party/zeroclipboard/ZeroClipboard.js
INFO: [ app_init ] --START--
INFO: Run Behavior\BuildLiteBehavior [ RunTime:0.000041s ]
INFO: [ app_init ] --END-- [ RunTime:0.000837s ]
ERR: 无法加载模块:Public

[ 2017-08-14T22:33:13+08:00 ] ::1 /sucai/Public/Admin/Js/php/controller.php?action=config&&noCache=1502721193930
INFO: [ app_init ] --START--
INFO: Run Behavior\BuildLiteBehavior [ RunTime:0.000019s ]
INFO: [ app_init ] --END-- [ RunTime:0.000400s ]
ERR: 无法加载模块:Public

[ 2017-08-14T22:33:14+08:00 ] ::1 /sucai/Public/Admin/Js/third-party/codemirror/codemirror.js
INFO: [ app_init ] --START--
INFO: Run Behavior\BuildLiteBehavior [ RunTime:0.000031s ]
INFO: [ app_init ] --END-- [ RunTime:0.000611s ]
ERR: 无法加载模块:Public

[ 2017-08-14T22:33:14+08:00 ] ::1 /sucai/Public/Admin/Js/third-party/codemirror/codemirror.css
INFO: [ app_init ] --START--
INFO: Run Behavior\BuildLiteBehavior [ RunTime:0.000029s ]
INFO: [ app_init ] --END-- [ RunTime:0.000537s ]
ERR: 无法加载模块:Public

[ 2017-08-14T22:33:14+08:00 ] ::1 /sucai/Public/Admin/Js/third-party/zeroclipboard/ZeroClipboard.js
INFO: [ app_init ] --START--
INFO: Run Behavior\BuildLiteBehavior [ RunTime:0.000038s ]
INFO: [ app_init ] --END-- [ RunTime:0.000955s ]
ERR: 无法加载模块:Public

[ 2017-08-14T22:33:25+08:00 ] ::1 /sucai./Public/Uploads/2017-07-10/59631cd27a54b.jpg
INFO: [ app_init ] --START--
INFO: Run Behavior\BuildLiteBehavior [ RunTime:0.000031s ]
INFO: [ app_init ] --END-- [ RunTime:0.000547s ]
ERR: 无法加载模块:Public

[ 2017-08-14T22:33:25+08:00 ] ::1 /sucai./Public/Uploads/2017-07-10/59631c6151b02.png
INFO: [ app_init ] --START--
INFO: Run Behavior\BuildLiteBehavior [ RunTime:0.000038s ]
INFO: [ app_init ] --END-- [ RunTime:0.000595s ]
ERR: 无法加载模块:Public

[ 2017-08-14T22:33:25+08:00 ] ::1 /sucai./Public/Uploads/2017-07-10/59631d180f645.jpg
INFO: [ app_init ] --START--
INFO: Run Behavior\BuildLiteBehavior [ RunTime:0.000033s ]
INFO: [ app_init ] --END-- [ RunTime:0.000546s ]
ERR: 无法加载模块:Public

[ 2017-08-14T22:33:25+08:00 ] ::1 /sucai./Public/Uploads/2017-07-10/59631c7b2dac1.jpg
INFO: [ app_init ] --START--
INFO: Run Behavior\BuildLiteBehavior [ RunTime:0.000031s ]
INFO: [ app_init ] --END-- [ RunTime:0.000564s ]
ERR: 无法加载模块:Public

[ 2017-08-14T22:33:25+08:00 ] ::1 /sucai./Public/Uploads/2017-07-10/59631c95d8f18.jpg
INFO: [ app_init ] --START--
INFO: Run Behavior\BuildLiteBehavior [ RunTime:0.000031s ]
INFO: [ app_init ] --END-- [ RunTime:0.000608s ]
ERR: 无法加载模块:Public

[ 2017-08-14T22:33:25+08:00 ] ::1 /sucai./Public/Uploads/2017-07-10/59631c6151b02.png
INFO: [ app_init ] --START--
INFO: Run Behavior\BuildLiteBehavior [ RunTime:0.000036s ]
INFO: [ app_init ] --END-- [ RunTime:0.000778s ]
ERR: 无法加载模块:Public

[ 2017-08-14T22:33:25+08:00 ] ::1 /sucai./Public/Uploads/2017-07-10/59631cd27a54b.jpg
INFO: [ app_init ] --START--
INFO: Run Behavior\BuildLiteBehavior [ RunTime:0.000059s ]
INFO: [ app_init ] --END-- [ RunTime:0.000638s ]
ERR: 无法加载模块:Public

[ 2017-08-14T22:33:27+08:00 ] ::1 /sucai./Public/Uploads/2017-07-10/59631cd27a54b.jpg
INFO: [ app_init ] --START--
INFO: Run Behavior\BuildLiteBehavior [ RunTime:0.000033s ]
INFO: [ app_init ] --END-- [ RunTime:0.000868s ]
ERR: 无法加载模块:Public

[ 2017-08-14T22:33:27+08:00 ] ::1 /sucai./Public/Uploads/2017-07-10/59631c95d8f18.jpg
INFO: [ app_init ] --START--
INFO: Run Behavior\BuildLiteBehavior [ RunTime:0.000040s ]
INFO: [ app_init ] --END-- [ RunTime:0.002363s ]
ERR: 无法加载模块:Public

[ 2017-08-14T22:33:27+08:00 ] ::1 /sucai./Public/Uploads/2017-07-10/59631d180f645.jpg
INFO: [ app_init ] --START--
INFO: Run Behavior\BuildLiteBehavior [ RunTime:0.000031s ]
INFO: [ app_init ] --END-- [ RunTime:0.000601s ]
ERR: 无法加载模块:Public

[ 2017-08-14T22:33:27+08:00 ] ::1 /sucai./Public/Uploads/2017-07-10/59631c7b2dac1.jpg
INFO: [ app_init ] --START--
INFO: Run Behavior\BuildLiteBehavior [ RunTime:0.000033s ]
INFO: [ app_init ] --END-- [ RunTime:0.000539s ]
ERR: 无法加载模块:Public

[ 2017-08-14T22:33:27+08:00 ] ::1 /sucai./Public/Uploads/2017-07-10/59631c6151b02.png
INFO: [ app_init ] --START--
INFO: Run Behavior\BuildLiteBehavior [ RunTime:0.000019s ]
INFO: [ app_init ] --END-- [ RunTime:0.000395s ]
ERR: 无法加载模块:Public

[ 2017-08-14T22:33:27+08:00 ] ::1 /sucai./Public/Uploads/2017-07-10/59631cd27a54b.jpg
INFO: [ app_init ] --START--
INFO: Run Behavior\BuildLiteBehavior [ RunTime:0.000073s ]
INFO: [ app_init ] --END-- [ RunTime:0.000812s ]
ERR: 无法加载模块:Public

[ 2017-08-14T22:33:27+08:00 ] ::1 /sucai./Public/Uploads/2017-07-10/59631c7b2dac1.jpg
INFO: [ app_init ] --START--
INFO: Run Behavior\BuildLiteBehavior [ RunTime:0.000034s ]
INFO: [ app_init ] --END-- [ RunTime:0.000639s ]
ERR: 无法加载模块:Public

[ 2017-08-14T22:33:27+08:00 ] ::1 /sucai./Public/Uploads/2017-07-10/59631d180f645.jpg
INFO: [ app_init ] --START--
INFO: Run Behavior\BuildLiteBehavior [ RunTime:0.000031s ]
INFO: [ app_init ] --END-- [ RunTime:0.000595s ]
ERR: 无法加载模块:Public

[ 2017-08-14T22:33:27+08:00 ] ::1 /sucai./Public/Uploads/2017-07-10/59631c95d8f18.jpg
INFO: [ app_init ] --START--
INFO: Run Behavior\BuildLiteBehavior [ RunTime:0.000020s ]
INFO: [ app_init ] --END-- [ RunTime:0.000444s ]
ERR: 无法加载模块:Public

[ 2017-08-14T22:33:28+08:00 ] ::1 /sucai./Public/Uploads/2017-07-10/59631c6151b02.png
INFO: [ app_init ] --START--
INFO: Run Behavior\BuildLiteBehavior [ RunTime:0.000033s ]
INFO: [ app_init ] --END-- [ RunTime:0.000548s ]
ERR: 无法加载模块:Public

[ 2017-08-14T22:33:28+08:00 ] ::1 /sucai./Public/Uploads/2017-07-10/59631cd27a54b.jpg
INFO: [ app_init ] --START--
INFO: Run Behavior\BuildLiteBehavior [ RunTime:0.000032s ]
INFO: [ app_init ] --END-- [ RunTime:0.001482s ]
ERR: 无法加载模块:Public

[ 2017-08-14T22:33:28+08:00 ] ::1 /sucai./Public/Uploads/2017-07-10/59631c7b2dac1.jpg
INFO: [ app_init ] --START--
INFO: Run Behavior\BuildLiteBehavior [ RunTime:0.000033s ]
INFO: [ app_init ] --END-- [ RunTime:0.000579s ]
ERR: 无法加载模块:Public

[ 2017-08-14T22:33:28+08:00 ] ::1 /sucai./Public/Uploads/2017-07-10/59631d180f645.jpg
INFO: [ app_init ] --START--
INFO: Run Behavior\BuildLiteBehavior [ RunTime:0.000033s ]
INFO: [ app_init ] --END-- [ RunTime:0.006014s ]
ERR: 无法加载模块:Public

[ 2017-08-14T22:33:30+08:00 ] ::1 /sucai/Public/Admin/Js/php/controller.php?action=config&&noCache=1502721210208
INFO: [ app_init ] --START--
INFO: Run Behavior\BuildLiteBehavior [ RunTime:0.000037s ]
INFO: [ app_init ] --END-- [ RunTime:0.002706s ]
ERR: 无法加载模块:Public

[ 2017-08-14T22:33:30+08:00 ] ::1 /sucai/Public/Admin/Js/third-party/codemirror/codemirror.css
INFO: [ app_init ] --START--
INFO: Run Behavior\BuildLiteBehavior [ RunTime:0.000019s ]
INFO: [ app_init ] --END-- [ RunTime:0.000402s ]
ERR: 无法加载模块:Public

[ 2017-08-14T22:33:30+08:00 ] ::1 /sucai/Public/Admin/Js/third-party/codemirror/codemirror.js
INFO: [ app_init ] --START--
INFO: Run Behavior\BuildLiteBehavior [ RunTime:0.000029s ]
INFO: [ app_init ] --END-- [ RunTime:0.000533s ]
ERR: 无法加载模块:Public

[ 2017-08-14T22:33:30+08:00 ] ::1 /sucai/Public/Admin/Js/third-party/zeroclipboard/ZeroClipboard.js
INFO: [ app_init ] --START--
INFO: Run Behavior\BuildLiteBehavior [ RunTime:0.000036s ]
INFO: [ app_init ] --END-- [ RunTime:0.000547s ]
ERR: 无法加载模块:Public

[ 2017-08-14T22:33:38+08:00 ] ::1 /sucai/Public/Admin/Js/php/controller.php?action=config&&noCache=1502721218762
INFO: [ app_init ] --START--
INFO: Run Behavior\BuildLiteBehavior [ RunTime:0.000033s ]
INFO: [ app_init ] --END-- [ RunTime:0.000573s ]
ERR: 无法加载模块:Public

[ 2017-08-14T22:33:38+08:00 ] ::1 /sucai/Public/Admin/Js/third-party/codemirror/codemirror.js
INFO: [ app_init ] --START--
INFO: Run Behavior\BuildLiteBehavior [ RunTime:0.000122s ]
INFO: [ app_init ] --END-- [ RunTime:0.002343s ]
ERR: 无法加载模块:Public

[ 2017-08-14T22:33:38+08:00 ] ::1 /sucai/Public/Admin/Js/third-party/codemirror/codemirror.css
INFO: [ app_init ] --START--
INFO: Run Behavior\BuildLiteBehavior [ RunTime:0.000034s ]
INFO: [ app_init ] --END-- [ RunTime:0.001518s ]
ERR: 无法加载模块:Public

[ 2017-08-14T22:33:38+08:00 ] ::1 /sucai/Public/Admin/Js/third-party/zeroclipboard/ZeroClipboard.js
INFO: [ app_init ] --START--
INFO: Run Behavior\BuildLiteBehavior [ RunTime:0.000035s ]
INFO: [ app_init ] --END-- [ RunTime:0.000735s ]
ERR: 无法加载模块:Public

[ 2017-08-14T22:34:55+08:00 ] ::1 /sucai./Public/Uploads/2017-07-10/59631cd27a54b.jpg
INFO: [ app_init ] --START--
INFO: Run Behavior\BuildLiteBehavior [ RunTime:0.000036s ]
INFO: [ app_init ] --END-- [ RunTime:0.000573s ]
ERR: 无法加载模块:Public

[ 2017-08-14T22:34:55+08:00 ] ::1 /sucai./Public/Uploads/2017-07-10/59631c6151b02.png
INFO: [ app_init ] --START--
INFO: Run Behavior\BuildLiteBehavior [ RunTime:0.000032s ]
INFO: [ app_init ] --END-- [ RunTime:0.000658s ]
ERR: 无法加载模块:Public

[ 2017-08-14T22:34:55+08:00 ] ::1 /sucai./Public/Uploads/2017-07-10/59631c95d8f18.jpg
INFO: [ app_init ] --START--
INFO: Run Behavior\BuildLiteBehavior [ RunTime:0.000033s ]
INFO: [ app_init ] --END-- [ RunTime:0.000554s ]
ERR: 无法加载模块:Public

[ 2017-08-14T22:34:55+08:00 ] ::1 /sucai./Public/Uploads/2017-07-10/59631d180f645.jpg
INFO: [ app_init ] --START--
INFO: Run Behavior\BuildLiteBehavior [ RunTime:0.000031s ]
INFO: [ app_init ] --END-- [ RunTime:0.000559s ]
ERR: 无法加载模块:Public

[ 2017-08-14T22:34:55+08:00 ] ::1 /sucai./Public/Uploads/2017-07-10/59631c7b2dac1.jpg
INFO: [ app_init ] --START--
INFO: Run Behavior\BuildLiteBehavior [ RunTime:0.000029s ]
INFO: [ app_init ] --END-- [ RunTime:0.000715s ]
ERR: 无法加载模块:Public

[ 2017-08-14T22:34:56+08:00 ] ::1 /sucai./Public/Uploads/2017-07-10/59631cd27a54b.jpg
INFO: [ app_init ] --START--
INFO: Run Behavior\BuildLiteBehavior [ RunTime:0.000034s ]
INFO: [ app_init ] --END-- [ RunTime:0.000610s ]
ERR: 无法加载模块:Public

[ 2017-08-14T22:34:56+08:00 ] ::1 /sucai./Public/Uploads/2017-07-10/59631c6151b02.png
INFO: [ app_init ] --START--
INFO: Run Behavior\BuildLiteBehavior [ RunTime:0.000030s ]
INFO: [ app_init ] --END-- [ RunTime:0.000802s ]
ERR: 无法加载模块:Public

[ 2017-08-14T22:34:56+08:00 ] ::1 /sucai./Public/Uploads/2017-07-10/59631d180f645.jpg
INFO: [ app_init ] --START--
INFO: Run Behavior\BuildLiteBehavior [ RunTime:0.000027s ]
INFO: [ app_init ] --END-- [ RunTime:0.000512s ]
ERR: 无法加载模块:Public

[ 2017-08-14T22:34:56+08:00 ] ::1 /sucai./Public/Uploads/2017-07-10/59631c7b2dac1.jpg
INFO: [ app_init ] --START--
INFO: Run Behavior\BuildLiteBehavior [ RunTime:0.000034s ]
INFO: [ app_init ] --END-- [ RunTime:0.000586s ]
ERR: 无法加载模块:Public

[ 2017-08-14T22:34:56+08:00 ] ::1 /sucai./Public/Uploads/2017-07-10/59631c95d8f18.jpg
INFO: [ app_init ] --START--
INFO: Run Behavior\BuildLiteBehavior [ RunTime:0.000038s ]
INFO: [ app_init ] --END-- [ RunTime:0.000925s ]
ERR: 无法加载模块:Public

[ 2017-08-14T22:34:56+08:00 ] ::1 /sucai./Public/Uploads/2017-07-10/59631cd27a54b.jpg
INFO: [ app_init ] --START--
INFO: Run Behavior\BuildLiteBehavior [ RunTime:0.000031s ]
INFO: [ app_init ] --END-- [ RunTime:0.000547s ]
ERR: 无法加载模块:Public

[ 2017-08-14T22:34:56+08:00 ] ::1 /sucai./Public/Uploads/2017-07-10/59631c7b2dac1.jpg
INFO: [ app_init ] --START--
INFO: Run Behavior\BuildLiteBehavior [ RunTime:0.000030s ]
INFO: [ app_init ] --END-- [ RunTime:0.000600s ]
ERR: 无法加载模块:Public

[ 2017-08-14T22:34:56+08:00 ] ::1 /sucai./Public/Uploads/2017-07-10/59631d180f645.jpg
INFO: [ app_init ] --START--
INFO: Run Behavior\BuildLiteBehavior [ RunTime:0.000034s ]
INFO: [ app_init ] --END-- [ RunTime:0.000584s ]
ERR: 无法加载模块:Public

[ 2017-08-14T22:34:56+08:00 ] ::1 /sucai./Public/Uploads/2017-07-10/59631c95d8f18.jpg
INFO: [ app_init ] --START--
INFO: Run Behavior\BuildLiteBehavior [ RunTime:0.000040s ]
INFO: [ app_init ] --END-- [ RunTime:0.000395s ]
ERR: 无法加载模块:Public

[ 2017-08-14T22:34:59+08:00 ] ::1 /sucai/Public/Admin/Js/php/controller.php?action=config&&noCache=1502721299221
INFO: [ app_init ] --START--
INFO: Run Behavior\BuildLiteBehavior [ RunTime:0.000020s ]
INFO: [ app_init ] --END-- [ RunTime:0.000417s ]
ERR: 无法加载模块:Public

[ 2017-08-14T22:34:59+08:00 ] ::1 /sucai/Public/Admin/Js/third-party/codemirror/codemirror.js
INFO: [ app_init ] --START--
INFO: Run Behavior\BuildLiteBehavior [ RunTime:0.000024s ]
INFO: [ app_init ] --END-- [ RunTime:0.000424s ]
ERR: 无法加载模块:Public

[ 2017-08-14T22:34:59+08:00 ] ::1 /sucai/Public/Admin/Js/third-party/codemirror/codemirror.css
INFO: [ app_init ] --START--
INFO: Run Behavior\BuildLiteBehavior [ RunTime:0.000032s ]
INFO: [ app_init ] --END-- [ RunTime:0.000538s ]
ERR: 无法加载模块:Public

[ 2017-08-14T22:34:59+08:00 ] ::1 /sucai/Public/Admin/Js/third-party/zeroclipboard/ZeroClipboard.js
INFO: [ app_init ] --START--
INFO: Run Behavior\BuildLiteBehavior [ RunTime:0.000032s ]
INFO: [ app_init ] --END-- [ RunTime:0.000542s ]
ERR: 无法加载模块:Public

[ 2017-08-14T22:35:01+08:00 ] ::1 /sucai./Public/Uploads/2017-07-10/59631c6151b02.png
INFO: [ app_init ] --START--
INFO: Run Behavior\BuildLiteBehavior [ RunTime:0.000031s ]
INFO: [ app_init ] --END-- [ RunTime:0.000594s ]
ERR: 无法加载模块:Public

[ 2017-08-14T22:35:01+08:00 ] ::1 /sucai./Public/Uploads/2017-07-10/59631cd27a54b.jpg
INFO: [ app_init ] --START--
INFO: Run Behavior\BuildLiteBehavior [ RunTime:0.000030s ]
INFO: [ app_init ] --END-- [ RunTime:0.000747s ]
ERR: 无法加载模块:Public

[ 2017-08-14T22:35:01+08:00 ] ::1 /sucai./Public/Uploads/2017-07-10/59631d180f645.jpg
INFO: [ app_init ] --START--
INFO: Run Behavior\BuildLiteBehavior [ RunTime:0.000037s ]
INFO: [ app_init ] --END-- [ RunTime:0.003333s ]
ERR: 无法加载模块:Public

[ 2017-08-14T22:35:01+08:00 ] ::1 /sucai./Public/Uploads/2017-07-10/59631c95d8f18.jpg
INFO: [ app_init ] --START--
INFO: Run Behavior\BuildLiteBehavior [ RunTime:0.000034s ]
INFO: [ app_init ] --END-- [ RunTime:0.000595s ]
ERR: 无法加载模块:Public

[ 2017-08-14T22:35:01+08:00 ] ::1 /sucai./Public/Uploads/2017-07-10/59631c7b2dac1.jpg
INFO: [ app_init ] --START--
INFO: Run Behavior\BuildLiteBehavior [ RunTime:0.000037s ]
INFO: [ app_init ] --END-- [ RunTime:0.000600s ]
ERR: 无法加载模块:Public

[ 2017-08-14T22:35:02+08:00 ] ::1 /sucai/Public/Uploads/2017-07-10/59631cd27a54b.jpg
INFO: [ app_init ] --START--
INFO: Run Behavior\BuildLiteBehavior [ RunTime:0.000047s ]
INFO: [ app_init ] --END-- [ RunTime:0.000766s ]
ERR: 无法加载模块:Public

[ 2017-08-14T22:35:02+08:00 ] ::1 /sucai/Public/Uploads/2017-07-10/59631cd27a54b.jpg
INFO: [ app_init ] --START--
INFO: Run Behavior\BuildLiteBehavior [ RunTime:0.000021s ]
INFO: [ app_init ] --END-- [ RunTime:0.000428s ]
ERR: 无法加载模块:Public

[ 2017-08-14T22:35:02+08:00 ] ::1 /sucai/Public/Admin/Js/php/controller.php?action=config&&noCache=1502721302443
INFO: [ app_init ] --START--
INFO: Run Behavior\BuildLiteBehavior [ RunTime:0.000096s ]
INFO: [ app_init ] --END-- [ RunTime:0.000798s ]
ERR: 无法加载模块:Public

[ 2017-08-14T22:35:02+08:00 ] ::1 /sucai/Public/Admin/Js/third-party/codemirror/codemirror.js
INFO: [ app_init ] --START--
INFO: Run Behavior\BuildLiteBehavior [ RunTime:0.000041s ]
INFO: [ app_init ] --END-- [ RunTime:0.000564s ]
ERR: 无法加载模块:Public

[ 2017-08-14T22:35:02+08:00 ] ::1 /sucai/Public/Admin/Js/third-party/zeroclipboard/ZeroClipboard.js
INFO: [ app_init ] --START--
INFO: Run Behavior\BuildLiteBehavior [ RunTime:0.000036s ]
INFO: [ app_init ] --END-- [ RunTime:0.000783s ]
ERR: 无法加载模块:Public

[ 2017-08-14T22:35:02+08:00 ] ::1 /sucai/Public/Admin/Js/third-party/codemirror/codemirror.css
INFO: [ app_init ] --START--
INFO: Run Behavior\BuildLiteBehavior [ RunTime:0.000030s ]
INFO: [ app_init ] --END-- [ RunTime:0.000472s ]
ERR: 无法加载模块:Public

[ 2017-08-14T22:35:04+08:00 ] ::1 /sucai./Public/Uploads/2017-07-10/59631cd27a54b.jpg
INFO: [ app_init ] --START--
INFO: Run Behavior\BuildLiteBehavior [ RunTime:0.000032s ]
INFO: [ app_init ] --END-- [ RunTime:0.000586s ]
ERR: 无法加载模块:Public

[ 2017-08-14T22:35:04+08:00 ] ::1 /sucai./Public/Uploads/2017-07-10/59631d180f645.jpg
INFO: [ app_init ] --START--
INFO: Run Behavior\BuildLiteBehavior [ RunTime:0.000031s ]
INFO: [ app_init ] --END-- [ RunTime:0.000867s ]
ERR: 无法加载模块:Public

[ 2017-08-14T22:35:04+08:00 ] ::1 /sucai./Public/Uploads/2017-07-10/59631c6151b02.png
INFO: [ app_init ] --START--
INFO: Run Behavior\BuildLiteBehavior [ RunTime:0.000031s ]
INFO: [ app_init ] --END-- [ RunTime:0.000569s ]
ERR: 无法加载模块:Public

[ 2017-08-14T22:35:04+08:00 ] ::1 /sucai./Public/Uploads/2017-07-10/59631c7b2dac1.jpg
INFO: [ app_init ] --START--
INFO: Run Behavior\BuildLiteBehavior [ RunTime:0.000036s ]
INFO: [ app_init ] --END-- [ RunTime:0.000636s ]
ERR: 无法加载模块:Public

[ 2017-08-14T22:35:04+08:00 ] ::1 /sucai./Public/Uploads/2017-07-10/59631c95d8f18.jpg
INFO: [ app_init ] --START--
INFO: Run Behavior\BuildLiteBehavior [ RunTime:0.000036s ]
INFO: [ app_init ] --END-- [ RunTime:0.000642s ]
ERR: 无法加载模块:Public

[ 2017-08-14T22:35:04+08:00 ] ::1 /sucai./Public/Uploads/2017-07-10/59631cd27a54b.jpg
INFO: [ app_init ] --START--
INFO: Run Behavior\BuildLiteBehavior [ RunTime:0.000029s ]
INFO: [ app_init ] --END-- [ RunTime:0.000602s ]
ERR: 无法加载模块:Public

[ 2017-08-14T22:35:04+08:00 ] ::1 /sucai./Public/Uploads/2017-07-10/59631c6151b02.png
INFO: [ app_init ] --START--
INFO: Run Behavior\BuildLiteBehavior [ RunTime:0.000031s ]
INFO: [ app_init ] --END-- [ RunTime:0.000542s ]
ERR: 无法加载模块:Public

[ 2017-08-14T22:35:04+08:00 ] ::1 /sucai./Public/Uploads/2017-07-10/59631d180f645.jpg
INFO: [ app_init ] --START--
INFO: Run Behavior\BuildLiteBehavior [ RunTime:0.000031s ]
INFO: [ app_init ] --END-- [ RunTime:0.001642s ]
ERR: 无法加载模块:Public

[ 2017-08-14T22:35:04+08:00 ] ::1 /sucai./Public/Uploads/2017-07-10/59631c7b2dac1.jpg
INFO: [ app_init ] --START--
INFO: Run Behavior\BuildLiteBehavior [ RunTime:0.000031s ]
INFO: [ app_init ] --END-- [ RunTime:0.000535s ]
ERR: 无法加载模块:Public

[ 2017-08-14T22:35:04+08:00 ] ::1 /sucai./Public/Uploads/2017-07-10/59631c95d8f18.jpg
INFO: [ app_init ] --START--
INFO: Run Behavior\BuildLiteBehavior [ RunTime:0.000056s ]
INFO: [ app_init ] --END-- [ RunTime:0.000884s ]
ERR: 无法加载模块:Public

[ 2017-08-14T22:35:06+08:00 ] ::1 /sucai/Public/Uploads/2017-07-10/59631c6151b02.png
INFO: [ app_init ] --START--
INFO: Run Behavior\BuildLiteBehavior [ RunTime:0.000038s ]
INFO: [ app_init ] --END-- [ RunTime:0.000622s ]
ERR: 无法加载模块:Public

[ 2017-08-14T22:35:06+08:00 ] ::1 /sucai/Public/Uploads/2017-07-10/59631c6151b02.png
INFO: [ app_init ] --START--
INFO: Run Behavior\BuildLiteBehavior [ RunTime:0.000032s ]
INFO: [ app_init ] --END-- [ RunTime:0.000562s ]
ERR: 无法加载模块:Public

[ 2017-08-14T22:35:06+08:00 ] ::1 /sucai/Public/Admin/Js/php/controller.php?action=config&&noCache=1502721306340
INFO: [ app_init ] --START--
INFO: Run Behavior\BuildLiteBehavior [ RunTime:0.000021s ]
INFO: [ app_init ] --END-- [ RunTime:0.000402s ]
ERR: 无法加载模块:Public

[ 2017-08-14T22:35:06+08:00 ] ::1 /sucai/Public/Admin/Js/third-party/codemirror/codemirror.js
INFO: [ app_init ] --START--
INFO: Run Behavior\BuildLiteBehavior [ RunTime:0.000031s ]
INFO: [ app_init ] --END-- [ RunTime:0.000539s ]
ERR: 无法加载模块:Public

[ 2017-08-14T22:35:06+08:00 ] ::1 /sucai/Public/Admin/Js/third-party/codemirror/codemirror.css
INFO: [ app_init ] --START--
INFO: Run Behavior\BuildLiteBehavior [ RunTime:0.000033s ]
INFO: [ app_init ] --END-- [ RunTime:0.000511s ]
ERR: 无法加载模块:Public

[ 2017-08-14T22:35:06+08:00 ] ::1 /sucai/Public/Admin/Js/third-party/zeroclipboard/ZeroClipboard.js
INFO: [ app_init ] --START--
INFO: Run Behavior\BuildLiteBehavior [ RunTime:0.000040s ]
INFO: [ app_init ] --END-- [ RunTime:0.000631s ]
ERR: 无法加载模块:Public

[ 2017-08-14T22:35:07+08:00 ] ::1 /sucai./Public/Uploads/2017-07-10/59631cd27a54b.jpg
INFO: [ app_init ] --START--
INFO: Run Behavior\BuildLiteBehavior [ RunTime:0.000031s ]
INFO: [ app_init ] --END-- [ RunTime:0.000909s ]
ERR: 无法加载模块:Public

[ 2017-08-14T22:35:07+08:00 ] ::1 /sucai./Public/Uploads/2017-07-10/59631d180f645.jpg
INFO: [ app_init ] --START--
INFO: Run Behavior\BuildLiteBehavior [ RunTime:0.000030s ]
INFO: [ app_init ] --END-- [ RunTime:0.000611s ]
ERR: 无法加载模块:Public

[ 2017-08-14T22:35:07+08:00 ] ::1 /sucai./Public/Uploads/2017-07-10/59631c6151b02.png
INFO: [ app_init ] --START--
INFO: Run Behavior\BuildLiteBehavior [ RunTime:0.000030s ]
INFO: [ app_init ] --END-- [ RunTime:0.000569s ]
ERR: 无法加载模块:Public

[ 2017-08-14T22:35:07+08:00 ] ::1 /sucai./Public/Uploads/2017-07-10/59631c7b2dac1.jpg
INFO: [ app_init ] --START--
INFO: Run Behavior\BuildLiteBehavior [ RunTime:0.000136s ]
INFO: [ app_init ] --END-- [ RunTime:0.001398s ]
ERR: 无法加载模块:Public

[ 2017-08-14T22:35:07+08:00 ] ::1 /sucai./Public/Uploads/2017-07-10/59631c95d8f18.jpg
INFO: [ app_init ] --START--
INFO: Run Behavior\BuildLiteBehavior [ RunTime:0.000030s ]
INFO: [ app_init ] --END-- [ RunTime:0.000541s ]
ERR: 无法加载模块:Public

[ 2017-08-14T22:35:09+08:00 ] ::1 /sucai/Public/Admin/Js/php/controller.php?action=config&&noCache=1502721309453
INFO: [ app_init ] --START--
INFO: Run Behavior\BuildLiteBehavior [ RunTime:0.000021s ]
INFO: [ app_init ] --END-- [ RunTime:0.000484s ]
ERR: 无法加载模块:Public

[ 2017-08-14T22:35:09+08:00 ] ::1 /sucai/Public/Admin/Js/third-party/codemirror/codemirror.js
INFO: [ app_init ] --START--
INFO: Run Behavior\BuildLiteBehavior [ RunTime:0.000035s ]
INFO: [ app_init ] --END-- [ RunTime:0.000533s ]
ERR: 无法加载模块:Public

[ 2017-08-14T22:35:09+08:00 ] ::1 /sucai/Public/Admin/Js/third-party/codemirror/codemirror.css
INFO: [ app_init ] --START--
INFO: Run Behavior\BuildLiteBehavior [ RunTime:0.000238s ]
INFO: [ app_init ] --END-- [ RunTime:0.002047s ]
ERR: 无法加载模块:Public

[ 2017-08-14T22:35:09+08:00 ] ::1 /sucai/Public/Admin/Js/third-party/zeroclipboard/ZeroClipboard.js
INFO: [ app_init ] --START--
INFO: Run Behavior\BuildLiteBehavior [ RunTime:0.000057s ]
INFO: [ app_init ] --END-- [ RunTime:0.002840s ]
ERR: 无法加载模块:Public

[ 2017-08-14T22:35:11+08:00 ] ::1 /sucai./Public/Uploads/2017-07-10/59631c6151b02.png
INFO: [ app_init ] --START--
INFO: Run Behavior\BuildLiteBehavior [ RunTime:0.000032s ]
INFO: [ app_init ] --END-- [ RunTime:0.000606s ]
ERR: 无法加载模块:Public

[ 2017-08-14T22:35:11+08:00 ] ::1 /sucai./Public/Uploads/2017-07-10/59631cd27a54b.jpg
INFO: [ app_init ] --START--
INFO: Run Behavior\BuildLiteBehavior [ RunTime:0.000033s ]
INFO: [ app_init ] --END-- [ RunTime:0.000518s ]
ERR: 无法加载模块:Public

[ 2017-08-14T22:35:11+08:00 ] ::1 /sucai./Public/Uploads/2017-07-10/59631d180f645.jpg
INFO: [ app_init ] --START--
INFO: Run Behavior\BuildLiteBehavior [ RunTime:0.000030s ]
INFO: [ app_init ] --END-- [ RunTime:0.000579s ]
ERR: 无法加载模块:Public

[ 2017-08-14T22:35:11+08:00 ] ::1 /sucai./Public/Uploads/2017-07-10/59631c7b2dac1.jpg
INFO: [ app_init ] --START--
INFO: Run Behavior\BuildLiteBehavior [ RunTime:0.000021s ]
INFO: [ app_init ] --END-- [ RunTime:0.000598s ]
ERR: 无法加载模块:Public

[ 2017-08-14T22:35:11+08:00 ] ::1 /sucai./Public/Uploads/2017-07-10/59631c95d8f18.jpg
INFO: [ app_init ] --START--
INFO: Run Behavior\BuildLiteBehavior [ RunTime:0.000030s ]
INFO: [ app_init ] --END-- [ RunTime:0.000546s ]
ERR: 无法加载模块:Public

[ 2017-08-14T22:35:11+08:00 ] ::1 /sucai./Public/Uploads/2017-07-10/59631cd27a54b.jpg
INFO: [ app_init ] --START--
INFO: Run Behavior\BuildLiteBehavior [ RunTime:0.000035s ]
INFO: [ app_init ] --END-- [ RunTime:0.001218s ]
ERR: 无法加载模块:Public

[ 2017-08-14T22:35:11+08:00 ] ::1 /sucai./Public/Uploads/2017-07-10/59631c6151b02.png
INFO: [ app_init ] --START--
INFO: Run Behavior\BuildLiteBehavior [ RunTime:0.000032s ]
INFO: [ app_init ] --END-- [ RunTime:0.000609s ]
ERR: 无法加载模块:Public

[ 2017-08-14T22:35:11+08:00 ] ::1 /sucai./Public/Uploads/2017-07-10/59631c7b2dac1.jpg
INFO: [ app_init ] --START--
INFO: Run Behavior\BuildLiteBehavior [ RunTime:0.000037s ]
INFO: [ app_init ] --END-- [ RunTime:0.003129s ]
ERR: 无法加载模块:Public

[ 2017-08-14T22:35:11+08:00 ] ::1 /sucai./Public/Uploads/2017-07-10/59631d180f645.jpg
INFO: [ app_init ] --START--
INFO: Run Behavior\BuildLiteBehavior [ RunTime:0.000039s ]
INFO: [ app_init ] --END-- [ RunTime:0.005585s ]
ERR: 无法加载模块:Public

[ 2017-08-14T22:35:11+08:00 ] ::1 /sucai./Public/Uploads/2017-07-10/59631c95d8f18.jpg
INFO: [ app_init ] --START--
INFO: Run Behavior\BuildLiteBehavior [ RunTime:0.000040s ]
INFO: [ app_init ] --END-- [ RunTime:0.000788s ]
ERR: 无法加载模块:Public

[ 2017-08-14T22:35:13+08:00 ] ::1 /sucai/Public/Admin/Js/php/controller.php?action=config&&noCache=1502721313836
INFO: [ app_init ] --START--
INFO: Run Behavior\BuildLiteBehavior [ RunTime:0.000019s ]
INFO: [ app_init ] --END-- [ RunTime:0.000385s ]
ERR: 无法加载模块:Public

[ 2017-08-14T22:35:14+08:00 ] ::1 /sucai/Public/Admin/Js/third-party/codemirror/codemirror.css
INFO: [ app_init ] --START--
INFO: Run Behavior\BuildLiteBehavior [ RunTime:0.000034s ]
INFO: [ app_init ] --END-- [ RunTime:0.000948s ]
ERR: 无法加载模块:Public

[ 2017-08-14T22:35:14+08:00 ] ::1 /sucai/Public/Admin/Js/third-party/codemirror/codemirror.js
INFO: [ app_init ] --START--
INFO: Run Behavior\BuildLiteBehavior [ RunTime:0.000029s ]
INFO: [ app_init ] --END-- [ RunTime:0.000517s ]
ERR: 无法加载模块:Public

[ 2017-08-14T22:35:14+08:00 ] ::1 /sucai/Public/Admin/Js/third-party/zeroclipboard/ZeroClipboard.js
INFO: [ app_init ] --START--
INFO: Run Behavior\BuildLiteBehavior [ RunTime:0.000032s ]
INFO: [ app_init ] --END-- [ RunTime:0.000658s ]
ERR: 无法加载模块:Public

[ 2017-08-14T22:36:08+08:00 ] ::1 /sucai/Public/Admin/Js/php/controller.php?action=config&&noCache=1502721368218
INFO: [ app_init ] --START--
INFO: Run Behavior\BuildLiteBehavior [ RunTime:0.000026s ]
INFO: [ app_init ] --END-- [ RunTime:0.000421s ]
ERR: 无法加载模块:Public

[ 2017-08-14T22:36:08+08:00 ] ::1 /sucai/Public/Admin/Js/third-party/codemirror/codemirror.js
INFO: [ app_init ] --START--
INFO: Run Behavior\BuildLiteBehavior [ RunTime:0.000030s ]
INFO: [ app_init ] --END-- [ RunTime:0.000516s ]
ERR: 无法加载模块:Public

[ 2017-08-14T22:36:08+08:00 ] ::1 /sucai/Public/Admin/Js/third-party/codemirror/codemirror.css
INFO: [ app_init ] --START--
INFO: Run Behavior\BuildLiteBehavior [ RunTime:0.000031s ]
INFO: [ app_init ] --END-- [ RunTime:0.000543s ]
ERR: 无法加载模块:Public

[ 2017-08-14T22:36:08+08:00 ] ::1 /sucai/Public/Admin/Js/third-party/zeroclipboard/ZeroClipboard.js
INFO: [ app_init ] --START--
INFO: Run Behavior\BuildLiteBehavior [ RunTime:0.000027s ]
INFO: [ app_init ] --END-- [ RunTime:0.000451s ]
ERR: 无法加载模块:Public

[ 2017-08-14T22:36:10+08:00 ] ::1 /sucai./Public/Uploads/2017-07-10/59631c6151b02.png
INFO: [ app_init ] --START--
INFO: Run Behavior\BuildLiteBehavior [ RunTime:0.000036s ]
INFO: [ app_init ] --END-- [ RunTime:0.000777s ]
ERR: 无法加载模块:Public

[ 2017-08-14T22:36:10+08:00 ] ::1 /sucai./Public/Uploads/2017-07-10/59631d180f645.jpg
INFO: [ app_init ] --START--
INFO: Run Behavior\BuildLiteBehavior [ RunTime:0.000030s ]
INFO: [ app_init ] --END-- [ RunTime:0.000587s ]
ERR: 无法加载模块:Public

[ 2017-08-14T22:36:10+08:00 ] ::1 /sucai./Public/Uploads/2017-07-10/59631cd27a54b.jpg
INFO: [ app_init ] --START--
INFO: Run Behavior\BuildLiteBehavior [ RunTime:0.000032s ]
INFO: [ app_init ] --END-- [ RunTime:0.000574s ]
ERR: 无法加载模块:Public

[ 2017-08-14T22:36:10+08:00 ] ::1 /sucai./Public/Uploads/2017-07-10/59631c95d8f18.jpg
INFO: [ app_init ] --START--
INFO: Run Behavior\BuildLiteBehavior [ RunTime:0.000096s ]
INFO: [ app_init ] --END-- [ RunTime:0.000588s ]
ERR: 无法加载模块:Public

[ 2017-08-14T22:36:10+08:00 ] ::1 /sucai./Public/Uploads/2017-07-10/59631c7b2dac1.jpg
INFO: [ app_init ] --START--
INFO: Run Behavior\BuildLiteBehavior [ RunTime:0.000020s ]
INFO: [ app_init ] --END-- [ RunTime:0.000459s ]
ERR: 无法加载模块:Public

[ 2017-08-14T22:36:10+08:00 ] ::1 /sucai./Public/Uploads/2017-07-10/59631cd27a54b.jpg
INFO: [ app_init ] --START--
INFO: Run Behavior\BuildLiteBehavior [ RunTime:0.000034s ]
INFO: [ app_init ] --END-- [ RunTime:0.000664s ]
ERR: 无法加载模块:Public

[ 2017-08-14T22:36:10+08:00 ] ::1 /sucai./Public/Uploads/2017-07-10/59631c6151b02.png
INFO: [ app_init ] --START--
INFO: Run Behavior\BuildLiteBehavior [ RunTime:0.000038s ]
INFO: [ app_init ] --END-- [ RunTime:0.000675s ]
ERR: 无法加载模块:Public

[ 2017-08-14T22:36:10+08:00 ] ::1 /sucai./Public/Uploads/2017-07-10/59631d180f645.jpg
INFO: [ app_init ] --START--
INFO: Run Behavior\BuildLiteBehavior [ RunTime:0.000038s ]
INFO: [ app_init ] --END-- [ RunTime:0.000636s ]
ERR: 无法加载模块:Public

[ 2017-08-14T22:36:11+08:00 ] ::1 /sucai./Public/Uploads/2017-07-10/59631c6151b02.png
INFO: [ app_init ] --START--
INFO: Run Behavior\BuildLiteBehavior [ RunTime:0.000029s ]
INFO: [ app_init ] --END-- [ RunTime:0.000595s ]
ERR: 无法加载模块:Public

[ 2017-08-14T22:36:11+08:00 ] ::1 /sucai./Public/Uploads/2017-07-10/59631c7b2dac1.jpg
INFO: [ app_init ] --START--
INFO: Run Behavior\BuildLiteBehavior [ RunTime:0.000030s ]
INFO: [ app_init ] --END-- [ RunTime:0.000531s ]
ERR: 无法加载模块:Public

[ 2017-08-14T22:36:11+08:00 ] ::1 /sucai./Public/Uploads/2017-07-10/59631c95d8f18.jpg
INFO: [ app_init ] --START--
INFO: Run Behavior\BuildLiteBehavior [ RunTime:0.000037s ]
INFO: [ app_init ] --END-- [ RunTime:0.000563s ]
ERR: 无法加载模块:Public

[ 2017-08-14T22:36:11+08:00 ] ::1 /sucai./Public/Uploads/2017-07-10/59631cd27a54b.jpg
INFO: [ app_init ] --START--
INFO: Run Behavior\BuildLiteBehavior [ RunTime:0.000028s ]
INFO: [ app_init ] --END-- [ RunTime:0.000540s ]
ERR: 无法加载模块:Public

[ 2017-08-14T22:36:11+08:00 ] ::1 /sucai./Public/Uploads/2017-07-10/59631d180f645.jpg
INFO: [ app_init ] --START--
INFO: Run Behavior\BuildLiteBehavior [ RunTime:0.000020s ]
INFO: [ app_init ] --END-- [ RunTime:0.000377s ]
ERR: 无法加载模块:Public

[ 2017-08-14T22:36:11+08:00 ] ::1 /sucai./Public/Uploads/2017-07-10/59631cd27a54b.jpg
INFO: [ app_init ] --START--
INFO: Run Behavior\BuildLiteBehavior [ RunTime:0.000031s ]
INFO: [ app_init ] --END-- [ RunTime:0.000533s ]
ERR: 无法加载模块:Public

[ 2017-08-14T22:36:11+08:00 ] ::1 /sucai./Public/Uploads/2017-07-10/59631c6151b02.png
INFO: [ app_init ] --START--
INFO: Run Behavior\BuildLiteBehavior [ RunTime:0.000030s ]
INFO: [ app_init ] --END-- [ RunTime:0.000520s ]
ERR: 无法加载模块:Public

[ 2017-08-14T22:36:11+08:00 ] ::1 /sucai./Public/Uploads/2017-07-10/59631c7b2dac1.jpg
INFO: [ app_init ] --START--
INFO: Run Behavior\BuildLiteBehavior [ RunTime:0.000034s ]
INFO: [ app_init ] --END-- [ RunTime:0.000587s ]
ERR: 无法加载模块:Public

[ 2017-08-14T22:36:11+08:00 ] ::1 /sucai./Public/Uploads/2017-07-10/59631c95d8f18.jpg
INFO: [ app_init ] --START--
INFO: Run Behavior\BuildLiteBehavior [ RunTime:0.000019s ]
INFO: [ app_init ] --END-- [ RunTime:0.000394s ]
ERR: 无法加载模块:Public

[ 2017-08-14T22:37:34+08:00 ] ::1 /sucai./Public/Uploads/2017-07-10/59631cd27a54b.jpg
INFO: [ app_init ] --START--
INFO: Run Behavior\BuildLiteBehavior [ RunTime:0.000032s ]
INFO: [ app_init ] --END-- [ RunTime:0.000589s ]
ERR: 无法加载模块:Public

[ 2017-08-14T22:37:34+08:00 ] ::1 /sucai./Public/Uploads/2017-07-10/59631c7b2dac1.jpg
INFO: [ app_init ] --START--
INFO: Run Behavior\BuildLiteBehavior [ RunTime:0.000030s ]
INFO: [ app_init ] --END-- [ RunTime:0.000558s ]
ERR: 无法加载模块:Public

[ 2017-08-14T22:37:34+08:00 ] ::1 /sucai./Public/Uploads/2017-07-10/59631d180f645.jpg
INFO: [ app_init ] --START--
INFO: Run Behavior\BuildLiteBehavior [ RunTime:0.000030s ]
INFO: [ app_init ] --END-- [ RunTime:0.000576s ]
ERR: 无法加载模块:Public

[ 2017-08-14T22:37:34+08:00 ] ::1 /sucai./Public/Uploads/2017-07-10/59631c95d8f18.jpg
INFO: [ app_init ] --START--
INFO: Run Behavior\BuildLiteBehavior [ RunTime:0.000045s ]
INFO: [ app_init ] --END-- [ RunTime:0.000748s ]
ERR: 无法加载模块:Public

[ 2017-08-14T22:37:34+08:00 ] ::1 /sucai./Public/Uploads/2017-07-10/59631c6151b02.png
INFO: [ app_init ] --START--
INFO: Run Behavior\BuildLiteBehavior [ RunTime:0.000021s ]
INFO: [ app_init ] --END-- [ RunTime:0.000401s ]
ERR: 无法加载模块:Public

[ 2017-08-14T22:37:35+08:00 ] ::1 /sucai./Public/Uploads/2017-07-10/59631cd27a54b.jpg
INFO: [ app_init ] --START--
INFO: Run Behavior\BuildLiteBehavior [ RunTime:0.000034s ]
INFO: [ app_init ] --END-- [ RunTime:0.000706s ]
ERR: 无法加载模块:Public

[ 2017-08-14T22:37:37+08:00 ] ::1 /sucai/Public/Admin/Js/php/controller.php?action=config&&noCache=1502721457074
INFO: [ app_init ] --START--
INFO: Run Behavior\BuildLiteBehavior [ RunTime:0.000021s ]
INFO: [ app_init ] --END-- [ RunTime:0.000526s ]
ERR: 无法加载模块:Public

[ 2017-08-14T22:37:37+08:00 ] ::1 /sucai/Public/Admin/Js/third-party/codemirror/codemirror.css
INFO: [ app_init ] --START--
INFO: Run Behavior\BuildLiteBehavior [ RunTime:0.000028s ]
INFO: [ app_init ] --END-- [ RunTime:0.000542s ]
ERR: 无法加载模块:Public

[ 2017-08-14T22:37:37+08:00 ] ::1 /sucai/Public/Admin/Js/third-party/codemirror/codemirror.js
INFO: [ app_init ] --START--
INFO: Run Behavior\BuildLiteBehavior [ RunTime:0.000034s ]
INFO: [ app_init ] --END-- [ RunTime:0.000575s ]
ERR: 无法加载模块:Public

[ 2017-08-14T22:37:37+08:00 ] ::1 /sucai/Public/Admin/Js/third-party/zeroclipboard/ZeroClipboard.js
INFO: [ app_init ] --START--
INFO: Run Behavior\BuildLiteBehavior [ RunTime:0.000031s ]
INFO: [ app_init ] --END-- [ RunTime:0.000545s ]
ERR: 无法加载模块:Public

[ 2017-08-14T22:37:43+08:00 ] ::1 /sucai./Public/Uploads/2017-07-10/59631cd27a54b.jpg
INFO: [ app_init ] --START--
INFO: Run Behavior\BuildLiteBehavior [ RunTime:0.000046s ]
INFO: [ app_init ] --END-- [ RunTime:0.000600s ]
ERR: 无法加载模块:Public

[ 2017-08-14T22:37:43+08:00 ] ::1 /sucai./Public/Uploads/2017-07-10/59631c95d8f18.jpg
INFO: [ app_init ] --START--
INFO: Run Behavior\BuildLiteBehavior [ RunTime:0.000031s ]
INFO: [ app_init ] --END-- [ RunTime:0.000574s ]
ERR: 无法加载模块:Public

[ 2017-08-14T22:37:43+08:00 ] ::1 /sucai./Public/Uploads/2017-07-10/59631c7b2dac1.jpg
INFO: [ app_init ] --START--
INFO: Run Behavior\BuildLiteBehavior [ RunTime:0.000030s ]
INFO: [ app_init ] --END-- [ RunTime:0.000600s ]
ERR: 无法加载模块:Public

[ 2017-08-14T22:37:43+08:00 ] ::1 /sucai./Public/Uploads/2017-07-10/59631c6151b02.png
INFO: [ app_init ] --START--
INFO: Run Behavior\BuildLiteBehavior [ RunTime:0.000031s ]
INFO: [ app_init ] --END-- [ RunTime:0.000659s ]
ERR: 无法加载模块:Public

[ 2017-08-14T22:37:43+08:00 ] ::1 /sucai./Public/Uploads/2017-07-10/59631d180f645.jpg
INFO: [ app_init ] --START--
INFO: Run Behavior\BuildLiteBehavior [ RunTime:0.000034s ]
INFO: [ app_init ] --END-- [ RunTime:0.000765s ]
ERR: 无法加载模块:Public

[ 2017-08-14T22:37:45+08:00 ] ::1 /sucai/Public/Uploads/2017-07-10/59631cd27a54b.jpg
INFO: [ app_init ] --START--
INFO: Run Behavior\BuildLiteBehavior [ RunTime:0.000020s ]
INFO: [ app_init ] --END-- [ RunTime:0.000427s ]
ERR: 无法加载模块:Public

[ 2017-08-14T22:37:45+08:00 ] ::1 /sucai/Public/Uploads/2017-07-10/59631cd27a54b.jpg
INFO: [ app_init ] --START--
INFO: Run Behavior\BuildLiteBehavior [ RunTime:0.000019s ]
INFO: [ app_init ] --END-- [ RunTime:0.000379s ]
ERR: 无法加载模块:Public

[ 2017-08-14T22:37:45+08:00 ] ::1 /sucai/Public/Admin/Js/php/controller.php?action=config&&noCache=1502721465591
INFO: [ app_init ] --START--
INFO: Run Behavior\BuildLiteBehavior [ RunTime:0.000027s ]
INFO: [ app_init ] --END-- [ RunTime:0.000710s ]
ERR: 无法加载模块:Public

[ 2017-08-14T22:37:45+08:00 ] ::1 /sucai/Public/Admin/Js/third-party/codemirror/codemirror.css
INFO: [ app_init ] --START--
INFO: Run Behavior\BuildLiteBehavior [ RunTime:0.000031s ]
INFO: [ app_init ] --END-- [ RunTime:0.000542s ]
ERR: 无法加载模块:Public

[ 2017-08-14T22:37:45+08:00 ] ::1 /sucai/Public/Admin/Js/third-party/codemirror/codemirror.js
INFO: [ app_init ] --START--
INFO: Run Behavior\BuildLiteBehavior [ RunTime:0.000027s ]
INFO: [ app_init ] --END-- [ RunTime:0.000513s ]
ERR: 无法加载模块:Public

[ 2017-08-14T22:37:45+08:00 ] ::1 /sucai/Public/Admin/Js/third-party/zeroclipboard/ZeroClipboard.js
INFO: [ app_init ] --START--
INFO: Run Behavior\BuildLiteBehavior [ RunTime:0.000019s ]
INFO: [ app_init ] --END-- [ RunTime:0.000474s ]
ERR: 无法加载模块:Public

[ 2017-08-14T22:37:51+08:00 ] ::1 /sucai./Public/Uploads/2017-07-10/59631cd27a54b.jpg
INFO: [ app_init ] --START--
INFO: Run Behavior\BuildLiteBehavior [ RunTime:0.000032s ]
INFO: [ app_init ] --END-- [ RunTime:0.000548s ]
ERR: 无法加载模块:Public

[ 2017-08-14T22:37:51+08:00 ] ::1 /sucai./Public/Uploads/2017-07-10/59631c6151b02.png
INFO: [ app_init ] --START--
INFO: Run Behavior\BuildLiteBehavior [ RunTime:0.000032s ]
INFO: [ app_init ] --END-- [ RunTime:0.000578s ]
ERR: 无法加载模块:Public

[ 2017-08-14T22:37:51+08:00 ] ::1 /sucai./Public/Uploads/2017-07-10/59631d180f645.jpg
INFO: [ app_init ] --START--
INFO: Run Behavior\BuildLiteBehavior [ RunTime:0.000033s ]
INFO: [ app_init ] --END-- [ RunTime:0.000524s ]
ERR: 无法加载模块:Public

[ 2017-08-14T22:37:51+08:00 ] ::1 /sucai./Public/Uploads/2017-07-10/59631c7b2dac1.jpg
INFO: [ app_init ] --START--
INFO: Run Behavior\BuildLiteBehavior [ RunTime:0.000030s ]
INFO: [ app_init ] --END-- [ RunTime:0.000538s ]
ERR: 无法加载模块:Public

[ 2017-08-14T22:37:51+08:00 ] ::1 /sucai./Public/Uploads/2017-07-10/59631c95d8f18.jpg
INFO: [ app_init ] --START--
INFO: Run Behavior\BuildLiteBehavior [ RunTime:0.000046s ]
INFO: [ app_init ] --END-- [ RunTime:0.001603s ]
ERR: 无法加载模块:Public

[ 2017-08-14T22:37:51+08:00 ] ::1 /sucai./Public/Uploads/2017-07-10/59631cd27a54b.jpg
INFO: [ app_init ] --START--
INFO: Run Behavior\BuildLiteBehavior [ RunTime:0.000020s ]
INFO: [ app_init ] --END-- [ RunTime:0.000413s ]
ERR: 无法加载模块:Public

[ 2017-08-14T22:37:56+08:00 ] ::1 /sucai/Public/Uploads/2017-07-10/59631c7b2dac1.jpg
INFO: [ app_init ] --START--
INFO: Run Behavior\BuildLiteBehavior [ RunTime:0.000031s ]
INFO: [ app_init ] --END-- [ RunTime:0.000596s ]
ERR: 无法加载模块:Public

[ 2017-08-14T22:37:57+08:00 ] ::1 /sucai/Public/Uploads/2017-07-10/59631c7b2dac1.jpg
INFO: [ app_init ] --START--
INFO: Run Behavior\BuildLiteBehavior [ RunTime:0.000019s ]
INFO: [ app_init ] --END-- [ RunTime:0.000385s ]
ERR: 无法加载模块:Public

[ 2017-08-14T22:37:57+08:00 ] ::1 /sucai/Public/Admin/Js/php/controller.php?action=config&&noCache=1502721477051
INFO: [ app_init ] --START--
INFO: Run Behavior\BuildLiteBehavior [ RunTime:0.000022s ]
INFO: [ app_init ] --END-- [ RunTime:0.000461s ]
ERR: 无法加载模块:Public

[ 2017-08-14T22:37:57+08:00 ] ::1 /sucai/Public/Admin/Js/third-party/codemirror/codemirror.css
INFO: [ app_init ] --START--
INFO: Run Behavior\BuildLiteBehavior [ RunTime:0.000031s ]
INFO: [ app_init ] --END-- [ RunTime:0.000556s ]
ERR: 无法加载模块:Public

[ 2017-08-14T22:37:57+08:00 ] ::1 /sucai/Public/Admin/Js/third-party/codemirror/codemirror.js
INFO: [ app_init ] --START--
INFO: Run Behavior\BuildLiteBehavior [ RunTime:0.000024s ]
INFO: [ app_init ] --END-- [ RunTime:0.000390s ]
ERR: 无法加载模块:Public

[ 2017-08-14T22:37:57+08:00 ] ::1 /sucai/Public/Admin/Js/third-party/zeroclipboard/ZeroClipboard.js
INFO: [ app_init ] --START--
INFO: Run Behavior\BuildLiteBehavior [ RunTime:0.000038s ]
INFO: [ app_init ] --END-- [ RunTime:0.000846s ]
ERR: 无法加载模块:Public

[ 2017-08-14T22:38:02+08:00 ] ::1 /sucai./Public/Uploads/2017-07-10/59631cd27a54b.jpg
INFO: [ app_init ] --START--
INFO: Run Behavior\BuildLiteBehavior [ RunTime:0.000031s ]
INFO: [ app_init ] --END-- [ RunTime:0.000611s ]
ERR: 无法加载模块:Public

[ 2017-08-14T22:38:02+08:00 ] ::1 /sucai./Public/Uploads/2017-07-10/59631c6151b02.png
INFO: [ app_init ] --START--
INFO: Run Behavior\BuildLiteBehavior [ RunTime:0.000030s ]
INFO: [ app_init ] --END-- [ RunTime:0.000529s ]
ERR: 无法加载模块:Public

[ 2017-08-14T22:38:02+08:00 ] ::1 /sucai./Public/Uploads/2017-07-10/59631c95d8f18.jpg
INFO: [ app_init ] --START--
INFO: Run Behavior\BuildLiteBehavior [ RunTime:0.000030s ]
INFO: [ app_init ] --END-- [ RunTime:0.000528s ]
ERR: 无法加载模块:Public

[ 2017-08-14T22:38:02+08:00 ] ::1 /sucai./Public/Uploads/2017-07-10/59631d180f645.jpg
INFO: [ app_init ] --START--
INFO: Run Behavior\BuildLiteBehavior [ RunTime:0.000033s ]
INFO: [ app_init ] --END-- [ RunTime:0.000647s ]
ERR: 无法加载模块:Public

[ 2017-08-14T22:38:02+08:00 ] ::1 /sucai./Public/Uploads/2017-07-10/59631c7b2dac1.jpg
INFO: [ app_init ] --START--
INFO: Run Behavior\BuildLiteBehavior [ RunTime:0.000031s ]
INFO: [ app_init ] --END-- [ RunTime:0.000849s ]
ERR: 无法加载模块:Public

[ 2017-08-14T22:38:02+08:00 ] ::1 /sucai./Public/Uploads/2017-07-10/59631d180f645.jpg
INFO: [ app_init ] --START--
INFO: Run Behavior\BuildLiteBehavior [ RunTime:0.000025s ]
INFO: [ app_init ] --END-- [ RunTime:0.000559s ]
ERR: 无法加载模块:Public

[ 2017-08-14T22:38:02+08:00 ] ::1 /sucai./Public/Uploads/2017-07-10/59631c6151b02.png
INFO: [ app_init ] --START--
INFO: Run Behavior\BuildLiteBehavior [ RunTime:0.000030s ]
INFO: [ app_init ] --END-- [ RunTime:0.000540s ]
ERR: 无法加载模块:Public

[ 2017-08-14T22:38:02+08:00 ] ::1 /sucai./Public/Uploads/2017-07-10/59631c95d8f18.jpg
INFO: [ app_init ] --START--
INFO: Run Behavior\BuildLiteBehavior [ RunTime:0.000035s ]
INFO: [ app_init ] --END-- [ RunTime:0.000565s ]
ERR: 无法加载模块:Public

[ 2017-08-14T22:38:02+08:00 ] ::1 /sucai./Public/Uploads/2017-07-10/59631cd27a54b.jpg
INFO: [ app_init ] --START--
INFO: Run Behavior\BuildLiteBehavior [ RunTime:0.000033s ]
INFO: [ app_init ] --END-- [ RunTime:0.000767s ]
ERR: 无法加载模块:Public

[ 2017-08-14T22:38:10+08:00 ] ::1 /sucai/Public/Uploads/2017-07-10/59631c95d8f18.jpg
INFO: [ app_init ] --START--
INFO: Run Behavior\BuildLiteBehavior [ RunTime:0.000032s ]
INFO: [ app_init ] --END-- [ RunTime:0.000585s ]
ERR: 无法加载模块:Public

[ 2017-08-14T22:38:10+08:00 ] ::1 /sucai/Public/Uploads/2017-07-10/59631c95d8f18.jpg
INFO: [ app_init ] --START--
INFO: Run Behavior\BuildLiteBehavior [ RunTime:0.000031s ]
INFO: [ app_init ] --END-- [ RunTime:0.000486s ]
ERR: 无法加载模块:Public

[ 2017-08-14T22:38:11+08:00 ] ::1 /sucai/Public/Admin/Js/php/controller.php?action=config&&noCache=1502721490985
INFO: [ app_init ] --START--
INFO: Run Behavior\BuildLiteBehavior [ RunTime:0.000019s ]
INFO: [ app_init ] --END-- [ RunTime:0.000393s ]
ERR: 无法加载模块:Public

[ 2017-08-14T22:38:11+08:00 ] ::1 /sucai/Public/Admin/Js/third-party/codemirror/codemirror.js
INFO: [ app_init ] --START--
INFO: Run Behavior\BuildLiteBehavior [ RunTime:0.000029s ]
INFO: [ app_init ] --END-- [ RunTime:0.000552s ]
ERR: 无法加载模块:Public

[ 2017-08-14T22:38:11+08:00 ] ::1 /sucai/Public/Admin/Js/third-party/codemirror/codemirror.css
INFO: [ app_init ] --START--
INFO: Run Behavior\BuildLiteBehavior [ RunTime:0.000029s ]
INFO: [ app_init ] --END-- [ RunTime:0.000572s ]
ERR: 无法加载模块:Public

[ 2017-08-14T22:38:11+08:00 ] ::1 /sucai/Public/Admin/Js/third-party/zeroclipboard/ZeroClipboard.js
INFO: [ app_init ] --START--
INFO: Run Behavior\BuildLiteBehavior [ RunTime:0.000021s ]
INFO: [ app_init ] --END-- [ RunTime:0.000461s ]
ERR: 无法加载模块:Public

[ 2017-08-14T22:38:17+08:00 ] ::1 /sucai./Public/Uploads/2017-07-10/59631c6151b02.png
INFO: [ app_init ] --START--
INFO: Run Behavior\BuildLiteBehavior [ RunTime:0.000032s ]
INFO: [ app_init ] --END-- [ RunTime:0.000578s ]
ERR: 无法加载模块:Public

[ 2017-08-14T22:38:17+08:00 ] ::1 /sucai./Public/Uploads/2017-07-10/59631cd27a54b.jpg
INFO: [ app_init ] --START--
INFO: Run Behavior\BuildLiteBehavior [ RunTime:0.000029s ]
INFO: [ app_init ] --END-- [ RunTime:0.000548s ]
ERR: 无法加载模块:Public

[ 2017-08-14T22:38:17+08:00 ] ::1 /sucai./Public/Uploads/2017-07-10/59631d180f645.jpg
INFO: [ app_init ] --START--
INFO: Run Behavior\BuildLiteBehavior [ RunTime:0.000031s ]
INFO: [ app_init ] --END-- [ RunTime:0.001045s ]
ERR: 无法加载模块:Public

[ 2017-08-14T22:38:17+08:00 ] ::1 /sucai./Public/Uploads/2017-07-10/59631c95d8f18.jpg
INFO: [ app_init ] --START--
INFO: Run Behavior\BuildLiteBehavior [ RunTime:0.000031s ]
INFO: [ app_init ] --END-- [ RunTime:0.000735s ]
ERR: 无法加载模块:Public

[ 2017-08-14T22:38:17+08:00 ] ::1 /sucai./Public/Uploads/2017-07-10/59631c7b2dac1.jpg
INFO: [ app_init ] --START--
INFO: Run Behavior\BuildLiteBehavior [ RunTime:0.000031s ]
INFO: [ app_init ] --END-- [ RunTime:0.000677s ]
ERR: 无法加载模块:Public

[ 2017-08-14T22:38:17+08:00 ] ::1 /sucai./Public/Uploads/2017-07-10/59631cd27a54b.jpg
INFO: [ app_init ] --START--
INFO: Run Behavior\BuildLiteBehavior [ RunTime:0.000032s ]
INFO: [ app_init ] --END-- [ RunTime:0.001056s ]
ERR: 无法加载模块:Public

[ 2017-08-14T22:38:17+08:00 ] ::1 /sucai./Public/Uploads/2017-07-10/59631c6151b02.png
INFO: [ app_init ] --START--
INFO: Run Behavior\BuildLiteBehavior [ RunTime:0.000033s ]
INFO: [ app_init ] --END-- [ RunTime:0.000966s ]
ERR: 无法加载模块:Public

[ 2017-08-14T22:38:17+08:00 ] ::1 /sucai./Public/Uploads/2017-07-10/59631d180f645.jpg
INFO: [ app_init ] --START--
INFO: Run Behavior\BuildLiteBehavior [ RunTime:0.000034s ]
INFO: [ app_init ] --END-- [ RunTime:0.000881s ]
ERR: 无法加载模块:Public

[ 2017-08-14T22:38:17+08:00 ] ::1 /sucai./Public/Uploads/2017-07-10/59631c7b2dac1.jpg
INFO: [ app_init ] --START--
INFO: Run Behavior\BuildLiteBehavior [ RunTime:0.000068s ]
INFO: [ app_init ] --END-- [ RunTime:0.003632s ]
ERR: 无法加载模块:Public

[ 2017-08-14T22:38:17+08:00 ] ::1 /sucai./Public/Uploads/2017-07-10/59631c95d8f18.jpg
INFO: [ app_init ] --START--
INFO: Run Behavior\BuildLiteBehavior [ RunTime:0.000029s ]
INFO: [ app_init ] --END-- [ RunTime:0.000562s ]
ERR: 无法加载模块:Public

[ 2017-08-14T22:38:25+08:00 ] ::1 /sucai/Public/Uploads/2017-07-10/59631c6151b02.png
INFO: [ app_init ] --START--
INFO: Run Behavior\BuildLiteBehavior [ RunTime:0.000094s ]
INFO: [ app_init ] --END-- [ RunTime:0.000848s ]
ERR: 无法加载模块:Public

[ 2017-08-14T22:38:25+08:00 ] ::1 /sucai/Public/Admin/Js/php/controller.php?action=config&&noCache=1502721505774
INFO: [ app_init ] --START--
INFO: Run Behavior\BuildLiteBehavior [ RunTime:0.000030s ]
INFO: [ app_init ] --END-- [ RunTime:0.000597s ]
ERR: 无法加载模块:Public

[ 2017-08-14T22:38:25+08:00 ] ::1 /sucai/Public/Admin/Js/third-party/codemirror/codemirror.css
INFO: [ app_init ] --START--
INFO: Run Behavior\BuildLiteBehavior [ RunTime:0.000020s ]
INFO: [ app_init ] --END-- [ RunTime:0.000373s ]
ERR: 无法加载模块:Public

[ 2017-08-14T22:38:25+08:00 ] ::1 /sucai/Public/Admin/Js/third-party/codemirror/codemirror.js
INFO: [ app_init ] --START--
INFO: Run Behavior\BuildLiteBehavior [ RunTime:0.000034s ]
INFO: [ app_init ] --END-- [ RunTime:0.000524s ]
ERR: 无法加载模块:Public

[ 2017-08-14T22:38:25+08:00 ] ::1 /sucai/Public/Admin/Js/third-party/zeroclipboard/ZeroClipboard.js
INFO: [ app_init ] --START--
INFO: Run Behavior\BuildLiteBehavior [ RunTime:0.000022s ]
INFO: [ app_init ] --END-- [ RunTime:0.000498s ]
ERR: 无法加载模块:Public

[ 2017-08-14T22:38:31+08:00 ] ::1 /sucai./Public/Uploads/2017-07-10/59631cd27a54b.jpg
INFO: [ app_init ] --START--
INFO: Run Behavior\BuildLiteBehavior [ RunTime:0.000030s ]
INFO: [ app_init ] --END-- [ RunTime:0.000560s ]
ERR: 无法加载模块:Public

[ 2017-08-14T22:38:31+08:00 ] ::1 /sucai./Public/Uploads/2017-07-10/59631c95d8f18.jpg
INFO: [ app_init ] --START--
INFO: Run Behavior\BuildLiteBehavior [ RunTime:0.000032s ]
INFO: [ app_init ] --END-- [ RunTime:0.002354s ]
ERR: 无法加载模块:Public

[ 2017-08-14T22:38:31+08:00 ] ::1 /sucai./Public/Uploads/2017-07-10/59631c7b2dac1.jpg
INFO: [ app_init ] --START--
INFO: Run Behavior\BuildLiteBehavior [ RunTime:0.000029s ]
INFO: [ app_init ] --END-- [ RunTime:0.001958s ]
ERR: 无法加载模块:Public

[ 2017-08-14T22:38:31+08:00 ] ::1 /sucai./Public/Uploads/2017-07-10/59631d180f645.jpg
INFO: [ app_init ] --START--
INFO: Run Behavior\BuildLiteBehavior [ RunTime:0.000035s ]
INFO: [ app_init ] --END-- [ RunTime:0.000750s ]
ERR: 无法加载模块:Public

[ 2017-08-14T22:38:31+08:00 ] ::1 /sucai./Public/Uploads/2017-07-10/59631c6151b02.png
INFO: [ app_init ] --START--
INFO: Run Behavior\BuildLiteBehavior [ RunTime:0.000031s ]
INFO: [ app_init ] --END-- [ RunTime:0.009782s ]
ERR: 无法加载模块:Public

