[ 2017-10-24T10:47:59+08:00 ] 127.0.0.1 /sucai/Public/Admin/Js/php/controller.php?action=config&&noCache=1508813279456
INFO: [ app_init ] --START--
INFO: Run Behavior\BuildLiteBehavior [ RunTime:0.000032s ]
INFO: [ app_init ] --END-- [ RunTime:0.000713s ]
ERR: 无法加载模块:Public

[ 2017-10-24T10:47:59+08:00 ] 127.0.0.1 /sucai/Public/Admin/Js/third-party/codemirror/codemirror.js
INFO: [ app_init ] --START--
INFO: Run Behavior\BuildLiteBehavior [ RunTime:0.000081s ]
INFO: [ app_init ] --END-- [ RunTime:0.002302s ]
ERR: 无法加载模块:Public

[ 2017-10-24T10:47:59+08:00 ] 127.0.0.1 /sucai/Public/Admin/Js/third-party/codemirror/codemirror.css
INFO: [ app_init ] --START--
INFO: Run Behavior\BuildLiteBehavior [ RunTime:0.000037s ]
INFO: [ app_init ] --END-- [ RunTime:0.000860s ]
ERR: 无法加载模块:Public

[ 2017-10-24T10:47:59+08:00 ] 127.0.0.1 /sucai/Public/Admin/Js/third-party/zeroclipboard/ZeroClipboard.js
INFO: [ app_init ] --START--
INFO: Run Behavior\BuildLiteBehavior [ RunTime:0.000030s ]
INFO: [ app_init ] --END-- [ RunTime:0.000524s ]
ERR: 无法加载模块:Public

[ 2017-10-24T10:52:59+08:00 ] 127.0.0.1 /sucai/Public/Admin/Js/php/controller.php?action=config&&noCache=1508813579655
INFO: [ app_init ] --START--
INFO: Run Behavior\BuildLiteBehavior [ RunTime:0.000020s ]
INFO: [ app_init ] --END-- [ RunTime:0.000448s ]
ERR: 无法加载模块:Public

[ 2017-10-24T10:52:59+08:00 ] 127.0.0.1 /sucai/Public/Admin/Js/third-party/codemirror/codemirror.js
INFO: [ app_init ] --START--
INFO: Run Behavior\BuildLiteBehavior [ RunTime:0.000033s ]
INFO: [ app_init ] --END-- [ RunTime:0.000547s ]
ERR: 无法加载模块:Public

[ 2017-10-24T10:52:59+08:00 ] 127.0.0.1 /sucai/Public/Admin/Js/third-party/codemirror/codemirror.css
INFO: [ app_init ] --START--
INFO: Run Behavior\BuildLiteBehavior [ RunTime:0.000031s ]
INFO: [ app_init ] --END-- [ RunTime:0.000573s ]
ERR: 无法加载模块:Public

[ 2017-10-24T10:52:59+08:00 ] 127.0.0.1 /sucai/Public/Admin/Js/third-party/zeroclipboard/ZeroClipboard.js
INFO: [ app_init ] --START--
INFO: Run Behavior\BuildLiteBehavior [ RunTime:0.000056s ]
INFO: [ app_init ] --END-- [ RunTime:0.000690s ]
ERR: 无法加载模块:Public

[ 2017-10-24T10:53:00+08:00 ] 127.0.0.1 /sucai/Public/Admin/Js/php/controller.php?action=config&&noCache=1508813580351
INFO: [ app_init ] --START--
INFO: Run Behavior\BuildLiteBehavior [ RunTime:0.000036s ]
INFO: [ app_init ] --END-- [ RunTime:0.002528s ]
ERR: 无法加载模块:Public

[ 2017-10-24T10:53:00+08:00 ] 127.0.0.1 /sucai/Public/Admin/Js/third-party/codemirror/codemirror.js
INFO: [ app_init ] --START--
INFO: Run Behavior\BuildLiteBehavior [ RunTime:0.000030s ]
INFO: [ app_init ] --END-- [ RunTime:0.000618s ]
ERR: 无法加载模块:Public

[ 2017-10-24T10:53:00+08:00 ] 127.0.0.1 /sucai/Public/Admin/Js/third-party/zeroclipboard/ZeroClipboard.js
INFO: [ app_init ] --START--
INFO: Run Behavior\BuildLiteBehavior [ RunTime:0.000031s ]
INFO: [ app_init ] --END-- [ RunTime:0.000616s ]
ERR: 无法加载模块:Public

[ 2017-10-24T10:53:00+08:00 ] 127.0.0.1 /sucai/Public/Admin/Js/third-party/codemirror/codemirror.css
INFO: [ app_init ] --START--
INFO: Run Behavior\BuildLiteBehavior [ RunTime:0.000019s ]
INFO: [ app_init ] --END-- [ RunTime:0.000412s ]
ERR: 无法加载模块:Public

[ 2017-10-24T10:53:01+08:00 ] 127.0.0.1 /sucai/Public/Admin/Js/php/controller.php?action=config&&noCache=1508813581928
INFO: [ app_init ] --START--
INFO: Run Behavior\BuildLiteBehavior [ RunTime:0.000020s ]
INFO: [ app_init ] --END-- [ RunTime:0.000413s ]
ERR: 无法加载模块:Public

[ 2017-10-24T10:53:02+08:00 ] 127.0.0.1 /sucai/Public/Admin/Js/third-party/codemirror/codemirror.js
INFO: [ app_init ] --START--
INFO: Run Behavior\BuildLiteBehavior [ RunTime:0.000034s ]
INFO: [ app_init ] --END-- [ RunTime:0.000611s ]
ERR: 无法加载模块:Public

[ 2017-10-24T10:53:02+08:00 ] 127.0.0.1 /sucai/Public/Admin/Js/third-party/zeroclipboard/ZeroClipboard.js
INFO: [ app_init ] --START--
INFO: Run Behavior\BuildLiteBehavior [ RunTime:0.000033s ]
INFO: [ app_init ] --END-- [ RunTime:0.000584s ]
ERR: 无法加载模块:Public

[ 2017-10-24T10:53:02+08:00 ] 127.0.0.1 /sucai/Public/Admin/Js/third-party/codemirror/codemirror.css
INFO: [ app_init ] --START--
INFO: Run Behavior\BuildLiteBehavior [ RunTime:0.000037s ]
INFO: [ app_init ] --END-- [ RunTime:0.000605s ]
ERR: 无法加载模块:Public

[ 2017-10-24T10:53:32+08:00 ] 127.0.0.1 /sucai/Public/Admin/Js/php/controller.php?action=config&&noCache=1508813612422
INFO: [ app_init ] --START--
INFO: Run Behavior\BuildLiteBehavior [ RunTime:0.000032s ]
INFO: [ app_init ] --END-- [ RunTime:0.000707s ]
ERR: 无法加载模块:Public

[ 2017-10-24T10:53:32+08:00 ] 127.0.0.1 /sucai/Public/Admin/Js/third-party/codemirror/codemirror.js
INFO: [ app_init ] --START--
INFO: Run Behavior\BuildLiteBehavior [ RunTime:0.000031s ]
INFO: [ app_init ] --END-- [ RunTime:0.000533s ]
ERR: 无法加载模块:Public

[ 2017-10-24T10:53:32+08:00 ] 127.0.0.1 /sucai/Public/Admin/Js/third-party/codemirror/codemirror.css
INFO: [ app_init ] --START--
INFO: Run Behavior\BuildLiteBehavior [ RunTime:0.000027s ]
INFO: [ app_init ] --END-- [ RunTime:0.000506s ]
ERR: 无法加载模块:Public

[ 2017-10-24T10:53:32+08:00 ] 127.0.0.1 /sucai/Public/Admin/Js/third-party/zeroclipboard/ZeroClipboard.js
INFO: [ app_init ] --START--
INFO: Run Behavior\BuildLiteBehavior [ RunTime:0.000032s ]
INFO: [ app_init ] --END-- [ RunTime:0.000598s ]
ERR: 无法加载模块:Public

[ 2017-10-24T10:54:00+08:00 ] 127.0.0.1 /sucai/Public/Admin/Js/php/controller.php?action=config&&noCache=1508813640757
INFO: [ app_init ] --START--
INFO: Run Behavior\BuildLiteBehavior [ RunTime:0.000034s ]
INFO: [ app_init ] --END-- [ RunTime:0.000682s ]
ERR: 无法加载模块:Public

[ 2017-10-24T10:54:00+08:00 ] 127.0.0.1 /sucai/Public/Admin/Js/third-party/zeroclipboard/ZeroClipboard.js
INFO: [ app_init ] --START--
INFO: Run Behavior\BuildLiteBehavior [ RunTime:0.000021s ]
INFO: [ app_init ] --END-- [ RunTime:0.000481s ]
ERR: 无法加载模块:Public

[ 2017-10-24T10:54:00+08:00 ] 127.0.0.1 /sucai/Public/Admin/Js/third-party/codemirror/codemirror.css
INFO: [ app_init ] --START--
INFO: Run Behavior\BuildLiteBehavior [ RunTime:0.000019s ]
INFO: [ app_init ] --END-- [ RunTime:0.000370s ]
ERR: 无法加载模块:Public

[ 2017-10-24T10:54:00+08:00 ] 127.0.0.1 /sucai/Public/Admin/Js/third-party/codemirror/codemirror.js
INFO: [ app_init ] --START--
INFO: Run Behavior\BuildLiteBehavior [ RunTime:0.000024s ]
INFO: [ app_init ] --END-- [ RunTime:0.000390s ]
ERR: 无法加载模块:Public

[ 2017-10-24T10:55:32+08:00 ] 127.0.0.1 /sucai/Public/Admin/Js/php/controller.php?action=config&&noCache=1508813732536
INFO: [ app_init ] --START--
INFO: Run Behavior\BuildLiteBehavior [ RunTime:0.000019s ]
INFO: [ app_init ] --END-- [ RunTime:0.000422s ]
ERR: 无法加载模块:Public

[ 2017-10-24T10:55:32+08:00 ] 127.0.0.1 /sucai/Public/Admin/Js/third-party/codemirror/codemirror.js
INFO: [ app_init ] --START--
INFO: Run Behavior\BuildLiteBehavior [ RunTime:0.000033s ]
INFO: [ app_init ] --END-- [ RunTime:0.000537s ]
ERR: 无法加载模块:Public

[ 2017-10-24T10:55:32+08:00 ] 127.0.0.1 /sucai/Public/Admin/Js/third-party/codemirror/codemirror.css
INFO: [ app_init ] --START--
INFO: Run Behavior\BuildLiteBehavior [ RunTime:0.000027s ]
INFO: [ app_init ] --END-- [ RunTime:0.000420s ]
ERR: 无法加载模块:Public

[ 2017-10-24T10:55:32+08:00 ] 127.0.0.1 /sucai/Public/Admin/Js/third-party/zeroclipboard/ZeroClipboard.js
INFO: [ app_init ] --START--
INFO: Run Behavior\BuildLiteBehavior [ RunTime:0.000031s ]
INFO: [ app_init ] --END-- [ RunTime:0.000615s ]
ERR: 无法加载模块:Public

[ 2017-10-24T10:55:33+08:00 ] 127.0.0.1 /sucai/Public/Admin/Js/php/controller.php?action=config&&noCache=1508813733155
INFO: [ app_init ] --START--
INFO: Run Behavior\BuildLiteBehavior [ RunTime:0.000020s ]
INFO: [ app_init ] --END-- [ RunTime:0.000384s ]
ERR: 无法加载模块:Public

[ 2017-10-24T10:55:33+08:00 ] 127.0.0.1 /sucai/Public/Admin/Js/third-party/codemirror/codemirror.js
INFO: [ app_init ] --START--
INFO: Run Behavior\BuildLiteBehavior [ RunTime:0.000020s ]
INFO: [ app_init ] --END-- [ RunTime:0.000378s ]
ERR: 无法加载模块:Public

[ 2017-10-24T10:55:33+08:00 ] 127.0.0.1 /sucai/Public/Admin/Js/third-party/codemirror/codemirror.css
INFO: [ app_init ] --START--
INFO: Run Behavior\BuildLiteBehavior [ RunTime:0.000035s ]
INFO: [ app_init ] --END-- [ RunTime:0.000536s ]
ERR: 无法加载模块:Public

[ 2017-10-24T10:55:33+08:00 ] 127.0.0.1 /sucai/Public/Admin/Js/third-party/zeroclipboard/ZeroClipboard.js
INFO: [ app_init ] --START--
INFO: Run Behavior\BuildLiteBehavior [ RunTime:0.000034s ]
INFO: [ app_init ] --END-- [ RunTime:0.000509s ]
ERR: 无法加载模块:Public

[ 2017-10-24T10:58:08+08:00 ] 127.0.0.1 /sucai/Public/Admin/Js/php/controller.php?action=config&&noCache=1508813888082
INFO: [ app_init ] --START--
INFO: Run Behavior\BuildLiteBehavior [ RunTime:0.000030s ]
INFO: [ app_init ] --END-- [ RunTime:0.000689s ]
ERR: 无法加载模块:Public

[ 2017-10-24T10:58:08+08:00 ] 127.0.0.1 /sucai/Public/Admin/Js/third-party/codemirror/codemirror.js
INFO: [ app_init ] --START--
INFO: Run Behavior\BuildLiteBehavior [ RunTime:0.000040s ]
INFO: [ app_init ] --END-- [ RunTime:0.000601s ]
ERR: 无法加载模块:Public

[ 2017-10-24T10:58:08+08:00 ] 127.0.0.1 /sucai/Public/Admin/Js/third-party/codemirror/codemirror.css
INFO: [ app_init ] --START--
INFO: Run Behavior\BuildLiteBehavior [ RunTime:0.000024s ]
INFO: [ app_init ] --END-- [ RunTime:0.000492s ]
ERR: 无法加载模块:Public

[ 2017-10-24T10:58:08+08:00 ] 127.0.0.1 /sucai/Public/Admin/Js/third-party/zeroclipboard/ZeroClipboard.js
INFO: [ app_init ] --START--
INFO: Run Behavior\BuildLiteBehavior [ RunTime:0.000025s ]
INFO: [ app_init ] --END-- [ RunTime:0.001067s ]
ERR: 无法加载模块:Public

[ 2017-10-24T11:10:21+08:00 ] 127.0.0.1 /sucai/Public/Admin/Js/php/controller.php?action=config&&noCache=1508814621140
INFO: [ app_init ] --START--
INFO: Run Behavior\BuildLiteBehavior [ RunTime:0.000020s ]
INFO: [ app_init ] --END-- [ RunTime:0.000456s ]
ERR: 无法加载模块:Public

[ 2017-10-24T11:10:21+08:00 ] 127.0.0.1 /sucai/Public/Admin/Js/third-party/codemirror/codemirror.js
INFO: [ app_init ] --START--
INFO: Run Behavior\BuildLiteBehavior [ RunTime:0.000034s ]
INFO: [ app_init ] --END-- [ RunTime:0.000578s ]
ERR: 无法加载模块:Public

[ 2017-10-24T11:10:21+08:00 ] 127.0.0.1 /sucai/Public/Admin/Js/third-party/codemirror/codemirror.css
INFO: [ app_init ] --START--
INFO: Run Behavior\BuildLiteBehavior [ RunTime:0.000031s ]
INFO: [ app_init ] --END-- [ RunTime:0.000565s ]
ERR: 无法加载模块:Public

[ 2017-10-24T11:10:21+08:00 ] 127.0.0.1 /sucai/Public/Admin/Js/third-party/zeroclipboard/ZeroClipboard.js
INFO: [ app_init ] --START--
INFO: Run Behavior\BuildLiteBehavior [ RunTime:0.000020s ]
INFO: [ app_init ] --END-- [ RunTime:0.000472s ]
ERR: 无法加载模块:Public

[ 2017-10-24T11:14:02+08:00 ] 127.0.0.1 /sucai/Public/Admin/Js/php/controller.php?action=config&&noCache=1508814842435
INFO: [ app_init ] --START--
INFO: Run Behavior\BuildLiteBehavior [ RunTime:0.000022s ]
INFO: [ app_init ] --END-- [ RunTime:0.000442s ]
ERR: 无法加载模块:Public

[ 2017-10-24T11:14:03+08:00 ] 127.0.0.1 /sucai/Public/Admin/Js/php/controller.php?action=config&&noCache=1508814843744
INFO: [ app_init ] --START--
INFO: Run Behavior\BuildLiteBehavior [ RunTime:0.000035s ]
INFO: [ app_init ] --END-- [ RunTime:0.000687s ]
ERR: 无法加载模块:Public

[ 2017-10-24T11:14:03+08:00 ] 127.0.0.1 /sucai/Public/Admin/Js/third-party/codemirror/codemirror.js
INFO: [ app_init ] --START--
INFO: Run Behavior\BuildLiteBehavior [ RunTime:0.000031s ]
INFO: [ app_init ] --END-- [ RunTime:0.000531s ]
ERR: 无法加载模块:Public

[ 2017-10-24T11:14:03+08:00 ] 127.0.0.1 /sucai/Public/Admin/Js/third-party/codemirror/codemirror.css
INFO: [ app_init ] --START--
INFO: Run Behavior\BuildLiteBehavior [ RunTime:0.000031s ]
INFO: [ app_init ] --END-- [ RunTime:0.000596s ]
ERR: 无法加载模块:Public

[ 2017-10-24T11:14:03+08:00 ] 127.0.0.1 /sucai/Public/Admin/Js/third-party/zeroclipboard/ZeroClipboard.js
INFO: [ app_init ] --START--
INFO: Run Behavior\BuildLiteBehavior [ RunTime:0.000036s ]
INFO: [ app_init ] --END-- [ RunTime:0.000604s ]
ERR: 无法加载模块:Public

[ 2017-10-24T11:14:12+08:00 ] 127.0.0.1 /sucai/Public/Admin/Js/php/controller.php?action=config&&noCache=1508814852603
INFO: [ app_init ] --START--
INFO: Run Behavior\BuildLiteBehavior [ RunTime:0.000025s ]
INFO: [ app_init ] --END-- [ RunTime:0.000537s ]
ERR: 无法加载模块:Public

[ 2017-10-24T11:14:12+08:00 ] 127.0.0.1 /sucai/Public/Admin/Js/third-party/codemirror/codemirror.css
INFO: [ app_init ] --START--
INFO: Run Behavior\BuildLiteBehavior [ RunTime:0.000031s ]
INFO: [ app_init ] --END-- [ RunTime:0.000569s ]
ERR: 无法加载模块:Public

[ 2017-10-24T11:14:12+08:00 ] 127.0.0.1 /sucai/Public/Admin/Js/third-party/zeroclipboard/ZeroClipboard.js
INFO: [ app_init ] --START--
INFO: Run Behavior\BuildLiteBehavior [ RunTime:0.000036s ]
INFO: [ app_init ] --END-- [ RunTime:0.000560s ]
ERR: 无法加载模块:Public

[ 2017-10-24T11:14:12+08:00 ] 127.0.0.1 /sucai/Public/Admin/Js/third-party/codemirror/codemirror.js
INFO: [ app_init ] --START--
INFO: Run Behavior\BuildLiteBehavior [ RunTime:0.000022s ]
INFO: [ app_init ] --END-- [ RunTime:0.000540s ]
ERR: 无法加载模块:Public

[ 2017-10-24T11:15:22+08:00 ] 127.0.0.1 /sucai/Public/Admin/Js/php/controller.php?action=config&&noCache=1508814921959
INFO: [ app_init ] --START--
INFO: Run Behavior\BuildLiteBehavior [ RunTime:0.000036s ]
INFO: [ app_init ] --END-- [ RunTime:0.000808s ]
ERR: 无法加载模块:Public

[ 2017-10-24T11:15:22+08:00 ] 127.0.0.1 /sucai/Public/Admin/Js/third-party/codemirror/codemirror.js
INFO: [ app_init ] --START--
INFO: Run Behavior\BuildLiteBehavior [ RunTime:0.000056s ]
INFO: [ app_init ] --END-- [ RunTime:0.001450s ]
ERR: 无法加载模块:Public

[ 2017-10-24T11:15:22+08:00 ] 127.0.0.1 /sucai/Public/Admin/Js/third-party/codemirror/codemirror.css
INFO: [ app_init ] --START--
INFO: Run Behavior\BuildLiteBehavior [ RunTime:0.000030s ]
INFO: [ app_init ] --END-- [ RunTime:0.000551s ]
ERR: 无法加载模块:Public

[ 2017-10-24T11:15:22+08:00 ] 127.0.0.1 /sucai/Public/Admin/Js/third-party/zeroclipboard/ZeroClipboard.js
INFO: [ app_init ] --START--
INFO: Run Behavior\BuildLiteBehavior [ RunTime:0.000040s ]
INFO: [ app_init ] --END-- [ RunTime:0.000652s ]
ERR: 无法加载模块:Public

[ 2017-10-24T11:16:55+08:00 ] 127.0.0.1 /sucai/Public/Admin/Js/php/controller.php?action=config&&noCache=1508815015883
INFO: [ app_init ] --START--
INFO: Run Behavior\BuildLiteBehavior [ RunTime:0.000020s ]
INFO: [ app_init ] --END-- [ RunTime:0.000406s ]
ERR: 无法加载模块:Public

[ 2017-10-24T11:16:56+08:00 ] 127.0.0.1 /sucai/Public/Admin/Js/third-party/codemirror/codemirror.js
INFO: [ app_init ] --START--
INFO: Run Behavior\BuildLiteBehavior [ RunTime:0.000031s ]
INFO: [ app_init ] --END-- [ RunTime:0.000531s ]
ERR: 无法加载模块:Public

[ 2017-10-24T11:16:56+08:00 ] 127.0.0.1 /sucai/Public/Admin/Js/third-party/codemirror/codemirror.css
INFO: [ app_init ] --START--
INFO: Run Behavior\BuildLiteBehavior [ RunTime:0.000030s ]
INFO: [ app_init ] --END-- [ RunTime:0.000552s ]
ERR: 无法加载模块:Public

[ 2017-10-24T11:16:56+08:00 ] 127.0.0.1 /sucai/Public/Admin/Js/third-party/zeroclipboard/ZeroClipboard.js
INFO: [ app_init ] --START--
INFO: Run Behavior\BuildLiteBehavior [ RunTime:0.000033s ]
INFO: [ app_init ] --END-- [ RunTime:0.000606s ]
ERR: 无法加载模块:Public

[ 2017-10-24T11:24:46+08:00 ] 127.0.0.1 /sucai/Public/Admin/Js/php/controller.php?action=config&&noCache=1508815486886
INFO: [ app_init ] --START--
INFO: Run Behavior\BuildLiteBehavior [ RunTime:0.000039s ]
INFO: [ app_init ] --END-- [ RunTime:0.000640s ]
ERR: 无法加载模块:Public

[ 2017-10-24T11:24:47+08:00 ] 127.0.0.1 /sucai/Public/Admin/Js/third-party/codemirror/codemirror.js
INFO: [ app_init ] --START--
INFO: Run Behavior\BuildLiteBehavior [ RunTime:0.000033s ]
INFO: [ app_init ] --END-- [ RunTime:0.000590s ]
ERR: 无法加载模块:Public

[ 2017-10-24T11:24:47+08:00 ] 127.0.0.1 /sucai/Public/Admin/Js/third-party/codemirror/codemirror.css
INFO: [ app_init ] --START--
INFO: Run Behavior\BuildLiteBehavior [ RunTime:0.000031s ]
INFO: [ app_init ] --END-- [ RunTime:0.000624s ]
ERR: 无法加载模块:Public

[ 2017-10-24T11:24:47+08:00 ] 127.0.0.1 /sucai/Public/Admin/Js/third-party/zeroclipboard/ZeroClipboard.js
INFO: [ app_init ] --START--
INFO: Run Behavior\BuildLiteBehavior [ RunTime:0.000022s ]
INFO: [ app_init ] --END-- [ RunTime:0.000495s ]
ERR: 无法加载模块:Public

[ 2017-10-24T11:24:48+08:00 ] 127.0.0.1 /sucai/Public/Admin/Js/php/controller.php?action=config&&noCache=1508815488458
INFO: [ app_init ] --START--
INFO: Run Behavior\BuildLiteBehavior [ RunTime:0.000028s ]
INFO: [ app_init ] --END-- [ RunTime:0.000674s ]
ERR: 无法加载模块:Public

[ 2017-10-24T11:24:48+08:00 ] 127.0.0.1 /sucai/Public/Admin/Js/third-party/codemirror/codemirror.js
INFO: [ app_init ] --START--
INFO: Run Behavior\BuildLiteBehavior [ RunTime:0.000036s ]
INFO: [ app_init ] --END-- [ RunTime:0.000671s ]
ERR: 无法加载模块:Public

[ 2017-10-24T11:24:48+08:00 ] 127.0.0.1 /sucai/Public/Admin/Js/third-party/codemirror/codemirror.css
INFO: [ app_init ] --START--
INFO: Run Behavior\BuildLiteBehavior [ RunTime:0.000032s ]
INFO: [ app_init ] --END-- [ RunTime:0.000611s ]
ERR: 无法加载模块:Public

[ 2017-10-24T11:24:48+08:00 ] 127.0.0.1 /sucai/Public/Admin/Js/third-party/zeroclipboard/ZeroClipboard.js
INFO: [ app_init ] --START--
INFO: Run Behavior\BuildLiteBehavior [ RunTime:0.000035s ]
INFO: [ app_init ] --END-- [ RunTime:0.000562s ]
ERR: 无法加载模块:Public

[ 2017-10-24T11:55:51+08:00 ] 127.0.0.1 /sucai/Public/Admin/Js/php/controller.php?action=config&&noCache=1508817351153
INFO: [ app_init ] --START--
INFO: Run Behavior\BuildLiteBehavior [ RunTime:0.000028s ]
INFO: [ app_init ] --END-- [ RunTime:0.000429s ]
ERR: 无法加载模块:Public

[ 2017-10-24T11:55:53+08:00 ] 127.0.0.1 /sucai/Public/Admin/Js/php/controller.php?action=config&&noCache=1508817353215
INFO: [ app_init ] --START--
INFO: Run Behavior\BuildLiteBehavior [ RunTime:0.000045s ]
INFO: [ app_init ] --END-- [ RunTime:0.000635s ]
ERR: 无法加载模块:Public

[ 2017-10-24T11:55:53+08:00 ] 127.0.0.1 /sucai/Public/Admin/Js/third-party/codemirror/codemirror.js
INFO: [ app_init ] --START--
INFO: Run Behavior\BuildLiteBehavior [ RunTime:0.000033s ]
INFO: [ app_init ] --END-- [ RunTime:0.000603s ]
ERR: 无法加载模块:Public

[ 2017-10-24T11:55:53+08:00 ] 127.0.0.1 /sucai/Public/Admin/Js/third-party/codemirror/codemirror.css
INFO: [ app_init ] --START--
INFO: Run Behavior\BuildLiteBehavior [ RunTime:0.000033s ]
INFO: [ app_init ] --END-- [ RunTime:0.000558s ]
ERR: 无法加载模块:Public

[ 2017-10-24T11:55:53+08:00 ] 127.0.0.1 /sucai/Public/Admin/Js/third-party/zeroclipboard/ZeroClipboard.js
INFO: [ app_init ] --START--
INFO: Run Behavior\BuildLiteBehavior [ RunTime:0.000088s ]
INFO: [ app_init ] --END-- [ RunTime:0.000852s ]
ERR: 无法加载模块:Public

[ 2017-10-24T11:56:22+08:00 ] 127.0.0.1 /sucai/Public/Admin/Js/php/controller.php?action=config&&noCache=1508817382502
INFO: [ app_init ] --START--
INFO: Run Behavior\BuildLiteBehavior [ RunTime:0.000020s ]
INFO: [ app_init ] --END-- [ RunTime:0.000432s ]
ERR: 无法加载模块:Public

[ 2017-10-24T11:56:22+08:00 ] 127.0.0.1 /sucai/Public/Admin/Js/third-party/codemirror/codemirror.js
INFO: [ app_init ] --START--
INFO: Run Behavior\BuildLiteBehavior [ RunTime:0.000048s ]
INFO: [ app_init ] --END-- [ RunTime:0.000592s ]
ERR: 无法加载模块:Public

[ 2017-10-24T11:56:22+08:00 ] 127.0.0.1 /sucai/Public/Admin/Js/third-party/zeroclipboard/ZeroClipboard.js
INFO: [ app_init ] --START--
INFO: Run Behavior\BuildLiteBehavior [ RunTime:0.000033s ]
INFO: [ app_init ] --END-- [ RunTime:0.000577s ]
ERR: 无法加载模块:Public

[ 2017-10-24T11:56:22+08:00 ] 127.0.0.1 /sucai/Public/Admin/Js/third-party/codemirror/codemirror.css
INFO: [ app_init ] --START--
INFO: Run Behavior\BuildLiteBehavior [ RunTime:0.000029s ]
INFO: [ app_init ] --END-- [ RunTime:0.000578s ]
ERR: 无法加载模块:Public

[ 2017-10-24T12:09:44+08:00 ] 127.0.0.1 /sucai/Public/Admin/Js/php/controller.php?action=config&&noCache=1508818184430
INFO: [ app_init ] --START--
INFO: Run Behavior\BuildLiteBehavior [ RunTime:0.000037s ]
INFO: [ app_init ] --END-- [ RunTime:0.000549s ]
ERR: 无法加载模块:Public

[ 2017-10-24T12:09:44+08:00 ] 127.0.0.1 /sucai/Public/Admin/Js/third-party/codemirror/codemirror.js
INFO: [ app_init ] --START--
INFO: Run Behavior\BuildLiteBehavior [ RunTime:0.000031s ]
INFO: [ app_init ] --END-- [ RunTime:0.000599s ]
ERR: 无法加载模块:Public

[ 2017-10-24T12:09:44+08:00 ] 127.0.0.1 /sucai/Public/Admin/Js/third-party/codemirror/codemirror.css
INFO: [ app_init ] --START--
INFO: Run Behavior\BuildLiteBehavior [ RunTime:0.000032s ]
INFO: [ app_init ] --END-- [ RunTime:0.000574s ]
ERR: 无法加载模块:Public

[ 2017-10-24T12:09:44+08:00 ] 127.0.0.1 /sucai/Public/Admin/Js/third-party/zeroclipboard/ZeroClipboard.js
INFO: [ app_init ] --START--
INFO: Run Behavior\BuildLiteBehavior [ RunTime:0.000031s ]
INFO: [ app_init ] --END-- [ RunTime:0.000652s ]
ERR: 无法加载模块:Public

[ 2017-10-24T12:10:17+08:00 ] 127.0.0.1 /sucai/Public/Admin/Js/php/controller.php?action=config&&noCache=1508818217549
INFO: [ app_init ] --START--
INFO: Run Behavior\BuildLiteBehavior [ RunTime:0.000035s ]
INFO: [ app_init ] --END-- [ RunTime:0.000626s ]
ERR: 无法加载模块:Public

[ 2017-10-24T12:10:17+08:00 ] 127.0.0.1 /sucai/Public/Admin/Js/third-party/codemirror/codemirror.js
INFO: [ app_init ] --START--
INFO: Run Behavior\BuildLiteBehavior [ RunTime:0.000034s ]
INFO: [ app_init ] --END-- [ RunTime:0.000642s ]
ERR: 无法加载模块:Public

[ 2017-10-24T12:10:17+08:00 ] 127.0.0.1 /sucai/Public/Admin/Js/third-party/zeroclipboard/ZeroClipboard.js
INFO: [ app_init ] --START--
INFO: Run Behavior\BuildLiteBehavior [ RunTime:0.000031s ]
INFO: [ app_init ] --END-- [ RunTime:0.000585s ]
ERR: 无法加载模块:Public

[ 2017-10-24T12:10:17+08:00 ] 127.0.0.1 /sucai/Public/Admin/Js/third-party/codemirror/codemirror.css
INFO: [ app_init ] --START--
INFO: Run Behavior\BuildLiteBehavior [ RunTime:0.000018s ]
INFO: [ app_init ] --END-- [ RunTime:0.000417s ]
ERR: 无法加载模块:Public

[ 2017-10-24T12:18:14+08:00 ] 127.0.0.1 /sucai/Public/Admin/Js/php/controller.php?action=config&&noCache=1508818694113
INFO: [ app_init ] --START--
INFO: Run Behavior\BuildLiteBehavior [ RunTime:0.000019s ]
INFO: [ app_init ] --END-- [ RunTime:0.000444s ]
ERR: 无法加载模块:Public

[ 2017-10-24T12:18:14+08:00 ] 127.0.0.1 /sucai/Public/Admin/Js/third-party/codemirror/codemirror.js
INFO: [ app_init ] --START--
INFO: Run Behavior\BuildLiteBehavior [ RunTime:0.000019s ]
INFO: [ app_init ] --END-- [ RunTime:0.000409s ]
ERR: 无法加载模块:Public

[ 2017-10-24T12:18:14+08:00 ] 127.0.0.1 /sucai/Public/Admin/Js/third-party/codemirror/codemirror.css
INFO: [ app_init ] --START--
INFO: Run Behavior\BuildLiteBehavior [ RunTime:0.000031s ]
INFO: [ app_init ] --END-- [ RunTime:0.000559s ]
ERR: 无法加载模块:Public

[ 2017-10-24T12:18:14+08:00 ] 127.0.0.1 /sucai/Public/Admin/Js/third-party/zeroclipboard/ZeroClipboard.js
INFO: [ app_init ] --START--
INFO: Run Behavior\BuildLiteBehavior [ RunTime:0.000019s ]
INFO: [ app_init ] --END-- [ RunTime:0.000471s ]
ERR: 无法加载模块:Public

[ 2017-10-24T12:18:55+08:00 ] 127.0.0.1 /sucai/Public/Admin/Js/php/controller.php?action=config&&noCache=1508818735427
INFO: [ app_init ] --START--
INFO: Run Behavior\BuildLiteBehavior [ RunTime:0.000031s ]
INFO: [ app_init ] --END-- [ RunTime:0.000497s ]
ERR: 无法加载模块:Public

[ 2017-10-24T12:18:55+08:00 ] 127.0.0.1 /sucai/Public/Admin/Js/third-party/codemirror/codemirror.js
INFO: [ app_init ] --START--
INFO: Run Behavior\BuildLiteBehavior [ RunTime:0.000031s ]
INFO: [ app_init ] --END-- [ RunTime:0.000678s ]
ERR: 无法加载模块:Public

[ 2017-10-24T12:18:55+08:00 ] 127.0.0.1 /sucai/Public/Admin/Js/third-party/codemirror/codemirror.css
INFO: [ app_init ] --START--
INFO: Run Behavior\BuildLiteBehavior [ RunTime:0.000032s ]
INFO: [ app_init ] --END-- [ RunTime:0.000620s ]
ERR: 无法加载模块:Public

[ 2017-10-24T12:18:55+08:00 ] 127.0.0.1 /sucai/Public/Admin/Js/third-party/zeroclipboard/ZeroClipboard.js
INFO: [ app_init ] --START--
INFO: Run Behavior\BuildLiteBehavior [ RunTime:0.000030s ]
INFO: [ app_init ] --END-- [ RunTime:0.000836s ]
ERR: 无法加载模块:Public

[ 2017-10-24T12:20:09+08:00 ] 127.0.0.1 /sucai/Public/Admin/Js/php/controller.php?action=config&&noCache=1508818809658
INFO: [ app_init ] --START--
INFO: Run Behavior\BuildLiteBehavior [ RunTime:0.000034s ]
INFO: [ app_init ] --END-- [ RunTime:0.000605s ]
ERR: 无法加载模块:Public

[ 2017-10-24T12:20:09+08:00 ] 127.0.0.1 /sucai/Public/Admin/Js/third-party/codemirror/codemirror.js
INFO: [ app_init ] --START--
INFO: Run Behavior\BuildLiteBehavior [ RunTime:0.000038s ]
INFO: [ app_init ] --END-- [ RunTime:0.000646s ]
ERR: 无法加载模块:Public

[ 2017-10-24T12:20:09+08:00 ] 127.0.0.1 /sucai/Public/Admin/Js/third-party/codemirror/codemirror.css
INFO: [ app_init ] --START--
INFO: Run Behavior\BuildLiteBehavior [ RunTime:0.000031s ]
INFO: [ app_init ] --END-- [ RunTime:0.000592s ]
ERR: 无法加载模块:Public

[ 2017-10-24T12:20:09+08:00 ] 127.0.0.1 /sucai/Public/Admin/Js/third-party/zeroclipboard/ZeroClipboard.js
INFO: [ app_init ] --START--
INFO: Run Behavior\BuildLiteBehavior [ RunTime:0.000033s ]
INFO: [ app_init ] --END-- [ RunTime:0.000674s ]
ERR: 无法加载模块:Public

[ 2017-10-24T12:48:55+08:00 ] 127.0.0.1 /sucai/Public/Admin/Js/php/controller.php?action=config&&noCache=1508820535663
INFO: [ app_init ] --START--
INFO: Run Behavior\BuildLiteBehavior [ RunTime:0.000035s ]
INFO: [ app_init ] --END-- [ RunTime:0.000657s ]
ERR: 无法加载模块:Public

[ 2017-10-24T12:48:55+08:00 ] 127.0.0.1 /sucai/Public/Admin/Js/third-party/codemirror/codemirror.js
INFO: [ app_init ] --START--
INFO: Run Behavior\BuildLiteBehavior [ RunTime:0.000030s ]
INFO: [ app_init ] --END-- [ RunTime:0.000572s ]
ERR: 无法加载模块:Public

[ 2017-10-24T12:48:55+08:00 ] 127.0.0.1 /sucai/Public/Admin/Js/third-party/codemirror/codemirror.css
INFO: [ app_init ] --START--
INFO: Run Behavior\BuildLiteBehavior [ RunTime:0.000032s ]
INFO: [ app_init ] --END-- [ RunTime:0.000774s ]
ERR: 无法加载模块:Public

[ 2017-10-24T12:48:55+08:00 ] 127.0.0.1 /sucai/Public/Admin/Js/third-party/zeroclipboard/ZeroClipboard.js
INFO: [ app_init ] --START--
INFO: Run Behavior\BuildLiteBehavior [ RunTime:0.000029s ]
INFO: [ app_init ] --END-- [ RunTime:0.000574s ]
ERR: 无法加载模块:Public

[ 2017-10-24T12:49:20+08:00 ] 127.0.0.1 /sucai/Public/Admin/Js/php/controller.php?action=config&&noCache=1508820560843
INFO: [ app_init ] --START--
INFO: Run Behavior\BuildLiteBehavior [ RunTime:0.000020s ]
INFO: [ app_init ] --END-- [ RunTime:0.000449s ]
ERR: 无法加载模块:Public

[ 2017-10-24T12:49:20+08:00 ] 127.0.0.1 /sucai/Public/Admin/Js/third-party/codemirror/codemirror.js
INFO: [ app_init ] --START--
INFO: Run Behavior\BuildLiteBehavior [ RunTime:0.000033s ]
INFO: [ app_init ] --END-- [ RunTime:0.000571s ]
ERR: 无法加载模块:Public

[ 2017-10-24T12:49:20+08:00 ] 127.0.0.1 /sucai/Public/Admin/Js/third-party/codemirror/codemirror.css
INFO: [ app_init ] --START--
INFO: Run Behavior\BuildLiteBehavior [ RunTime:0.000072s ]
INFO: [ app_init ] --END-- [ RunTime:0.000662s ]
ERR: 无法加载模块:Public

[ 2017-10-24T12:49:20+08:00 ] 127.0.0.1 /sucai/Public/Admin/Js/third-party/zeroclipboard/ZeroClipboard.js
INFO: [ app_init ] --START--
INFO: Run Behavior\BuildLiteBehavior [ RunTime:0.000024s ]
INFO: [ app_init ] --END-- [ RunTime:0.000460s ]
ERR: 无法加载模块:Public

[ 2017-10-24T12:56:31+08:00 ] 127.0.0.1 /sucai/Public/Admin/Js/php/controller.php?action=config&&noCache=1508820991187
INFO: [ app_init ] --START--
INFO: Run Behavior\BuildLiteBehavior [ RunTime:0.000020s ]
INFO: [ app_init ] --END-- [ RunTime:0.000418s ]
ERR: 无法加载模块:Public

[ 2017-10-24T12:56:31+08:00 ] 127.0.0.1 /sucai/Public/Admin/Js/third-party/codemirror/codemirror.js
INFO: [ app_init ] --START--
INFO: Run Behavior\BuildLiteBehavior [ RunTime:0.000034s ]
INFO: [ app_init ] --END-- [ RunTime:0.000788s ]
ERR: 无法加载模块:Public

[ 2017-10-24T12:56:31+08:00 ] 127.0.0.1 /sucai/Public/Admin/Js/third-party/codemirror/codemirror.css
INFO: [ app_init ] --START--
INFO: Run Behavior\BuildLiteBehavior [ RunTime:0.000031s ]
INFO: [ app_init ] --END-- [ RunTime:0.000987s ]
ERR: 无法加载模块:Public

[ 2017-10-24T12:56:31+08:00 ] 127.0.0.1 /sucai/Public/Admin/Js/third-party/zeroclipboard/ZeroClipboard.js
INFO: [ app_init ] --START--
INFO: Run Behavior\BuildLiteBehavior [ RunTime:0.000027s ]
INFO: [ app_init ] --END-- [ RunTime:0.000447s ]
ERR: 无法加载模块:Public

[ 2017-10-24T12:56:48+08:00 ] 127.0.0.1 /sucai/Public/Admin/Js/php/controller.php?action=config&&noCache=1508821008312
INFO: [ app_init ] --START--
INFO: Run Behavior\BuildLiteBehavior [ RunTime:0.000021s ]
INFO: [ app_init ] --END-- [ RunTime:0.000538s ]
ERR: 无法加载模块:Public

[ 2017-10-24T12:56:48+08:00 ] 127.0.0.1 /sucai/Public/Admin/Js/third-party/codemirror/codemirror.js
INFO: [ app_init ] --START--
INFO: Run Behavior\BuildLiteBehavior [ RunTime:0.000031s ]
INFO: [ app_init ] --END-- [ RunTime:0.000582s ]
ERR: 无法加载模块:Public

[ 2017-10-24T12:56:48+08:00 ] 127.0.0.1 /sucai/Public/Admin/Js/third-party/codemirror/codemirror.css
INFO: [ app_init ] --START--
INFO: Run Behavior\BuildLiteBehavior [ RunTime:0.000031s ]
INFO: [ app_init ] --END-- [ RunTime:0.000616s ]
ERR: 无法加载模块:Public

[ 2017-10-24T12:56:48+08:00 ] 127.0.0.1 /sucai/Public/Admin/Js/third-party/zeroclipboard/ZeroClipboard.js
INFO: [ app_init ] --START--
INFO: Run Behavior\BuildLiteBehavior [ RunTime:0.000032s ]
INFO: [ app_init ] --END-- [ RunTime:0.000618s ]
ERR: 无法加载模块:Public

[ 2017-10-24T13:05:41+08:00 ] 127.0.0.1 /sucai/Public/Admin/Js/php/controller.php?action=config&&noCache=1508821541570
INFO: [ app_init ] --START--
INFO: Run Behavior\BuildLiteBehavior [ RunTime:0.000030s ]
INFO: [ app_init ] --END-- [ RunTime:0.000573s ]
ERR: 无法加载模块:Public

[ 2017-10-24T13:05:41+08:00 ] 127.0.0.1 /sucai/Public/Admin/Js/third-party/codemirror/codemirror.js
INFO: [ app_init ] --START--
INFO: Run Behavior\BuildLiteBehavior [ RunTime:0.000031s ]
INFO: [ app_init ] --END-- [ RunTime:0.000567s ]
ERR: 无法加载模块:Public

[ 2017-10-24T13:05:41+08:00 ] 127.0.0.1 /sucai/Public/Admin/Js/third-party/zeroclipboard/ZeroClipboard.js
INFO: [ app_init ] --START--
INFO: Run Behavior\BuildLiteBehavior [ RunTime:0.000027s ]
INFO: [ app_init ] --END-- [ RunTime:0.000415s ]
ERR: 无法加载模块:Public

[ 2017-10-24T13:05:41+08:00 ] 127.0.0.1 /sucai/Public/Admin/Js/third-party/codemirror/codemirror.css
INFO: [ app_init ] --START--
INFO: Run Behavior\BuildLiteBehavior [ RunTime:0.000029s ]
INFO: [ app_init ] --END-- [ RunTime:0.000546s ]
ERR: 无法加载模块:Public

[ 2017-10-24T13:05:52+08:00 ] 127.0.0.1 /sucai/Public/Admin/Js/php/controller.php?action=config&&noCache=1508821552094
INFO: [ app_init ] --START--
INFO: Run Behavior\BuildLiteBehavior [ RunTime:0.000031s ]
INFO: [ app_init ] --END-- [ RunTime:0.000475s ]
ERR: 无法加载模块:Public

[ 2017-10-24T13:05:52+08:00 ] 127.0.0.1 /sucai/Public/Admin/Js/third-party/codemirror/codemirror.js
INFO: [ app_init ] --START--
INFO: Run Behavior\BuildLiteBehavior [ RunTime:0.000033s ]
INFO: [ app_init ] --END-- [ RunTime:0.000594s ]
ERR: 无法加载模块:Public

[ 2017-10-24T13:05:52+08:00 ] 127.0.0.1 /sucai/Public/Admin/Js/third-party/zeroclipboard/ZeroClipboard.js
INFO: [ app_init ] --START--
INFO: Run Behavior\BuildLiteBehavior [ RunTime:0.000019s ]
INFO: [ app_init ] --END-- [ RunTime:0.000443s ]
ERR: 无法加载模块:Public

[ 2017-10-24T13:05:52+08:00 ] 127.0.0.1 /sucai/Public/Admin/Js/third-party/codemirror/codemirror.css
INFO: [ app_init ] --START--
INFO: Run Behavior\BuildLiteBehavior [ RunTime:0.000031s ]
INFO: [ app_init ] --END-- [ RunTime:0.000578s ]
ERR: 无法加载模块:Public

