[ 2017-10-30T16:14:33+08:00 ] 127.0.0.1 /sucai/Public/HOME/images/hot.png
INFO: [ app_init ] --START--
INFO: Run Behavior\BuildLiteBehavior [ RunTime:0.000021s ]
INFO: [ app_init ] --END-- [ RunTime:0.000429s ]
ERR: 无法加载模块:Public

[ 2017-10-30T16:14:35+08:00 ] 127.0.0.1 /sucai/Public/HOME/images/hot.png
INFO: [ app_init ] --START--
INFO: Run Behavior\BuildLiteBehavior [ RunTime:0.000021s ]
INFO: [ app_init ] --END-- [ RunTime:0.000468s ]
ERR: 无法加载模块:Public

[ 2017-10-30T16:14:35+08:00 ] 127.0.0.1 /sucai/Public/HOME/images/global.png
INFO: [ app_init ] --START--
INFO: Run Behavior\BuildLiteBehavior [ RunTime:0.000045s ]
INFO: [ app_init ] --END-- [ RunTime:0.000787s ]
ERR: 无法加载模块:Public

[ 2017-10-30T16:14:58+08:00 ] 127.0.0.1 /sucai/Public/HOME/images/global.png
INFO: [ app_init ] --START--
INFO: Run Behavior\BuildLiteBehavior [ RunTime:0.000035s ]
INFO: [ app_init ] --END-- [ RunTime:0.001331s ]
ERR: 无法加载模块:Public

[ 2017-10-30T16:14:58+08:00 ] 127.0.0.1 /sucai/Public/HOME/images/hot.png
INFO: [ app_init ] --START--
INFO: Run Behavior\BuildLiteBehavior [ RunTime:0.000031s ]
INFO: [ app_init ] --END-- [ RunTime:0.000676s ]
ERR: 无法加载模块:Public

