[ 2018-05-19T11:20:01+08:00 ] ::1 /szsanyi./Public/Uploads/2017-07-10/59631d180f645.jpg
INFO: [ app_init ] --START--
INFO: Run Behavior\BuildLiteBehavior [ RunTime:0.000022s ]
INFO: [ app_init ] --END-- [ RunTime:0.000533s ]
ERR: 无法加载模块:Public

[ 2018-05-19T11:20:01+08:00 ] ::1 /szsanyi./Public/Uploads/2017-07-10/59631cd27a54b.jpg
INFO: [ app_init ] --START--
INFO: Run Behavior\BuildLiteBehavior [ RunTime:0.000026s ]
INFO: [ app_init ] --END-- [ RunTime:0.000564s ]
ERR: 无法加载模块:Public

[ 2018-05-19T11:20:01+08:00 ] ::1 /szsanyi./Public/Uploads/2017-07-10/59631c7b2dac1.jpg
INFO: [ app_init ] --START--
INFO: Run Behavior\BuildLiteBehavior [ RunTime:0.000026s ]
INFO: [ app_init ] --END-- [ RunTime:0.000580s ]
ERR: 无法加载模块:Public

[ 2018-05-19T11:20:01+08:00 ] ::1 /szsanyi./Public/Uploads/2017-07-10/59631c6151b02.png
INFO: [ app_init ] --START--
INFO: Run Behavior\BuildLiteBehavior [ RunTime:0.000028s ]
INFO: [ app_init ] --END-- [ RunTime:0.000511s ]
ERR: 无法加载模块:Public

[ 2018-05-19T11:20:01+08:00 ] ::1 /szsanyi./Public/Uploads/2017-07-10/59631c95d8f18.jpg
INFO: [ app_init ] --START--
INFO: Run Behavior\BuildLiteBehavior [ RunTime:0.000020s ]
INFO: [ app_init ] --END-- [ RunTime:0.000534s ]
ERR: 无法加载模块:Public

[ 2018-05-19T11:22:02+08:00 ] ::1 /szsanyi./Public/Uploads/2017-07-10/59631cd27a54b.jpg
INFO: [ app_init ] --START--
INFO: Run Behavior\BuildLiteBehavior [ RunTime:0.000027s ]
INFO: [ app_init ] --END-- [ RunTime:0.000542s ]
ERR: 无法加载模块:Public

[ 2018-05-19T11:22:02+08:00 ] ::1 /szsanyi./Public/Uploads/2017-07-10/59631d180f645.jpg
INFO: [ app_init ] --START--
INFO: Run Behavior\BuildLiteBehavior [ RunTime:0.000026s ]
INFO: [ app_init ] --END-- [ RunTime:0.000584s ]
ERR: 无法加载模块:Public

[ 2018-05-19T11:22:02+08:00 ] ::1 /szsanyi./Public/Uploads/2017-07-10/59631c7b2dac1.jpg
INFO: [ app_init ] --START--
INFO: Run Behavior\BuildLiteBehavior [ RunTime:0.000022s ]
INFO: [ app_init ] --END-- [ RunTime:0.000585s ]
ERR: 无法加载模块:Public

[ 2018-05-19T11:22:02+08:00 ] ::1 /szsanyi./Public/Uploads/2017-07-10/59631c95d8f18.jpg
INFO: [ app_init ] --START--
INFO: Run Behavior\BuildLiteBehavior [ RunTime:0.000023s ]
INFO: [ app_init ] --END-- [ RunTime:0.000720s ]
ERR: 无法加载模块:Public

[ 2018-05-19T11:22:02+08:00 ] ::1 /szsanyi./Public/Uploads/2017-07-10/59631c6151b02.png
INFO: [ app_init ] --START--
INFO: Run Behavior\BuildLiteBehavior [ RunTime:0.000025s ]
INFO: [ app_init ] --END-- [ RunTime:0.000670s ]
ERR: 无法加载模块:Public

[ 2018-05-19T11:31:10+08:00 ] ::1 /szsanyi./Public/Uploads/2017-07-10/59631cd27a54b.jpg
INFO: [ app_init ] --START--
INFO: Run Behavior\BuildLiteBehavior [ RunTime:0.000020s ]
INFO: [ app_init ] --END-- [ RunTime:0.000527s ]
ERR: 无法加载模块:Public

[ 2018-05-19T11:31:10+08:00 ] ::1 /szsanyi./Public/Uploads/2017-07-10/59631c7b2dac1.jpg
INFO: [ app_init ] --START--
INFO: Run Behavior\BuildLiteBehavior [ RunTime:0.000024s ]
INFO: [ app_init ] --END-- [ RunTime:0.000589s ]
ERR: 无法加载模块:Public

[ 2018-05-19T11:31:10+08:00 ] ::1 /szsanyi./Public/Uploads/2017-07-10/59631d180f645.jpg
INFO: [ app_init ] --START--
INFO: Run Behavior\BuildLiteBehavior [ RunTime:0.000021s ]
INFO: [ app_init ] --END-- [ RunTime:0.000562s ]
ERR: 无法加载模块:Public

[ 2018-05-19T11:31:10+08:00 ] ::1 /szsanyi./Public/Uploads/2017-07-10/59631c6151b02.png
INFO: [ app_init ] --START--
INFO: Run Behavior\BuildLiteBehavior [ RunTime:0.000028s ]
INFO: [ app_init ] --END-- [ RunTime:0.001224s ]
ERR: 无法加载模块:Public

[ 2018-05-19T11:31:10+08:00 ] ::1 /szsanyi./Public/Uploads/2017-07-10/59631c95d8f18.jpg
INFO: [ app_init ] --START--
INFO: Run Behavior\BuildLiteBehavior [ RunTime:0.000024s ]
INFO: [ app_init ] --END-- [ RunTime:0.000710s ]
ERR: 无法加载模块:Public

[ 2018-05-19T11:31:16+08:00 ] ::1 /szsanyi./Public/Uploads/2017-07-10/59631cd27a54b.jpg
INFO: [ app_init ] --START--
INFO: Run Behavior\BuildLiteBehavior [ RunTime:0.000024s ]
INFO: [ app_init ] --END-- [ RunTime:0.000693s ]
ERR: 无法加载模块:Public

[ 2018-05-19T11:31:16+08:00 ] ::1 /szsanyi./Public/Uploads/2017-07-10/59631c6151b02.png
INFO: [ app_init ] --START--
INFO: Run Behavior\BuildLiteBehavior [ RunTime:0.000025s ]
INFO: [ app_init ] --END-- [ RunTime:0.000817s ]
ERR: 无法加载模块:Public

[ 2018-05-19T11:31:16+08:00 ] ::1 /szsanyi./Public/Uploads/2017-07-10/59631d180f645.jpg
INFO: [ app_init ] --START--
INFO: Run Behavior\BuildLiteBehavior [ RunTime:0.000022s ]
INFO: [ app_init ] --END-- [ RunTime:0.000535s ]
ERR: 无法加载模块:Public

[ 2018-05-19T11:31:16+08:00 ] ::1 /szsanyi./Public/Uploads/2017-07-10/59631c95d8f18.jpg
INFO: [ app_init ] --START--
INFO: Run Behavior\BuildLiteBehavior [ RunTime:0.000030s ]
INFO: [ app_init ] --END-- [ RunTime:0.000582s ]
ERR: 无法加载模块:Public

[ 2018-05-19T11:31:16+08:00 ] ::1 /szsanyi./Public/Uploads/2017-07-10/59631c7b2dac1.jpg
INFO: [ app_init ] --START--
INFO: Run Behavior\BuildLiteBehavior [ RunTime:0.000023s ]
INFO: [ app_init ] --END-- [ RunTime:0.000625s ]
ERR: 无法加载模块:Public

[ 2018-05-19T11:35:12+08:00 ] ::1 /szsanyi/Public/Uploads/ad/2018-05-18/5afe17ae19130.jpg
INFO: [ app_init ] --START--
INFO: Run Behavior\BuildLiteBehavior [ RunTime:0.000027s ]
INFO: [ app_init ] --END-- [ RunTime:0.000580s ]
ERR: 无法加载模块:Public

[ 2018-05-19T11:36:26+08:00 ] ::1 /szsanyi/Public/Uploads/ad/2018-05-18/5afe17ae19130.jpg
INFO: [ app_init ] --START--
INFO: Run Behavior\BuildLiteBehavior [ RunTime:0.000025s ]
INFO: [ app_init ] --END-- [ RunTime:0.000681s ]
ERR: 无法加载模块:Public

[ 2018-05-19T11:36:27+08:00 ] ::1 /szsanyi/Public/Uploads/ad/2018-05-18/5afe178676197.jpg
INFO: [ app_init ] --START--
INFO: Run Behavior\BuildLiteBehavior [ RunTime:0.000022s ]
INFO: [ app_init ] --END-- [ RunTime:0.000513s ]
ERR: 无法加载模块:Public

[ 2018-05-19T11:36:27+08:00 ] ::1 /szsanyi/Public/Uploads/ad/2018-05-18/5afe179a7f412.jpg
INFO: [ app_init ] --START--
INFO: Run Behavior\BuildLiteBehavior [ RunTime:0.000039s ]
INFO: [ app_init ] --END-- [ RunTime:0.000543s ]
ERR: 无法加载模块:Public

[ 2018-05-19T11:36:27+08:00 ] ::1 /szsanyi/Public/Uploads/ad/2018-05-18/5afe1be009327.jpg
INFO: [ app_init ] --START--
INFO: Run Behavior\BuildLiteBehavior [ RunTime:0.000038s ]
INFO: [ app_init ] --END-- [ RunTime:0.000543s ]
ERR: 无法加载模块:Public

[ 2018-05-19T11:36:27+08:00 ] ::1 /szsanyi/Public/Uploads/ad/2018-05-18/5afe1c6169d47.jpg
INFO: [ app_init ] --START--
INFO: Run Behavior\BuildLiteBehavior [ RunTime:0.000021s ]
INFO: [ app_init ] --END-- [ RunTime:0.000620s ]
ERR: 无法加载模块:Public

[ 2018-05-19T11:36:27+08:00 ] ::1 /szsanyi/Public/Uploads/ad/2018-05-18/5afe1c0419331.jpg
INFO: [ app_init ] --START--
INFO: Run Behavior\BuildLiteBehavior [ RunTime:0.000025s ]
INFO: [ app_init ] --END-- [ RunTime:0.000862s ]
ERR: 无法加载模块:Public

[ 2018-05-19T11:36:27+08:00 ] ::1 /szsanyi/Public/Uploads/ad/2018-05-18/5afe1a24a4539.jpg
INFO: [ app_init ] --START--
INFO: Run Behavior\BuildLiteBehavior [ RunTime:0.000026s ]
INFO: [ app_init ] --END-- [ RunTime:0.000538s ]
ERR: 无法加载模块:Public

[ 2018-05-19T11:36:27+08:00 ] ::1 /szsanyi/Public/Uploads/ad/2018-05-18/5afe1c889953c.jpg
INFO: [ app_init ] --START--
INFO: Run Behavior\BuildLiteBehavior [ RunTime:0.000024s ]
INFO: [ app_init ] --END-- [ RunTime:0.000578s ]
ERR: 无法加载模块:Public

[ 2018-05-19T11:36:27+08:00 ] ::1 /szsanyi/Public/Uploads/ad/2018-05-18/5afe1fbe521eb.jpg
INFO: [ app_init ] --START--
INFO: Run Behavior\BuildLiteBehavior [ RunTime:0.000023s ]
INFO: [ app_init ] --END-- [ RunTime:0.000557s ]
ERR: 无法加载模块:Public

[ 2018-05-19T11:36:27+08:00 ] ::1 /szsanyi/Public/Uploads/ad/2018-05-18/5afe1fde2336b.jpg
INFO: [ app_init ] --START--
INFO: Run Behavior\BuildLiteBehavior [ RunTime:0.000020s ]
INFO: [ app_init ] --END-- [ RunTime:0.000550s ]
ERR: 无法加载模块:Public

[ 2018-05-19T11:36:27+08:00 ] ::1 /szsanyi/Public/Uploads/ad/2018-05-18/5afe1ca6195cb.jpg
INFO: [ app_init ] --START--
INFO: Run Behavior\BuildLiteBehavior [ RunTime:0.000027s ]
INFO: [ app_init ] --END-- [ RunTime:0.000669s ]
ERR: 无法加载模块:Public

[ 2018-05-19T11:36:27+08:00 ] ::1 /szsanyi/Public/Uploads/ad/2018-05-18/5afe1ffde38bd.png
INFO: [ app_init ] --START--
INFO: Run Behavior\BuildLiteBehavior [ RunTime:0.000023s ]
INFO: [ app_init ] --END-- [ RunTime:0.000808s ]
ERR: 无法加载模块:Public

[ 2018-05-19T11:36:27+08:00 ] ::1 /szsanyi/Public/Uploads/ad/2018-05-18/5afe1fef23c2e.jpg
INFO: [ app_init ] --START--
INFO: Run Behavior\BuildLiteBehavior [ RunTime:0.000077s ]
INFO: [ app_init ] --END-- [ RunTime:0.000790s ]
ERR: 无法加载模块:Public

[ 2018-05-19T11:36:27+08:00 ] ::1 /szsanyi/Public/Uploads/ad/2018-05-18/5afe1cc25bd0b.jpg
INFO: [ app_init ] --START--
INFO: Run Behavior\BuildLiteBehavior [ RunTime:0.000022s ]
INFO: [ app_init ] --END-- [ RunTime:0.000812s ]
ERR: 无法加载模块:Public

[ 2018-05-19T11:36:27+08:00 ] ::1 /szsanyi/Public/Uploads/ad/2018-05-18/5afe200ea6cb9.png
INFO: [ app_init ] --START--
INFO: Run Behavior\BuildLiteBehavior [ RunTime:0.000027s ]
INFO: [ app_init ] --END-- [ RunTime:0.000756s ]
ERR: 无法加载模块:Public

[ 2018-05-19T11:36:27+08:00 ] ::1 /szsanyi/Public/Uploads/ad/2018-05-18/5afe1da51e6f4.jpg
INFO: [ app_init ] --START--
INFO: Run Behavior\BuildLiteBehavior [ RunTime:0.000058s ]
INFO: [ app_init ] --END-- [ RunTime:0.003539s ]
ERR: 无法加载模块:Public

[ 2018-05-19T11:36:27+08:00 ] ::1 /szsanyi/Public/Uploads/ad/2018-05-18/5afe204a553df.png
INFO: [ app_init ] --START--
INFO: Run Behavior\BuildLiteBehavior [ RunTime:0.000026s ]
INFO: [ app_init ] --END-- [ RunTime:0.000699s ]
ERR: 无法加载模块:Public

[ 2018-05-19T11:36:27+08:00 ] ::1 /szsanyi/Public/Uploads/ad/2018-05-18/5afe1fcfca547.jpg
INFO: [ app_init ] --START--
INFO: Run Behavior\BuildLiteBehavior [ RunTime:0.000017s ]
INFO: [ app_init ] --END-- [ RunTime:0.000475s ]
ERR: 无法加载模块:Public

[ 2018-05-19T11:36:45+08:00 ] ::1 /szsanyi/Public/Uploads/ad/2018-05-18/5afe17ae19130.jpg
INFO: [ app_init ] --START--
INFO: Run Behavior\BuildLiteBehavior [ RunTime:0.000034s ]
INFO: [ app_init ] --END-- [ RunTime:0.000982s ]
ERR: 无法加载模块:Public

[ 2018-05-19T11:36:45+08:00 ] ::1 /szsanyi/Public/Uploads/ad/2018-05-18/5afe179a7f412.jpg
INFO: [ app_init ] --START--
INFO: Run Behavior\BuildLiteBehavior [ RunTime:0.000022s ]
INFO: [ app_init ] --END-- [ RunTime:0.000848s ]
ERR: 无法加载模块:Public

[ 2018-05-19T11:36:45+08:00 ] ::1 /szsanyi/Public/Uploads/ad/2018-05-18/5afe1a24a4539.jpg
INFO: [ app_init ] --START--
INFO: Run Behavior\BuildLiteBehavior [ RunTime:0.000023s ]
INFO: [ app_init ] --END-- [ RunTime:0.000593s ]
ERR: 无法加载模块:Public

[ 2018-05-19T11:36:45+08:00 ] ::1 /szsanyi/Public/Uploads/ad/2018-05-18/5afe1c0419331.jpg
INFO: [ app_init ] --START--
INFO: Run Behavior\BuildLiteBehavior [ RunTime:0.000025s ]
INFO: [ app_init ] --END-- [ RunTime:0.000567s ]
ERR: 无法加载模块:Public

[ 2018-05-19T11:36:45+08:00 ] ::1 /szsanyi/Public/Uploads/ad/2018-05-18/5afe1c889953c.jpg
INFO: [ app_init ] --START--
INFO: Run Behavior\BuildLiteBehavior [ RunTime:0.000023s ]
INFO: [ app_init ] --END-- [ RunTime:0.000515s ]
ERR: 无法加载模块:Public

[ 2018-05-19T11:36:45+08:00 ] ::1 /szsanyi/Public/Uploads/ad/2018-05-18/5afe1cc25bd0b.jpg
INFO: [ app_init ] --START--
INFO: Run Behavior\BuildLiteBehavior [ RunTime:0.000025s ]
INFO: [ app_init ] --END-- [ RunTime:0.000520s ]
ERR: 无法加载模块:Public

[ 2018-05-19T11:36:45+08:00 ] ::1 /szsanyi/Public/Uploads/ad/2018-05-18/5afe178676197.jpg
INFO: [ app_init ] --START--
INFO: Run Behavior\BuildLiteBehavior [ RunTime:0.000024s ]
INFO: [ app_init ] --END-- [ RunTime:0.000510s ]
ERR: 无法加载模块:Public

[ 2018-05-19T11:36:45+08:00 ] ::1 /szsanyi/Public/Uploads/ad/2018-05-18/5afe1da51e6f4.jpg
INFO: [ app_init ] --START--
INFO: Run Behavior\BuildLiteBehavior [ RunTime:0.000023s ]
INFO: [ app_init ] --END-- [ RunTime:0.000512s ]
ERR: 无法加载模块:Public

[ 2018-05-19T11:36:45+08:00 ] ::1 /szsanyi/Public/Uploads/ad/2018-05-18/5afe1ca6195cb.jpg
INFO: [ app_init ] --START--
INFO: Run Behavior\BuildLiteBehavior [ RunTime:0.000035s ]
INFO: [ app_init ] --END-- [ RunTime:0.000595s ]
ERR: 无法加载模块:Public

[ 2018-05-19T11:36:45+08:00 ] ::1 /szsanyi/Public/Uploads/ad/2018-05-18/5afe1c6169d47.jpg
INFO: [ app_init ] --START--
INFO: Run Behavior\BuildLiteBehavior [ RunTime:0.000024s ]
INFO: [ app_init ] --END-- [ RunTime:0.000561s ]
ERR: 无法加载模块:Public

[ 2018-05-19T11:36:45+08:00 ] ::1 /szsanyi/Public/Uploads/ad/2018-05-18/5afe1be009327.jpg
INFO: [ app_init ] --START--
INFO: Run Behavior\BuildLiteBehavior [ RunTime:0.000027s ]
INFO: [ app_init ] --END-- [ RunTime:0.004492s ]
ERR: 无法加载模块:Public

[ 2018-05-19T11:36:45+08:00 ] ::1 /szsanyi/Public/Uploads/ad/2018-05-18/5afe1fbe521eb.jpg
INFO: [ app_init ] --START--
INFO: Run Behavior\BuildLiteBehavior [ RunTime:0.000025s ]
INFO: [ app_init ] --END-- [ RunTime:0.000548s ]
ERR: 无法加载模块:Public

[ 2018-05-19T11:36:45+08:00 ] ::1 /szsanyi/Public/Uploads/ad/2018-05-18/5afe1fcfca547.jpg
INFO: [ app_init ] --START--
INFO: Run Behavior\BuildLiteBehavior [ RunTime:0.000030s ]
INFO: [ app_init ] --END-- [ RunTime:0.000568s ]
ERR: 无法加载模块:Public

[ 2018-05-19T11:36:45+08:00 ] ::1 /szsanyi/Public/Uploads/ad/2018-05-18/5afe1ffde38bd.png
INFO: [ app_init ] --START--
INFO: Run Behavior\BuildLiteBehavior [ RunTime:0.000022s ]
INFO: [ app_init ] --END-- [ RunTime:0.000516s ]
ERR: 无法加载模块:Public

[ 2018-05-19T11:36:45+08:00 ] ::1 /szsanyi/Public/Uploads/ad/2018-05-18/5afe1fef23c2e.jpg
INFO: [ app_init ] --START--
INFO: Run Behavior\BuildLiteBehavior [ RunTime:0.000025s ]
INFO: [ app_init ] --END-- [ RunTime:0.000759s ]
ERR: 无法加载模块:Public

[ 2018-05-19T11:36:45+08:00 ] ::1 /szsanyi/Public/Uploads/ad/2018-05-18/5afe200ea6cb9.png
INFO: [ app_init ] --START--
INFO: Run Behavior\BuildLiteBehavior [ RunTime:0.000026s ]
INFO: [ app_init ] --END-- [ RunTime:0.000685s ]
ERR: 无法加载模块:Public

[ 2018-05-19T11:36:45+08:00 ] ::1 /szsanyi/Public/Uploads/ad/2018-05-18/5afe204a553df.png
INFO: [ app_init ] --START--
INFO: Run Behavior\BuildLiteBehavior [ RunTime:0.000022s ]
INFO: [ app_init ] --END-- [ RunTime:0.000615s ]
ERR: 无法加载模块:Public

[ 2018-05-19T11:36:49+08:00 ] ::1 /szsanyi/Public/Uploads/ad/2018-05-18/5afe17ae19130.jpg
INFO: [ app_init ] --START--
INFO: Run Behavior\BuildLiteBehavior [ RunTime:0.000027s ]
INFO: [ app_init ] --END-- [ RunTime:0.000776s ]
ERR: 无法加载模块:Public

[ 2018-05-19T11:36:49+08:00 ] ::1 /szsanyi/Public/Uploads/ad/2018-05-18/5afe179a7f412.jpg
INFO: [ app_init ] --START--
INFO: Run Behavior\BuildLiteBehavior [ RunTime:0.000023s ]
INFO: [ app_init ] --END-- [ RunTime:0.000695s ]
ERR: 无法加载模块:Public

[ 2018-05-19T11:36:49+08:00 ] ::1 /szsanyi/Public/Uploads/ad/2018-05-18/5afe178676197.jpg
INFO: [ app_init ] --START--
INFO: Run Behavior\BuildLiteBehavior [ RunTime:0.000023s ]
INFO: [ app_init ] --END-- [ RunTime:0.000720s ]
ERR: 无法加载模块:Public

[ 2018-05-19T11:36:49+08:00 ] ::1 /szsanyi/Public/Uploads/ad/2018-05-18/5afe1a24a4539.jpg
INFO: [ app_init ] --START--
INFO: Run Behavior\BuildLiteBehavior [ RunTime:0.000023s ]
INFO: [ app_init ] --END-- [ RunTime:0.000822s ]
ERR: 无法加载模块:Public

[ 2018-05-19T11:36:49+08:00 ] ::1 /szsanyi/Public/Uploads/ad/2018-05-18/5afe1c6169d47.jpg
INFO: [ app_init ] --START--
INFO: Run Behavior\BuildLiteBehavior [ RunTime:0.000022s ]
INFO: [ app_init ] --END-- [ RunTime:0.000898s ]
ERR: 无法加载模块:Public

[ 2018-05-19T11:36:49+08:00 ] ::1 /szsanyi/Public/Uploads/ad/2018-05-18/5afe1be009327.jpg
INFO: [ app_init ] --START--
INFO: Run Behavior\BuildLiteBehavior [ RunTime:0.000021s ]
INFO: [ app_init ] --END-- [ RunTime:0.000673s ]
ERR: 无法加载模块:Public

[ 2018-05-19T11:36:49+08:00 ] ::1 /szsanyi/Public/Uploads/ad/2018-05-18/5afe1c0419331.jpg
INFO: [ app_init ] --START--
INFO: Run Behavior\BuildLiteBehavior [ RunTime:0.000021s ]
INFO: [ app_init ] --END-- [ RunTime:0.000734s ]
ERR: 无法加载模块:Public

[ 2018-05-19T11:36:49+08:00 ] ::1 /szsanyi/Public/Uploads/ad/2018-05-18/5afe1c889953c.jpg
INFO: [ app_init ] --START--
INFO: Run Behavior\BuildLiteBehavior [ RunTime:0.000024s ]
INFO: [ app_init ] --END-- [ RunTime:0.000789s ]
ERR: 无法加载模块:Public

[ 2018-05-19T11:36:49+08:00 ] ::1 /szsanyi/Public/Uploads/ad/2018-05-18/5afe1ca6195cb.jpg
INFO: [ app_init ] --START--
INFO: Run Behavior\BuildLiteBehavior [ RunTime:0.000024s ]
INFO: [ app_init ] --END-- [ RunTime:0.000822s ]
ERR: 无法加载模块:Public

[ 2018-05-19T11:36:49+08:00 ] ::1 /szsanyi/Public/Uploads/ad/2018-05-18/5afe1cc25bd0b.jpg
INFO: [ app_init ] --START--
INFO: Run Behavior\BuildLiteBehavior [ RunTime:0.000022s ]
INFO: [ app_init ] --END-- [ RunTime:0.000534s ]
ERR: 无法加载模块:Public

[ 2018-05-19T11:36:49+08:00 ] ::1 /szsanyi/Public/Uploads/ad/2018-05-18/5afe1fbe521eb.jpg
INFO: [ app_init ] --START--
INFO: Run Behavior\BuildLiteBehavior [ RunTime:0.000025s ]
INFO: [ app_init ] --END-- [ RunTime:0.000685s ]
ERR: 无法加载模块:Public

[ 2018-05-19T11:36:49+08:00 ] ::1 /szsanyi/Public/Uploads/ad/2018-05-18/5afe1fde2336b.jpg
INFO: [ app_init ] --START--
INFO: Run Behavior\BuildLiteBehavior [ RunTime:0.000028s ]
INFO: [ app_init ] --END-- [ RunTime:0.000681s ]
ERR: 无法加载模块:Public

[ 2018-05-19T11:36:49+08:00 ] ::1 /szsanyi/Public/Uploads/ad/2018-05-18/5afe200ea6cb9.png
INFO: [ app_init ] --START--
INFO: Run Behavior\BuildLiteBehavior [ RunTime:0.000023s ]
INFO: [ app_init ] --END-- [ RunTime:0.000516s ]
ERR: 无法加载模块:Public

[ 2018-05-19T11:36:49+08:00 ] ::1 /szsanyi/Public/Uploads/ad/2018-05-18/5afe1ffde38bd.png
INFO: [ app_init ] --START--
INFO: Run Behavior\BuildLiteBehavior [ RunTime:0.000022s ]
INFO: [ app_init ] --END-- [ RunTime:0.000543s ]
ERR: 无法加载模块:Public

[ 2018-05-19T11:36:49+08:00 ] ::1 /szsanyi/Public/Uploads/ad/2018-05-18/5afe204a553df.png
INFO: [ app_init ] --START--
INFO: Run Behavior\BuildLiteBehavior [ RunTime:0.000028s ]
INFO: [ app_init ] --END-- [ RunTime:0.000696s ]
ERR: 无法加载模块:Public

[ 2018-05-19T11:36:49+08:00 ] ::1 /szsanyi/Public/Uploads/ad/2018-05-18/5afe1fef23c2e.jpg
INFO: [ app_init ] --START--
INFO: Run Behavior\BuildLiteBehavior [ RunTime:0.000021s ]
INFO: [ app_init ] --END-- [ RunTime:0.000513s ]
ERR: 无法加载模块:Public

[ 2018-05-19T11:36:49+08:00 ] ::1 /szsanyi/Public/Uploads/ad/2018-05-18/5afe1da51e6f4.jpg
INFO: [ app_init ] --START--
INFO: Run Behavior\BuildLiteBehavior [ RunTime:0.000025s ]
INFO: [ app_init ] --END-- [ RunTime:0.000818s ]
ERR: 无法加载模块:Public

[ 2018-05-19T11:36:49+08:00 ] ::1 /szsanyi/Public/Uploads/ad/2018-05-18/5afe1fcfca547.jpg
INFO: [ app_init ] --START--
INFO: Run Behavior\BuildLiteBehavior [ RunTime:0.000022s ]
INFO: [ app_init ] --END-- [ RunTime:0.000993s ]
ERR: 无法加载模块:Public

[ 2018-05-19T11:36:54+08:00 ] ::1 /szsanyi/Public/Uploads/ad/2018-05-18/5afe179a7f412.jpg
INFO: [ app_init ] --START--
INFO: Run Behavior\BuildLiteBehavior [ RunTime:0.000024s ]
INFO: [ app_init ] --END-- [ RunTime:0.000630s ]
ERR: 无法加载模块:Public

[ 2018-05-19T11:36:54+08:00 ] ::1 /szsanyi/Public/Uploads/ad/2018-05-18/5afe1a24a4539.jpg
INFO: [ app_init ] --START--
INFO: Run Behavior\BuildLiteBehavior [ RunTime:0.000039s ]
INFO: [ app_init ] --END-- [ RunTime:0.000607s ]
ERR: 无法加载模块:Public

[ 2018-05-19T11:36:54+08:00 ] ::1 /szsanyi/Public/Uploads/ad/2018-05-18/5afe178676197.jpg
INFO: [ app_init ] --START--
INFO: Run Behavior\BuildLiteBehavior [ RunTime:0.000024s ]
INFO: [ app_init ] --END-- [ RunTime:0.000557s ]
ERR: 无法加载模块:Public

[ 2018-05-19T11:36:54+08:00 ] ::1 /szsanyi/Public/Uploads/ad/2018-05-18/5afe1be009327.jpg
INFO: [ app_init ] --START--
INFO: Run Behavior\BuildLiteBehavior [ RunTime:0.000023s ]
INFO: [ app_init ] --END-- [ RunTime:0.000712s ]
ERR: 无法加载模块:Public

[ 2018-05-19T11:36:54+08:00 ] ::1 /szsanyi/Public/Uploads/ad/2018-05-18/5afe1c0419331.jpg
INFO: [ app_init ] --START--
INFO: Run Behavior\BuildLiteBehavior [ RunTime:0.000023s ]
INFO: [ app_init ] --END-- [ RunTime:0.000574s ]
ERR: 无法加载模块:Public

[ 2018-05-19T11:36:54+08:00 ] ::1 /szsanyi/Public/Uploads/ad/2018-05-18/5afe1c6169d47.jpg
INFO: [ app_init ] --START--
INFO: Run Behavior\BuildLiteBehavior [ RunTime:0.000023s ]
INFO: [ app_init ] --END-- [ RunTime:0.000554s ]
ERR: 无法加载模块:Public

[ 2018-05-19T11:36:54+08:00 ] ::1 /szsanyi/Public/Uploads/ad/2018-05-18/5afe1c889953c.jpg
INFO: [ app_init ] --START--
INFO: Run Behavior\BuildLiteBehavior [ RunTime:0.000038s ]
INFO: [ app_init ] --END-- [ RunTime:0.000674s ]
ERR: 无法加载模块:Public

[ 2018-05-19T11:36:54+08:00 ] ::1 /szsanyi/Public/Uploads/ad/2018-05-18/5afe1ca6195cb.jpg
INFO: [ app_init ] --START--
INFO: Run Behavior\BuildLiteBehavior [ RunTime:0.000022s ]
INFO: [ app_init ] --END-- [ RunTime:0.000602s ]
ERR: 无法加载模块:Public

[ 2018-05-19T11:36:54+08:00 ] ::1 /szsanyi/Public/Uploads/ad/2018-05-18/5afe1cc25bd0b.jpg
INFO: [ app_init ] --START--
INFO: Run Behavior\BuildLiteBehavior [ RunTime:0.000021s ]
INFO: [ app_init ] --END-- [ RunTime:0.000625s ]
ERR: 无法加载模块:Public

[ 2018-05-19T11:36:54+08:00 ] ::1 /szsanyi/Public/Uploads/ad/2018-05-18/5afe1da51e6f4.jpg
INFO: [ app_init ] --START--
INFO: Run Behavior\BuildLiteBehavior [ RunTime:0.000025s ]
INFO: [ app_init ] --END-- [ RunTime:0.000640s ]
ERR: 无法加载模块:Public

[ 2018-05-19T11:36:54+08:00 ] ::1 /szsanyi/Public/Uploads/ad/2018-05-18/5afe1fcfca547.jpg
INFO: [ app_init ] --START--
INFO: Run Behavior\BuildLiteBehavior [ RunTime:0.000032s ]
INFO: [ app_init ] --END-- [ RunTime:0.000555s ]
ERR: 无法加载模块:Public

[ 2018-05-19T11:36:54+08:00 ] ::1 /szsanyi/Public/Uploads/ad/2018-05-18/5afe1ffde38bd.png
INFO: [ app_init ] --START--
INFO: Run Behavior\BuildLiteBehavior [ RunTime:0.000023s ]
INFO: [ app_init ] --END-- [ RunTime:0.000554s ]
ERR: 无法加载模块:Public

[ 2018-05-19T11:36:54+08:00 ] ::1 /szsanyi/Public/Uploads/ad/2018-05-18/5afe1fef23c2e.jpg
INFO: [ app_init ] --START--
INFO: Run Behavior\BuildLiteBehavior [ RunTime:0.000021s ]
INFO: [ app_init ] --END-- [ RunTime:0.000541s ]
ERR: 无法加载模块:Public

[ 2018-05-19T11:36:54+08:00 ] ::1 /szsanyi/Public/Uploads/ad/2018-05-18/5afe1fde2336b.jpg
INFO: [ app_init ] --START--
INFO: Run Behavior\BuildLiteBehavior [ RunTime:0.000024s ]
INFO: [ app_init ] --END-- [ RunTime:0.000623s ]
ERR: 无法加载模块:Public

[ 2018-05-19T11:36:54+08:00 ] ::1 /szsanyi/Public/Uploads/ad/2018-05-18/5afe17ae19130.jpg
INFO: [ app_init ] --START--
INFO: Run Behavior\BuildLiteBehavior [ RunTime:0.000024s ]
INFO: [ app_init ] --END-- [ RunTime:0.000596s ]
ERR: 无法加载模块:Public

[ 2018-05-19T11:36:54+08:00 ] ::1 /szsanyi/Public/Uploads/ad/2018-05-18/5afe200ea6cb9.png
INFO: [ app_init ] --START--
INFO: Run Behavior\BuildLiteBehavior [ RunTime:0.000023s ]
INFO: [ app_init ] --END-- [ RunTime:0.000698s ]
ERR: 无法加载模块:Public

[ 2018-05-19T11:36:54+08:00 ] ::1 /szsanyi/Public/Uploads/ad/2018-05-18/5afe204a553df.png
INFO: [ app_init ] --START--
INFO: Run Behavior\BuildLiteBehavior [ RunTime:0.000027s ]
INFO: [ app_init ] --END-- [ RunTime:0.000799s ]
ERR: 无法加载模块:Public

[ 2018-05-19T11:36:54+08:00 ] ::1 /szsanyi/Public/Uploads/ad/2018-05-18/5afe1fbe521eb.jpg
INFO: [ app_init ] --START--
INFO: Run Behavior\BuildLiteBehavior [ RunTime:0.000027s ]
INFO: [ app_init ] --END-- [ RunTime:0.000603s ]
ERR: 无法加载模块:Public

[ 2018-05-19T11:37:07+08:00 ] ::1 /szsanyi/Public/Uploads/ad/2018-05-18/5afe17ae19130.jpg
INFO: [ app_init ] --START--
INFO: Run Behavior\BuildLiteBehavior [ RunTime:0.000025s ]
INFO: [ app_init ] --END-- [ RunTime:0.000642s ]
ERR: 无法加载模块:Public

[ 2018-05-19T11:37:07+08:00 ] ::1 /szsanyi/Public/Uploads/ad/2018-05-18/5afe1be009327.jpg
INFO: [ app_init ] --START--
INFO: Run Behavior\BuildLiteBehavior [ RunTime:0.000023s ]
INFO: [ app_init ] --END-- [ RunTime:0.000516s ]
ERR: 无法加载模块:Public

[ 2018-05-19T11:37:07+08:00 ] ::1 /szsanyi/Public/Uploads/ad/2018-05-18/5afe1c6169d47.jpg
INFO: [ app_init ] --START--
INFO: Run Behavior\BuildLiteBehavior [ RunTime:0.000024s ]
INFO: [ app_init ] --END-- [ RunTime:0.000651s ]
ERR: 无法加载模块:Public

[ 2018-05-19T11:37:07+08:00 ] ::1 /szsanyi/Public/Uploads/ad/2018-05-18/5afe1a24a4539.jpg
INFO: [ app_init ] --START--
INFO: Run Behavior\BuildLiteBehavior [ RunTime:0.000023s ]
INFO: [ app_init ] --END-- [ RunTime:0.000530s ]
ERR: 无法加载模块:Public

[ 2018-05-19T11:37:07+08:00 ] ::1 /szsanyi/Public/Uploads/ad/2018-05-18/5afe178676197.jpg
INFO: [ app_init ] --START--
INFO: Run Behavior\BuildLiteBehavior [ RunTime:0.000024s ]
INFO: [ app_init ] --END-- [ RunTime:0.000774s ]
ERR: 无法加载模块:Public

[ 2018-05-19T11:37:07+08:00 ] ::1 /szsanyi/Public/Uploads/ad/2018-05-18/5afe1ca6195cb.jpg
INFO: [ app_init ] --START--
INFO: Run Behavior\BuildLiteBehavior [ RunTime:0.000022s ]
INFO: [ app_init ] --END-- [ RunTime:0.000538s ]
ERR: 无法加载模块:Public

[ 2018-05-19T11:37:07+08:00 ] ::1 /szsanyi/Public/Uploads/ad/2018-05-18/5afe1c889953c.jpg
INFO: [ app_init ] --START--
INFO: Run Behavior\BuildLiteBehavior [ RunTime:0.000023s ]
INFO: [ app_init ] --END-- [ RunTime:0.000514s ]
ERR: 无法加载模块:Public

[ 2018-05-19T11:37:07+08:00 ] ::1 /szsanyi/Public/Uploads/ad/2018-05-18/5afe1cc25bd0b.jpg
INFO: [ app_init ] --START--
INFO: Run Behavior\BuildLiteBehavior [ RunTime:0.000023s ]
INFO: [ app_init ] --END-- [ RunTime:0.000588s ]
ERR: 无法加载模块:Public

[ 2018-05-19T11:37:07+08:00 ] ::1 /szsanyi/Public/Uploads/ad/2018-05-18/5afe1fbe521eb.jpg
INFO: [ app_init ] --START--
INFO: Run Behavior\BuildLiteBehavior [ RunTime:0.000026s ]
INFO: [ app_init ] --END-- [ RunTime:0.000541s ]
ERR: 无法加载模块:Public

[ 2018-05-19T11:37:07+08:00 ] ::1 /szsanyi/Public/Uploads/ad/2018-05-18/5afe179a7f412.jpg
INFO: [ app_init ] --START--
INFO: Run Behavior\BuildLiteBehavior [ RunTime:0.000026s ]
INFO: [ app_init ] --END-- [ RunTime:0.000619s ]
ERR: 无法加载模块:Public

[ 2018-05-19T11:37:07+08:00 ] ::1 /szsanyi/Public/Uploads/ad/2018-05-18/5afe1fde2336b.jpg
INFO: [ app_init ] --START--
INFO: Run Behavior\BuildLiteBehavior [ RunTime:0.000024s ]
INFO: [ app_init ] --END-- [ RunTime:0.000541s ]
ERR: 无法加载模块:Public

[ 2018-05-19T11:37:07+08:00 ] ::1 /szsanyi/Public/Uploads/ad/2018-05-18/5afe1fef23c2e.jpg
INFO: [ app_init ] --START--
INFO: Run Behavior\BuildLiteBehavior [ RunTime:0.000024s ]
INFO: [ app_init ] --END-- [ RunTime:0.000542s ]
ERR: 无法加载模块:Public

[ 2018-05-19T11:37:07+08:00 ] ::1 /szsanyi/Public/Uploads/ad/2018-05-18/5afe1da51e6f4.jpg
INFO: [ app_init ] --START--
INFO: Run Behavior\BuildLiteBehavior [ RunTime:0.000030s ]
INFO: [ app_init ] --END-- [ RunTime:0.000815s ]
ERR: 无法加载模块:Public

[ 2018-05-19T11:37:07+08:00 ] ::1 /szsanyi/Public/Uploads/ad/2018-05-18/5afe1ffde38bd.png
INFO: [ app_init ] --START--
INFO: Run Behavior\BuildLiteBehavior [ RunTime:0.000021s ]
INFO: [ app_init ] --END-- [ RunTime:0.000530s ]
ERR: 无法加载模块:Public

[ 2018-05-19T11:37:07+08:00 ] ::1 /szsanyi/Public/Uploads/ad/2018-05-18/5afe200ea6cb9.png
INFO: [ app_init ] --START--
INFO: Run Behavior\BuildLiteBehavior [ RunTime:0.000027s ]
INFO: [ app_init ] --END-- [ RunTime:0.000671s ]
ERR: 无法加载模块:Public

[ 2018-05-19T11:37:07+08:00 ] ::1 /szsanyi/Public/Uploads/ad/2018-05-18/5afe1fcfca547.jpg
INFO: [ app_init ] --START--
INFO: Run Behavior\BuildLiteBehavior [ RunTime:0.000027s ]
INFO: [ app_init ] --END-- [ RunTime:0.001280s ]
ERR: 无法加载模块:Public

[ 2018-05-19T11:37:07+08:00 ] ::1 /szsanyi/Public/Uploads/ad/2018-05-18/5afe1c0419331.jpg
INFO: [ app_init ] --START--
INFO: Run Behavior\BuildLiteBehavior [ RunTime:0.000026s ]
INFO: [ app_init ] --END-- [ RunTime:0.000774s ]
ERR: 无法加载模块:Public

[ 2018-05-19T11:37:07+08:00 ] ::1 /szsanyi/Public/Uploads/ad/2018-05-18/5afe204a553df.png
INFO: [ app_init ] --START--
INFO: Run Behavior\BuildLiteBehavior [ RunTime:0.000023s ]
INFO: [ app_init ] --END-- [ RunTime:0.000614s ]
ERR: 无法加载模块:Public

[ 2018-05-19T11:38:32+08:00 ] ::1 /szsanyi/Public/Uploads/ad/2018-05-18/5afe17ae19130.jpg
INFO: [ app_init ] --START--
INFO: Run Behavior\BuildLiteBehavior [ RunTime:0.000023s ]
INFO: [ app_init ] --END-- [ RunTime:0.000620s ]
ERR: 无法加载模块:Public

[ 2018-05-19T11:38:32+08:00 ] ::1 /szsanyi/Public/Uploads/ad/2018-05-18/5afe179a7f412.jpg
INFO: [ app_init ] --START--
INFO: Run Behavior\BuildLiteBehavior [ RunTime:0.000022s ]
INFO: [ app_init ] --END-- [ RunTime:0.000518s ]
ERR: 无法加载模块:Public

[ 2018-05-19T11:38:32+08:00 ] ::1 /szsanyi/Public/Uploads/ad/2018-05-18/5afe178676197.jpg
INFO: [ app_init ] --START--
INFO: Run Behavior\BuildLiteBehavior [ RunTime:0.000024s ]
INFO: [ app_init ] --END-- [ RunTime:0.000537s ]
ERR: 无法加载模块:Public

[ 2018-05-19T11:38:32+08:00 ] ::1 /szsanyi/Public/Uploads/ad/2018-05-18/5afe1be009327.jpg
INFO: [ app_init ] --START--
INFO: Run Behavior\BuildLiteBehavior [ RunTime:0.000023s ]
INFO: [ app_init ] --END-- [ RunTime:0.000601s ]
ERR: 无法加载模块:Public

[ 2018-05-19T11:38:32+08:00 ] ::1 /szsanyi/Public/Uploads/ad/2018-05-18/5afe1c889953c.jpg
INFO: [ app_init ] --START--
INFO: Run Behavior\BuildLiteBehavior [ RunTime:0.000026s ]
INFO: [ app_init ] --END-- [ RunTime:0.001725s ]
ERR: 无法加载模块:Public

[ 2018-05-19T11:38:32+08:00 ] ::1 /szsanyi/Public/Uploads/ad/2018-05-18/5afe1ca6195cb.jpg
INFO: [ app_init ] --START--
INFO: Run Behavior\BuildLiteBehavior [ RunTime:0.000036s ]
INFO: [ app_init ] --END-- [ RunTime:0.000673s ]
ERR: 无法加载模块:Public

[ 2018-05-19T11:38:32+08:00 ] ::1 /szsanyi/Public/Uploads/ad/2018-05-18/5afe1fbe521eb.jpg
INFO: [ app_init ] --START--
INFO: Run Behavior\BuildLiteBehavior [ RunTime:0.000023s ]
INFO: [ app_init ] --END-- [ RunTime:0.000543s ]
ERR: 无法加载模块:Public

[ 2018-05-19T11:38:32+08:00 ] ::1 /szsanyi/Public/Uploads/ad/2018-05-18/5afe1a24a4539.jpg
INFO: [ app_init ] --START--
INFO: Run Behavior\BuildLiteBehavior [ RunTime:0.000024s ]
INFO: [ app_init ] --END-- [ RunTime:0.000725s ]
ERR: 无法加载模块:Public

[ 2018-05-19T11:38:32+08:00 ] ::1 /szsanyi/Public/Uploads/ad/2018-05-18/5afe1c0419331.jpg
INFO: [ app_init ] --START--
INFO: Run Behavior\BuildLiteBehavior [ RunTime:0.000023s ]
INFO: [ app_init ] --END-- [ RunTime:0.002986s ]
ERR: 无法加载模块:Public

[ 2018-05-19T11:38:32+08:00 ] ::1 /szsanyi/Public/Uploads/ad/2018-05-18/5afe1c6169d47.jpg
INFO: [ app_init ] --START--
INFO: Run Behavior\BuildLiteBehavior [ RunTime:0.000040s ]
INFO: [ app_init ] --END-- [ RunTime:0.001282s ]
ERR: 无法加载模块:Public

[ 2018-05-19T11:38:32+08:00 ] ::1 /szsanyi/Public/Uploads/ad/2018-05-18/5afe1fcfca547.jpg
INFO: [ app_init ] --START--
INFO: Run Behavior\BuildLiteBehavior [ RunTime:0.000024s ]
INFO: [ app_init ] --END-- [ RunTime:0.000553s ]
ERR: 无法加载模块:Public

[ 2018-05-19T11:38:32+08:00 ] ::1 /szsanyi/Public/Uploads/ad/2018-05-18/5afe1fde2336b.jpg
INFO: [ app_init ] --START--
INFO: Run Behavior\BuildLiteBehavior [ RunTime:0.000025s ]
INFO: [ app_init ] --END-- [ RunTime:0.001201s ]
ERR: 无法加载模块:Public

[ 2018-05-19T11:38:32+08:00 ] ::1 /szsanyi/Public/Uploads/ad/2018-05-18/5afe1ffde38bd.png
INFO: [ app_init ] --START--
INFO: Run Behavior\BuildLiteBehavior [ RunTime:0.000024s ]
INFO: [ app_init ] --END-- [ RunTime:0.000538s ]
ERR: 无法加载模块:Public

[ 2018-05-19T11:38:32+08:00 ] ::1 /szsanyi/Public/Uploads/ad/2018-05-18/5afe200ea6cb9.png
INFO: [ app_init ] --START--
INFO: Run Behavior\BuildLiteBehavior [ RunTime:0.000024s ]
INFO: [ app_init ] --END-- [ RunTime:0.000667s ]
ERR: 无法加载模块:Public

[ 2018-05-19T11:38:32+08:00 ] ::1 /szsanyi/Public/Uploads/ad/2018-05-18/5afe1fef23c2e.jpg
INFO: [ app_init ] --START--
INFO: Run Behavior\BuildLiteBehavior [ RunTime:0.000055s ]
INFO: [ app_init ] --END-- [ RunTime:0.004717s ]
ERR: 无法加载模块:Public

[ 2018-05-19T11:38:32+08:00 ] ::1 /szsanyi/Public/Uploads/ad/2018-05-18/5afe1cc25bd0b.jpg
INFO: [ app_init ] --START--
INFO: Run Behavior\BuildLiteBehavior [ RunTime:0.000059s ]
INFO: [ app_init ] --END-- [ RunTime:0.001181s ]
ERR: 无法加载模块:Public

[ 2018-05-19T11:38:32+08:00 ] ::1 /szsanyi/Public/Uploads/ad/2018-05-18/5afe204a553df.png
INFO: [ app_init ] --START--
INFO: Run Behavior\BuildLiteBehavior [ RunTime:0.000029s ]
INFO: [ app_init ] --END-- [ RunTime:0.000675s ]
ERR: 无法加载模块:Public

[ 2018-05-19T11:38:32+08:00 ] ::1 /szsanyi/Public/Uploads/ad/2018-05-18/5afe1da51e6f4.jpg
INFO: [ app_init ] --START--
INFO: Run Behavior\BuildLiteBehavior [ RunTime:0.000035s ]
INFO: [ app_init ] --END-- [ RunTime:0.010373s ]
ERR: 无法加载模块:Public

[ 2018-05-19T11:38:42+08:00 ] ::1 /szsanyi/Public/Uploads/ad/2018-05-18/5afe17ae19130.jpg
INFO: [ app_init ] --START--
INFO: Run Behavior\BuildLiteBehavior [ RunTime:0.000023s ]
INFO: [ app_init ] --END-- [ RunTime:0.000591s ]
ERR: 无法加载模块:Public

[ 2018-05-19T11:38:42+08:00 ] ::1 /szsanyi/Public/Uploads/ad/2018-05-18/5afe178676197.jpg
INFO: [ app_init ] --START--
INFO: Run Behavior\BuildLiteBehavior [ RunTime:0.000031s ]
INFO: [ app_init ] --END-- [ RunTime:0.000946s ]
ERR: 无法加载模块:Public

[ 2018-05-19T11:38:42+08:00 ] ::1 /szsanyi/Public/Uploads/ad/2018-05-18/5afe1c0419331.jpg
INFO: [ app_init ] --START--
INFO: Run Behavior\BuildLiteBehavior [ RunTime:0.000040s ]
INFO: [ app_init ] --END-- [ RunTime:0.001051s ]
ERR: 无法加载模块:Public

[ 2018-05-19T11:38:42+08:00 ] ::1 /szsanyi/Public/Uploads/ad/2018-05-18/5afe179a7f412.jpg
INFO: [ app_init ] --START--
INFO: Run Behavior\BuildLiteBehavior [ RunTime:0.000024s ]
INFO: [ app_init ] --END-- [ RunTime:0.000668s ]
ERR: 无法加载模块:Public

[ 2018-05-19T11:38:42+08:00 ] ::1 /szsanyi/Public/Uploads/ad/2018-05-18/5afe1c6169d47.jpg
INFO: [ app_init ] --START--
INFO: Run Behavior\BuildLiteBehavior [ RunTime:0.000026s ]
INFO: [ app_init ] --END-- [ RunTime:0.000656s ]
ERR: 无法加载模块:Public

[ 2018-05-19T11:38:42+08:00 ] ::1 /szsanyi/Public/Uploads/ad/2018-05-18/5afe1cc25bd0b.jpg
INFO: [ app_init ] --START--
INFO: Run Behavior\BuildLiteBehavior [ RunTime:0.000024s ]
INFO: [ app_init ] --END-- [ RunTime:0.000576s ]
ERR: 无法加载模块:Public

[ 2018-05-19T11:38:42+08:00 ] ::1 /szsanyi/Public/Uploads/ad/2018-05-18/5afe1c889953c.jpg
INFO: [ app_init ] --START--
INFO: Run Behavior\BuildLiteBehavior [ RunTime:0.000024s ]
INFO: [ app_init ] --END-- [ RunTime:0.000631s ]
ERR: 无法加载模块:Public

[ 2018-05-19T11:38:43+08:00 ] ::1 /szsanyi/Public/Uploads/ad/2018-05-18/5afe1ca6195cb.jpg
INFO: [ app_init ] --START--
INFO: Run Behavior\BuildLiteBehavior [ RunTime:0.000029s ]
INFO: [ app_init ] --END-- [ RunTime:0.001544s ]
ERR: 无法加载模块:Public

[ 2018-05-19T11:38:43+08:00 ] ::1 /szsanyi/Public/Uploads/ad/2018-05-18/5afe1da51e6f4.jpg
INFO: [ app_init ] --START--
INFO: Run Behavior\BuildLiteBehavior [ RunTime:0.000024s ]
INFO: [ app_init ] --END-- [ RunTime:0.000541s ]
ERR: 无法加载模块:Public

[ 2018-05-19T11:38:43+08:00 ] ::1 /szsanyi/Public/Uploads/ad/2018-05-18/5afe1fbe521eb.jpg
INFO: [ app_init ] --START--
INFO: Run Behavior\BuildLiteBehavior [ RunTime:0.000024s ]
INFO: [ app_init ] --END-- [ RunTime:0.000735s ]
ERR: 无法加载模块:Public

[ 2018-05-19T11:38:43+08:00 ] ::1 /szsanyi/Public/Uploads/ad/2018-05-18/5afe1fcfca547.jpg
INFO: [ app_init ] --START--
INFO: Run Behavior\BuildLiteBehavior [ RunTime:0.000048s ]
INFO: [ app_init ] --END-- [ RunTime:0.000831s ]
ERR: 无法加载模块:Public

[ 2018-05-19T11:38:43+08:00 ] ::1 /szsanyi/Public/Uploads/ad/2018-05-18/5afe1fde2336b.jpg
INFO: [ app_init ] --START--
INFO: Run Behavior\BuildLiteBehavior [ RunTime:0.000023s ]
INFO: [ app_init ] --END-- [ RunTime:0.000540s ]
ERR: 无法加载模块:Public

[ 2018-05-19T11:38:43+08:00 ] ::1 /szsanyi/Public/Uploads/ad/2018-05-18/5afe1fef23c2e.jpg
INFO: [ app_init ] --START--
INFO: Run Behavior\BuildLiteBehavior [ RunTime:0.000022s ]
INFO: [ app_init ] --END-- [ RunTime:0.000519s ]
ERR: 无法加载模块:Public

[ 2018-05-19T11:38:43+08:00 ] ::1 /szsanyi/Public/Uploads/ad/2018-05-18/5afe200ea6cb9.png
INFO: [ app_init ] --START--
INFO: Run Behavior\BuildLiteBehavior [ RunTime:0.000024s ]
INFO: [ app_init ] --END-- [ RunTime:0.000508s ]
ERR: 无法加载模块:Public

[ 2018-05-19T11:38:43+08:00 ] ::1 /szsanyi/Public/Uploads/ad/2018-05-18/5afe1a24a4539.jpg
INFO: [ app_init ] --START--
INFO: Run Behavior\BuildLiteBehavior [ RunTime:0.000023s ]
INFO: [ app_init ] --END-- [ RunTime:0.000633s ]
ERR: 无法加载模块:Public

[ 2018-05-19T11:38:43+08:00 ] ::1 /szsanyi/Public/Uploads/ad/2018-05-18/5afe1be009327.jpg
INFO: [ app_init ] --START--
INFO: Run Behavior\BuildLiteBehavior [ RunTime:0.000025s ]
INFO: [ app_init ] --END-- [ RunTime:0.000553s ]
ERR: 无法加载模块:Public

[ 2018-05-19T11:38:43+08:00 ] ::1 /szsanyi/Public/Uploads/ad/2018-05-18/5afe204a553df.png
INFO: [ app_init ] --START--
INFO: Run Behavior\BuildLiteBehavior [ RunTime:0.000030s ]
INFO: [ app_init ] --END-- [ RunTime:0.001085s ]
ERR: 无法加载模块:Public

[ 2018-05-19T11:38:43+08:00 ] ::1 /szsanyi/Public/Uploads/ad/2018-05-18/5afe1ffde38bd.png
INFO: [ app_init ] --START--
INFO: Run Behavior\BuildLiteBehavior [ RunTime:0.000028s ]
INFO: [ app_init ] --END-- [ RunTime:0.000764s ]
ERR: 无法加载模块:Public

[ 2018-05-19T11:42:56+08:00 ] ::1 /szsanyi/Public/Uploads/ad/2018-05-18/5afe17ae19130.jpg
INFO: [ app_init ] --START--
INFO: Run Behavior\BuildLiteBehavior [ RunTime:0.000024s ]
INFO: [ app_init ] --END-- [ RunTime:0.000659s ]
ERR: 无法加载模块:Public

[ 2018-05-19T11:42:56+08:00 ] ::1 /szsanyi/Public/Uploads/ad/2018-05-18/5afe179a7f412.jpg
INFO: [ app_init ] --START--
INFO: Run Behavior\BuildLiteBehavior [ RunTime:0.000024s ]
INFO: [ app_init ] --END-- [ RunTime:0.000555s ]
ERR: 无法加载模块:Public

[ 2018-05-19T11:42:56+08:00 ] ::1 /szsanyi/Public/Uploads/ad/2018-05-18/5afe178676197.jpg
INFO: [ app_init ] --START--
INFO: Run Behavior\BuildLiteBehavior [ RunTime:0.000025s ]
INFO: [ app_init ] --END-- [ RunTime:0.001074s ]
ERR: 无法加载模块:Public

[ 2018-05-19T11:42:56+08:00 ] ::1 /szsanyi/Public/Uploads/ad/2018-05-18/5afe1be009327.jpg
INFO: [ app_init ] --START--
INFO: Run Behavior\BuildLiteBehavior [ RunTime:0.000020s ]
INFO: [ app_init ] --END-- [ RunTime:0.000540s ]
ERR: 无法加载模块:Public

[ 2018-05-19T11:42:56+08:00 ] ::1 /szsanyi/Public/Uploads/ad/2018-05-18/5afe1c6169d47.jpg
INFO: [ app_init ] --START--
INFO: Run Behavior\BuildLiteBehavior [ RunTime:0.000025s ]
INFO: [ app_init ] --END-- [ RunTime:0.000726s ]
ERR: 无法加载模块:Public

[ 2018-05-19T11:42:56+08:00 ] ::1 /szsanyi/Public/Uploads/ad/2018-05-18/5afe1c889953c.jpg
INFO: [ app_init ] --START--
INFO: Run Behavior\BuildLiteBehavior [ RunTime:0.000024s ]
INFO: [ app_init ] --END-- [ RunTime:0.000528s ]
ERR: 无法加载模块:Public

[ 2018-05-19T11:42:56+08:00 ] ::1 /szsanyi/Public/Uploads/ad/2018-05-18/5afe1cc25bd0b.jpg
INFO: [ app_init ] --START--
INFO: Run Behavior\BuildLiteBehavior [ RunTime:0.000025s ]
INFO: [ app_init ] --END-- [ RunTime:0.000574s ]
ERR: 无法加载模块:Public

[ 2018-05-19T11:42:56+08:00 ] ::1 /szsanyi/Public/Uploads/ad/2018-05-18/5afe1da51e6f4.jpg
INFO: [ app_init ] --START--
INFO: Run Behavior\BuildLiteBehavior [ RunTime:0.000024s ]
INFO: [ app_init ] --END-- [ RunTime:0.000552s ]
ERR: 无法加载模块:Public

[ 2018-05-19T11:42:56+08:00 ] ::1 /szsanyi/Public/Uploads/ad/2018-05-18/5afe1fbe521eb.jpg
INFO: [ app_init ] --START--
INFO: Run Behavior\BuildLiteBehavior [ RunTime:0.000023s ]
INFO: [ app_init ] --END-- [ RunTime:0.000579s ]
ERR: 无法加载模块:Public

[ 2018-05-19T11:42:56+08:00 ] ::1 /szsanyi/Public/Uploads/ad/2018-05-18/5afe1fcfca547.jpg
INFO: [ app_init ] --START--
INFO: Run Behavior\BuildLiteBehavior [ RunTime:0.000024s ]
INFO: [ app_init ] --END-- [ RunTime:0.000616s ]
ERR: 无法加载模块:Public

[ 2018-05-19T11:42:56+08:00 ] ::1 /szsanyi/Public/Uploads/ad/2018-05-18/5afe1fde2336b.jpg
INFO: [ app_init ] --START--
INFO: Run Behavior\BuildLiteBehavior [ RunTime:0.000023s ]
INFO: [ app_init ] --END-- [ RunTime:0.000515s ]
ERR: 无法加载模块:Public

[ 2018-05-19T11:42:56+08:00 ] ::1 /szsanyi/Public/Uploads/ad/2018-05-18/5afe1fef23c2e.jpg
INFO: [ app_init ] --START--
INFO: Run Behavior\BuildLiteBehavior [ RunTime:0.000041s ]
INFO: [ app_init ] --END-- [ RunTime:0.000628s ]
ERR: 无法加载模块:Public

[ 2018-05-19T11:42:56+08:00 ] ::1 /szsanyi/Public/Uploads/ad/2018-05-18/5afe1ffde38bd.png
INFO: [ app_init ] --START--
INFO: Run Behavior\BuildLiteBehavior [ RunTime:0.000023s ]
INFO: [ app_init ] --END-- [ RunTime:0.000598s ]
ERR: 无法加载模块:Public

[ 2018-05-19T11:42:56+08:00 ] ::1 /szsanyi/Public/Uploads/ad/2018-05-18/5afe200ea6cb9.png
INFO: [ app_init ] --START--
INFO: Run Behavior\BuildLiteBehavior [ RunTime:0.000027s ]
INFO: [ app_init ] --END-- [ RunTime:0.000786s ]
ERR: 无法加载模块:Public

[ 2018-05-19T11:42:56+08:00 ] ::1 /szsanyi/Public/Uploads/ad/2018-05-18/5afe1c0419331.jpg
INFO: [ app_init ] --START--
INFO: Run Behavior\BuildLiteBehavior [ RunTime:0.000028s ]
INFO: [ app_init ] --END-- [ RunTime:0.000613s ]
ERR: 无法加载模块:Public

[ 2018-05-19T11:42:56+08:00 ] ::1 /szsanyi/Public/Uploads/ad/2018-05-18/5afe1ca6195cb.jpg
INFO: [ app_init ] --START--
INFO: Run Behavior\BuildLiteBehavior [ RunTime:0.000025s ]
INFO: [ app_init ] --END-- [ RunTime:0.001147s ]
ERR: 无法加载模块:Public

[ 2018-05-19T11:42:56+08:00 ] ::1 /szsanyi/Public/Uploads/ad/2018-05-18/5afe204a553df.png
INFO: [ app_init ] --START--
INFO: Run Behavior\BuildLiteBehavior [ RunTime:0.000025s ]
INFO: [ app_init ] --END-- [ RunTime:0.000720s ]
ERR: 无法加载模块:Public

[ 2018-05-19T11:42:56+08:00 ] ::1 /szsanyi/Public/Uploads/ad/2018-05-18/5afe1a24a4539.jpg
INFO: [ app_init ] --START--
INFO: Run Behavior\BuildLiteBehavior [ RunTime:0.000029s ]
INFO: [ app_init ] --END-- [ RunTime:0.001307s ]
ERR: 无法加载模块:Public

[ 2018-05-19T11:43:01+08:00 ] ::1 /szsanyi/Public/Uploads/ad/2018-05-18/5afe178676197.jpg
INFO: [ app_init ] --START--
INFO: Run Behavior\BuildLiteBehavior [ RunTime:0.000026s ]
INFO: [ app_init ] --END-- [ RunTime:0.000854s ]
ERR: 无法加载模块:Public

[ 2018-05-19T11:43:01+08:00 ] ::1 /szsanyi/Public/Uploads/ad/2018-05-18/5afe179a7f412.jpg
INFO: [ app_init ] --START--
INFO: Run Behavior\BuildLiteBehavior [ RunTime:0.000022s ]
INFO: [ app_init ] --END-- [ RunTime:0.000733s ]
ERR: 无法加载模块:Public

[ 2018-05-19T11:43:01+08:00 ] ::1 /szsanyi/Public/Uploads/ad/2018-05-18/5afe1a24a4539.jpg
INFO: [ app_init ] --START--
INFO: Run Behavior\BuildLiteBehavior [ RunTime:0.000020s ]
INFO: [ app_init ] --END-- [ RunTime:0.000613s ]
ERR: 无法加载模块:Public

[ 2018-05-19T11:43:01+08:00 ] ::1 /szsanyi/Public/Uploads/ad/2018-05-18/5afe1be009327.jpg
INFO: [ app_init ] --START--
INFO: Run Behavior\BuildLiteBehavior [ RunTime:0.000024s ]
INFO: [ app_init ] --END-- [ RunTime:0.000831s ]
ERR: 无法加载模块:Public

[ 2018-05-19T11:43:01+08:00 ] ::1 /szsanyi/Public/Uploads/ad/2018-05-18/5afe1c0419331.jpg
INFO: [ app_init ] --START--
INFO: Run Behavior\BuildLiteBehavior [ RunTime:0.000021s ]
INFO: [ app_init ] --END-- [ RunTime:0.000681s ]
ERR: 无法加载模块:Public

[ 2018-05-19T11:43:01+08:00 ] ::1 /szsanyi/Public/Uploads/ad/2018-05-18/5afe17ae19130.jpg
INFO: [ app_init ] --START--
INFO: Run Behavior\BuildLiteBehavior [ RunTime:0.000026s ]
INFO: [ app_init ] --END-- [ RunTime:0.000763s ]
ERR: 无法加载模块:Public

[ 2018-05-19T11:43:01+08:00 ] ::1 /szsanyi/Public/Uploads/ad/2018-05-18/5afe1cc25bd0b.jpg
INFO: [ app_init ] --START--
INFO: Run Behavior\BuildLiteBehavior [ RunTime:0.000023s ]
INFO: [ app_init ] --END-- [ RunTime:0.000553s ]
ERR: 无法加载模块:Public

[ 2018-05-19T11:43:01+08:00 ] ::1 /szsanyi/Public/Uploads/ad/2018-05-18/5afe1da51e6f4.jpg
INFO: [ app_init ] --START--
INFO: Run Behavior\BuildLiteBehavior [ RunTime:0.000025s ]
INFO: [ app_init ] --END-- [ RunTime:0.000803s ]
ERR: 无法加载模块:Public

[ 2018-05-19T11:43:01+08:00 ] ::1 /szsanyi/Public/Uploads/ad/2018-05-18/5afe1ca6195cb.jpg
INFO: [ app_init ] --START--
INFO: Run Behavior\BuildLiteBehavior [ RunTime:0.000025s ]
INFO: [ app_init ] --END-- [ RunTime:0.000718s ]
ERR: 无法加载模块:Public

[ 2018-05-19T11:43:01+08:00 ] ::1 /szsanyi/Public/Uploads/ad/2018-05-18/5afe1fde2336b.jpg
INFO: [ app_init ] --START--
INFO: Run Behavior\BuildLiteBehavior [ RunTime:0.000023s ]
INFO: [ app_init ] --END-- [ RunTime:0.000555s ]
ERR: 无法加载模块:Public

[ 2018-05-19T11:43:01+08:00 ] ::1 /szsanyi/Public/Uploads/ad/2018-05-18/5afe1fef23c2e.jpg
INFO: [ app_init ] --START--
INFO: Run Behavior\BuildLiteBehavior [ RunTime:0.000027s ]
INFO: [ app_init ] --END-- [ RunTime:0.000612s ]
ERR: 无法加载模块:Public

[ 2018-05-19T11:43:01+08:00 ] ::1 /szsanyi/Public/Uploads/ad/2018-05-18/5afe1fbe521eb.jpg
INFO: [ app_init ] --START--
INFO: Run Behavior\BuildLiteBehavior [ RunTime:0.000025s ]
INFO: [ app_init ] --END-- [ RunTime:0.000531s ]
ERR: 无法加载模块:Public

[ 2018-05-19T11:43:01+08:00 ] ::1 /szsanyi/Public/Uploads/ad/2018-05-18/5afe1ffde38bd.png
INFO: [ app_init ] --START--
INFO: Run Behavior\BuildLiteBehavior [ RunTime:0.000022s ]
INFO: [ app_init ] --END-- [ RunTime:0.000587s ]
ERR: 无法加载模块:Public

[ 2018-05-19T11:43:01+08:00 ] ::1 /szsanyi/Public/Uploads/ad/2018-05-18/5afe200ea6cb9.png
INFO: [ app_init ] --START--
INFO: Run Behavior\BuildLiteBehavior [ RunTime:0.000028s ]
INFO: [ app_init ] --END-- [ RunTime:0.000605s ]
ERR: 无法加载模块:Public

[ 2018-05-19T11:43:01+08:00 ] ::1 /szsanyi/Public/Uploads/ad/2018-05-18/5afe204a553df.png
INFO: [ app_init ] --START--
INFO: Run Behavior\BuildLiteBehavior [ RunTime:0.000026s ]
INFO: [ app_init ] --END-- [ RunTime:0.000779s ]
ERR: 无法加载模块:Public

[ 2018-05-19T11:43:01+08:00 ] ::1 /szsanyi/Public/Uploads/ad/2018-05-18/5afe1c889953c.jpg
INFO: [ app_init ] --START--
INFO: Run Behavior\BuildLiteBehavior [ RunTime:0.000028s ]
INFO: [ app_init ] --END-- [ RunTime:0.009111s ]
ERR: 无法加载模块:Public

[ 2018-05-19T11:43:01+08:00 ] ::1 /szsanyi/Public/Uploads/ad/2018-05-18/5afe1c6169d47.jpg
INFO: [ app_init ] --START--
INFO: Run Behavior\BuildLiteBehavior [ RunTime:0.000025s ]
INFO: [ app_init ] --END-- [ RunTime:0.000967s ]
ERR: 无法加载模块:Public

[ 2018-05-19T11:43:01+08:00 ] ::1 /szsanyi/Public/Uploads/ad/2018-05-18/5afe1fcfca547.jpg
INFO: [ app_init ] --START--
INFO: Run Behavior\BuildLiteBehavior [ RunTime:0.000058s ]
INFO: [ app_init ] --END-- [ RunTime:0.004266s ]
ERR: 无法加载模块:Public

[ 2018-05-19T11:43:05+08:00 ] ::1 /szsanyi/Public/Uploads/ad/2018-05-18/5afe17ae19130.jpg
INFO: [ app_init ] --START--
INFO: Run Behavior\BuildLiteBehavior [ RunTime:0.000023s ]
INFO: [ app_init ] --END-- [ RunTime:0.000579s ]
ERR: 无法加载模块:Public

[ 2018-05-19T11:43:05+08:00 ] ::1 /szsanyi/Public/Uploads/ad/2018-05-18/5afe179a7f412.jpg
INFO: [ app_init ] --START--
INFO: Run Behavior\BuildLiteBehavior [ RunTime:0.000024s ]
INFO: [ app_init ] --END-- [ RunTime:0.000532s ]
ERR: 无法加载模块:Public

[ 2018-05-19T11:43:05+08:00 ] ::1 /szsanyi/Public/Uploads/ad/2018-05-18/5afe1c0419331.jpg
INFO: [ app_init ] --START--
INFO: Run Behavior\BuildLiteBehavior [ RunTime:0.000024s ]
INFO: [ app_init ] --END-- [ RunTime:0.000676s ]
ERR: 无法加载模块:Public

[ 2018-05-19T11:43:05+08:00 ] ::1 /szsanyi/Public/Uploads/ad/2018-05-18/5afe178676197.jpg
INFO: [ app_init ] --START--
INFO: Run Behavior\BuildLiteBehavior [ RunTime:0.000019s ]
INFO: [ app_init ] --END-- [ RunTime:0.000621s ]
ERR: 无法加载模块:Public

[ 2018-05-19T11:43:05+08:00 ] ::1 /szsanyi/Public/Uploads/ad/2018-05-18/5afe1be009327.jpg
INFO: [ app_init ] --START--
INFO: Run Behavior\BuildLiteBehavior [ RunTime:0.000021s ]
INFO: [ app_init ] --END-- [ RunTime:0.000490s ]
ERR: 无法加载模块:Public

[ 2018-05-19T11:43:05+08:00 ] ::1 /szsanyi/Public/Uploads/ad/2018-05-18/5afe1a24a4539.jpg
INFO: [ app_init ] --START--
INFO: Run Behavior\BuildLiteBehavior [ RunTime:0.000021s ]
INFO: [ app_init ] --END-- [ RunTime:0.000657s ]
ERR: 无法加载模块:Public

[ 2018-05-19T11:43:05+08:00 ] ::1 /szsanyi/Public/Uploads/ad/2018-05-18/5afe1c6169d47.jpg
INFO: [ app_init ] --START--
INFO: Run Behavior\BuildLiteBehavior [ RunTime:0.000037s ]
INFO: [ app_init ] --END-- [ RunTime:0.000519s ]
ERR: 无法加载模块:Public

[ 2018-05-19T11:43:05+08:00 ] ::1 /szsanyi/Public/Uploads/ad/2018-05-18/5afe1cc25bd0b.jpg
INFO: [ app_init ] --START--
INFO: Run Behavior\BuildLiteBehavior [ RunTime:0.000022s ]
INFO: [ app_init ] --END-- [ RunTime:0.000646s ]
ERR: 无法加载模块:Public

[ 2018-05-19T11:43:05+08:00 ] ::1 /szsanyi/Public/Uploads/ad/2018-05-18/5afe1da51e6f4.jpg
INFO: [ app_init ] --START--
INFO: Run Behavior\BuildLiteBehavior [ RunTime:0.000025s ]
INFO: [ app_init ] --END-- [ RunTime:0.000567s ]
ERR: 无法加载模块:Public

[ 2018-05-19T11:43:05+08:00 ] ::1 /szsanyi/Public/Uploads/ad/2018-05-18/5afe1ca6195cb.jpg
INFO: [ app_init ] --START--
INFO: Run Behavior\BuildLiteBehavior [ RunTime:0.000023s ]
INFO: [ app_init ] --END-- [ RunTime:0.000894s ]
ERR: 无法加载模块:Public

[ 2018-05-19T11:43:05+08:00 ] ::1 /szsanyi/Public/Uploads/ad/2018-05-18/5afe1c889953c.jpg
INFO: [ app_init ] --START--
INFO: Run Behavior\BuildLiteBehavior [ RunTime:0.000029s ]
INFO: [ app_init ] --END-- [ RunTime:0.000728s ]
ERR: 无法加载模块:Public

[ 2018-05-19T11:43:05+08:00 ] ::1 /szsanyi/Public/Uploads/ad/2018-05-18/5afe1fde2336b.jpg
INFO: [ app_init ] --START--
INFO: Run Behavior\BuildLiteBehavior [ RunTime:0.000035s ]
INFO: [ app_init ] --END-- [ RunTime:0.000533s ]
ERR: 无法加载模块:Public

[ 2018-05-19T11:43:05+08:00 ] ::1 /szsanyi/Public/Uploads/ad/2018-05-18/5afe1fef23c2e.jpg
INFO: [ app_init ] --START--
INFO: Run Behavior\BuildLiteBehavior [ RunTime:0.000024s ]
INFO: [ app_init ] --END-- [ RunTime:0.001214s ]
ERR: 无法加载模块:Public

[ 2018-05-19T11:43:05+08:00 ] ::1 /szsanyi/Public/Uploads/ad/2018-05-18/5afe1ffde38bd.png
INFO: [ app_init ] --START--
INFO: Run Behavior\BuildLiteBehavior [ RunTime:0.000023s ]
INFO: [ app_init ] --END-- [ RunTime:0.000599s ]
ERR: 无法加载模块:Public

[ 2018-05-19T11:43:05+08:00 ] ::1 /szsanyi/Public/Uploads/ad/2018-05-18/5afe1fbe521eb.jpg
INFO: [ app_init ] --START--
INFO: Run Behavior\BuildLiteBehavior [ RunTime:0.000025s ]
INFO: [ app_init ] --END-- [ RunTime:0.000622s ]
ERR: 无法加载模块:Public

[ 2018-05-19T11:43:05+08:00 ] ::1 /szsanyi/Public/Uploads/ad/2018-05-18/5afe200ea6cb9.png
INFO: [ app_init ] --START--
INFO: Run Behavior\BuildLiteBehavior [ RunTime:0.000027s ]
INFO: [ app_init ] --END-- [ RunTime:0.000552s ]
ERR: 无法加载模块:Public

[ 2018-05-19T11:43:05+08:00 ] ::1 /szsanyi/Public/Uploads/ad/2018-05-18/5afe204a553df.png
INFO: [ app_init ] --START--
INFO: Run Behavior\BuildLiteBehavior [ RunTime:0.000026s ]
INFO: [ app_init ] --END-- [ RunTime:0.000624s ]
ERR: 无法加载模块:Public

[ 2018-05-19T11:43:05+08:00 ] ::1 /szsanyi/Public/Uploads/ad/2018-05-18/5afe1fcfca547.jpg
INFO: [ app_init ] --START--
INFO: Run Behavior\BuildLiteBehavior [ RunTime:0.000022s ]
INFO: [ app_init ] --END-- [ RunTime:0.000546s ]
ERR: 无法加载模块:Public

[ 2018-05-19T11:43:49+08:00 ] ::1 /szsanyi/Public/Uploads/ad/2018-05-18/5afe17ae19130.jpg
INFO: [ app_init ] --START--
INFO: Run Behavior\BuildLiteBehavior [ RunTime:0.000023s ]
INFO: [ app_init ] --END-- [ RunTime:0.000661s ]
ERR: 无法加载模块:Public

[ 2018-05-19T11:43:49+08:00 ] ::1 /szsanyi/Public/Uploads/ad/2018-05-18/5afe178676197.jpg
INFO: [ app_init ] --START--
INFO: Run Behavior\BuildLiteBehavior [ RunTime:0.000023s ]
INFO: [ app_init ] --END-- [ RunTime:0.000532s ]
ERR: 无法加载模块:Public

[ 2018-05-19T11:43:49+08:00 ] ::1 /szsanyi/Public/Uploads/ad/2018-05-18/5afe1be009327.jpg
INFO: [ app_init ] --START--
INFO: Run Behavior\BuildLiteBehavior [ RunTime:0.000043s ]
INFO: [ app_init ] --END-- [ RunTime:0.000608s ]
ERR: 无法加载模块:Public

[ 2018-05-19T11:43:49+08:00 ] ::1 /szsanyi/Public/Uploads/ad/2018-05-18/5afe179a7f412.jpg
INFO: [ app_init ] --START--
INFO: Run Behavior\BuildLiteBehavior [ RunTime:0.000029s ]
INFO: [ app_init ] --END-- [ RunTime:0.000993s ]
ERR: 无法加载模块:Public

[ 2018-05-19T11:43:49+08:00 ] ::1 /szsanyi/Public/Uploads/ad/2018-05-18/5afe1c6169d47.jpg
INFO: [ app_init ] --START--
INFO: Run Behavior\BuildLiteBehavior [ RunTime:0.000030s ]
INFO: [ app_init ] --END-- [ RunTime:0.001311s ]
ERR: 无法加载模块:Public

[ 2018-05-19T11:43:49+08:00 ] ::1 /szsanyi/Public/Uploads/ad/2018-05-18/5afe1c889953c.jpg
INFO: [ app_init ] --START--
INFO: Run Behavior\BuildLiteBehavior [ RunTime:0.000025s ]
INFO: [ app_init ] --END-- [ RunTime:0.000622s ]
ERR: 无法加载模块:Public

[ 2018-05-19T11:43:49+08:00 ] ::1 /szsanyi/Public/Uploads/ad/2018-05-18/5afe1cc25bd0b.jpg
INFO: [ app_init ] --START--
INFO: Run Behavior\BuildLiteBehavior [ RunTime:0.000028s ]
INFO: [ app_init ] --END-- [ RunTime:0.000770s ]
ERR: 无法加载模块:Public

[ 2018-05-19T11:43:49+08:00 ] ::1 /szsanyi/Public/Uploads/ad/2018-05-18/5afe1ca6195cb.jpg
INFO: [ app_init ] --START--
INFO: Run Behavior\BuildLiteBehavior [ RunTime:0.000024s ]
INFO: [ app_init ] --END-- [ RunTime:0.000586s ]
ERR: 无法加载模块:Public

[ 2018-05-19T11:43:49+08:00 ] ::1 /szsanyi/Public/Uploads/ad/2018-05-18/5afe1da51e6f4.jpg
INFO: [ app_init ] --START--
INFO: Run Behavior\BuildLiteBehavior [ RunTime:0.000027s ]
INFO: [ app_init ] --END-- [ RunTime:0.001230s ]
ERR: 无法加载模块:Public

[ 2018-05-19T11:43:49+08:00 ] ::1 /szsanyi/Public/Uploads/ad/2018-05-18/5afe1fcfca547.jpg
INFO: [ app_init ] --START--
INFO: Run Behavior\BuildLiteBehavior [ RunTime:0.000026s ]
INFO: [ app_init ] --END-- [ RunTime:0.000618s ]
ERR: 无法加载模块:Public

[ 2018-05-19T11:43:49+08:00 ] ::1 /szsanyi/Public/Uploads/ad/2018-05-18/5afe1fde2336b.jpg
INFO: [ app_init ] --START--
INFO: Run Behavior\BuildLiteBehavior [ RunTime:0.000027s ]
INFO: [ app_init ] --END-- [ RunTime:0.000595s ]
ERR: 无法加载模块:Public

[ 2018-05-19T11:43:49+08:00 ] ::1 /szsanyi/Public/Uploads/ad/2018-05-18/5afe1a24a4539.jpg
INFO: [ app_init ] --START--
INFO: Run Behavior\BuildLiteBehavior [ RunTime:0.000024s ]
INFO: [ app_init ] --END-- [ RunTime:0.000540s ]
ERR: 无法加载模块:Public

[ 2018-05-19T11:43:49+08:00 ] ::1 /szsanyi/Public/Uploads/ad/2018-05-18/5afe1fef23c2e.jpg
INFO: [ app_init ] --START--
INFO: Run Behavior\BuildLiteBehavior [ RunTime:0.000025s ]
INFO: [ app_init ] --END-- [ RunTime:0.000659s ]
ERR: 无法加载模块:Public

[ 2018-05-19T11:43:49+08:00 ] ::1 /szsanyi/Public/Uploads/ad/2018-05-18/5afe1ffde38bd.png
INFO: [ app_init ] --START--
INFO: Run Behavior\BuildLiteBehavior [ RunTime:0.000026s ]
INFO: [ app_init ] --END-- [ RunTime:0.000545s ]
ERR: 无法加载模块:Public

[ 2018-05-19T11:43:49+08:00 ] ::1 /szsanyi/Public/Uploads/ad/2018-05-18/5afe200ea6cb9.png
INFO: [ app_init ] --START--
INFO: Run Behavior\BuildLiteBehavior [ RunTime:0.000025s ]
INFO: [ app_init ] --END-- [ RunTime:0.000569s ]
ERR: 无法加载模块:Public

[ 2018-05-19T11:43:49+08:00 ] ::1 /szsanyi/Public/Uploads/ad/2018-05-18/5afe204a553df.png
INFO: [ app_init ] --START--
INFO: Run Behavior\BuildLiteBehavior [ RunTime:0.000039s ]
INFO: [ app_init ] --END-- [ RunTime:0.001231s ]
ERR: 无法加载模块:Public

[ 2018-05-19T11:43:49+08:00 ] ::1 /szsanyi/Public/Uploads/ad/2018-05-18/5afe1fbe521eb.jpg
INFO: [ app_init ] --START--
INFO: Run Behavior\BuildLiteBehavior [ RunTime:0.000024s ]
INFO: [ app_init ] --END-- [ RunTime:0.000560s ]
ERR: 无法加载模块:Public

[ 2018-05-19T11:43:49+08:00 ] ::1 /szsanyi/Public/Uploads/ad/2018-05-18/5afe1c0419331.jpg
INFO: [ app_init ] --START--
INFO: Run Behavior\BuildLiteBehavior [ RunTime:0.000071s ]
INFO: [ app_init ] --END-- [ RunTime:0.000758s ]
ERR: 无法加载模块:Public

[ 2018-05-19T11:45:20+08:00 ] ::1 /szsanyi/Public/Uploads/ad/2018-05-18/5afe1da51e6f4.jpg
INFO: [ app_init ] --START--
INFO: Run Behavior\BuildLiteBehavior [ RunTime:0.000024s ]
INFO: [ app_init ] --END-- [ RunTime:0.000656s ]
ERR: 无法加载模块:Public

[ 2018-05-19T11:45:20+08:00 ] ::1 /szsanyi/Public/Uploads/ad/2018-05-18/5afe1fbe521eb.jpg
INFO: [ app_init ] --START--
INFO: Run Behavior\BuildLiteBehavior [ RunTime:0.000025s ]
INFO: [ app_init ] --END-- [ RunTime:0.000678s ]
ERR: 无法加载模块:Public

[ 2018-05-19T11:45:20+08:00 ] ::1 /szsanyi/Public/Uploads/ad/2018-05-18/5afe1ffde38bd.png
INFO: [ app_init ] --START--
INFO: Run Behavior\BuildLiteBehavior [ RunTime:0.000022s ]
INFO: [ app_init ] --END-- [ RunTime:0.000559s ]
ERR: 无法加载模块:Public

[ 2018-05-19T11:45:20+08:00 ] ::1 /szsanyi/Public/Uploads/ad/2018-05-18/5afe204a553df.png
INFO: [ app_init ] --START--
INFO: Run Behavior\BuildLiteBehavior [ RunTime:0.000058s ]
INFO: [ app_init ] --END-- [ RunTime:0.000634s ]
ERR: 无法加载模块:Public

[ 2018-05-19T11:45:20+08:00 ] ::1 /szsanyi/Public/Uploads/ad/2018-05-18/5afe1fef23c2e.jpg
INFO: [ app_init ] --START--
INFO: Run Behavior\BuildLiteBehavior [ RunTime:0.000022s ]
INFO: [ app_init ] --END-- [ RunTime:0.000639s ]
ERR: 无法加载模块:Public

[ 2018-05-19T11:45:20+08:00 ] ::1 /szsanyi/Public/Uploads/ad/2018-05-18/5afe1fcfca547.jpg
INFO: [ app_init ] --START--
INFO: Run Behavior\BuildLiteBehavior [ RunTime:0.000023s ]
INFO: [ app_init ] --END-- [ RunTime:0.000579s ]
ERR: 无法加载模块:Public

[ 2018-05-19T11:45:20+08:00 ] ::1 /szsanyi/Public/Uploads/ad/2018-05-18/5afe1be009327.jpg
INFO: [ app_init ] --START--
INFO: Run Behavior\BuildLiteBehavior [ RunTime:0.000026s ]
INFO: [ app_init ] --END-- [ RunTime:0.000563s ]
ERR: 无法加载模块:Public

[ 2018-05-19T11:45:20+08:00 ] ::1 /szsanyi/Public/Uploads/ad/2018-05-18/5afe1c0419331.jpg
INFO: [ app_init ] --START--
INFO: Run Behavior\BuildLiteBehavior [ RunTime:0.000021s ]
INFO: [ app_init ] --END-- [ RunTime:0.000520s ]
ERR: 无法加载模块:Public

[ 2018-05-19T11:45:20+08:00 ] ::1 /szsanyi/Public/Uploads/ad/2018-05-18/5afe1c6169d47.jpg
INFO: [ app_init ] --START--
INFO: Run Behavior\BuildLiteBehavior [ RunTime:0.000022s ]
INFO: [ app_init ] --END-- [ RunTime:0.000537s ]
ERR: 无法加载模块:Public

[ 2018-05-19T11:45:20+08:00 ] ::1 /szsanyi/Public/Uploads/ad/2018-05-18/5afe1c889953c.jpg
INFO: [ app_init ] --START--
INFO: Run Behavior\BuildLiteBehavior [ RunTime:0.000023s ]
INFO: [ app_init ] --END-- [ RunTime:0.000566s ]
ERR: 无法加载模块:Public

[ 2018-05-19T11:45:20+08:00 ] ::1 /szsanyi/Public/Uploads/ad/2018-05-18/5afe1ca6195cb.jpg
INFO: [ app_init ] --START--
INFO: Run Behavior\BuildLiteBehavior [ RunTime:0.000023s ]
INFO: [ app_init ] --END-- [ RunTime:0.000524s ]
ERR: 无法加载模块:Public

[ 2018-05-19T11:45:20+08:00 ] ::1 /szsanyi/Public/Uploads/ad/2018-05-18/5afe1cc25bd0b.jpg
INFO: [ app_init ] --START--
INFO: Run Behavior\BuildLiteBehavior [ RunTime:0.000024s ]
INFO: [ app_init ] --END-- [ RunTime:0.000722s ]
ERR: 无法加载模块:Public

[ 2018-05-19T11:45:20+08:00 ] ::1 /szsanyi/Public/Uploads/ad/2018-05-18/5afe17ae19130.jpg
INFO: [ app_init ] --START--
INFO: Run Behavior\BuildLiteBehavior [ RunTime:0.000022s ]
INFO: [ app_init ] --END-- [ RunTime:0.000520s ]
ERR: 无法加载模块:Public

[ 2018-05-19T11:45:20+08:00 ] ::1 /szsanyi/Public/Uploads/ad/2018-05-18/5afe179a7f412.jpg
INFO: [ app_init ] --START--
INFO: Run Behavior\BuildLiteBehavior [ RunTime:0.000024s ]
INFO: [ app_init ] --END-- [ RunTime:0.000757s ]
ERR: 无法加载模块:Public

[ 2018-05-19T11:45:20+08:00 ] ::1 /szsanyi/Public/Uploads/ad/2018-05-18/5afe1fde2336b.jpg
INFO: [ app_init ] --START--
INFO: Run Behavior\BuildLiteBehavior [ RunTime:0.000023s ]
INFO: [ app_init ] --END-- [ RunTime:0.000745s ]
ERR: 无法加载模块:Public

[ 2018-05-19T11:45:20+08:00 ] ::1 /szsanyi/Public/Uploads/ad/2018-05-18/5afe1a24a4539.jpg
INFO: [ app_init ] --START--
INFO: Run Behavior\BuildLiteBehavior [ RunTime:0.000026s ]
INFO: [ app_init ] --END-- [ RunTime:0.000662s ]
ERR: 无法加载模块:Public

[ 2018-05-19T11:45:20+08:00 ] ::1 /szsanyi/Public/Uploads/ad/2018-05-18/5afe178676197.jpg
INFO: [ app_init ] --START--
INFO: Run Behavior\BuildLiteBehavior [ RunTime:0.000028s ]
INFO: [ app_init ] --END-- [ RunTime:0.000589s ]
ERR: 无法加载模块:Public

[ 2018-05-19T11:45:20+08:00 ] ::1 /szsanyi/Public/Uploads/ad/2018-05-18/5afe200ea6cb9.png
INFO: [ app_init ] --START--
INFO: Run Behavior\BuildLiteBehavior [ RunTime:0.000029s ]
INFO: [ app_init ] --END-- [ RunTime:0.001420s ]
ERR: 无法加载模块:Public

[ 2018-05-19T11:45:41+08:00 ] ::1 /szsanyi/Public/Uploads/ad/2018-05-18/5afe1fcfca547.jpg
INFO: [ app_init ] --START--
INFO: Run Behavior\BuildLiteBehavior [ RunTime:0.000026s ]
INFO: [ app_init ] --END-- [ RunTime:0.000549s ]
ERR: 无法加载模块:Public

[ 2018-05-19T11:45:41+08:00 ] ::1 /szsanyi/Public/Uploads/ad/2018-05-18/5afe1fde2336b.jpg
INFO: [ app_init ] --START--
INFO: Run Behavior\BuildLiteBehavior [ RunTime:0.000047s ]
INFO: [ app_init ] --END-- [ RunTime:0.000555s ]
ERR: 无法加载模块:Public

[ 2018-05-19T11:45:41+08:00 ] ::1 /szsanyi/Public/Uploads/ad/2018-05-18/5afe1fbe521eb.jpg
INFO: [ app_init ] --START--
INFO: Run Behavior\BuildLiteBehavior [ RunTime:0.000023s ]
INFO: [ app_init ] --END-- [ RunTime:0.000504s ]
ERR: 无法加载模块:Public

[ 2018-05-19T11:45:41+08:00 ] ::1 /szsanyi/Public/Uploads/ad/2018-05-18/5afe1ffde38bd.png
INFO: [ app_init ] --START--
INFO: Run Behavior\BuildLiteBehavior [ RunTime:0.000025s ]
INFO: [ app_init ] --END-- [ RunTime:0.000925s ]
ERR: 无法加载模块:Public

[ 2018-05-19T11:45:41+08:00 ] ::1 /szsanyi/Public/Uploads/ad/2018-05-18/5afe200ea6cb9.png
INFO: [ app_init ] --START--
INFO: Run Behavior\BuildLiteBehavior [ RunTime:0.000047s ]
INFO: [ app_init ] --END-- [ RunTime:0.000610s ]
ERR: 无法加载模块:Public

[ 2018-05-19T11:45:41+08:00 ] ::1 /szsanyi/Public/Uploads/ad/2018-05-18/5afe1be009327.jpg
INFO: [ app_init ] --START--
INFO: Run Behavior\BuildLiteBehavior [ RunTime:0.000021s ]
INFO: [ app_init ] --END-- [ RunTime:0.000513s ]
ERR: 无法加载模块:Public

[ 2018-05-19T11:45:41+08:00 ] ::1 /szsanyi/Public/Uploads/ad/2018-05-18/5afe1da51e6f4.jpg
INFO: [ app_init ] --START--
INFO: Run Behavior\BuildLiteBehavior [ RunTime:0.000027s ]
INFO: [ app_init ] --END-- [ RunTime:0.001494s ]
ERR: 无法加载模块:Public

[ 2018-05-19T11:45:41+08:00 ] ::1 /szsanyi/Public/Uploads/ad/2018-05-18/5afe1a24a4539.jpg
INFO: [ app_init ] --START--
INFO: Run Behavior\BuildLiteBehavior [ RunTime:0.000024s ]
INFO: [ app_init ] --END-- [ RunTime:0.000613s ]
ERR: 无法加载模块:Public

[ 2018-05-19T11:45:41+08:00 ] ::1 /szsanyi/Public/Uploads/ad/2018-05-18/5afe204a553df.png
INFO: [ app_init ] --START--
INFO: Run Behavior\BuildLiteBehavior [ RunTime:0.000023s ]
INFO: [ app_init ] --END-- [ RunTime:0.000551s ]
ERR: 无法加载模块:Public

[ 2018-05-19T11:45:41+08:00 ] ::1 /szsanyi/Public/Uploads/ad/2018-05-18/5afe1c0419331.jpg
INFO: [ app_init ] --START--
INFO: Run Behavior\BuildLiteBehavior [ RunTime:0.000069s ]
INFO: [ app_init ] --END-- [ RunTime:0.000844s ]
ERR: 无法加载模块:Public

[ 2018-05-19T11:45:41+08:00 ] ::1 /szsanyi/Public/Uploads/ad/2018-05-18/5afe1ca6195cb.jpg
INFO: [ app_init ] --START--
INFO: Run Behavior\BuildLiteBehavior [ RunTime:0.000025s ]
INFO: [ app_init ] --END-- [ RunTime:0.000811s ]
ERR: 无法加载模块:Public

[ 2018-05-19T11:45:41+08:00 ] ::1 /szsanyi/Public/Uploads/ad/2018-05-18/5afe1cc25bd0b.jpg
INFO: [ app_init ] --START--
INFO: Run Behavior\BuildLiteBehavior [ RunTime:0.000035s ]
INFO: [ app_init ] --END-- [ RunTime:0.000561s ]
ERR: 无法加载模块:Public

[ 2018-05-19T11:45:41+08:00 ] ::1 /szsanyi/Public/Uploads/ad/2018-05-18/5afe1fef23c2e.jpg
INFO: [ app_init ] --START--
INFO: Run Behavior\BuildLiteBehavior [ RunTime:0.000022s ]
INFO: [ app_init ] --END-- [ RunTime:0.000691s ]
ERR: 无法加载模块:Public

[ 2018-05-19T11:45:41+08:00 ] ::1 /szsanyi/Public/Uploads/ad/2018-05-18/5afe17ae19130.jpg
INFO: [ app_init ] --START--
INFO: Run Behavior\BuildLiteBehavior [ RunTime:0.000034s ]
INFO: [ app_init ] --END-- [ RunTime:0.000564s ]
ERR: 无法加载模块:Public

[ 2018-05-19T11:45:41+08:00 ] ::1 /szsanyi/Public/Uploads/ad/2018-05-18/5afe179a7f412.jpg
INFO: [ app_init ] --START--
INFO: Run Behavior\BuildLiteBehavior [ RunTime:0.000026s ]
INFO: [ app_init ] --END-- [ RunTime:0.000592s ]
ERR: 无法加载模块:Public

[ 2018-05-19T11:45:41+08:00 ] ::1 /szsanyi/Public/Uploads/ad/2018-05-18/5afe178676197.jpg
INFO: [ app_init ] --START--
INFO: Run Behavior\BuildLiteBehavior [ RunTime:0.000026s ]
INFO: [ app_init ] --END-- [ RunTime:0.001307s ]
ERR: 无法加载模块:Public

[ 2018-05-19T11:45:41+08:00 ] ::1 /szsanyi/Public/Uploads/ad/2018-05-18/5afe1c6169d47.jpg
INFO: [ app_init ] --START--
INFO: Run Behavior\BuildLiteBehavior [ RunTime:0.000027s ]
INFO: [ app_init ] --END-- [ RunTime:0.001643s ]
ERR: 无法加载模块:Public

[ 2018-05-19T11:45:41+08:00 ] ::1 /szsanyi/Public/Uploads/ad/2018-05-18/5afe1c889953c.jpg
INFO: [ app_init ] --START--
INFO: Run Behavior\BuildLiteBehavior [ RunTime:0.000018s ]
INFO: [ app_init ] --END-- [ RunTime:0.000518s ]
ERR: 无法加载模块:Public

[ 2018-05-19T11:45:50+08:00 ] ::1 /szsanyi/Public/Uploads/ad/2018-05-18/5afe1da51e6f4.jpg
INFO: [ app_init ] --START--
INFO: Run Behavior\BuildLiteBehavior [ RunTime:0.000026s ]
INFO: [ app_init ] --END-- [ RunTime:0.000825s ]
ERR: 无法加载模块:Public

[ 2018-05-19T11:45:50+08:00 ] ::1 /szsanyi/Public/Uploads/ad/2018-05-18/5afe1fef23c2e.jpg
INFO: [ app_init ] --START--
INFO: Run Behavior\BuildLiteBehavior [ RunTime:0.000023s ]
INFO: [ app_init ] --END-- [ RunTime:0.000716s ]
ERR: 无法加载模块:Public

[ 2018-05-19T11:45:50+08:00 ] ::1 /szsanyi/Public/Uploads/ad/2018-05-18/5afe1fcfca547.jpg
INFO: [ app_init ] --START--
INFO: Run Behavior\BuildLiteBehavior [ RunTime:0.000022s ]
INFO: [ app_init ] --END-- [ RunTime:0.000840s ]
ERR: 无法加载模块:Public

[ 2018-05-19T11:45:50+08:00 ] ::1 /szsanyi/Public/Uploads/ad/2018-05-18/5afe1fde2336b.jpg
INFO: [ app_init ] --START--
INFO: Run Behavior\BuildLiteBehavior [ RunTime:0.000028s ]
INFO: [ app_init ] --END-- [ RunTime:0.000890s ]
ERR: 无法加载模块:Public

[ 2018-05-19T11:45:50+08:00 ] ::1 /szsanyi/Public/Uploads/ad/2018-05-18/5afe1ffde38bd.png
INFO: [ app_init ] --START--
INFO: Run Behavior\BuildLiteBehavior [ RunTime:0.000022s ]
INFO: [ app_init ] --END-- [ RunTime:0.000524s ]
ERR: 无法加载模块:Public

[ 2018-05-19T11:45:50+08:00 ] ::1 /szsanyi/Public/Uploads/ad/2018-05-18/5afe200ea6cb9.png
INFO: [ app_init ] --START--
INFO: Run Behavior\BuildLiteBehavior [ RunTime:0.000023s ]
INFO: [ app_init ] --END-- [ RunTime:0.000750s ]
ERR: 无法加载模块:Public

[ 2018-05-19T11:45:50+08:00 ] ::1 /szsanyi/Public/Uploads/ad/2018-05-18/5afe204a553df.png
INFO: [ app_init ] --START--
INFO: Run Behavior\BuildLiteBehavior [ RunTime:0.000026s ]
INFO: [ app_init ] --END-- [ RunTime:0.000906s ]
ERR: 无法加载模块:Public

[ 2018-05-19T11:45:50+08:00 ] ::1 /szsanyi/Public/Uploads/ad/2018-05-18/5afe1a24a4539.jpg
INFO: [ app_init ] --START--
INFO: Run Behavior\BuildLiteBehavior [ RunTime:0.000022s ]
INFO: [ app_init ] --END-- [ RunTime:0.000618s ]
ERR: 无法加载模块:Public

[ 2018-05-19T11:45:50+08:00 ] ::1 /szsanyi/Public/Uploads/ad/2018-05-18/5afe1be009327.jpg
INFO: [ app_init ] --START--
INFO: Run Behavior\BuildLiteBehavior [ RunTime:0.000022s ]
INFO: [ app_init ] --END-- [ RunTime:0.000499s ]
ERR: 无法加载模块:Public

[ 2018-05-19T11:45:50+08:00 ] ::1 /szsanyi/Public/Uploads/ad/2018-05-18/5afe1c0419331.jpg
INFO: [ app_init ] --START--
INFO: Run Behavior\BuildLiteBehavior [ RunTime:0.000031s ]
INFO: [ app_init ] --END-- [ RunTime:0.000649s ]
ERR: 无法加载模块:Public

[ 2018-05-19T11:45:50+08:00 ] ::1 /szsanyi/Public/Uploads/ad/2018-05-18/5afe1c6169d47.jpg
INFO: [ app_init ] --START--
INFO: Run Behavior\BuildLiteBehavior [ RunTime:0.000020s ]
INFO: [ app_init ] --END-- [ RunTime:0.000862s ]
ERR: 无法加载模块:Public

[ 2018-05-19T11:45:50+08:00 ] ::1 /szsanyi/Public/Uploads/ad/2018-05-18/5afe1c889953c.jpg
INFO: [ app_init ] --START--
INFO: Run Behavior\BuildLiteBehavior [ RunTime:0.000025s ]
INFO: [ app_init ] --END-- [ RunTime:0.000702s ]
ERR: 无法加载模块:Public

[ 2018-05-19T11:45:50+08:00 ] ::1 /szsanyi/Public/Uploads/ad/2018-05-18/5afe1ca6195cb.jpg
INFO: [ app_init ] --START--
INFO: Run Behavior\BuildLiteBehavior [ RunTime:0.000026s ]
INFO: [ app_init ] --END-- [ RunTime:0.000879s ]
ERR: 无法加载模块:Public

[ 2018-05-19T11:45:50+08:00 ] ::1 /szsanyi/Public/Uploads/ad/2018-05-18/5afe1cc25bd0b.jpg
INFO: [ app_init ] --START--
INFO: Run Behavior\BuildLiteBehavior [ RunTime:0.000026s ]
INFO: [ app_init ] --END-- [ RunTime:0.000794s ]
ERR: 无法加载模块:Public

[ 2018-05-19T11:45:50+08:00 ] ::1 /szsanyi/Public/Uploads/ad/2018-05-18/5afe17ae19130.jpg
INFO: [ app_init ] --START--
INFO: Run Behavior\BuildLiteBehavior [ RunTime:0.000026s ]
INFO: [ app_init ] --END-- [ RunTime:0.001046s ]
ERR: 无法加载模块:Public

[ 2018-05-19T11:45:50+08:00 ] ::1 /szsanyi/Public/Uploads/ad/2018-05-18/5afe179a7f412.jpg
INFO: [ app_init ] --START--
INFO: Run Behavior\BuildLiteBehavior [ RunTime:0.000031s ]
INFO: [ app_init ] --END-- [ RunTime:0.006166s ]
ERR: 无法加载模块:Public

[ 2018-05-19T11:45:50+08:00 ] ::1 /szsanyi/Public/Uploads/ad/2018-05-18/5afe178676197.jpg
INFO: [ app_init ] --START--
INFO: Run Behavior\BuildLiteBehavior [ RunTime:0.000024s ]
INFO: [ app_init ] --END-- [ RunTime:0.000677s ]
ERR: 无法加载模块:Public

[ 2018-05-19T11:45:50+08:00 ] ::1 /szsanyi/Public/Uploads/ad/2018-05-18/5afe1fbe521eb.jpg
INFO: [ app_init ] --START--
INFO: Run Behavior\BuildLiteBehavior [ RunTime:0.000022s ]
INFO: [ app_init ] --END-- [ RunTime:0.000482s ]
ERR: 无法加载模块:Public

[ 2018-05-19T11:46:17+08:00 ] ::1 /szsanyi/Public/Uploads/ad/2018-05-18/5afe1fbe521eb.jpg
INFO: [ app_init ] --START--
INFO: Run Behavior\BuildLiteBehavior [ RunTime:0.000021s ]
INFO: [ app_init ] --END-- [ RunTime:0.000744s ]
ERR: 无法加载模块:Public

[ 2018-05-19T11:46:17+08:00 ] ::1 /szsanyi/Public/Uploads/ad/2018-05-18/5afe1fde2336b.jpg
INFO: [ app_init ] --START--
INFO: Run Behavior\BuildLiteBehavior [ RunTime:0.000018s ]
INFO: [ app_init ] --END-- [ RunTime:0.000493s ]
ERR: 无法加载模块:Public

[ 2018-05-19T11:46:17+08:00 ] ::1 /szsanyi/Public/Uploads/ad/2018-05-18/5afe1fef23c2e.jpg
INFO: [ app_init ] --START--
INFO: Run Behavior\BuildLiteBehavior [ RunTime:0.000024s ]
INFO: [ app_init ] --END-- [ RunTime:0.000606s ]
ERR: 无法加载模块:Public

[ 2018-05-19T11:46:17+08:00 ] ::1 /szsanyi/Public/Uploads/ad/2018-05-18/5afe1fcfca547.jpg
INFO: [ app_init ] --START--
INFO: Run Behavior\BuildLiteBehavior [ RunTime:0.000025s ]
INFO: [ app_init ] --END-- [ RunTime:0.000918s ]
ERR: 无法加载模块:Public

[ 2018-05-19T11:46:17+08:00 ] ::1 /szsanyi/Public/Uploads/ad/2018-05-18/5afe204a553df.png
INFO: [ app_init ] --START--
INFO: Run Behavior\BuildLiteBehavior [ RunTime:0.000025s ]
INFO: [ app_init ] --END-- [ RunTime:0.000580s ]
ERR: 无法加载模块:Public

[ 2018-05-19T11:46:17+08:00 ] ::1 /szsanyi/Public/Uploads/ad/2018-05-18/5afe1a24a4539.jpg
INFO: [ app_init ] --START--
INFO: Run Behavior\BuildLiteBehavior [ RunTime:0.000026s ]
INFO: [ app_init ] --END-- [ RunTime:0.000544s ]
ERR: 无法加载模块:Public

[ 2018-05-19T11:46:17+08:00 ] ::1 /szsanyi/Public/Uploads/ad/2018-05-18/5afe1be009327.jpg
INFO: [ app_init ] --START--
INFO: Run Behavior\BuildLiteBehavior [ RunTime:0.000021s ]
INFO: [ app_init ] --END-- [ RunTime:0.000556s ]
ERR: 无法加载模块:Public

[ 2018-05-19T11:46:17+08:00 ] ::1 /szsanyi/Public/Uploads/ad/2018-05-18/5afe1c0419331.jpg
INFO: [ app_init ] --START--
INFO: Run Behavior\BuildLiteBehavior [ RunTime:0.000026s ]
INFO: [ app_init ] --END-- [ RunTime:0.000581s ]
ERR: 无法加载模块:Public

[ 2018-05-19T11:46:17+08:00 ] ::1 /szsanyi/Public/Uploads/ad/2018-05-18/5afe200ea6cb9.png
INFO: [ app_init ] --START--
INFO: Run Behavior\BuildLiteBehavior [ RunTime:0.000023s ]
INFO: [ app_init ] --END-- [ RunTime:0.000616s ]
ERR: 无法加载模块:Public

[ 2018-05-19T11:46:17+08:00 ] ::1 /szsanyi/Public/Uploads/ad/2018-05-18/5afe1c6169d47.jpg
INFO: [ app_init ] --START--
INFO: Run Behavior\BuildLiteBehavior [ RunTime:0.000025s ]
INFO: [ app_init ] --END-- [ RunTime:0.001349s ]
ERR: 无法加载模块:Public

[ 2018-05-19T11:46:17+08:00 ] ::1 /szsanyi/Public/Uploads/ad/2018-05-18/5afe1ca6195cb.jpg
INFO: [ app_init ] --START--
INFO: Run Behavior\BuildLiteBehavior [ RunTime:0.000025s ]
INFO: [ app_init ] --END-- [ RunTime:0.000636s ]
ERR: 无法加载模块:Public

[ 2018-05-19T11:46:17+08:00 ] ::1 /szsanyi/Public/Uploads/ad/2018-05-18/5afe1cc25bd0b.jpg
INFO: [ app_init ] --START--
INFO: Run Behavior\BuildLiteBehavior [ RunTime:0.000024s ]
INFO: [ app_init ] --END-- [ RunTime:0.000531s ]
ERR: 无法加载模块:Public

[ 2018-05-19T11:46:17+08:00 ] ::1 /szsanyi/Public/Uploads/ad/2018-05-18/5afe17ae19130.jpg
INFO: [ app_init ] --START--
INFO: Run Behavior\BuildLiteBehavior [ RunTime:0.000023s ]
INFO: [ app_init ] --END-- [ RunTime:0.000528s ]
ERR: 无法加载模块:Public

[ 2018-05-19T11:46:17+08:00 ] ::1 /szsanyi/Public/Uploads/ad/2018-05-18/5afe1c889953c.jpg
INFO: [ app_init ] --START--
INFO: Run Behavior\BuildLiteBehavior [ RunTime:0.000023s ]
INFO: [ app_init ] --END-- [ RunTime:0.000961s ]
ERR: 无法加载模块:Public

[ 2018-05-19T11:46:17+08:00 ] ::1 /szsanyi/Public/Uploads/ad/2018-05-18/5afe179a7f412.jpg
INFO: [ app_init ] --START--
INFO: Run Behavior\BuildLiteBehavior [ RunTime:0.000027s ]
INFO: [ app_init ] --END-- [ RunTime:0.000729s ]
ERR: 无法加载模块:Public

[ 2018-05-19T11:46:17+08:00 ] ::1 /szsanyi/Public/Uploads/ad/2018-05-18/5afe1da51e6f4.jpg
INFO: [ app_init ] --START--
INFO: Run Behavior\BuildLiteBehavior [ RunTime:0.000023s ]
INFO: [ app_init ] --END-- [ RunTime:0.000561s ]
ERR: 无法加载模块:Public

[ 2018-05-19T11:46:17+08:00 ] ::1 /szsanyi/Public/Uploads/ad/2018-05-18/5afe178676197.jpg
INFO: [ app_init ] --START--
INFO: Run Behavior\BuildLiteBehavior [ RunTime:0.000021s ]
INFO: [ app_init ] --END-- [ RunTime:0.000497s ]
ERR: 无法加载模块:Public

[ 2018-05-19T12:01:56+08:00 ] ::1 /szsanyi/Public/Uploads/ad/2018-05-18/5afe1da51e6f4.jpg
INFO: [ app_init ] --START--
INFO: Run Behavior\BuildLiteBehavior [ RunTime:0.000025s ]
INFO: [ app_init ] --END-- [ RunTime:0.000622s ]
ERR: 无法加载模块:Public

[ 2018-05-19T12:01:56+08:00 ] ::1 /szsanyi/Public/Uploads/ad/2018-05-18/5afe1fbe521eb.jpg
INFO: [ app_init ] --START--
INFO: Run Behavior\BuildLiteBehavior [ RunTime:0.000023s ]
INFO: [ app_init ] --END-- [ RunTime:0.000526s ]
ERR: 无法加载模块:Public

[ 2018-05-19T12:01:56+08:00 ] ::1 /szsanyi/Public/Uploads/ad/2018-05-18/5afe1fde2336b.jpg
INFO: [ app_init ] --START--
INFO: Run Behavior\BuildLiteBehavior [ RunTime:0.000024s ]
INFO: [ app_init ] --END-- [ RunTime:0.000571s ]
ERR: 无法加载模块:Public

[ 2018-05-19T12:01:56+08:00 ] ::1 /szsanyi/Public/Uploads/ad/2018-05-18/5afe1fcfca547.jpg
INFO: [ app_init ] --START--
INFO: Run Behavior\BuildLiteBehavior [ RunTime:0.000025s ]
INFO: [ app_init ] --END-- [ RunTime:0.000601s ]
ERR: 无法加载模块:Public

[ 2018-05-19T12:01:56+08:00 ] ::1 /szsanyi/Public/Uploads/ad/2018-05-18/5afe1fef23c2e.jpg
INFO: [ app_init ] --START--
INFO: Run Behavior\BuildLiteBehavior [ RunTime:0.000024s ]
INFO: [ app_init ] --END-- [ RunTime:0.000575s ]
ERR: 无法加载模块:Public

[ 2018-05-19T12:01:56+08:00 ] ::1 /szsanyi/Public/Uploads/ad/2018-05-18/5afe1ffde38bd.png
INFO: [ app_init ] --START--
INFO: Run Behavior\BuildLiteBehavior [ RunTime:0.000026s ]
INFO: [ app_init ] --END-- [ RunTime:0.000767s ]
ERR: 无法加载模块:Public

[ 2018-05-19T12:01:56+08:00 ] ::1 /szsanyi/Public/Uploads/ad/2018-05-18/5afe200ea6cb9.png
INFO: [ app_init ] --START--
INFO: Run Behavior\BuildLiteBehavior [ RunTime:0.000025s ]
INFO: [ app_init ] --END-- [ RunTime:0.000619s ]
ERR: 无法加载模块:Public

[ 2018-05-19T12:01:57+08:00 ] ::1 /szsanyi/Public/Uploads/ad/2018-05-18/5afe204a553df.png
INFO: [ app_init ] --START--
INFO: Run Behavior\BuildLiteBehavior [ RunTime:0.000023s ]
INFO: [ app_init ] --END-- [ RunTime:0.000509s ]
ERR: 无法加载模块:Public

[ 2018-05-19T12:01:57+08:00 ] ::1 /szsanyi/Public/Uploads/ad/2018-05-18/5afe1be009327.jpg
INFO: [ app_init ] --START--
INFO: Run Behavior\BuildLiteBehavior [ RunTime:0.000020s ]
INFO: [ app_init ] --END-- [ RunTime:0.000552s ]
ERR: 无法加载模块:Public

[ 2018-05-19T12:01:57+08:00 ] ::1 /szsanyi/Public/Uploads/ad/2018-05-18/5afe1a24a4539.jpg
INFO: [ app_init ] --START--
INFO: Run Behavior\BuildLiteBehavior [ RunTime:0.000021s ]
INFO: [ app_init ] --END-- [ RunTime:0.000545s ]
ERR: 无法加载模块:Public

[ 2018-05-19T12:01:57+08:00 ] ::1 /szsanyi/Public/Uploads/ad/2018-05-18/5afe1c0419331.jpg
INFO: [ app_init ] --START--
INFO: Run Behavior\BuildLiteBehavior [ RunTime:0.000030s ]
INFO: [ app_init ] --END-- [ RunTime:0.002415s ]
ERR: 无法加载模块:Public

[ 2018-05-19T12:01:57+08:00 ] ::1 /szsanyi/Public/Uploads/ad/2018-05-18/5afe1c6169d47.jpg
INFO: [ app_init ] --START--
INFO: Run Behavior\BuildLiteBehavior [ RunTime:0.000022s ]
INFO: [ app_init ] --END-- [ RunTime:0.000511s ]
ERR: 无法加载模块:Public

[ 2018-05-19T12:01:57+08:00 ] ::1 /szsanyi/Public/Uploads/ad/2018-05-18/5afe1c889953c.jpg
INFO: [ app_init ] --START--
INFO: Run Behavior\BuildLiteBehavior [ RunTime:0.000024s ]
INFO: [ app_init ] --END-- [ RunTime:0.000641s ]
ERR: 无法加载模块:Public

[ 2018-05-19T12:01:57+08:00 ] ::1 /szsanyi/Public/Uploads/ad/2018-05-18/5afe1cc25bd0b.jpg
INFO: [ app_init ] --START--
INFO: Run Behavior\BuildLiteBehavior [ RunTime:0.000025s ]
INFO: [ app_init ] --END-- [ RunTime:0.000746s ]
ERR: 无法加载模块:Public

[ 2018-05-19T12:01:57+08:00 ] ::1 /szsanyi/Public/Uploads/ad/2018-05-18/5afe1ca6195cb.jpg
INFO: [ app_init ] --START--
INFO: Run Behavior\BuildLiteBehavior [ RunTime:0.000027s ]
INFO: [ app_init ] --END-- [ RunTime:0.000612s ]
ERR: 无法加载模块:Public

[ 2018-05-19T12:01:57+08:00 ] ::1 /szsanyi/Public/Uploads/ad/2018-05-18/5afe17ae19130.jpg
INFO: [ app_init ] --START--
INFO: Run Behavior\BuildLiteBehavior [ RunTime:0.000023s ]
INFO: [ app_init ] --END-- [ RunTime:0.000750s ]
ERR: 无法加载模块:Public

[ 2018-05-19T12:01:57+08:00 ] ::1 /szsanyi/Public/Uploads/ad/2018-05-18/5afe178676197.jpg
INFO: [ app_init ] --START--
INFO: Run Behavior\BuildLiteBehavior [ RunTime:0.000022s ]
INFO: [ app_init ] --END-- [ RunTime:0.000605s ]
ERR: 无法加载模块:Public

[ 2018-05-19T12:01:57+08:00 ] ::1 /szsanyi/Public/Uploads/ad/2018-05-18/5afe179a7f412.jpg
INFO: [ app_init ] --START--
INFO: Run Behavior\BuildLiteBehavior [ RunTime:0.000024s ]
INFO: [ app_init ] --END-- [ RunTime:0.000711s ]
ERR: 无法加载模块:Public

[ 2018-05-19T12:02:00+08:00 ] ::1 /szsanyi./Public/Uploads/2017-07-10/59631cd27a54b.jpg
INFO: [ app_init ] --START--
INFO: Run Behavior\BuildLiteBehavior [ RunTime:0.000023s ]
INFO: [ app_init ] --END-- [ RunTime:0.000781s ]
ERR: 无法加载模块:Public

[ 2018-05-19T12:02:00+08:00 ] ::1 /szsanyi./Public/Uploads/2017-07-10/59631c6151b02.png
INFO: [ app_init ] --START--
INFO: Run Behavior\BuildLiteBehavior [ RunTime:0.000023s ]
INFO: [ app_init ] --END-- [ RunTime:0.000559s ]
ERR: 无法加载模块:Public

[ 2018-05-19T12:02:00+08:00 ] ::1 /szsanyi./Public/Uploads/2017-07-10/59631d180f645.jpg
INFO: [ app_init ] --START--
INFO: Run Behavior\BuildLiteBehavior [ RunTime:0.000023s ]
INFO: [ app_init ] --END-- [ RunTime:0.000514s ]
ERR: 无法加载模块:Public

[ 2018-05-19T12:02:00+08:00 ] ::1 /szsanyi./Public/Uploads/2017-07-10/59631c95d8f18.jpg
INFO: [ app_init ] --START--
INFO: Run Behavior\BuildLiteBehavior [ RunTime:0.000021s ]
INFO: [ app_init ] --END-- [ RunTime:0.000519s ]
ERR: 无法加载模块:Public

[ 2018-05-19T12:02:00+08:00 ] ::1 /szsanyi./Public/Uploads/2017-07-10/59631c7b2dac1.jpg
INFO: [ app_init ] --START--
INFO: Run Behavior\BuildLiteBehavior [ RunTime:0.000021s ]
INFO: [ app_init ] --END-- [ RunTime:0.000530s ]
ERR: 无法加载模块:Public

[ 2018-05-19T12:04:57+08:00 ] ::1 /szsanyi./Public/Uploads/2017-07-10/59631cd27a54b.jpg
INFO: [ app_init ] --START--
INFO: Run Behavior\BuildLiteBehavior [ RunTime:0.000022s ]
INFO: [ app_init ] --END-- [ RunTime:0.000509s ]
ERR: 无法加载模块:Public

[ 2018-05-19T12:04:57+08:00 ] ::1 /szsanyi./Public/Uploads/2017-07-10/59631d180f645.jpg
INFO: [ app_init ] --START--
INFO: Run Behavior\BuildLiteBehavior [ RunTime:0.000026s ]
INFO: [ app_init ] --END-- [ RunTime:0.000782s ]
ERR: 无法加载模块:Public

[ 2018-05-19T12:04:57+08:00 ] ::1 /szsanyi./Public/Uploads/2017-07-10/59631c7b2dac1.jpg
INFO: [ app_init ] --START--
INFO: Run Behavior\BuildLiteBehavior [ RunTime:0.000022s ]
INFO: [ app_init ] --END-- [ RunTime:0.000565s ]
ERR: 无法加载模块:Public

[ 2018-05-19T12:04:57+08:00 ] ::1 /szsanyi./Public/Uploads/2017-07-10/59631c95d8f18.jpg
INFO: [ app_init ] --START--
INFO: Run Behavior\BuildLiteBehavior [ RunTime:0.000025s ]
INFO: [ app_init ] --END-- [ RunTime:0.000610s ]
ERR: 无法加载模块:Public

[ 2018-05-19T12:04:57+08:00 ] ::1 /szsanyi./Public/Uploads/2017-07-10/59631c6151b02.png
INFO: [ app_init ] --START--
INFO: Run Behavior\BuildLiteBehavior [ RunTime:0.000046s ]
INFO: [ app_init ] --END-- [ RunTime:0.000695s ]
ERR: 无法加载模块:Public

[ 2018-05-19T12:06:26+08:00 ] ::1 /szsanyi./Public/Uploads/2017-07-10/59631cd27a54b.jpg
INFO: [ app_init ] --START--
INFO: Run Behavior\BuildLiteBehavior [ RunTime:0.000025s ]
INFO: [ app_init ] --END-- [ RunTime:0.000583s ]
ERR: 无法加载模块:Public

[ 2018-05-19T12:06:26+08:00 ] ::1 /szsanyi./Public/Uploads/2017-07-10/59631c7b2dac1.jpg
INFO: [ app_init ] --START--
INFO: Run Behavior\BuildLiteBehavior [ RunTime:0.000027s ]
INFO: [ app_init ] --END-- [ RunTime:0.001705s ]
ERR: 无法加载模块:Public

[ 2018-05-19T12:06:26+08:00 ] ::1 /szsanyi./Public/Uploads/2017-07-10/59631d180f645.jpg
INFO: [ app_init ] --START--
INFO: Run Behavior\BuildLiteBehavior [ RunTime:0.000113s ]
INFO: [ app_init ] --END-- [ RunTime:0.001830s ]
ERR: 无法加载模块:Public

[ 2018-05-19T12:06:26+08:00 ] ::1 /szsanyi./Public/Uploads/2017-07-10/59631c6151b02.png
INFO: [ app_init ] --START--
INFO: Run Behavior\BuildLiteBehavior [ RunTime:0.000025s ]
INFO: [ app_init ] --END-- [ RunTime:0.000702s ]
ERR: 无法加载模块:Public

[ 2018-05-19T12:06:27+08:00 ] ::1 /szsanyi./Public/Uploads/2017-07-10/59631c95d8f18.jpg
INFO: [ app_init ] --START--
INFO: Run Behavior\BuildLiteBehavior [ RunTime:0.000025s ]
INFO: [ app_init ] --END-- [ RunTime:0.000692s ]
ERR: 无法加载模块:Public

[ 2018-05-19T12:06:27+08:00 ] ::1 /szsanyi./Public/Uploads/2017-07-10/59631cd27a54b.jpg
INFO: [ app_init ] --START--
INFO: Run Behavior\BuildLiteBehavior [ RunTime:0.000027s ]
INFO: [ app_init ] --END-- [ RunTime:0.001585s ]
ERR: 无法加载模块:Public

[ 2018-05-19T12:06:27+08:00 ] ::1 /szsanyi./Public/Uploads/2017-07-10/59631c7b2dac1.jpg
INFO: [ app_init ] --START--
INFO: Run Behavior\BuildLiteBehavior [ RunTime:0.000022s ]
INFO: [ app_init ] --END-- [ RunTime:0.000533s ]
ERR: 无法加载模块:Public

[ 2018-05-19T12:06:27+08:00 ] ::1 /szsanyi./Public/Uploads/2017-07-10/59631d180f645.jpg
INFO: [ app_init ] --START--
INFO: Run Behavior\BuildLiteBehavior [ RunTime:0.000023s ]
INFO: [ app_init ] --END-- [ RunTime:0.000559s ]
ERR: 无法加载模块:Public

[ 2018-05-19T12:06:27+08:00 ] ::1 /szsanyi./Public/Uploads/2017-07-10/59631c6151b02.png
INFO: [ app_init ] --START--
INFO: Run Behavior\BuildLiteBehavior [ RunTime:0.000023s ]
INFO: [ app_init ] --END-- [ RunTime:0.000599s ]
ERR: 无法加载模块:Public

[ 2018-05-19T12:06:27+08:00 ] ::1 /szsanyi./Public/Uploads/2017-07-10/59631cd27a54b.jpg
INFO: [ app_init ] --START--
INFO: Run Behavior\BuildLiteBehavior [ RunTime:0.000024s ]
INFO: [ app_init ] --END-- [ RunTime:0.000652s ]
ERR: 无法加载模块:Public

[ 2018-05-19T12:06:27+08:00 ] ::1 /szsanyi./Public/Uploads/2017-07-10/59631c7b2dac1.jpg
INFO: [ app_init ] --START--
INFO: Run Behavior\BuildLiteBehavior [ RunTime:0.000024s ]
INFO: [ app_init ] --END-- [ RunTime:0.000596s ]
ERR: 无法加载模块:Public

[ 2018-05-19T12:06:27+08:00 ] ::1 /szsanyi./Public/Uploads/2017-07-10/59631d180f645.jpg
INFO: [ app_init ] --START--
INFO: Run Behavior\BuildLiteBehavior [ RunTime:0.000023s ]
INFO: [ app_init ] --END-- [ RunTime:0.000572s ]
ERR: 无法加载模块:Public

[ 2018-05-19T12:06:27+08:00 ] ::1 /szsanyi./Public/Uploads/2017-07-10/59631c6151b02.png
INFO: [ app_init ] --START--
INFO: Run Behavior\BuildLiteBehavior [ RunTime:0.000030s ]
INFO: [ app_init ] --END-- [ RunTime:0.013265s ]
ERR: 无法加载模块:Public

[ 2018-05-19T12:06:27+08:00 ] ::1 /szsanyi./Public/Uploads/2017-07-10/59631c95d8f18.jpg
INFO: [ app_init ] --START--
INFO: Run Behavior\BuildLiteBehavior [ RunTime:0.000023s ]
INFO: [ app_init ] --END-- [ RunTime:0.000601s ]
ERR: 无法加载模块:Public

[ 2018-05-19T12:06:28+08:00 ] ::1 /szsanyi./Public/Uploads/2017-07-10/59631cd27a54b.jpg
INFO: [ app_init ] --START--
INFO: Run Behavior\BuildLiteBehavior [ RunTime:0.000025s ]
INFO: [ app_init ] --END-- [ RunTime:0.000743s ]
ERR: 无法加载模块:Public

[ 2018-05-19T12:06:28+08:00 ] ::1 /szsanyi./Public/Uploads/2017-07-10/59631c6151b02.png
INFO: [ app_init ] --START--
INFO: Run Behavior\BuildLiteBehavior [ RunTime:0.000023s ]
INFO: [ app_init ] --END-- [ RunTime:0.000621s ]
ERR: 无法加载模块:Public

[ 2018-05-19T12:06:28+08:00 ] ::1 /szsanyi./Public/Uploads/2017-07-10/59631d180f645.jpg
INFO: [ app_init ] --START--
INFO: Run Behavior\BuildLiteBehavior [ RunTime:0.000026s ]
INFO: [ app_init ] --END-- [ RunTime:0.000710s ]
ERR: 无法加载模块:Public

[ 2018-05-19T12:06:28+08:00 ] ::1 /szsanyi./Public/Uploads/2017-07-10/59631c95d8f18.jpg
INFO: [ app_init ] --START--
INFO: Run Behavior\BuildLiteBehavior [ RunTime:0.000026s ]
INFO: [ app_init ] --END-- [ RunTime:0.000651s ]
ERR: 无法加载模块:Public

[ 2018-05-19T12:06:28+08:00 ] ::1 /szsanyi./Public/Uploads/2017-07-10/59631c7b2dac1.jpg
INFO: [ app_init ] --START--
INFO: Run Behavior\BuildLiteBehavior [ RunTime:0.000025s ]
INFO: [ app_init ] --END-- [ RunTime:0.000643s ]
ERR: 无法加载模块:Public

[ 2018-05-19T12:06:30+08:00 ] ::1 /szsanyi/Public/Uploads/ad/2018-05-18/5afe1da51e6f4.jpg
INFO: [ app_init ] --START--
INFO: Run Behavior\BuildLiteBehavior [ RunTime:0.000024s ]
INFO: [ app_init ] --END-- [ RunTime:0.000743s ]
ERR: 无法加载模块:Public

[ 2018-05-19T12:06:30+08:00 ] ::1 /szsanyi/Public/Uploads/ad/2018-05-18/5afe1fbe521eb.jpg
INFO: [ app_init ] --START--
INFO: Run Behavior\BuildLiteBehavior [ RunTime:0.000023s ]
INFO: [ app_init ] --END-- [ RunTime:0.000597s ]
ERR: 无法加载模块:Public

[ 2018-05-19T12:06:30+08:00 ] ::1 /szsanyi/Public/Uploads/ad/2018-05-18/5afe1fef23c2e.jpg
INFO: [ app_init ] --START--
INFO: Run Behavior\BuildLiteBehavior [ RunTime:0.000037s ]
INFO: [ app_init ] --END-- [ RunTime:0.000543s ]
ERR: 无法加载模块:Public

[ 2018-05-19T12:06:30+08:00 ] ::1 /szsanyi/Public/Uploads/ad/2018-05-18/5afe200ea6cb9.png
INFO: [ app_init ] --START--
INFO: Run Behavior\BuildLiteBehavior [ RunTime:0.000024s ]
INFO: [ app_init ] --END-- [ RunTime:0.000541s ]
ERR: 无法加载模块:Public

[ 2018-05-19T12:06:30+08:00 ] ::1 /szsanyi/Public/Uploads/ad/2018-05-18/5afe1fcfca547.jpg
INFO: [ app_init ] --START--
INFO: Run Behavior\BuildLiteBehavior [ RunTime:0.000023s ]
INFO: [ app_init ] --END-- [ RunTime:0.000573s ]
ERR: 无法加载模块:Public

[ 2018-05-19T12:06:30+08:00 ] ::1 /szsanyi/Public/Uploads/ad/2018-05-18/5afe1ffde38bd.png
INFO: [ app_init ] --START--
INFO: Run Behavior\BuildLiteBehavior [ RunTime:0.000022s ]
INFO: [ app_init ] --END-- [ RunTime:0.000622s ]
ERR: 无法加载模块:Public

[ 2018-05-19T12:06:30+08:00 ] ::1 /szsanyi/Public/Uploads/ad/2018-05-18/5afe1a24a4539.jpg
INFO: [ app_init ] --START--
INFO: Run Behavior\BuildLiteBehavior [ RunTime:0.000026s ]
INFO: [ app_init ] --END-- [ RunTime:0.000629s ]
ERR: 无法加载模块:Public

[ 2018-05-19T12:06:30+08:00 ] ::1 /szsanyi/Public/Uploads/ad/2018-05-18/5afe1be009327.jpg
INFO: [ app_init ] --START--
INFO: Run Behavior\BuildLiteBehavior [ RunTime:0.000023s ]
INFO: [ app_init ] --END-- [ RunTime:0.000599s ]
ERR: 无法加载模块:Public

[ 2018-05-19T12:06:30+08:00 ] ::1 /szsanyi/Public/Uploads/ad/2018-05-18/5afe1c6169d47.jpg
INFO: [ app_init ] --START--
INFO: Run Behavior\BuildLiteBehavior [ RunTime:0.000025s ]
INFO: [ app_init ] --END-- [ RunTime:0.001343s ]
ERR: 无法加载模块:Public

[ 2018-05-19T12:06:30+08:00 ] ::1 /szsanyi/Public/Uploads/ad/2018-05-18/5afe1c0419331.jpg
INFO: [ app_init ] --START--
INFO: Run Behavior\BuildLiteBehavior [ RunTime:0.000022s ]
INFO: [ app_init ] --END-- [ RunTime:0.000906s ]
ERR: 无法加载模块:Public

[ 2018-05-19T12:06:30+08:00 ] ::1 /szsanyi/Public/Uploads/ad/2018-05-18/5afe1c889953c.jpg
INFO: [ app_init ] --START--
INFO: Run Behavior\BuildLiteBehavior [ RunTime:0.000024s ]
INFO: [ app_init ] --END-- [ RunTime:0.000549s ]
ERR: 无法加载模块:Public

[ 2018-05-19T12:06:30+08:00 ] ::1 /szsanyi/Public/Uploads/ad/2018-05-18/5afe1cc25bd0b.jpg
INFO: [ app_init ] --START--
INFO: Run Behavior\BuildLiteBehavior [ RunTime:0.000026s ]
INFO: [ app_init ] --END-- [ RunTime:0.000588s ]
ERR: 无法加载模块:Public

[ 2018-05-19T12:06:30+08:00 ] ::1 /szsanyi/Public/Uploads/ad/2018-05-18/5afe1ca6195cb.jpg
INFO: [ app_init ] --START--
INFO: Run Behavior\BuildLiteBehavior [ RunTime:0.000025s ]
INFO: [ app_init ] --END-- [ RunTime:0.001912s ]
ERR: 无法加载模块:Public

[ 2018-05-19T12:06:30+08:00 ] ::1 /szsanyi/Public/Uploads/ad/2018-05-18/5afe17ae19130.jpg
INFO: [ app_init ] --START--
INFO: Run Behavior\BuildLiteBehavior [ RunTime:0.000023s ]
INFO: [ app_init ] --END-- [ RunTime:0.000564s ]
ERR: 无法加载模块:Public

[ 2018-05-19T12:06:30+08:00 ] ::1 /szsanyi/Public/Uploads/ad/2018-05-18/5afe179a7f412.jpg
INFO: [ app_init ] --START--
INFO: Run Behavior\BuildLiteBehavior [ RunTime:0.000025s ]
INFO: [ app_init ] --END-- [ RunTime:0.000656s ]
ERR: 无法加载模块:Public

[ 2018-05-19T12:06:30+08:00 ] ::1 /szsanyi/Public/Uploads/ad/2018-05-18/5afe1fde2336b.jpg
INFO: [ app_init ] --START--
INFO: Run Behavior\BuildLiteBehavior [ RunTime:0.000026s ]
INFO: [ app_init ] --END-- [ RunTime:0.000917s ]
ERR: 无法加载模块:Public

[ 2018-05-19T12:06:30+08:00 ] ::1 /szsanyi/Public/Uploads/ad/2018-05-18/5afe178676197.jpg
INFO: [ app_init ] --START--
INFO: Run Behavior\BuildLiteBehavior [ RunTime:0.000027s ]
INFO: [ app_init ] --END-- [ RunTime:0.002949s ]
ERR: 无法加载模块:Public

[ 2018-05-19T12:06:30+08:00 ] ::1 /szsanyi/Public/Uploads/ad/2018-05-18/5afe204a553df.png
INFO: [ app_init ] --START--
INFO: Run Behavior\BuildLiteBehavior [ RunTime:0.000028s ]
INFO: [ app_init ] --END-- [ RunTime:0.000891s ]
ERR: 无法加载模块:Public

[ 2018-05-19T12:06:33+08:00 ] ::1 /szsanyi/Public/Uploads/ad/2018-05-18/5afe1da51e6f4.jpg
INFO: [ app_init ] --START--
INFO: Run Behavior\BuildLiteBehavior [ RunTime:0.000029s ]
INFO: [ app_init ] --END-- [ RunTime:0.000765s ]
ERR: 无法加载模块:Public

[ 2018-05-19T12:06:33+08:00 ] ::1 /szsanyi/Public/Uploads/ad/2018-05-18/5afe1fbe521eb.jpg
INFO: [ app_init ] --START--
INFO: Run Behavior\BuildLiteBehavior [ RunTime:0.000025s ]
INFO: [ app_init ] --END-- [ RunTime:0.000582s ]
ERR: 无法加载模块:Public

[ 2018-05-19T12:06:33+08:00 ] ::1 /szsanyi/Public/Uploads/ad/2018-05-18/5afe1ffde38bd.png
INFO: [ app_init ] --START--
INFO: Run Behavior\BuildLiteBehavior [ RunTime:0.000022s ]
INFO: [ app_init ] --END-- [ RunTime:0.000598s ]
ERR: 无法加载模块:Public

[ 2018-05-19T12:06:33+08:00 ] ::1 /szsanyi/Public/Uploads/ad/2018-05-18/5afe1fef23c2e.jpg
INFO: [ app_init ] --START--
INFO: Run Behavior\BuildLiteBehavior [ RunTime:0.000024s ]
INFO: [ app_init ] --END-- [ RunTime:0.000616s ]
ERR: 无法加载模块:Public

[ 2018-05-19T12:06:33+08:00 ] ::1 /szsanyi/Public/Uploads/ad/2018-05-18/5afe1fde2336b.jpg
INFO: [ app_init ] --START--
INFO: Run Behavior\BuildLiteBehavior [ RunTime:0.000024s ]
INFO: [ app_init ] --END-- [ RunTime:0.000532s ]
ERR: 无法加载模块:Public

[ 2018-05-19T12:06:33+08:00 ] ::1 /szsanyi/Public/Uploads/ad/2018-05-18/5afe200ea6cb9.png
INFO: [ app_init ] --START--
INFO: Run Behavior\BuildLiteBehavior [ RunTime:0.000023s ]
INFO: [ app_init ] --END-- [ RunTime:0.000503s ]
ERR: 无法加载模块:Public

[ 2018-05-19T12:06:33+08:00 ] ::1 /szsanyi/Public/Uploads/ad/2018-05-18/5afe1a24a4539.jpg
INFO: [ app_init ] --START--
INFO: Run Behavior\BuildLiteBehavior [ RunTime:0.000023s ]
INFO: [ app_init ] --END-- [ RunTime:0.001877s ]
ERR: 无法加载模块:Public

[ 2018-05-19T12:06:33+08:00 ] ::1 /szsanyi/Public/Uploads/ad/2018-05-18/5afe204a553df.png
INFO: [ app_init ] --START--
INFO: Run Behavior\BuildLiteBehavior [ RunTime:0.000038s ]
INFO: [ app_init ] --END-- [ RunTime:0.001777s ]
ERR: 无法加载模块:Public

[ 2018-05-19T12:06:33+08:00 ] ::1 /szsanyi/Public/Uploads/ad/2018-05-18/5afe1c6169d47.jpg
INFO: [ app_init ] --START--
INFO: Run Behavior\BuildLiteBehavior [ RunTime:0.000025s ]
INFO: [ app_init ] --END-- [ RunTime:0.000672s ]
ERR: 无法加载模块:Public

[ 2018-05-19T12:06:33+08:00 ] ::1 /szsanyi/Public/Uploads/ad/2018-05-18/5afe1c889953c.jpg
INFO: [ app_init ] --START--
INFO: Run Behavior\BuildLiteBehavior [ RunTime:0.000024s ]
INFO: [ app_init ] --END-- [ RunTime:0.000625s ]
ERR: 无法加载模块:Public

[ 2018-05-19T12:06:33+08:00 ] ::1 /szsanyi/Public/Uploads/ad/2018-05-18/5afe1ca6195cb.jpg
INFO: [ app_init ] --START--
INFO: Run Behavior\BuildLiteBehavior [ RunTime:0.000024s ]
INFO: [ app_init ] --END-- [ RunTime:0.000590s ]
ERR: 无法加载模块:Public

[ 2018-05-19T12:06:33+08:00 ] ::1 /szsanyi/Public/Uploads/ad/2018-05-18/5afe17ae19130.jpg
INFO: [ app_init ] --START--
INFO: Run Behavior\BuildLiteBehavior [ RunTime:0.000025s ]
INFO: [ app_init ] --END-- [ RunTime:0.000587s ]
ERR: 无法加载模块:Public

[ 2018-05-19T12:06:33+08:00 ] ::1 /szsanyi/Public/Uploads/ad/2018-05-18/5afe179a7f412.jpg
INFO: [ app_init ] --START--
INFO: Run Behavior\BuildLiteBehavior [ RunTime:0.000023s ]
INFO: [ app_init ] --END-- [ RunTime:0.000782s ]
ERR: 无法加载模块:Public

[ 2018-05-19T12:06:33+08:00 ] ::1 /szsanyi/Public/Uploads/ad/2018-05-18/5afe178676197.jpg
INFO: [ app_init ] --START--
INFO: Run Behavior\BuildLiteBehavior [ RunTime:0.000025s ]
INFO: [ app_init ] --END-- [ RunTime:0.000847s ]
ERR: 无法加载模块:Public

[ 2018-05-19T12:06:33+08:00 ] ::1 /szsanyi/Public/Uploads/ad/2018-05-18/5afe1be009327.jpg
INFO: [ app_init ] --START--
INFO: Run Behavior\BuildLiteBehavior [ RunTime:0.000027s ]
INFO: [ app_init ] --END-- [ RunTime:0.001080s ]
ERR: 无法加载模块:Public

[ 2018-05-19T12:06:33+08:00 ] ::1 /szsanyi/Public/Uploads/ad/2018-05-18/5afe1fcfca547.jpg
INFO: [ app_init ] --START--
INFO: Run Behavior\BuildLiteBehavior [ RunTime:0.000026s ]
INFO: [ app_init ] --END-- [ RunTime:0.007391s ]
ERR: 无法加载模块:Public

[ 2018-05-19T12:06:33+08:00 ] ::1 /szsanyi/Public/Uploads/ad/2018-05-18/5afe1cc25bd0b.jpg
INFO: [ app_init ] --START--
INFO: Run Behavior\BuildLiteBehavior [ RunTime:0.000144s ]
INFO: [ app_init ] --END-- [ RunTime:0.001059s ]
ERR: 无法加载模块:Public

[ 2018-05-19T12:06:40+08:00 ] ::1 /szsanyi./Public/Uploads/2017-07-10/59631cd27a54b.jpg
INFO: [ app_init ] --START--
INFO: Run Behavior\BuildLiteBehavior [ RunTime:0.000025s ]
INFO: [ app_init ] --END-- [ RunTime:0.000677s ]
ERR: 无法加载模块:Public

[ 2018-05-19T12:06:40+08:00 ] ::1 /szsanyi./Public/Uploads/2017-07-10/59631c6151b02.png
INFO: [ app_init ] --START--
INFO: Run Behavior\BuildLiteBehavior [ RunTime:0.000024s ]
INFO: [ app_init ] --END-- [ RunTime:0.000559s ]
ERR: 无法加载模块:Public

[ 2018-05-19T12:06:40+08:00 ] ::1 /szsanyi./Public/Uploads/2017-07-10/59631c7b2dac1.jpg
INFO: [ app_init ] --START--
INFO: Run Behavior\BuildLiteBehavior [ RunTime:0.000025s ]
INFO: [ app_init ] --END-- [ RunTime:0.000663s ]
ERR: 无法加载模块:Public

[ 2018-05-19T12:06:40+08:00 ] ::1 /szsanyi./Public/Uploads/2017-07-10/59631c95d8f18.jpg
INFO: [ app_init ] --START--
INFO: Run Behavior\BuildLiteBehavior [ RunTime:0.000025s ]
INFO: [ app_init ] --END-- [ RunTime:0.000954s ]
ERR: 无法加载模块:Public

[ 2018-05-19T12:06:40+08:00 ] ::1 /szsanyi./Public/Uploads/2017-07-10/59631d180f645.jpg
INFO: [ app_init ] --START--
INFO: Run Behavior\BuildLiteBehavior [ RunTime:0.000023s ]
INFO: [ app_init ] --END-- [ RunTime:0.001101s ]
ERR: 无法加载模块:Public

[ 2018-05-19T12:06:46+08:00 ] ::1 /szsanyi./Public/Uploads/2017-07-10/59631c6151b02.png
INFO: [ app_init ] --START--
INFO: Run Behavior\BuildLiteBehavior [ RunTime:0.000022s ]
INFO: [ app_init ] --END-- [ RunTime:0.000547s ]
ERR: 无法加载模块:Public

[ 2018-05-19T12:06:46+08:00 ] ::1 /szsanyi./Public/Uploads/2017-07-10/59631d180f645.jpg
INFO: [ app_init ] --START--
INFO: Run Behavior\BuildLiteBehavior [ RunTime:0.000022s ]
INFO: [ app_init ] --END-- [ RunTime:0.000605s ]
ERR: 无法加载模块:Public

[ 2018-05-19T12:06:46+08:00 ] ::1 /szsanyi./Public/Uploads/2017-07-10/59631cd27a54b.jpg
INFO: [ app_init ] --START--
INFO: Run Behavior\BuildLiteBehavior [ RunTime:0.000023s ]
INFO: [ app_init ] --END-- [ RunTime:0.000694s ]
ERR: 无法加载模块:Public

[ 2018-05-19T12:06:46+08:00 ] ::1 /szsanyi./Public/Uploads/2017-07-10/59631c7b2dac1.jpg
INFO: [ app_init ] --START--
INFO: Run Behavior\BuildLiteBehavior [ RunTime:0.000082s ]
INFO: [ app_init ] --END-- [ RunTime:0.000650s ]
ERR: 无法加载模块:Public

[ 2018-05-19T12:06:46+08:00 ] ::1 /szsanyi./Public/Uploads/2017-07-10/59631c95d8f18.jpg
INFO: [ app_init ] --START--
INFO: Run Behavior\BuildLiteBehavior [ RunTime:0.000026s ]
INFO: [ app_init ] --END-- [ RunTime:0.001665s ]
ERR: 无法加载模块:Public

[ 2018-05-19T12:09:32+08:00 ] ::1 /szsanyi/Public/Uploads/ad/2018-05-18/5afe1da51e6f4.jpg
INFO: [ app_init ] --START--
INFO: Run Behavior\BuildLiteBehavior [ RunTime:0.000029s ]
INFO: [ app_init ] --END-- [ RunTime:0.000582s ]
ERR: 无法加载模块:Public

[ 2018-05-19T12:09:32+08:00 ] ::1 /szsanyi/Public/Uploads/ad/2018-05-18/5afe1ffde38bd.png
INFO: [ app_init ] --START--
INFO: Run Behavior\BuildLiteBehavior [ RunTime:0.000044s ]
INFO: [ app_init ] --END-- [ RunTime:0.000867s ]
ERR: 无法加载模块:Public

[ 2018-05-19T12:09:32+08:00 ] ::1 /szsanyi/Public/Uploads/ad/2018-05-18/5afe200ea6cb9.png
INFO: [ app_init ] --START--
INFO: Run Behavior\BuildLiteBehavior [ RunTime:0.000024s ]
INFO: [ app_init ] --END-- [ RunTime:0.000802s ]
ERR: 无法加载模块:Public

[ 2018-05-19T12:09:32+08:00 ] ::1 /szsanyi/Public/Uploads/ad/2018-05-18/5afe1fde2336b.jpg
INFO: [ app_init ] --START--
INFO: Run Behavior\BuildLiteBehavior [ RunTime:0.000021s ]
INFO: [ app_init ] --END-- [ RunTime:0.001048s ]
ERR: 无法加载模块:Public

[ 2018-05-19T12:09:32+08:00 ] ::1 /szsanyi/Public/Uploads/ad/2018-05-18/5afe1fef23c2e.jpg
INFO: [ app_init ] --START--
INFO: Run Behavior\BuildLiteBehavior [ RunTime:0.000025s ]
INFO: [ app_init ] --END-- [ RunTime:0.000621s ]
ERR: 无法加载模块:Public

[ 2018-05-19T12:09:32+08:00 ] ::1 /szsanyi/Public/Uploads/ad/2018-05-18/5afe1fbe521eb.jpg
INFO: [ app_init ] --START--
INFO: Run Behavior\BuildLiteBehavior [ RunTime:0.000023s ]
INFO: [ app_init ] --END-- [ RunTime:0.000632s ]
ERR: 无法加载模块:Public

[ 2018-05-19T12:09:32+08:00 ] ::1 /szsanyi/Public/Uploads/ad/2018-05-18/5afe1fcfca547.jpg
INFO: [ app_init ] --START--
INFO: Run Behavior\BuildLiteBehavior [ RunTime:0.000029s ]
INFO: [ app_init ] --END-- [ RunTime:0.001375s ]
ERR: 无法加载模块:Public

[ 2018-05-19T12:09:32+08:00 ] ::1 /szsanyi/Public/Uploads/ad/2018-05-18/5afe204a553df.png
INFO: [ app_init ] --START--
INFO: Run Behavior\BuildLiteBehavior [ RunTime:0.000024s ]
INFO: [ app_init ] --END-- [ RunTime:0.000543s ]
ERR: 无法加载模块:Public

[ 2018-05-19T12:09:32+08:00 ] ::1 /szsanyi/Public/Uploads/ad/2018-05-18/5afe1a24a4539.jpg
INFO: [ app_init ] --START--
INFO: Run Behavior\BuildLiteBehavior [ RunTime:0.000024s ]
INFO: [ app_init ] --END-- [ RunTime:0.000538s ]
ERR: 无法加载模块:Public

[ 2018-05-19T12:09:32+08:00 ] ::1 /szsanyi/Public/Uploads/ad/2018-05-18/5afe1c0419331.jpg
INFO: [ app_init ] --START--
INFO: Run Behavior\BuildLiteBehavior [ RunTime:0.000023s ]
INFO: [ app_init ] --END-- [ RunTime:0.000586s ]
ERR: 无法加载模块:Public

[ 2018-05-19T12:09:32+08:00 ] ::1 /szsanyi/Public/Uploads/ad/2018-05-18/5afe1be009327.jpg
INFO: [ app_init ] --START--
INFO: Run Behavior\BuildLiteBehavior [ RunTime:0.000024s ]
INFO: [ app_init ] --END-- [ RunTime:0.000546s ]
ERR: 无法加载模块:Public

[ 2018-05-19T12:09:33+08:00 ] ::1 /szsanyi/Public/Uploads/ad/2018-05-18/5afe1c889953c.jpg
INFO: [ app_init ] --START--
INFO: Run Behavior\BuildLiteBehavior [ RunTime:0.000024s ]
INFO: [ app_init ] --END-- [ RunTime:0.001356s ]
ERR: 无法加载模块:Public

[ 2018-05-19T12:09:33+08:00 ] ::1 /szsanyi/Public/Uploads/ad/2018-05-18/5afe1c6169d47.jpg
INFO: [ app_init ] --START--
INFO: Run Behavior\BuildLiteBehavior [ RunTime:0.000024s ]
INFO: [ app_init ] --END-- [ RunTime:0.001338s ]
ERR: 无法加载模块:Public

[ 2018-05-19T12:09:33+08:00 ] ::1 /szsanyi/Public/Uploads/ad/2018-05-18/5afe1ca6195cb.jpg
INFO: [ app_init ] --START--
INFO: Run Behavior\BuildLiteBehavior [ RunTime:0.000025s ]
INFO: [ app_init ] --END-- [ RunTime:0.001950s ]
ERR: 无法加载模块:Public

[ 2018-05-19T12:09:33+08:00 ] ::1 /szsanyi/Public/Uploads/ad/2018-05-18/5afe17ae19130.jpg
INFO: [ app_init ] --START--
INFO: Run Behavior\BuildLiteBehavior [ RunTime:0.000025s ]
INFO: [ app_init ] --END-- [ RunTime:0.000629s ]
ERR: 无法加载模块:Public

[ 2018-05-19T12:09:33+08:00 ] ::1 /szsanyi/Public/Uploads/ad/2018-05-18/5afe179a7f412.jpg
INFO: [ app_init ] --START--
INFO: Run Behavior\BuildLiteBehavior [ RunTime:0.000024s ]
INFO: [ app_init ] --END-- [ RunTime:0.000590s ]
ERR: 无法加载模块:Public

[ 2018-05-19T12:09:33+08:00 ] ::1 /szsanyi/Public/Uploads/ad/2018-05-18/5afe178676197.jpg
INFO: [ app_init ] --START--
INFO: Run Behavior\BuildLiteBehavior [ RunTime:0.000028s ]
INFO: [ app_init ] --END-- [ RunTime:0.000645s ]
ERR: 无法加载模块:Public

[ 2018-05-19T12:09:33+08:00 ] ::1 /szsanyi/Public/Uploads/ad/2018-05-18/5afe1cc25bd0b.jpg
INFO: [ app_init ] --START--
INFO: Run Behavior\BuildLiteBehavior [ RunTime:0.000033s ]
INFO: [ app_init ] --END-- [ RunTime:0.003711s ]
ERR: 无法加载模块:Public

[ 2018-05-19T12:11:51+08:00 ] ::1 /szsanyi./Public/Uploads/2017-07-10/59631cd27a54b.jpg
INFO: [ app_init ] --START--
INFO: Run Behavior\BuildLiteBehavior [ RunTime:0.000028s ]
INFO: [ app_init ] --END-- [ RunTime:0.004864s ]
ERR: 无法加载模块:Public

[ 2018-05-19T12:11:51+08:00 ] ::1 /szsanyi./Public/Uploads/2017-07-10/59631c6151b02.png
INFO: [ app_init ] --START--
INFO: Run Behavior\BuildLiteBehavior [ RunTime:0.000022s ]
INFO: [ app_init ] --END-- [ RunTime:0.000642s ]
ERR: 无法加载模块:Public

[ 2018-05-19T12:11:51+08:00 ] ::1 /szsanyi./Public/Uploads/2017-07-10/59631c7b2dac1.jpg
INFO: [ app_init ] --START--
INFO: Run Behavior\BuildLiteBehavior [ RunTime:0.000021s ]
INFO: [ app_init ] --END-- [ RunTime:0.000598s ]
ERR: 无法加载模块:Public

[ 2018-05-19T12:11:51+08:00 ] ::1 /szsanyi./Public/Uploads/2017-07-10/59631d180f645.jpg
INFO: [ app_init ] --START--
INFO: Run Behavior\BuildLiteBehavior [ RunTime:0.000021s ]
INFO: [ app_init ] --END-- [ RunTime:0.000542s ]
ERR: 无法加载模块:Public

[ 2018-05-19T12:11:51+08:00 ] ::1 /szsanyi./Public/Uploads/2017-07-10/59631c95d8f18.jpg
INFO: [ app_init ] --START--
INFO: Run Behavior\BuildLiteBehavior [ RunTime:0.000079s ]
INFO: [ app_init ] --END-- [ RunTime:0.000772s ]
ERR: 无法加载模块:Public

