[ 2018-05-17T00:22:30+08:00 ] ::1 /sucai./Public/Uploads/2017-07-10/59631c6151b02.png
INFO: [ app_init ] --START--
INFO: Run Behavior\BuildLiteBehavior [ RunTime:0.000025s ]
INFO: [ app_init ] --END-- [ RunTime:0.000906s ]
ERR: 无法加载模块:Public

[ 2018-05-17T00:22:30+08:00 ] ::1 /sucai./Public/Uploads/2017-07-10/59631cd27a54b.jpg
INFO: [ app_init ] --START--
INFO: Run Behavior\BuildLiteBehavior [ RunTime:0.000020s ]
INFO: [ app_init ] --END-- [ RunTime:0.000424s ]
ERR: 无法加载模块:Public

[ 2018-05-17T00:22:30+08:00 ] ::1 /sucai./Public/Uploads/2017-07-10/59631c95d8f18.jpg
INFO: [ app_init ] --START--
INFO: Run Behavior\BuildLiteBehavior [ RunTime:0.000024s ]
INFO: [ app_init ] --END-- [ RunTime:0.000559s ]
ERR: 无法加载模块:Public

[ 2018-05-17T00:23:16+08:00 ] ::1 /sucai/Public/Admin/Js/php/controller.php?action=config&&noCache=1526487796959
INFO: [ app_init ] --START--
INFO: Run Behavior\BuildLiteBehavior [ RunTime:0.000015s ]
INFO: [ app_init ] --END-- [ RunTime:0.000353s ]
ERR: 无法加载模块:Public

[ 2018-05-17T00:23:17+08:00 ] ::1 /sucai/Public/Admin/Js/third-party/codemirror/codemirror.js
INFO: [ app_init ] --START--
INFO: Run Behavior\BuildLiteBehavior [ RunTime:0.000021s ]
INFO: [ app_init ] --END-- [ RunTime:0.000624s ]
ERR: 无法加载模块:Public

[ 2018-05-17T00:23:17+08:00 ] ::1 /sucai/Public/Admin/Js/third-party/codemirror/codemirror.css
INFO: [ app_init ] --START--
INFO: Run Behavior\BuildLiteBehavior [ RunTime:0.000022s ]
INFO: [ app_init ] --END-- [ RunTime:0.000528s ]
ERR: 无法加载模块:Public

[ 2018-05-17T00:23:17+08:00 ] ::1 /sucai/Public/Admin/Js/third-party/zeroclipboard/ZeroClipboard.js
INFO: [ app_init ] --START--
INFO: Run Behavior\BuildLiteBehavior [ RunTime:0.000020s ]
INFO: [ app_init ] --END-- [ RunTime:0.000470s ]
ERR: 无法加载模块:Public

[ 2018-05-17T11:36:48+08:00 ] ::1 /sz./Public/Uploads/2017-07-10/59631d180f645.jpg
INFO: [ app_init ] --START--
INFO: Run Behavior\BuildLiteBehavior [ RunTime:0.000020s ]
INFO: [ app_init ] --END-- [ RunTime:0.000530s ]
ERR: 无法加载模块:Public

[ 2018-05-17T11:36:48+08:00 ] ::1 /sz./Public/Uploads/2017-07-10/59631c7b2dac1.jpg
INFO: [ app_init ] --START--
INFO: Run Behavior\BuildLiteBehavior [ RunTime:0.000019s ]
INFO: [ app_init ] --END-- [ RunTime:0.000655s ]
ERR: 无法加载模块:Public

[ 2018-05-17T11:36:48+08:00 ] ::1 /sz./Public/Uploads/2017-07-10/59631cd27a54b.jpg
INFO: [ app_init ] --START--
INFO: Run Behavior\BuildLiteBehavior [ RunTime:0.000018s ]
INFO: [ app_init ] --END-- [ RunTime:0.000595s ]
ERR: 无法加载模块:Public

[ 2018-05-17T11:36:48+08:00 ] ::1 /sz./Public/Uploads/2017-07-10/59631c95d8f18.jpg
INFO: [ app_init ] --START--
INFO: Run Behavior\BuildLiteBehavior [ RunTime:0.000032s ]
INFO: [ app_init ] --END-- [ RunTime:0.000662s ]
ERR: 无法加载模块:Public

[ 2018-05-17T19:09:35+08:00 ] ::1 /sz/linklogo/20171119/72cbd199aff27555431f91d7b4f0ac46.jpg
INFO: [ app_init ] --START--
INFO: Run Behavior\BuildLiteBehavior [ RunTime:0.000014s ]
INFO: [ app_init ] --END-- [ RunTime:0.000335s ]
ERR: 无法加载模块:Linklogo

[ 2018-05-17T19:09:41+08:00 ] ::1 /sz/linklogo/20171119/72cbd199aff27555431f91d7b4f0ac46.jpg
INFO: [ app_init ] --START--
INFO: Run Behavior\BuildLiteBehavior [ RunTime:0.000018s ]
INFO: [ app_init ] --END-- [ RunTime:0.000356s ]
ERR: 无法加载模块:Linklogo

[ 2018-05-17T20:22:38+08:00 ] ::1 /sz./Public/Uploads/2017-07-10/59631cd27a54b.jpg
INFO: [ app_init ] --START--
INFO: Run Behavior\BuildLiteBehavior [ RunTime:0.000020s ]
INFO: [ app_init ] --END-- [ RunTime:0.000575s ]
ERR: 无法加载模块:Public

[ 2018-05-17T20:22:38+08:00 ] ::1 /sz./Public/Uploads/2017-07-10/59631c7b2dac1.jpg
INFO: [ app_init ] --START--
INFO: Run Behavior\BuildLiteBehavior [ RunTime:0.000021s ]
INFO: [ app_init ] --END-- [ RunTime:0.000503s ]
ERR: 无法加载模块:Public

[ 2018-05-17T20:22:38+08:00 ] ::1 /sz./Public/Uploads/2017-07-10/59631d180f645.jpg
INFO: [ app_init ] --START--
INFO: Run Behavior\BuildLiteBehavior [ RunTime:0.000019s ]
INFO: [ app_init ] --END-- [ RunTime:0.000480s ]
ERR: 无法加载模块:Public

[ 2018-05-17T20:22:38+08:00 ] ::1 /sz./Public/Uploads/2017-07-10/59631c6151b02.png
INFO: [ app_init ] --START--
INFO: Run Behavior\BuildLiteBehavior [ RunTime:0.000021s ]
INFO: [ app_init ] --END-- [ RunTime:0.000643s ]
ERR: 无法加载模块:Public

[ 2018-05-17T20:22:38+08:00 ] ::1 /sz./Public/Uploads/2017-07-10/59631c95d8f18.jpg
INFO: [ app_init ] --START--
INFO: Run Behavior\BuildLiteBehavior [ RunTime:0.000015s ]
INFO: [ app_init ] --END-- [ RunTime:0.000423s ]
ERR: 无法加载模块:Public

[ 2018-05-17T20:22:43+08:00 ] ::1 /sz./Public/Uploads/2017-07-10/59631cd27a54b.jpg
INFO: [ app_init ] --START--
INFO: Run Behavior\BuildLiteBehavior [ RunTime:0.000020s ]
INFO: [ app_init ] --END-- [ RunTime:0.000864s ]
ERR: 无法加载模块:Public

[ 2018-05-17T20:22:43+08:00 ] ::1 /sz./Public/Uploads/2017-07-10/59631c7b2dac1.jpg
INFO: [ app_init ] --START--
INFO: Run Behavior\BuildLiteBehavior [ RunTime:0.000020s ]
INFO: [ app_init ] --END-- [ RunTime:0.000452s ]
ERR: 无法加载模块:Public

[ 2018-05-17T20:22:43+08:00 ] ::1 /sz./Public/Uploads/2017-07-10/59631c6151b02.png
INFO: [ app_init ] --START--
INFO: Run Behavior\BuildLiteBehavior [ RunTime:0.000043s ]
INFO: [ app_init ] --END-- [ RunTime:0.000460s ]
ERR: 无法加载模块:Public

[ 2018-05-17T20:22:43+08:00 ] ::1 /sz./Public/Uploads/2017-07-10/59631c95d8f18.jpg
INFO: [ app_init ] --START--
INFO: Run Behavior\BuildLiteBehavior [ RunTime:0.000017s ]
INFO: [ app_init ] --END-- [ RunTime:0.000420s ]
ERR: 无法加载模块:Public

[ 2018-05-17T20:32:40+08:00 ] ::1 /sz./Public/Uploads/2017-07-10/59631cd27a54b.jpg
INFO: [ app_init ] --START--
INFO: Run Behavior\BuildLiteBehavior [ RunTime:0.000026s ]
INFO: [ app_init ] --END-- [ RunTime:0.005932s ]
ERR: 无法加载模块:Public

[ 2018-05-17T20:32:40+08:00 ] ::1 /sz./Public/Uploads/2017-07-10/59631d180f645.jpg
INFO: [ app_init ] --START--
INFO: Run Behavior\BuildLiteBehavior [ RunTime:0.000018s ]
INFO: [ app_init ] --END-- [ RunTime:0.000429s ]
ERR: 无法加载模块:Public

[ 2018-05-17T20:32:40+08:00 ] ::1 /sz./Public/Uploads/2017-07-10/59631c95d8f18.jpg
INFO: [ app_init ] --START--
INFO: Run Behavior\BuildLiteBehavior [ RunTime:0.000019s ]
INFO: [ app_init ] --END-- [ RunTime:0.000521s ]
ERR: 无法加载模块:Public

[ 2018-05-17T20:32:40+08:00 ] ::1 /sz./Public/Uploads/2017-07-10/59631c6151b02.png
INFO: [ app_init ] --START--
INFO: Run Behavior\BuildLiteBehavior [ RunTime:0.000023s ]
INFO: [ app_init ] --END-- [ RunTime:0.000583s ]
ERR: 无法加载模块:Public

