[ 2017-08-16T22:00:27+08:00 ] ::1 /sucai/admin
INFO: [ app_init ] --START--
INFO: Run Behavior\BuildLiteBehavior [ RunTime:0.000023s ]
INFO: [ app_init ] --END-- [ RunTime:0.000473s ]
INFO: [ app_begin ] --START--
INFO: Run Behavior\ReadHtmlCacheBehavior [ RunTime:0.000438s ]
INFO: [ app_begin ] --END-- [ RunTime:0.000531s ]
INFO: [ view_parse ] --START--
INFO: [ template_filter ] --START--
INFO: Run Behavior\ContentReplaceBehavior [ RunTime:0.000139s ]
INFO: [ template_filter ] --END-- [ RunTime:0.000314s ]
INFO: Run Behavior\ParseTemplateBehavior [ RunTime:0.019380s ]
INFO: [ view_parse ] --END-- [ RunTime:0.019505s ]
INFO: [ view_filter ] --START--
INFO: Run Behavior\WriteHtmlCacheBehavior [ RunTime:0.000409s ]
INFO: [ view_filter ] --END-- [ RunTime:0.000489s ]

[ 2017-08-16T22:00:30+08:00 ] ::1 /sucai/index.php/Admin/Login/login.html
INFO: [ app_init ] --START--
INFO: Run Behavior\BuildLiteBehavior [ RunTime:0.000063s ]
INFO: [ app_init ] --END-- [ RunTime:0.000515s ]
INFO: [ app_begin ] --START--
INFO: Run Behavior\ReadHtmlCacheBehavior [ RunTime:0.000524s ]
INFO: [ app_begin ] --END-- [ RunTime:0.000661s ]
NOTIC: [8] Use of undefined constant regex - assumed 'regex' D:\wamp64\www\sucai\ThinkPHP\Common\functions.php 第 588 行.
NOTIC: [8] Use of undefined constant regex - assumed 'regex' D:\wamp64\www\sucai\ThinkPHP\Common\functions.php 第 588 行.
NOTIC: [8] Use of undefined constant regex - assumed 'regex' D:\wamp64\www\sucai\ThinkPHP\Common\functions.php 第 588 行.
NOTIC: [8] Use of undefined constant regex - assumed 'regex' D:\wamp64\www\sucai\ThinkPHP\Common\functions.php 第 588 行.
NOTIC: [8] Use of undefined constant callback - assumed 'callback' D:\wamp64\www\sucai\ThinkPHP\Common\functions.php 第 588 行.
NOTIC: [8] Use of undefined constant regex - assumed 'regex' D:\wamp64\www\sucai\ThinkPHP\Common\functions.php 第 588 行.
SQL: SHOW COLUMNS FROM `sc_admin` [ RunTime:0.0015s ]
INFO: [ view_parse ] --START--
INFO: [ template_filter ] --START--
INFO: Run Behavior\ContentReplaceBehavior [ RunTime:0.000079s ]
INFO: [ template_filter ] --END-- [ RunTime:0.000175s ]
INFO: Run Behavior\ParseTemplateBehavior [ RunTime:0.014986s ]
INFO: [ view_parse ] --END-- [ RunTime:0.015081s ]
INFO: [ view_filter ] --START--
INFO: Run Behavior\WriteHtmlCacheBehavior [ RunTime:0.000410s ]
INFO: [ view_filter ] --END-- [ RunTime:0.000491s ]
INFO: [ app_end ] --START--
INFO: Run Behavior\ShowPageTraceBehavior [ RunTime:0.000554s ]
INFO: [ app_end ] --END-- [ RunTime:0.000637s ]

[ 2017-08-16T22:00:30+08:00 ] ::1 /sucai/index.php/Admin/Login/verify
INFO: [ app_init ] --START--
INFO: Run Behavior\BuildLiteBehavior [ RunTime:0.000025s ]
INFO: [ app_init ] --END-- [ RunTime:0.000982s ]
INFO: [ app_begin ] --START--
INFO: Run Behavior\ReadHtmlCacheBehavior [ RunTime:0.000523s ]
INFO: [ app_begin ] --END-- [ RunTime:0.000622s ]
INFO: [ app_end ] --START--
INFO: Run Behavior\ShowPageTraceBehavior [ RunTime:0.000558s ]
INFO: [ app_end ] --END-- [ RunTime:0.000654s ]

[ 2017-08-16T22:00:37+08:00 ] ::1 /sucai/index.php/Admin/Login/login.html
INFO: [ app_init ] --START--
INFO: Run Behavior\BuildLiteBehavior [ RunTime:0.000029s ]
INFO: [ app_init ] --END-- [ RunTime:0.000906s ]
INFO: [ app_begin ] --START--
INFO: Run Behavior\ReadHtmlCacheBehavior [ RunTime:0.000427s ]
INFO: [ app_begin ] --END-- [ RunTime:0.000524s ]
NOTIC: [8] Use of undefined constant regex - assumed 'regex' D:\wamp64\www\sucai\ThinkPHP\Common\functions.php 第 588 行.
NOTIC: [8] Use of undefined constant regex - assumed 'regex' D:\wamp64\www\sucai\ThinkPHP\Common\functions.php 第 588 行.
NOTIC: [8] Use of undefined constant regex - assumed 'regex' D:\wamp64\www\sucai\ThinkPHP\Common\functions.php 第 588 行.
NOTIC: [8] Use of undefined constant regex - assumed 'regex' D:\wamp64\www\sucai\ThinkPHP\Common\functions.php 第 588 行.
NOTIC: [8] Use of undefined constant callback - assumed 'callback' D:\wamp64\www\sucai\ThinkPHP\Common\functions.php 第 588 行.
NOTIC: [8] Use of undefined constant regex - assumed 'regex' D:\wamp64\www\sucai\ThinkPHP\Common\functions.php 第 588 行.
SQL: SHOW COLUMNS FROM `sc_admin` [ RunTime:0.0011s ]
NOTIC: [8] Undefined index: validate D:\wamp64\www\sucai\ThinkPHP\Library\Think\Model.class.php 第 1185 行.
NOTIC: [8] Undefined index: auto D:\wamp64\www\sucai\ThinkPHP\Library\Think\Model.class.php 第 1128 行.
SQL: SELECT * FROM `sc_admin` WHERE ( a_name='admin' ) LIMIT 1   [ RunTime:0.0034s ]
INFO: [ view_parse ] --START--
INFO: [ template_filter ] --START--
INFO: Run Behavior\ContentReplaceBehavior [ RunTime:0.000079s ]
INFO: [ template_filter ] --END-- [ RunTime:0.000184s ]
INFO: Run Behavior\ParseTemplateBehavior [ RunTime:0.005914s ]
INFO: [ view_parse ] --END-- [ RunTime:0.006267s ]
INFO: [ view_filter ] --START--
INFO: Run Behavior\WriteHtmlCacheBehavior [ RunTime:0.000714s ]
INFO: [ view_filter ] --END-- [ RunTime:0.000798s ]
INFO: [ app_end ] --START--
INFO: Run Behavior\ShowPageTraceBehavior [ RunTime:0.000743s ]
INFO: [ app_end ] --END-- [ RunTime:0.001211s ]

[ 2017-08-16T22:00:38+08:00 ] ::1 /sucai/index.php/Admin/Index/Index.html
INFO: [ app_init ] --START--
INFO: Run Behavior\BuildLiteBehavior [ RunTime:0.000020s ]
INFO: [ app_init ] --END-- [ RunTime:0.000467s ]
INFO: [ app_begin ] --START--
INFO: Run Behavior\ReadHtmlCacheBehavior [ RunTime:0.000521s ]
INFO: [ app_begin ] --END-- [ RunTime:0.000639s ]
INFO: [ view_parse ] --START--
INFO: [ template_filter ] --START--
INFO: Run Behavior\ContentReplaceBehavior [ RunTime:0.000216s ]
INFO: [ template_filter ] --END-- [ RunTime:0.000307s ]
INFO: Run Behavior\ParseTemplateBehavior [ RunTime:0.040410s ]
INFO: [ view_parse ] --END-- [ RunTime:0.040505s ]
INFO: [ view_filter ] --START--
INFO: Run Behavior\WriteHtmlCacheBehavior [ RunTime:0.000432s ]
INFO: [ view_filter ] --END-- [ RunTime:0.000515s ]
INFO: [ app_end ] --START--
INFO: Run Behavior\ShowPageTraceBehavior [ RunTime:0.000536s ]
INFO: [ app_end ] --END-- [ RunTime:0.000624s ]

[ 2017-08-16T22:00:40+08:00 ] ::1 /sucai/index.php/Admin/Cate/catelist
INFO: [ app_init ] --START--
INFO: Run Behavior\BuildLiteBehavior [ RunTime:0.000034s ]
INFO: [ app_init ] --END-- [ RunTime:0.000444s ]
INFO: [ app_begin ] --START--
INFO: Run Behavior\ReadHtmlCacheBehavior [ RunTime:0.000597s ]
INFO: [ app_begin ] --END-- [ RunTime:0.000700s ]
NOTIC: [8] Use of undefined constant regex - assumed 'regex' D:\wamp64\www\sucai\ThinkPHP\Common\functions.php 第 588 行.
NOTIC: [8] Use of undefined constant regex - assumed 'regex' D:\wamp64\www\sucai\ThinkPHP\Common\functions.php 第 588 行.
NOTIC: [8] Use of undefined constant regex - assumed 'regex' D:\wamp64\www\sucai\ThinkPHP\Common\functions.php 第 588 行.
NOTIC: [8] Use of undefined constant regex - assumed 'regex' D:\wamp64\www\sucai\ThinkPHP\Common\functions.php 第 588 行.
NOTIC: [8] Use of undefined constant regex - assumed 'regex' D:\wamp64\www\sucai\ThinkPHP\Common\functions.php 第 588 行.
SQL: SHOW COLUMNS FROM `sc_cate` [ RunTime:0.0007s ]
SQL: SELECT * FROM `sc_cate` ORDER BY cate_sort asc  [ RunTime:0.0005s ]
INFO: [ view_parse ] --START--
INFO: [ template_filter ] --START--
INFO: Run Behavior\ContentReplaceBehavior [ RunTime:0.000151s ]
INFO: [ template_filter ] --END-- [ RunTime:0.000252s ]
NOTIC: [8] Undefined variable: page D:\wamp64\www\sucai\Application\Runtime\Cache\Admin\80206d73492dec29f52fdf3fb00cfe24.php 第 189 行.
INFO: Run Behavior\ParseTemplateBehavior [ RunTime:0.013174s ]
INFO: [ view_parse ] --END-- [ RunTime:0.013275s ]
INFO: [ view_filter ] --START--
INFO: Run Behavior\WriteHtmlCacheBehavior [ RunTime:0.000438s ]
INFO: [ view_filter ] --END-- [ RunTime:0.000529s ]
INFO: [ app_end ] --START--
INFO: Run Behavior\ShowPageTraceBehavior [ RunTime:0.000537s ]
INFO: [ app_end ] --END-- [ RunTime:0.000645s ]

[ 2017-08-16T22:01:15+08:00 ] ::1 /sucai/index.php/Admin/Cate/catesort
INFO: [ app_init ] --START--
INFO: Run Behavior\BuildLiteBehavior [ RunTime:0.000020s ]
INFO: [ app_init ] --END-- [ RunTime:0.000441s ]
INFO: [ app_begin ] --START--
INFO: Run Behavior\ReadHtmlCacheBehavior [ RunTime:0.000507s ]
INFO: [ app_begin ] --END-- [ RunTime:0.000599s ]
NOTIC: [8] Use of undefined constant regex - assumed 'regex' D:\wamp64\www\sucai\ThinkPHP\Common\functions.php 第 588 行.
NOTIC: [8] Use of undefined constant regex - assumed 'regex' D:\wamp64\www\sucai\ThinkPHP\Common\functions.php 第 588 行.
NOTIC: [8] Use of undefined constant regex - assumed 'regex' D:\wamp64\www\sucai\ThinkPHP\Common\functions.php 第 588 行.
NOTIC: [8] Use of undefined constant regex - assumed 'regex' D:\wamp64\www\sucai\ThinkPHP\Common\functions.php 第 588 行.
NOTIC: [8] Use of undefined constant regex - assumed 'regex' D:\wamp64\www\sucai\ThinkPHP\Common\functions.php 第 588 行.
SQL: SHOW COLUMNS FROM `sc_cate` [ RunTime:0.0005s ]
SQL: UPDATE `sc_cate` SET `cate_sort`='1' WHERE ( cate_id=1 ) [ RunTime:0.0004s ]
SQL: UPDATE `sc_cate` SET `cate_sort`='5' WHERE ( cate_id=5 ) [ RunTime:0.0005s ]
SQL: UPDATE `sc_cate` SET `cate_sort`='50' WHERE ( cate_id=9 ) [ RunTime:0.0004s ]
SQL: UPDATE `sc_cate` SET `cate_sort`='2' WHERE ( cate_id=2 ) [ RunTime:0.0002s ]
SQL: UPDATE `sc_cate` SET `cate_sort`='6' WHERE ( cate_id=6 ) [ RunTime:0.0002s ]
SQL: UPDATE `sc_cate` SET `cate_sort`='3' WHERE ( cate_id=3 ) [ RunTime:0.0002s ]
SQL: UPDATE `sc_cate` SET `cate_sort`='7' WHERE ( cate_id=7 ) [ RunTime:0.0002s ]
SQL: UPDATE `sc_cate` SET `cate_sort`='6' WHERE ( cate_id=4 ) [ RunTime:0.0002s ]
SQL: UPDATE `sc_cate` SET `cate_sort`='8' WHERE ( cate_id=8 ) [ RunTime:0.0002s ]
SQL: UPDATE `sc_cate` SET `cate_sort`='4' WHERE ( cate_id=10 ) [ RunTime:0.0002s ]
SQL: UPDATE `sc_cate` SET `cate_sort`='5' WHERE ( cate_id=11 ) [ RunTime:0.0002s ]
SQL: UPDATE `sc_cate` SET `cate_sort`='7' WHERE ( cate_id=12 ) [ RunTime:0.0002s ]
INFO: [ view_parse ] --START--
INFO: [ template_filter ] --START--
INFO: Run Behavior\ContentReplaceBehavior [ RunTime:0.000084s ]
INFO: [ template_filter ] --END-- [ RunTime:0.000190s ]
INFO: Run Behavior\ParseTemplateBehavior [ RunTime:0.005980s ]
INFO: [ view_parse ] --END-- [ RunTime:0.006078s ]
INFO: [ view_filter ] --START--
INFO: Run Behavior\WriteHtmlCacheBehavior [ RunTime:0.000358s ]
INFO: [ view_filter ] --END-- [ RunTime:0.000443s ]
INFO: [ app_end ] --START--
INFO: Run Behavior\ShowPageTraceBehavior [ RunTime:0.000552s ]
INFO: [ app_end ] --END-- [ RunTime:0.000635s ]

[ 2017-08-16T22:01:16+08:00 ] ::1 /sucai/index.php/Admin/Cate/catelist.html
INFO: [ app_init ] --START--
INFO: Run Behavior\BuildLiteBehavior [ RunTime:0.000020s ]
INFO: [ app_init ] --END-- [ RunTime:0.000401s ]
INFO: [ app_begin ] --START--
INFO: Run Behavior\ReadHtmlCacheBehavior [ RunTime:0.000736s ]
INFO: [ app_begin ] --END-- [ RunTime:0.000902s ]
NOTIC: [8] Use of undefined constant regex - assumed 'regex' D:\wamp64\www\sucai\ThinkPHP\Common\functions.php 第 588 行.
NOTIC: [8] Use of undefined constant regex - assumed 'regex' D:\wamp64\www\sucai\ThinkPHP\Common\functions.php 第 588 行.
NOTIC: [8] Use of undefined constant regex - assumed 'regex' D:\wamp64\www\sucai\ThinkPHP\Common\functions.php 第 588 行.
NOTIC: [8] Use of undefined constant regex - assumed 'regex' D:\wamp64\www\sucai\ThinkPHP\Common\functions.php 第 588 行.
NOTIC: [8] Use of undefined constant regex - assumed 'regex' D:\wamp64\www\sucai\ThinkPHP\Common\functions.php 第 588 行.
SQL: SHOW COLUMNS FROM `sc_cate` [ RunTime:0.0005s ]
SQL: SELECT * FROM `sc_cate` ORDER BY cate_sort asc  [ RunTime:0.0003s ]
INFO: [ view_parse ] --START--
INFO: [ template_filter ] --START--
INFO: Run Behavior\ContentReplaceBehavior [ RunTime:0.000154s ]
INFO: [ template_filter ] --END-- [ RunTime:0.000261s ]
NOTIC: [8] Undefined variable: page D:\wamp64\www\sucai\Application\Runtime\Cache\Admin\80206d73492dec29f52fdf3fb00cfe24.php 第 189 行.
INFO: Run Behavior\ParseTemplateBehavior [ RunTime:0.010621s ]
INFO: [ view_parse ] --END-- [ RunTime:0.010706s ]
INFO: [ view_filter ] --START--
INFO: Run Behavior\WriteHtmlCacheBehavior [ RunTime:0.000368s ]
INFO: [ view_filter ] --END-- [ RunTime:0.000448s ]
INFO: [ app_end ] --START--
INFO: Run Behavior\ShowPageTraceBehavior [ RunTime:0.000623s ]
INFO: [ app_end ] --END-- [ RunTime:0.000729s ]

[ 2017-08-16T22:07:21+08:00 ] ::1 /sucai/index.php/Admin/Cate/cateadd
INFO: [ app_init ] --START--
INFO: Run Behavior\BuildLiteBehavior [ RunTime:0.000018s ]
INFO: [ app_init ] --END-- [ RunTime:0.000453s ]
INFO: [ app_begin ] --START--
INFO: Run Behavior\ReadHtmlCacheBehavior [ RunTime:0.000488s ]
INFO: [ app_begin ] --END-- [ RunTime:0.000575s ]
NOTIC: [8] Use of undefined constant regex - assumed 'regex' D:\wamp64\www\sucai\ThinkPHP\Common\functions.php 第 588 行.
NOTIC: [8] Use of undefined constant regex - assumed 'regex' D:\wamp64\www\sucai\ThinkPHP\Common\functions.php 第 588 行.
NOTIC: [8] Use of undefined constant regex - assumed 'regex' D:\wamp64\www\sucai\ThinkPHP\Common\functions.php 第 588 行.
NOTIC: [8] Use of undefined constant regex - assumed 'regex' D:\wamp64\www\sucai\ThinkPHP\Common\functions.php 第 588 行.
NOTIC: [8] Use of undefined constant regex - assumed 'regex' D:\wamp64\www\sucai\ThinkPHP\Common\functions.php 第 588 行.
SQL: SHOW COLUMNS FROM `sc_cate` [ RunTime:0.0006s ]
SQL: SHOW COLUMNS FROM `sc_cate` [ RunTime:0.0004s ]
SQL: SELECT * FROM `sc_cate` ORDER BY cate_sort asc  [ RunTime:0.0004s ]
INFO: [ view_parse ] --START--
INFO: [ template_filter ] --START--
INFO: Run Behavior\ContentReplaceBehavior [ RunTime:0.000138s ]
INFO: [ template_filter ] --END-- [ RunTime:0.000231s ]
INFO: Run Behavior\ParseTemplateBehavior [ RunTime:0.035505s ]
INFO: [ view_parse ] --END-- [ RunTime:0.035610s ]
INFO: [ view_filter ] --START--
INFO: Run Behavior\WriteHtmlCacheBehavior [ RunTime:0.000306s ]
INFO: [ view_filter ] --END-- [ RunTime:0.000391s ]
INFO: [ app_end ] --START--
INFO: Run Behavior\ShowPageTraceBehavior [ RunTime:0.000665s ]
INFO: [ app_end ] --END-- [ RunTime:0.000789s ]

[ 2017-08-16T22:07:58+08:00 ] ::1 /sucai/index.php/Admin/Cate/cateadd
INFO: [ app_init ] --START--
INFO: Run Behavior\BuildLiteBehavior [ RunTime:0.000021s ]
INFO: [ app_init ] --END-- [ RunTime:0.000471s ]
INFO: [ app_begin ] --START--
INFO: Run Behavior\ReadHtmlCacheBehavior [ RunTime:0.000517s ]
INFO: [ app_begin ] --END-- [ RunTime:0.000615s ]
NOTIC: [8] Use of undefined constant regex - assumed 'regex' D:\wamp64\www\sucai\ThinkPHP\Common\functions.php 第 588 行.
NOTIC: [8] Use of undefined constant regex - assumed 'regex' D:\wamp64\www\sucai\ThinkPHP\Common\functions.php 第 588 行.
NOTIC: [8] Use of undefined constant regex - assumed 'regex' D:\wamp64\www\sucai\ThinkPHP\Common\functions.php 第 588 行.
NOTIC: [8] Use of undefined constant regex - assumed 'regex' D:\wamp64\www\sucai\ThinkPHP\Common\functions.php 第 588 行.
NOTIC: [8] Use of undefined constant regex - assumed 'regex' D:\wamp64\www\sucai\ThinkPHP\Common\functions.php 第 588 行.
SQL: SHOW COLUMNS FROM `sc_cate` [ RunTime:0.0016s ]
NOTIC: [8] Undefined index: validate D:\wamp64\www\sucai\ThinkPHP\Library\Think\Model.class.php 第 1185 行.
NOTIC: [8] Undefined index: auto D:\wamp64\www\sucai\ThinkPHP\Library\Think\Model.class.php 第 1128 行.
ERR: 1406:Data too long for column 'cate_content' at row 1
 [ SQL语句 ] : INSERT INTO `sc_cate` (`cate_name`,`cate_keys`,`cate_describe`,`cate_parentid`,`cate_type`,`cate_content`,`show`) VALUES ('关于我们','关于我们','素材火网站是致力于网页前端开发用户的一个下载资源交流平台网站。在这里您可以找到时下最流行、最新进的网页前端脚本代码和网页设计图片素材。且融入了目前最流行微博客社交功能，您可以在这找到与您一起的同行工作者。您可以在这里发布您自己的代码和图片等素材，与别人分享。同时您也可以申请需要的素材。','12','1','&lt;p&gt;素材火网站是致力于网页前端开发用户的一个下载资源交流平台网站。在这里您可以找到时下最流行、最新进的网页前端脚本代码和网页设计图片素材。且融入了目前最流行微博客社交功能，您可以在这找到与您一起的同行工作者。您可以在这里发布您自己的代码和图片等素材，与别人分享。同时您也可以申请需要的素材。&lt;/p&gt;','0')
ERR: 1406:Data too long for column 'cate_content' at row 1
 [ SQL语句 ] : INSERT INTO `sc_cate` (`cate_name`,`cate_keys`,`cate_describe`,`cate_parentid`,`cate_type`,`cate_content`,`show`) VALUES ('关于我们','关于我们','素材火网站是致力于网页前端开发用户的一个下载资源交流平台网站。在这里您可以找到时下最流行、最新进的网页前端脚本代码和网页设计图片素材。且融入了目前最流行微博客社交功能，您可以在这找到与您一起的同行工作者。您可以在这里发布您自己的代码和图片等素材，与别人分享。同时您也可以申请需要的素材。','12','1','&lt;p&gt;素材火网站是致力于网页前端开发用户的一个下载资源交流平台网站。在这里您可以找到时下最流行、最新进的网页前端脚本代码和网页设计图片素材。且融入了目前最流行微博客社交功能，您可以在这找到与您一起的同行工作者。您可以在这里发布您自己的代码和图片等素材，与别人分享。同时您也可以申请需要的素材。&lt;/p&gt;','0')

[ 2017-08-16T22:09:09+08:00 ] ::1 /sucai/index.php/Admin/Cate/cateadd
INFO: [ app_init ] --START--
INFO: Run Behavior\BuildLiteBehavior [ RunTime:0.000018s ]
INFO: [ app_init ] --END-- [ RunTime:0.000440s ]
INFO: [ app_begin ] --START--
INFO: Run Behavior\ReadHtmlCacheBehavior [ RunTime:0.000411s ]
INFO: [ app_begin ] --END-- [ RunTime:0.000498s ]
NOTIC: [8] Use of undefined constant regex - assumed 'regex' D:\wamp64\www\sucai\ThinkPHP\Common\functions.php 第 588 行.
NOTIC: [8] Use of undefined constant regex - assumed 'regex' D:\wamp64\www\sucai\ThinkPHP\Common\functions.php 第 588 行.
NOTIC: [8] Use of undefined constant regex - assumed 'regex' D:\wamp64\www\sucai\ThinkPHP\Common\functions.php 第 588 行.
NOTIC: [8] Use of undefined constant regex - assumed 'regex' D:\wamp64\www\sucai\ThinkPHP\Common\functions.php 第 588 行.
NOTIC: [8] Use of undefined constant regex - assumed 'regex' D:\wamp64\www\sucai\ThinkPHP\Common\functions.php 第 588 行.
SQL: SHOW COLUMNS FROM `sc_cate` [ RunTime:0.0007s ]
SQL: SHOW COLUMNS FROM `sc_cate` [ RunTime:0.0004s ]
SQL: SELECT * FROM `sc_cate` ORDER BY cate_sort asc  [ RunTime:0.0004s ]
INFO: [ view_parse ] --START--
INFO: [ template_filter ] --START--
INFO: Run Behavior\ContentReplaceBehavior [ RunTime:0.000150s ]
INFO: [ template_filter ] --END-- [ RunTime:0.000244s ]
INFO: Run Behavior\ParseTemplateBehavior [ RunTime:0.008335s ]
INFO: [ view_parse ] --END-- [ RunTime:0.008440s ]
INFO: [ view_filter ] --START--
INFO: Run Behavior\WriteHtmlCacheBehavior [ RunTime:0.000403s ]
INFO: [ view_filter ] --END-- [ RunTime:0.000509s ]
INFO: [ app_end ] --START--
INFO: Run Behavior\ShowPageTraceBehavior [ RunTime:0.000826s ]
INFO: [ app_end ] --END-- [ RunTime:0.000949s ]

[ 2017-08-16T22:09:11+08:00 ] ::1 /sucai/index.php/Admin/Cate/cateadd
INFO: [ app_init ] --START--
INFO: Run Behavior\BuildLiteBehavior [ RunTime:0.000019s ]
INFO: [ app_init ] --END-- [ RunTime:0.000453s ]
INFO: [ app_begin ] --START--
INFO: Run Behavior\ReadHtmlCacheBehavior [ RunTime:0.000456s ]
INFO: [ app_begin ] --END-- [ RunTime:0.000544s ]
NOTIC: [8] Use of undefined constant regex - assumed 'regex' D:\wamp64\www\sucai\ThinkPHP\Common\functions.php 第 588 行.
NOTIC: [8] Use of undefined constant regex - assumed 'regex' D:\wamp64\www\sucai\ThinkPHP\Common\functions.php 第 588 行.
NOTIC: [8] Use of undefined constant regex - assumed 'regex' D:\wamp64\www\sucai\ThinkPHP\Common\functions.php 第 588 行.
NOTIC: [8] Use of undefined constant regex - assumed 'regex' D:\wamp64\www\sucai\ThinkPHP\Common\functions.php 第 588 行.
NOTIC: [8] Use of undefined constant regex - assumed 'regex' D:\wamp64\www\sucai\ThinkPHP\Common\functions.php 第 588 行.
SQL: SHOW COLUMNS FROM `sc_cate` [ RunTime:0.0007s ]
SQL: SHOW COLUMNS FROM `sc_cate` [ RunTime:0.0004s ]
SQL: SELECT * FROM `sc_cate` ORDER BY cate_sort asc  [ RunTime:0.0004s ]
INFO: [ view_parse ] --START--
INFO: [ template_filter ] --START--
INFO: Run Behavior\ContentReplaceBehavior [ RunTime:0.000135s ]
INFO: [ template_filter ] --END-- [ RunTime:0.000224s ]
INFO: Run Behavior\ParseTemplateBehavior [ RunTime:0.009002s ]
INFO: [ view_parse ] --END-- [ RunTime:0.009123s ]
INFO: [ view_filter ] --START--
INFO: Run Behavior\WriteHtmlCacheBehavior [ RunTime:0.000307s ]
INFO: [ view_filter ] --END-- [ RunTime:0.000390s ]
INFO: [ app_end ] --START--
INFO: Run Behavior\ShowPageTraceBehavior [ RunTime:0.000490s ]
INFO: [ app_end ] --END-- [ RunTime:0.000581s ]

[ 2017-08-16T22:09:16+08:00 ] ::1 /sucai/index.php/Admin/Cate/cateadd
INFO: [ app_init ] --START--
INFO: Run Behavior\BuildLiteBehavior [ RunTime:0.000018s ]
INFO: [ app_init ] --END-- [ RunTime:0.000445s ]
INFO: [ app_begin ] --START--
INFO: Run Behavior\ReadHtmlCacheBehavior [ RunTime:0.000435s ]
INFO: [ app_begin ] --END-- [ RunTime:0.000522s ]
NOTIC: [8] Use of undefined constant regex - assumed 'regex' D:\wamp64\www\sucai\ThinkPHP\Common\functions.php 第 588 行.
NOTIC: [8] Use of undefined constant regex - assumed 'regex' D:\wamp64\www\sucai\ThinkPHP\Common\functions.php 第 588 行.
NOTIC: [8] Use of undefined constant regex - assumed 'regex' D:\wamp64\www\sucai\ThinkPHP\Common\functions.php 第 588 行.
NOTIC: [8] Use of undefined constant regex - assumed 'regex' D:\wamp64\www\sucai\ThinkPHP\Common\functions.php 第 588 行.
NOTIC: [8] Use of undefined constant regex - assumed 'regex' D:\wamp64\www\sucai\ThinkPHP\Common\functions.php 第 588 行.
SQL: SHOW COLUMNS FROM `sc_cate` [ RunTime:0.0007s ]
NOTIC: [8] Undefined index: validate D:\wamp64\www\sucai\ThinkPHP\Library\Think\Model.class.php 第 1185 行.
NOTIC: [8] Undefined index: auto D:\wamp64\www\sucai\ThinkPHP\Library\Think\Model.class.php 第 1128 行.
SQL: INSERT INTO `sc_cate` (`cate_name`,`cate_keys`,`cate_describe`,`cate_parentid`,`cate_type`,`cate_content`,`show`) VALUES ('关于我们','关于我们','素材火网站是致力于网页前端开发用户的一个下载资源交流平台网站。在这里您可以找到时下最流行、最新进的网页前端脚本代码和网页设计图片素材。且融入了目前最流行微博客社交功能，您可以在这找到与您一起的同行工作者。您可以在这里发布您自己的代码和图片等素材，与别人分享。同时您也可以申请需要的素材。','12','1','&lt;p&gt;素材火网站是致力于网页前端开发用户的一个下载资源交流平台网站。在这里您可以找到时下最流行、最新进的网页前端脚本代码和网页设计图片素材。且融入了目前最流行微博客社交功能，您可以在这找到与您一起的同行工作者。您可以在这里发布您自己的代码和图片等素材，与别人分享。同时您也可以申请需要的素材。&lt;/p&gt;','0') [ RunTime:0.0004s ]
INFO: [ view_parse ] --START--
INFO: [ template_filter ] --START--
INFO: Run Behavior\ContentReplaceBehavior [ RunTime:0.000079s ]
INFO: [ template_filter ] --END-- [ RunTime:0.000168s ]
INFO: Run Behavior\ParseTemplateBehavior [ RunTime:0.005388s ]
INFO: [ view_parse ] --END-- [ RunTime:0.005507s ]
INFO: [ view_filter ] --START--
INFO: Run Behavior\WriteHtmlCacheBehavior [ RunTime:0.000465s ]
INFO: [ view_filter ] --END-- [ RunTime:0.000577s ]
INFO: [ app_end ] --START--
INFO: Run Behavior\ShowPageTraceBehavior [ RunTime:0.000557s ]
INFO: [ app_end ] --END-- [ RunTime:0.000640s ]

[ 2017-08-16T22:09:17+08:00 ] ::1 /sucai/index.php/Admin/Cate/catelist.html
INFO: [ app_init ] --START--
INFO: Run Behavior\BuildLiteBehavior [ RunTime:0.000018s ]
INFO: [ app_init ] --END-- [ RunTime:0.000372s ]
INFO: [ app_begin ] --START--
INFO: Run Behavior\ReadHtmlCacheBehavior [ RunTime:0.000427s ]
INFO: [ app_begin ] --END-- [ RunTime:0.000523s ]
NOTIC: [8] Use of undefined constant regex - assumed 'regex' D:\wamp64\www\sucai\ThinkPHP\Common\functions.php 第 588 行.
NOTIC: [8] Use of undefined constant regex - assumed 'regex' D:\wamp64\www\sucai\ThinkPHP\Common\functions.php 第 588 行.
NOTIC: [8] Use of undefined constant regex - assumed 'regex' D:\wamp64\www\sucai\ThinkPHP\Common\functions.php 第 588 行.
NOTIC: [8] Use of undefined constant regex - assumed 'regex' D:\wamp64\www\sucai\ThinkPHP\Common\functions.php 第 588 行.
NOTIC: [8] Use of undefined constant regex - assumed 'regex' D:\wamp64\www\sucai\ThinkPHP\Common\functions.php 第 588 行.
SQL: SHOW COLUMNS FROM `sc_cate` [ RunTime:0.0007s ]
SQL: SELECT * FROM `sc_cate` ORDER BY cate_sort asc  [ RunTime:0.0004s ]
INFO: [ view_parse ] --START--
INFO: [ template_filter ] --START--
INFO: Run Behavior\ContentReplaceBehavior [ RunTime:0.000130s ]
INFO: [ template_filter ] --END-- [ RunTime:0.000228s ]
NOTIC: [8] Undefined variable: page D:\wamp64\www\sucai\Application\Runtime\Cache\Admin\80206d73492dec29f52fdf3fb00cfe24.php 第 189 行.
INFO: Run Behavior\ParseTemplateBehavior [ RunTime:0.009822s ]
INFO: [ view_parse ] --END-- [ RunTime:0.010041s ]
INFO: [ view_filter ] --START--
INFO: Run Behavior\WriteHtmlCacheBehavior [ RunTime:0.000769s ]
INFO: [ view_filter ] --END-- [ RunTime:0.001062s ]
INFO: [ app_end ] --START--
INFO: Run Behavior\ShowPageTraceBehavior [ RunTime:0.000754s ]
INFO: [ app_end ] --END-- [ RunTime:0.000868s ]

[ 2017-08-16T22:11:12+08:00 ] ::1 /sucai/index.php/Admin/Cate/catelist.html
INFO: [ app_init ] --START--
INFO: Run Behavior\BuildLiteBehavior [ RunTime:0.000020s ]
INFO: [ app_init ] --END-- [ RunTime:0.000498s ]
INFO: [ app_begin ] --START--
INFO: Run Behavior\ReadHtmlCacheBehavior [ RunTime:0.000574s ]
INFO: [ app_begin ] --END-- [ RunTime:0.000689s ]
NOTIC: [8] Use of undefined constant regex - assumed 'regex' D:\wamp64\www\sucai\ThinkPHP\Common\functions.php 第 588 行.
NOTIC: [8] Use of undefined constant regex - assumed 'regex' D:\wamp64\www\sucai\ThinkPHP\Common\functions.php 第 588 行.
NOTIC: [8] Use of undefined constant regex - assumed 'regex' D:\wamp64\www\sucai\ThinkPHP\Common\functions.php 第 588 行.
NOTIC: [8] Use of undefined constant regex - assumed 'regex' D:\wamp64\www\sucai\ThinkPHP\Common\functions.php 第 588 行.
NOTIC: [8] Use of undefined constant regex - assumed 'regex' D:\wamp64\www\sucai\ThinkPHP\Common\functions.php 第 588 行.
SQL: SHOW COLUMNS FROM `sc_cate` [ RunTime:0.0008s ]
SQL: SELECT * FROM `sc_cate` ORDER BY cate_sort asc  [ RunTime:0.0004s ]
INFO: [ view_parse ] --START--
INFO: [ template_filter ] --START--
INFO: Run Behavior\ContentReplaceBehavior [ RunTime:0.000133s ]
INFO: [ template_filter ] --END-- [ RunTime:0.000243s ]
NOTIC: [8] Undefined variable: page D:\wamp64\www\sucai\Application\Runtime\Cache\Admin\80206d73492dec29f52fdf3fb00cfe24.php 第 189 行.
INFO: Run Behavior\ParseTemplateBehavior [ RunTime:0.010256s ]
INFO: [ view_parse ] --END-- [ RunTime:0.010342s ]
INFO: [ view_filter ] --START--
INFO: Run Behavior\WriteHtmlCacheBehavior [ RunTime:0.000396s ]
INFO: [ view_filter ] --END-- [ RunTime:0.000480s ]
INFO: [ app_end ] --START--
INFO: Run Behavior\ShowPageTraceBehavior [ RunTime:0.000689s ]
INFO: [ app_end ] --END-- [ RunTime:0.000789s ]

[ 2017-08-16T22:11:19+08:00 ] ::1 /sucai/index.php/Admin/Cate/cateedit/cate_id/12
INFO: [ app_init ] --START--
INFO: Run Behavior\BuildLiteBehavior [ RunTime:0.000019s ]
INFO: [ app_init ] --END-- [ RunTime:0.000450s ]
INFO: [ app_begin ] --START--
INFO: Run Behavior\ReadHtmlCacheBehavior [ RunTime:0.000458s ]
INFO: [ app_begin ] --END-- [ RunTime:0.000547s ]
NOTIC: [8] Use of undefined constant regex - assumed 'regex' D:\wamp64\www\sucai\ThinkPHP\Common\functions.php 第 588 行.
NOTIC: [8] Use of undefined constant regex - assumed 'regex' D:\wamp64\www\sucai\ThinkPHP\Common\functions.php 第 588 行.
NOTIC: [8] Use of undefined constant regex - assumed 'regex' D:\wamp64\www\sucai\ThinkPHP\Common\functions.php 第 588 行.
NOTIC: [8] Use of undefined constant regex - assumed 'regex' D:\wamp64\www\sucai\ThinkPHP\Common\functions.php 第 588 行.
NOTIC: [8] Use of undefined constant regex - assumed 'regex' D:\wamp64\www\sucai\ThinkPHP\Common\functions.php 第 588 行.
SQL: SHOW COLUMNS FROM `sc_cate` [ RunTime:0.0007s ]
SQL: SELECT * FROM `sc_cate` WHERE `cate_id` = 12 LIMIT 1   [ RunTime:0.0003s ]
SQL: SELECT * FROM `sc_cate` ORDER BY cate_sort asc  [ RunTime:0.0003s ]
INFO: [ view_parse ] --START--
INFO: [ template_filter ] --START--
INFO: Run Behavior\ContentReplaceBehavior [ RunTime:0.000153s ]
INFO: [ template_filter ] --END-- [ RunTime:0.000245s ]
INFO: Run Behavior\ParseTemplateBehavior [ RunTime:0.036842s ]
INFO: [ view_parse ] --END-- [ RunTime:0.036945s ]
INFO: [ view_filter ] --START--
INFO: Run Behavior\WriteHtmlCacheBehavior [ RunTime:0.000426s ]
INFO: [ view_filter ] --END-- [ RunTime:0.000509s ]
INFO: [ app_end ] --START--
INFO: Run Behavior\ShowPageTraceBehavior [ RunTime:0.000571s ]
INFO: [ app_end ] --END-- [ RunTime:0.000660s ]

[ 2017-08-16T22:11:32+08:00 ] ::1 /sucai/index.php/Admin/Article/article_list/cate_id/12
INFO: [ app_init ] --START--
INFO: Run Behavior\BuildLiteBehavior [ RunTime:0.000021s ]
INFO: [ app_init ] --END-- [ RunTime:0.000406s ]
INFO: [ app_begin ] --START--
INFO: Run Behavior\ReadHtmlCacheBehavior [ RunTime:0.000615s ]
INFO: [ app_begin ] --END-- [ RunTime:0.000721s ]
NOTIC: [8] Use of undefined constant regex - assumed 'regex' D:\wamp64\www\sucai\ThinkPHP\Common\functions.php 第 588 行.
NOTIC: [8] Use of undefined constant regex - assumed 'regex' D:\wamp64\www\sucai\ThinkPHP\Common\functions.php 第 588 行.
NOTIC: [8] Use of undefined constant regex - assumed 'regex' D:\wamp64\www\sucai\ThinkPHP\Common\functions.php 第 588 行.
NOTIC: [8] Use of undefined constant regex - assumed 'regex' D:\wamp64\www\sucai\ThinkPHP\Common\functions.php 第 588 行.
SQL: SHOW COLUMNS FROM `sc_article` [ RunTime:0.0069s ]
SQL: SELECT COUNT(*) AS tp_count FROM `sc_article` WHERE `article_title` LIKE '%%' LIMIT 1   [ RunTime:0.0449s ]
SQL: SELECT a.article_title,a.article_author,a.article_id,a.article_pic,a.article_time,a.article_reco,c.cate_name FROM sc_article a LEFT JOIN  sc_cate c on a.cate_id=c.cate_id  WHERE `article_title` LIKE '%%' ORDER BY article_id desc LIMIT 0,20   [ RunTime:0.0264s ]
NOTIC: [8] Use of undefined constant regex - assumed 'regex' D:\wamp64\www\sucai\ThinkPHP\Common\functions.php 第 588 行.
NOTIC: [8] Use of undefined constant regex - assumed 'regex' D:\wamp64\www\sucai\ThinkPHP\Common\functions.php 第 588 行.
NOTIC: [8] Use of undefined constant regex - assumed 'regex' D:\wamp64\www\sucai\ThinkPHP\Common\functions.php 第 588 行.
NOTIC: [8] Use of undefined constant regex - assumed 'regex' D:\wamp64\www\sucai\ThinkPHP\Common\functions.php 第 588 行.
NOTIC: [8] Use of undefined constant regex - assumed 'regex' D:\wamp64\www\sucai\ThinkPHP\Common\functions.php 第 588 行.
SQL: SHOW COLUMNS FROM `sc_cate` [ RunTime:0.0006s ]
SQL: SELECT * FROM `sc_cate` ORDER BY cate_sort asc  [ RunTime:0.0004s ]
INFO: [ view_parse ] --START--
INFO: [ template_filter ] --START--
INFO: Run Behavior\ContentReplaceBehavior [ RunTime:0.000150s ]
INFO: [ template_filter ] --END-- [ RunTime:0.000246s ]
INFO: Run Behavior\ParseTemplateBehavior [ RunTime:0.021918s ]
INFO: [ view_parse ] --END-- [ RunTime:0.022026s ]
INFO: [ view_filter ] --START--
INFO: Run Behavior\WriteHtmlCacheBehavior [ RunTime:0.000345s ]
INFO: [ view_filter ] --END-- [ RunTime:0.000432s ]
INFO: [ app_end ] --START--
INFO: Run Behavior\ShowPageTraceBehavior [ RunTime:0.000653s ]
INFO: [ app_end ] --END-- [ RunTime:0.000748s ]

[ 2017-08-16T22:11:45+08:00 ] ::1 /sucai/index.php/Admin/Article/article_list/cate_id/12
INFO: [ app_init ] --START--
INFO: Run Behavior\BuildLiteBehavior [ RunTime:0.000020s ]
INFO: [ app_init ] --END-- [ RunTime:0.000374s ]
INFO: [ app_begin ] --START--
INFO: Run Behavior\ReadHtmlCacheBehavior [ RunTime:0.000384s ]
INFO: [ app_begin ] --END-- [ RunTime:0.000472s ]
NOTIC: [8] Use of undefined constant regex - assumed 'regex' D:\wamp64\www\sucai\ThinkPHP\Common\functions.php 第 588 行.
NOTIC: [8] Use of undefined constant regex - assumed 'regex' D:\wamp64\www\sucai\ThinkPHP\Common\functions.php 第 588 行.
NOTIC: [8] Use of undefined constant regex - assumed 'regex' D:\wamp64\www\sucai\ThinkPHP\Common\functions.php 第 588 行.
NOTIC: [8] Use of undefined constant regex - assumed 'regex' D:\wamp64\www\sucai\ThinkPHP\Common\functions.php 第 588 行.
SQL: SHOW COLUMNS FROM `sc_article` [ RunTime:0.0008s ]
SQL: SELECT COUNT(*) AS tp_count FROM `sc_article` WHERE `article_title` LIKE '%%' LIMIT 1   [ RunTime:0.0003s ]
SQL: SELECT a.article_title,a.article_author,a.article_id,a.article_pic,a.article_time,a.article_reco,c.cate_name FROM sc_article a LEFT JOIN  sc_cate c on a.cate_id=c.cate_id  WHERE `article_title` LIKE '%%' ORDER BY article_id desc LIMIT 0,20   [ RunTime:0.0006s ]
NOTIC: [8] Use of undefined constant regex - assumed 'regex' D:\wamp64\www\sucai\ThinkPHP\Common\functions.php 第 588 行.
NOTIC: [8] Use of undefined constant regex - assumed 'regex' D:\wamp64\www\sucai\ThinkPHP\Common\functions.php 第 588 行.
NOTIC: [8] Use of undefined constant regex - assumed 'regex' D:\wamp64\www\sucai\ThinkPHP\Common\functions.php 第 588 行.
NOTIC: [8] Use of undefined constant regex - assumed 'regex' D:\wamp64\www\sucai\ThinkPHP\Common\functions.php 第 588 行.
NOTIC: [8] Use of undefined constant regex - assumed 'regex' D:\wamp64\www\sucai\ThinkPHP\Common\functions.php 第 588 行.
SQL: SHOW COLUMNS FROM `sc_cate` [ RunTime:0.0005s ]
SQL: SELECT * FROM `sc_cate` ORDER BY cate_sort asc  [ RunTime:0.0003s ]
INFO: [ view_parse ] --START--
INFO: [ template_filter ] --START--
INFO: Run Behavior\ContentReplaceBehavior [ RunTime:0.000155s ]
INFO: [ template_filter ] --END-- [ RunTime:0.000254s ]
INFO: Run Behavior\ParseTemplateBehavior [ RunTime:0.012822s ]
INFO: [ view_parse ] --END-- [ RunTime:0.012915s ]
INFO: [ view_filter ] --START--
INFO: Run Behavior\WriteHtmlCacheBehavior [ RunTime:0.000382s ]
INFO: [ view_filter ] --END-- [ RunTime:0.000462s ]
INFO: [ app_end ] --START--
INFO: Run Behavior\ShowPageTraceBehavior [ RunTime:0.000674s ]
INFO: [ app_end ] --END-- [ RunTime:0.000797s ]

[ 2017-08-16T22:13:11+08:00 ] ::1 /sucai/index.php/Admin/Cate/cateedit/cate_id/13
INFO: [ app_init ] --START--
INFO: Run Behavior\BuildLiteBehavior [ RunTime:0.000020s ]
INFO: [ app_init ] --END-- [ RunTime:0.000419s ]
INFO: [ app_begin ] --START--
INFO: Run Behavior\ReadHtmlCacheBehavior [ RunTime:0.000514s ]
INFO: [ app_begin ] --END-- [ RunTime:0.000632s ]
NOTIC: [8] Use of undefined constant regex - assumed 'regex' D:\wamp64\www\sucai\ThinkPHP\Common\functions.php 第 588 行.
NOTIC: [8] Use of undefined constant regex - assumed 'regex' D:\wamp64\www\sucai\ThinkPHP\Common\functions.php 第 588 行.
NOTIC: [8] Use of undefined constant regex - assumed 'regex' D:\wamp64\www\sucai\ThinkPHP\Common\functions.php 第 588 行.
NOTIC: [8] Use of undefined constant regex - assumed 'regex' D:\wamp64\www\sucai\ThinkPHP\Common\functions.php 第 588 行.
NOTIC: [8] Use of undefined constant regex - assumed 'regex' D:\wamp64\www\sucai\ThinkPHP\Common\functions.php 第 588 行.
SQL: SHOW COLUMNS FROM `sc_cate` [ RunTime:0.0009s ]
SQL: SELECT * FROM `sc_cate` WHERE `cate_id` = 13 LIMIT 1   [ RunTime:0.0003s ]
SQL: SELECT * FROM `sc_cate` ORDER BY cate_sort asc  [ RunTime:0.0003s ]
INFO: [ view_parse ] --START--
INFO: [ template_filter ] --START--
INFO: Run Behavior\ContentReplaceBehavior [ RunTime:0.000154s ]
INFO: [ template_filter ] --END-- [ RunTime:0.000285s ]
INFO: Run Behavior\ParseTemplateBehavior [ RunTime:0.010967s ]
INFO: [ view_parse ] --END-- [ RunTime:0.011076s ]
INFO: [ view_filter ] --START--
INFO: Run Behavior\WriteHtmlCacheBehavior [ RunTime:0.000362s ]
INFO: [ view_filter ] --END-- [ RunTime:0.000455s ]
INFO: [ app_end ] --START--
INFO: Run Behavior\ShowPageTraceBehavior [ RunTime:0.000504s ]
INFO: [ app_end ] --END-- [ RunTime:0.000603s ]

[ 2017-08-16T22:13:46+08:00 ] ::1 /sucai/index.php/Admin/Cate/cateedit/cate_id/13
INFO: [ app_init ] --START--
INFO: Run Behavior\BuildLiteBehavior [ RunTime:0.000019s ]
INFO: [ app_init ] --END-- [ RunTime:0.000465s ]
INFO: [ app_begin ] --START--
INFO: Run Behavior\ReadHtmlCacheBehavior [ RunTime:0.000518s ]
INFO: [ app_begin ] --END-- [ RunTime:0.000607s ]
NOTIC: [8] Use of undefined constant regex - assumed 'regex' D:\wamp64\www\sucai\ThinkPHP\Common\functions.php 第 588 行.
NOTIC: [8] Use of undefined constant regex - assumed 'regex' D:\wamp64\www\sucai\ThinkPHP\Common\functions.php 第 588 行.
NOTIC: [8] Use of undefined constant regex - assumed 'regex' D:\wamp64\www\sucai\ThinkPHP\Common\functions.php 第 588 行.
NOTIC: [8] Use of undefined constant regex - assumed 'regex' D:\wamp64\www\sucai\ThinkPHP\Common\functions.php 第 588 行.
NOTIC: [8] Use of undefined constant regex - assumed 'regex' D:\wamp64\www\sucai\ThinkPHP\Common\functions.php 第 588 行.
SQL: SHOW COLUMNS FROM `sc_cate` [ RunTime:0.0008s ]
SQL: SELECT * FROM `sc_cate` WHERE `cate_id` = 13 LIMIT 1   [ RunTime:0.0004s ]
SQL: SELECT * FROM `sc_cate` ORDER BY cate_sort asc  [ RunTime:0.0003s ]
INFO: [ view_parse ] --START--
INFO: [ template_filter ] --START--
INFO: Run Behavior\ContentReplaceBehavior [ RunTime:0.000155s ]
INFO: [ template_filter ] --END-- [ RunTime:0.000251s ]
INFO: Run Behavior\ParseTemplateBehavior [ RunTime:0.010829s ]
INFO: [ view_parse ] --END-- [ RunTime:0.010941s ]
INFO: [ view_filter ] --START--
INFO: Run Behavior\WriteHtmlCacheBehavior [ RunTime:0.000411s ]
INFO: [ view_filter ] --END-- [ RunTime:0.000491s ]
INFO: [ app_end ] --START--
INFO: Run Behavior\ShowPageTraceBehavior [ RunTime:0.000512s ]
INFO: [ app_end ] --END-- [ RunTime:0.000604s ]

[ 2017-08-16T22:13:49+08:00 ] ::1 /sucai/index.php/Admin/Cate/cateedit/cate_id/13
INFO: [ app_init ] --START--
INFO: Run Behavior\BuildLiteBehavior [ RunTime:0.000019s ]
INFO: [ app_init ] --END-- [ RunTime:0.000442s ]
INFO: [ app_begin ] --START--
INFO: Run Behavior\ReadHtmlCacheBehavior [ RunTime:0.000471s ]
INFO: [ app_begin ] --END-- [ RunTime:0.000558s ]
NOTIC: [8] Use of undefined constant regex - assumed 'regex' D:\wamp64\www\sucai\ThinkPHP\Common\functions.php 第 588 行.
NOTIC: [8] Use of undefined constant regex - assumed 'regex' D:\wamp64\www\sucai\ThinkPHP\Common\functions.php 第 588 行.
NOTIC: [8] Use of undefined constant regex - assumed 'regex' D:\wamp64\www\sucai\ThinkPHP\Common\functions.php 第 588 行.
NOTIC: [8] Use of undefined constant regex - assumed 'regex' D:\wamp64\www\sucai\ThinkPHP\Common\functions.php 第 588 行.
NOTIC: [8] Use of undefined constant regex - assumed 'regex' D:\wamp64\www\sucai\ThinkPHP\Common\functions.php 第 588 行.
SQL: SHOW COLUMNS FROM `sc_cate` [ RunTime:0.0007s ]
SQL: SELECT * FROM `sc_cate` WHERE `cate_id` = 13 LIMIT 1   [ RunTime:0.0003s ]
SQL: SELECT * FROM `sc_cate` ORDER BY cate_sort asc  [ RunTime:0.0004s ]
INFO: [ view_parse ] --START--
INFO: [ template_filter ] --START--
INFO: Run Behavior\ContentReplaceBehavior [ RunTime:0.000241s ]
INFO: [ template_filter ] --END-- [ RunTime:0.000401s ]
INFO: Run Behavior\ParseTemplateBehavior [ RunTime:0.011632s ]
INFO: [ view_parse ] --END-- [ RunTime:0.011762s ]
INFO: [ view_filter ] --START--
INFO: Run Behavior\WriteHtmlCacheBehavior [ RunTime:0.000478s ]
INFO: [ view_filter ] --END-- [ RunTime:0.000566s ]
INFO: [ app_end ] --START--
INFO: Run Behavior\ShowPageTraceBehavior [ RunTime:0.000625s ]
INFO: [ app_end ] --END-- [ RunTime:0.000746s ]

[ 2017-08-16T22:14:26+08:00 ] ::1 /sucai/index.php/Admin/Cate/cateedit/cate_id/13
INFO: [ app_init ] --START--
INFO: Run Behavior\BuildLiteBehavior [ RunTime:0.000019s ]
INFO: [ app_init ] --END-- [ RunTime:0.000416s ]
INFO: [ app_begin ] --START--
INFO: Run Behavior\ReadHtmlCacheBehavior [ RunTime:0.000433s ]
INFO: [ app_begin ] --END-- [ RunTime:0.000519s ]
NOTIC: [8] Use of undefined constant regex - assumed 'regex' D:\wamp64\www\sucai\ThinkPHP\Common\functions.php 第 588 行.
NOTIC: [8] Use of undefined constant regex - assumed 'regex' D:\wamp64\www\sucai\ThinkPHP\Common\functions.php 第 588 行.
NOTIC: [8] Use of undefined constant regex - assumed 'regex' D:\wamp64\www\sucai\ThinkPHP\Common\functions.php 第 588 行.
NOTIC: [8] Use of undefined constant regex - assumed 'regex' D:\wamp64\www\sucai\ThinkPHP\Common\functions.php 第 588 行.
NOTIC: [8] Use of undefined constant regex - assumed 'regex' D:\wamp64\www\sucai\ThinkPHP\Common\functions.php 第 588 行.
SQL: SHOW COLUMNS FROM `sc_cate` [ RunTime:0.0005s ]
SQL: SELECT * FROM `sc_cate` WHERE `cate_id` = 13 LIMIT 1   [ RunTime:0.0002s ]
SQL: SELECT * FROM `sc_cate` ORDER BY cate_sort asc  [ RunTime:0.0002s ]
INFO: [ view_parse ] --START--
INFO: [ template_filter ] --START--
INFO: Run Behavior\ContentReplaceBehavior [ RunTime:0.000265s ]
INFO: [ template_filter ] --END-- [ RunTime:0.000439s ]
INFO: Run Behavior\ParseTemplateBehavior [ RunTime:0.013770s ]
INFO: [ view_parse ] --END-- [ RunTime:0.013903s ]
INFO: [ view_filter ] --START--
INFO: Run Behavior\WriteHtmlCacheBehavior [ RunTime:0.000343s ]
INFO: [ view_filter ] --END-- [ RunTime:0.000429s ]
INFO: [ app_end ] --START--
INFO: Run Behavior\ShowPageTraceBehavior [ RunTime:0.000541s ]
INFO: [ app_end ] --END-- [ RunTime:0.000687s ]

[ 2017-08-16T22:14:37+08:00 ] ::1 /sucai/index.php/Admin/Cate/catelist
INFO: [ app_init ] --START--
INFO: Run Behavior\BuildLiteBehavior [ RunTime:0.000018s ]
INFO: [ app_init ] --END-- [ RunTime:0.000470s ]
INFO: [ app_begin ] --START--
INFO: Run Behavior\ReadHtmlCacheBehavior [ RunTime:0.000535s ]
INFO: [ app_begin ] --END-- [ RunTime:0.000627s ]
NOTIC: [8] Use of undefined constant regex - assumed 'regex' D:\wamp64\www\sucai\ThinkPHP\Common\functions.php 第 588 行.
NOTIC: [8] Use of undefined constant regex - assumed 'regex' D:\wamp64\www\sucai\ThinkPHP\Common\functions.php 第 588 行.
NOTIC: [8] Use of undefined constant regex - assumed 'regex' D:\wamp64\www\sucai\ThinkPHP\Common\functions.php 第 588 行.
NOTIC: [8] Use of undefined constant regex - assumed 'regex' D:\wamp64\www\sucai\ThinkPHP\Common\functions.php 第 588 行.
NOTIC: [8] Use of undefined constant regex - assumed 'regex' D:\wamp64\www\sucai\ThinkPHP\Common\functions.php 第 588 行.
SQL: SHOW COLUMNS FROM `sc_cate` [ RunTime:0.0011s ]
SQL: SELECT * FROM `sc_cate` ORDER BY cate_sort asc  [ RunTime:0.0006s ]
INFO: [ view_parse ] --START--
INFO: [ template_filter ] --START--
INFO: Run Behavior\ContentReplaceBehavior [ RunTime:0.000133s ]
INFO: [ template_filter ] --END-- [ RunTime:0.000244s ]
NOTIC: [8] Undefined variable: page D:\wamp64\www\sucai\Application\Runtime\Cache\Admin\80206d73492dec29f52fdf3fb00cfe24.php 第 189 行.
INFO: Run Behavior\ParseTemplateBehavior [ RunTime:0.014909s ]
INFO: [ view_parse ] --END-- [ RunTime:0.015009s ]
INFO: [ view_filter ] --START--
INFO: Run Behavior\WriteHtmlCacheBehavior [ RunTime:0.000435s ]
INFO: [ view_filter ] --END-- [ RunTime:0.000516s ]
INFO: [ app_end ] --START--
INFO: Run Behavior\ShowPageTraceBehavior [ RunTime:0.000644s ]
INFO: [ app_end ] --END-- [ RunTime:0.000737s ]

[ 2017-08-16T22:14:41+08:00 ] ::1 /sucai/index.php/Admin/Cate/cateadd
INFO: [ app_init ] --START--
INFO: Run Behavior\BuildLiteBehavior [ RunTime:0.000030s ]
INFO: [ app_init ] --END-- [ RunTime:0.000469s ]
INFO: [ app_begin ] --START--
INFO: Run Behavior\ReadHtmlCacheBehavior [ RunTime:0.000437s ]
INFO: [ app_begin ] --END-- [ RunTime:0.000538s ]
NOTIC: [8] Use of undefined constant regex - assumed 'regex' D:\wamp64\www\sucai\ThinkPHP\Common\functions.php 第 588 行.
NOTIC: [8] Use of undefined constant regex - assumed 'regex' D:\wamp64\www\sucai\ThinkPHP\Common\functions.php 第 588 行.
NOTIC: [8] Use of undefined constant regex - assumed 'regex' D:\wamp64\www\sucai\ThinkPHP\Common\functions.php 第 588 行.
NOTIC: [8] Use of undefined constant regex - assumed 'regex' D:\wamp64\www\sucai\ThinkPHP\Common\functions.php 第 588 行.
NOTIC: [8] Use of undefined constant regex - assumed 'regex' D:\wamp64\www\sucai\ThinkPHP\Common\functions.php 第 588 行.
SQL: SHOW COLUMNS FROM `sc_cate` [ RunTime:0.0007s ]
SQL: SHOW COLUMNS FROM `sc_cate` [ RunTime:0.0005s ]
SQL: SELECT * FROM `sc_cate` ORDER BY cate_sort asc  [ RunTime:0.0003s ]
INFO: [ view_parse ] --START--
INFO: [ template_filter ] --START--
INFO: Run Behavior\ContentReplaceBehavior [ RunTime:0.000132s ]
INFO: [ template_filter ] --END-- [ RunTime:0.000219s ]
INFO: Run Behavior\ParseTemplateBehavior [ RunTime:0.008330s ]
INFO: [ view_parse ] --END-- [ RunTime:0.008461s ]
INFO: [ view_filter ] --START--
INFO: Run Behavior\WriteHtmlCacheBehavior [ RunTime:0.000379s ]
INFO: [ view_filter ] --END-- [ RunTime:0.000529s ]
INFO: [ app_end ] --START--
INFO: Run Behavior\ShowPageTraceBehavior [ RunTime:0.002545s ]
INFO: [ app_end ] --END-- [ RunTime:0.002779s ]

[ 2017-08-16T22:15:06+08:00 ] ::1 /sucai/index.php/Admin/Cate/cateadd
INFO: [ app_init ] --START--
INFO: Run Behavior\BuildLiteBehavior [ RunTime:0.000020s ]
INFO: [ app_init ] --END-- [ RunTime:0.000484s ]
INFO: [ app_begin ] --START--
INFO: Run Behavior\ReadHtmlCacheBehavior [ RunTime:0.000450s ]
INFO: [ app_begin ] --END-- [ RunTime:0.000538s ]
NOTIC: [8] Use of undefined constant regex - assumed 'regex' D:\wamp64\www\sucai\ThinkPHP\Common\functions.php 第 588 行.
NOTIC: [8] Use of undefined constant regex - assumed 'regex' D:\wamp64\www\sucai\ThinkPHP\Common\functions.php 第 588 行.
NOTIC: [8] Use of undefined constant regex - assumed 'regex' D:\wamp64\www\sucai\ThinkPHP\Common\functions.php 第 588 行.
NOTIC: [8] Use of undefined constant regex - assumed 'regex' D:\wamp64\www\sucai\ThinkPHP\Common\functions.php 第 588 行.
NOTIC: [8] Use of undefined constant regex - assumed 'regex' D:\wamp64\www\sucai\ThinkPHP\Common\functions.php 第 588 行.
SQL: SHOW COLUMNS FROM `sc_cate` [ RunTime:0.0012s ]
NOTIC: [8] Undefined index: validate D:\wamp64\www\sucai\ThinkPHP\Library\Think\Model.class.php 第 1185 行.
NOTIC: [8] Undefined index: auto D:\wamp64\www\sucai\ThinkPHP\Library\Think\Model.class.php 第 1128 行.
SQL: INSERT INTO `sc_cate` (`cate_name`,`cate_keys`,`cate_describe`,`cate_parentid`,`cate_type`,`cate_content`,`show`) VALUES ('招贤纳士','招贤纳士','招贤纳士','12','1','&lt;p&gt;
	&lt;strong&gt;岗位职责&lt;/strong&gt; &lt;/p&gt;&lt;ol class=&quot; list-paddingleft-2&quot;&gt;&lt;li&gt;&lt;p&gt;&lt;/p&gt;&lt;p&gt;
			负责公司平台的程序开发与维护迭代工作；		&lt;/p&gt;&lt;p&gt;
	&lt;/p&gt;&lt;/li&gt;&lt;li&gt;&lt;p&gt;&lt;/p&gt;&lt;p&gt;
			精通php,mysql,2年或以上PHP开发经验，具有良好和规范的代码书写习惯；		&lt;/p&gt;&lt;p&gt;
	&lt;/p&gt;&lt;/li&gt;&lt;li&gt;&lt;p&gt;&lt;/p&gt;&lt;p&gt;
			熟悉thinkphp框架		&lt;/p&gt;&lt;p&gt;
	&lt;/p&gt;&lt;/li&gt;&lt;li&gt;&lt;p&gt;&lt;/p&gt;&lt;p&gt;
			熟悉Redis或memcache等缓存技术；		&lt;/p&gt;&lt;p&gt;
	&lt;/p&gt;&lt;/li&gt;&lt;li&gt;&lt;p&gt;&lt;/p&gt;&lt;p&gt;
			精通HTML、DIV+CSS、AJAX、JQuery、Json等		&lt;/p&gt;&lt;p&gt;
	&lt;/p&gt;&lt;/li&gt;&lt;/ol&gt;&lt;p&gt;
	&lt;strong&gt;前端工程师两名&lt;/strong&gt; &lt;/p&gt;&lt;ol class=&quot; list-paddingleft-2&quot;&gt;&lt;li&gt;&lt;p&gt;&lt;/p&gt;&lt;p&gt;
			精通HTML、DIV+CSS、AJAX、JQuery、Json等		&lt;/p&gt;&lt;p&gt;
	&lt;/p&gt;&lt;/li&gt;&lt;li&gt;&lt;p&gt;&lt;/p&gt;&lt;p&gt;
			熟悉css3、html5、jquery.mobile.js等		&lt;/p&gt;&lt;p&gt;
	&lt;/p&gt;&lt;/li&gt;&lt;li&gt;&lt;p&gt;&lt;/p&gt;&lt;p&gt;
			至少两年经验		&lt;/p&gt;&lt;p&gt;
	&lt;/p&gt;&lt;/li&gt;&lt;/ol&gt;&lt;p&gt;&lt;br/&gt;&lt;/p&gt;','0') [ RunTime:0.0004s ]
INFO: [ view_parse ] --START--
INFO: [ template_filter ] --START--
INFO: Run Behavior\ContentReplaceBehavior [ RunTime:0.000081s ]
INFO: [ template_filter ] --END-- [ RunTime:0.000189s ]
INFO: Run Behavior\ParseTemplateBehavior [ RunTime:0.005803s ]
INFO: [ view_parse ] --END-- [ RunTime:0.005912s ]
INFO: [ view_filter ] --START--
INFO: Run Behavior\WriteHtmlCacheBehavior [ RunTime:0.000354s ]
INFO: [ view_filter ] --END-- [ RunTime:0.000449s ]
INFO: [ app_end ] --START--
INFO: Run Behavior\ShowPageTraceBehavior [ RunTime:0.000517s ]
INFO: [ app_end ] --END-- [ RunTime:0.000609s ]

[ 2017-08-16T22:15:07+08:00 ] ::1 /sucai/index.php/Admin/Cate/catelist.html
INFO: [ app_init ] --START--
INFO: Run Behavior\BuildLiteBehavior [ RunTime:0.000023s ]
INFO: [ app_init ] --END-- [ RunTime:0.000476s ]
INFO: [ app_begin ] --START--
INFO: Run Behavior\ReadHtmlCacheBehavior [ RunTime:0.000486s ]
INFO: [ app_begin ] --END-- [ RunTime:0.000607s ]
NOTIC: [8] Use of undefined constant regex - assumed 'regex' D:\wamp64\www\sucai\ThinkPHP\Common\functions.php 第 588 行.
NOTIC: [8] Use of undefined constant regex - assumed 'regex' D:\wamp64\www\sucai\ThinkPHP\Common\functions.php 第 588 行.
NOTIC: [8] Use of undefined constant regex - assumed 'regex' D:\wamp64\www\sucai\ThinkPHP\Common\functions.php 第 588 行.
NOTIC: [8] Use of undefined constant regex - assumed 'regex' D:\wamp64\www\sucai\ThinkPHP\Common\functions.php 第 588 行.
NOTIC: [8] Use of undefined constant regex - assumed 'regex' D:\wamp64\www\sucai\ThinkPHP\Common\functions.php 第 588 行.
SQL: SHOW COLUMNS FROM `sc_cate` [ RunTime:0.0007s ]
SQL: SELECT * FROM `sc_cate` ORDER BY cate_sort asc  [ RunTime:0.0004s ]
INFO: [ view_parse ] --START--
INFO: [ template_filter ] --START--
INFO: Run Behavior\ContentReplaceBehavior [ RunTime:0.000129s ]
INFO: [ template_filter ] --END-- [ RunTime:0.000222s ]
NOTIC: [8] Undefined variable: page D:\wamp64\www\sucai\Application\Runtime\Cache\Admin\80206d73492dec29f52fdf3fb00cfe24.php 第 189 行.
INFO: Run Behavior\ParseTemplateBehavior [ RunTime:0.011048s ]
INFO: [ view_parse ] --END-- [ RunTime:0.011136s ]
INFO: [ view_filter ] --START--
INFO: Run Behavior\WriteHtmlCacheBehavior [ RunTime:0.000368s ]
INFO: [ view_filter ] --END-- [ RunTime:0.000448s ]
INFO: [ app_end ] --START--
INFO: Run Behavior\ShowPageTraceBehavior [ RunTime:0.000766s ]
INFO: [ app_end ] --END-- [ RunTime:0.000891s ]

[ 2017-08-16T22:15:17+08:00 ] ::1 /sucai/index.php/Admin/Cate/cateadd
INFO: [ app_init ] --START--
INFO: Run Behavior\BuildLiteBehavior [ RunTime:0.000019s ]
INFO: [ app_init ] --END-- [ RunTime:0.000420s ]
INFO: [ app_begin ] --START--
INFO: Run Behavior\ReadHtmlCacheBehavior [ RunTime:0.000385s ]
INFO: [ app_begin ] --END-- [ RunTime:0.000472s ]
NOTIC: [8] Use of undefined constant regex - assumed 'regex' D:\wamp64\www\sucai\ThinkPHP\Common\functions.php 第 588 行.
NOTIC: [8] Use of undefined constant regex - assumed 'regex' D:\wamp64\www\sucai\ThinkPHP\Common\functions.php 第 588 行.
NOTIC: [8] Use of undefined constant regex - assumed 'regex' D:\wamp64\www\sucai\ThinkPHP\Common\functions.php 第 588 行.
NOTIC: [8] Use of undefined constant regex - assumed 'regex' D:\wamp64\www\sucai\ThinkPHP\Common\functions.php 第 588 行.
NOTIC: [8] Use of undefined constant regex - assumed 'regex' D:\wamp64\www\sucai\ThinkPHP\Common\functions.php 第 588 行.
SQL: SHOW COLUMNS FROM `sc_cate` [ RunTime:0.0006s ]
SQL: SHOW COLUMNS FROM `sc_cate` [ RunTime:0.0004s ]
SQL: SELECT * FROM `sc_cate` ORDER BY cate_sort asc  [ RunTime:0.0004s ]
INFO: [ view_parse ] --START--
INFO: [ template_filter ] --START--
INFO: Run Behavior\ContentReplaceBehavior [ RunTime:0.000179s ]
INFO: [ template_filter ] --END-- [ RunTime:0.000297s ]
INFO: Run Behavior\ParseTemplateBehavior [ RunTime:0.012458s ]
INFO: [ view_parse ] --END-- [ RunTime:0.012565s ]
INFO: [ view_filter ] --START--
INFO: Run Behavior\WriteHtmlCacheBehavior [ RunTime:0.000445s ]
INFO: [ view_filter ] --END-- [ RunTime:0.000532s ]
INFO: [ app_end ] --START--
INFO: Run Behavior\ShowPageTraceBehavior [ RunTime:0.000700s ]
INFO: [ app_end ] --END-- [ RunTime:0.000817s ]

[ 2017-08-16T22:15:58+08:00 ] ::1 /sucai/index.php/Admin/Cate/cateadd
INFO: [ app_init ] --START--
INFO: Run Behavior\BuildLiteBehavior [ RunTime:0.000019s ]
INFO: [ app_init ] --END-- [ RunTime:0.000471s ]
INFO: [ app_begin ] --START--
INFO: Run Behavior\ReadHtmlCacheBehavior [ RunTime:0.000436s ]
INFO: [ app_begin ] --END-- [ RunTime:0.000524s ]
NOTIC: [8] Use of undefined constant regex - assumed 'regex' D:\wamp64\www\sucai\ThinkPHP\Common\functions.php 第 588 行.
NOTIC: [8] Use of undefined constant regex - assumed 'regex' D:\wamp64\www\sucai\ThinkPHP\Common\functions.php 第 588 行.
NOTIC: [8] Use of undefined constant regex - assumed 'regex' D:\wamp64\www\sucai\ThinkPHP\Common\functions.php 第 588 行.
NOTIC: [8] Use of undefined constant regex - assumed 'regex' D:\wamp64\www\sucai\ThinkPHP\Common\functions.php 第 588 行.
NOTIC: [8] Use of undefined constant regex - assumed 'regex' D:\wamp64\www\sucai\ThinkPHP\Common\functions.php 第 588 行.
SQL: SHOW COLUMNS FROM `sc_cate` [ RunTime:0.0005s ]
NOTIC: [8] Undefined index: validate D:\wamp64\www\sucai\ThinkPHP\Library\Think\Model.class.php 第 1185 行.
NOTIC: [8] Undefined index: auto D:\wamp64\www\sucai\ThinkPHP\Library\Think\Model.class.php 第 1128 行.
SQL: INSERT INTO `sc_cate` (`cate_name`,`cate_keys`,`cate_describe`,`cate_parentid`,`cate_type`,`cate_content`,`show`) VALUES ('联系我们','联系我们','联系我们','12','1','&lt;h1&gt;联系我们&lt;/h1&gt;&lt;p&gt;&lt;br/&gt;&lt;/p&gt;','0') [ RunTime:0.0003s ]
INFO: [ view_parse ] --START--
INFO: [ template_filter ] --START--
INFO: Run Behavior\ContentReplaceBehavior [ RunTime:0.000117s ]
INFO: [ template_filter ] --END-- [ RunTime:0.000304s ]
INFO: Run Behavior\ParseTemplateBehavior [ RunTime:0.011018s ]
INFO: [ view_parse ] --END-- [ RunTime:0.011148s ]
INFO: [ view_filter ] --START--
INFO: Run Behavior\WriteHtmlCacheBehavior [ RunTime:0.000356s ]
INFO: [ view_filter ] --END-- [ RunTime:0.000443s ]
INFO: [ app_end ] --START--
INFO: Run Behavior\ShowPageTraceBehavior [ RunTime:0.000540s ]
INFO: [ app_end ] --END-- [ RunTime:0.000623s ]

[ 2017-08-16T22:15:59+08:00 ] ::1 /sucai/index.php/Admin/Cate/catelist.html
INFO: [ app_init ] --START--
INFO: Run Behavior\BuildLiteBehavior [ RunTime:0.000031s ]
INFO: [ app_init ] --END-- [ RunTime:0.000461s ]
INFO: [ app_begin ] --START--
INFO: Run Behavior\ReadHtmlCacheBehavior [ RunTime:0.000612s ]
INFO: [ app_begin ] --END-- [ RunTime:0.000764s ]
NOTIC: [8] Use of undefined constant regex - assumed 'regex' D:\wamp64\www\sucai\ThinkPHP\Common\functions.php 第 588 行.
NOTIC: [8] Use of undefined constant regex - assumed 'regex' D:\wamp64\www\sucai\ThinkPHP\Common\functions.php 第 588 行.
NOTIC: [8] Use of undefined constant regex - assumed 'regex' D:\wamp64\www\sucai\ThinkPHP\Common\functions.php 第 588 行.
NOTIC: [8] Use of undefined constant regex - assumed 'regex' D:\wamp64\www\sucai\ThinkPHP\Common\functions.php 第 588 行.
NOTIC: [8] Use of undefined constant regex - assumed 'regex' D:\wamp64\www\sucai\ThinkPHP\Common\functions.php 第 588 行.
SQL: SHOW COLUMNS FROM `sc_cate` [ RunTime:0.0005s ]
SQL: SELECT * FROM `sc_cate` ORDER BY cate_sort asc  [ RunTime:0.0004s ]
INFO: [ view_parse ] --START--
INFO: [ template_filter ] --START--
INFO: Run Behavior\ContentReplaceBehavior [ RunTime:0.000135s ]
INFO: [ template_filter ] --END-- [ RunTime:0.000231s ]
NOTIC: [8] Undefined variable: page D:\wamp64\www\sucai\Application\Runtime\Cache\Admin\80206d73492dec29f52fdf3fb00cfe24.php 第 189 行.
INFO: Run Behavior\ParseTemplateBehavior [ RunTime:0.011450s ]
INFO: [ view_parse ] --END-- [ RunTime:0.011546s ]
INFO: [ view_filter ] --START--
INFO: Run Behavior\WriteHtmlCacheBehavior [ RunTime:0.000403s ]
INFO: [ view_filter ] --END-- [ RunTime:0.000484s ]
INFO: [ app_end ] --START--
INFO: Run Behavior\ShowPageTraceBehavior [ RunTime:0.000750s ]
INFO: [ app_end ] --END-- [ RunTime:0.000887s ]

[ 2017-08-16T22:16:21+08:00 ] ::1 /sucai/index.php/Admin/Cate/cateadd
INFO: [ app_init ] --START--
INFO: Run Behavior\BuildLiteBehavior [ RunTime:0.000018s ]
INFO: [ app_init ] --END-- [ RunTime:0.000452s ]
INFO: [ app_begin ] --START--
INFO: Run Behavior\ReadHtmlCacheBehavior [ RunTime:0.000405s ]
INFO: [ app_begin ] --END-- [ RunTime:0.000498s ]
NOTIC: [8] Use of undefined constant regex - assumed 'regex' D:\wamp64\www\sucai\ThinkPHP\Common\functions.php 第 588 行.
NOTIC: [8] Use of undefined constant regex - assumed 'regex' D:\wamp64\www\sucai\ThinkPHP\Common\functions.php 第 588 行.
NOTIC: [8] Use of undefined constant regex - assumed 'regex' D:\wamp64\www\sucai\ThinkPHP\Common\functions.php 第 588 行.
NOTIC: [8] Use of undefined constant regex - assumed 'regex' D:\wamp64\www\sucai\ThinkPHP\Common\functions.php 第 588 行.
NOTIC: [8] Use of undefined constant regex - assumed 'regex' D:\wamp64\www\sucai\ThinkPHP\Common\functions.php 第 588 行.
SQL: SHOW COLUMNS FROM `sc_cate` [ RunTime:0.0005s ]
SQL: SHOW COLUMNS FROM `sc_cate` [ RunTime:0.0004s ]
SQL: SELECT * FROM `sc_cate` ORDER BY cate_sort asc  [ RunTime:0.0003s ]
INFO: [ view_parse ] --START--
INFO: [ template_filter ] --START--
INFO: Run Behavior\ContentReplaceBehavior [ RunTime:0.000150s ]
INFO: [ template_filter ] --END-- [ RunTime:0.000264s ]
INFO: Run Behavior\ParseTemplateBehavior [ RunTime:0.008787s ]
INFO: [ view_parse ] --END-- [ RunTime:0.008917s ]
INFO: [ view_filter ] --START--
INFO: Run Behavior\WriteHtmlCacheBehavior [ RunTime:0.000431s ]
INFO: [ view_filter ] --END-- [ RunTime:0.000517s ]
INFO: [ app_end ] --START--
INFO: Run Behavior\ShowPageTraceBehavior [ RunTime:0.000567s ]
INFO: [ app_end ] --END-- [ RunTime:0.000655s ]

[ 2017-08-16T22:16:36+08:00 ] ::1 /sucai/index.php/Admin/Cate/cateadd
INFO: [ app_init ] --START--
INFO: Run Behavior\BuildLiteBehavior [ RunTime:0.000018s ]
INFO: [ app_init ] --END-- [ RunTime:0.000411s ]
INFO: [ app_begin ] --START--
INFO: Run Behavior\ReadHtmlCacheBehavior [ RunTime:0.000511s ]
INFO: [ app_begin ] --END-- [ RunTime:0.000632s ]
NOTIC: [8] Use of undefined constant regex - assumed 'regex' D:\wamp64\www\sucai\ThinkPHP\Common\functions.php 第 588 行.
NOTIC: [8] Use of undefined constant regex - assumed 'regex' D:\wamp64\www\sucai\ThinkPHP\Common\functions.php 第 588 行.
NOTIC: [8] Use of undefined constant regex - assumed 'regex' D:\wamp64\www\sucai\ThinkPHP\Common\functions.php 第 588 行.
NOTIC: [8] Use of undefined constant regex - assumed 'regex' D:\wamp64\www\sucai\ThinkPHP\Common\functions.php 第 588 行.
NOTIC: [8] Use of undefined constant regex - assumed 'regex' D:\wamp64\www\sucai\ThinkPHP\Common\functions.php 第 588 行.
SQL: SHOW COLUMNS FROM `sc_cate` [ RunTime:0.0005s ]
NOTIC: [8] Undefined index: validate D:\wamp64\www\sucai\ThinkPHP\Library\Think\Model.class.php 第 1185 行.
NOTIC: [8] Undefined index: auto D:\wamp64\www\sucai\ThinkPHP\Library\Think\Model.class.php 第 1128 行.
SQL: INSERT INTO `sc_cate` (`cate_name`,`cate_keys`,`cate_describe`,`cate_parentid`,`cate_type`,`cate_content`,`show`) VALUES ('积分获取','积分获取','积分获取','12','1','&lt;p&gt;
	目前积分获取方式：&lt;/p&gt;&lt;p&gt;
	1.每天限评论5次，每次评论 &lt;strong class=&quot;red&quot;&gt;10&lt;/strong&gt; 积分&lt;/p&gt;&lt;p&gt;
	2.每次签到 &lt;strong class=&quot;red&quot;&gt;5&lt;/strong&gt; 积分，一个月连续签到20天以上送 &lt;strong class=&quot;red&quot;&gt;100&lt;/strong&gt; 积分&lt;/p&gt;&lt;p&gt;
	3.积分购买,1元=10积分 ，请直接联系qq 416148489，支付宝账号	&lt;/p&gt;&lt;p&gt;
		1226068099@qq.com，国庆后会开通企业支付宝在线支付功能。	&lt;/p&gt;&lt;p&gt;&lt;br/&gt;&lt;/p&gt;','0') [ RunTime:0.0003s ]
INFO: [ view_parse ] --START--
INFO: [ template_filter ] --START--
INFO: Run Behavior\ContentReplaceBehavior [ RunTime:0.000102s ]
INFO: [ template_filter ] --END-- [ RunTime:0.000202s ]
INFO: Run Behavior\ParseTemplateBehavior [ RunTime:0.006115s ]
INFO: [ view_parse ] --END-- [ RunTime:0.006220s ]
INFO: [ view_filter ] --START--
INFO: Run Behavior\WriteHtmlCacheBehavior [ RunTime:0.001702s ]
INFO: [ view_filter ] --END-- [ RunTime:0.001804s ]
INFO: [ app_end ] --START--
INFO: Run Behavior\ShowPageTraceBehavior [ RunTime:0.001515s ]
INFO: [ app_end ] --END-- [ RunTime:0.001650s ]

[ 2017-08-16T22:16:37+08:00 ] ::1 /sucai/index.php/Admin/Cate/catelist.html
INFO: [ app_init ] --START--
INFO: Run Behavior\BuildLiteBehavior [ RunTime:0.000021s ]
INFO: [ app_init ] --END-- [ RunTime:0.000529s ]
INFO: [ app_begin ] --START--
INFO: Run Behavior\ReadHtmlCacheBehavior [ RunTime:0.000577s ]
INFO: [ app_begin ] --END-- [ RunTime:0.000668s ]
NOTIC: [8] Use of undefined constant regex - assumed 'regex' D:\wamp64\www\sucai\ThinkPHP\Common\functions.php 第 588 行.
NOTIC: [8] Use of undefined constant regex - assumed 'regex' D:\wamp64\www\sucai\ThinkPHP\Common\functions.php 第 588 行.
NOTIC: [8] Use of undefined constant regex - assumed 'regex' D:\wamp64\www\sucai\ThinkPHP\Common\functions.php 第 588 行.
NOTIC: [8] Use of undefined constant regex - assumed 'regex' D:\wamp64\www\sucai\ThinkPHP\Common\functions.php 第 588 行.
NOTIC: [8] Use of undefined constant regex - assumed 'regex' D:\wamp64\www\sucai\ThinkPHP\Common\functions.php 第 588 行.
SQL: SHOW COLUMNS FROM `sc_cate` [ RunTime:0.0005s ]
SQL: SELECT * FROM `sc_cate` ORDER BY cate_sort asc  [ RunTime:0.0004s ]
INFO: [ view_parse ] --START--
INFO: [ template_filter ] --START--
INFO: Run Behavior\ContentReplaceBehavior [ RunTime:0.000132s ]
INFO: [ template_filter ] --END-- [ RunTime:0.000221s ]
NOTIC: [8] Undefined variable: page D:\wamp64\www\sucai\Application\Runtime\Cache\Admin\80206d73492dec29f52fdf3fb00cfe24.php 第 189 行.
INFO: Run Behavior\ParseTemplateBehavior [ RunTime:0.011275s ]
INFO: [ view_parse ] --END-- [ RunTime:0.011379s ]
INFO: [ view_filter ] --START--
INFO: Run Behavior\WriteHtmlCacheBehavior [ RunTime:0.000713s ]
INFO: [ view_filter ] --END-- [ RunTime:0.000809s ]
INFO: [ app_end ] --START--
INFO: Run Behavior\ShowPageTraceBehavior [ RunTime:0.001030s ]
INFO: [ app_end ] --END-- [ RunTime:0.001202s ]

[ 2017-08-16T23:09:48+08:00 ] ::1 /sucai/index.php/Admin/Cate/catelist.html
INFO: [ app_init ] --START--
INFO: Run Behavior\BuildLiteBehavior [ RunTime:0.000029s ]
INFO: [ app_init ] --END-- [ RunTime:0.000526s ]
INFO: [ app_begin ] --START--
INFO: Run Behavior\ReadHtmlCacheBehavior [ RunTime:0.000586s ]
INFO: [ app_begin ] --END-- [ RunTime:0.000725s ]
NOTIC: [8] Use of undefined constant regex - assumed 'regex' D:\wamp64\www\sucai\ThinkPHP\Common\functions.php 第 588 行.
NOTIC: [8] Use of undefined constant regex - assumed 'regex' D:\wamp64\www\sucai\ThinkPHP\Common\functions.php 第 588 行.
NOTIC: [8] Use of undefined constant regex - assumed 'regex' D:\wamp64\www\sucai\ThinkPHP\Common\functions.php 第 588 行.
NOTIC: [8] Use of undefined constant regex - assumed 'regex' D:\wamp64\www\sucai\ThinkPHP\Common\functions.php 第 588 行.
NOTIC: [8] Use of undefined constant regex - assumed 'regex' D:\wamp64\www\sucai\ThinkPHP\Common\functions.php 第 588 行.
SQL: SHOW COLUMNS FROM `sc_cate` [ RunTime:0.0005s ]
SQL: SELECT * FROM `sc_cate` ORDER BY cate_sort asc  [ RunTime:0.0004s ]
INFO: [ view_parse ] --START--
INFO: [ template_filter ] --START--
INFO: Run Behavior\ContentReplaceBehavior [ RunTime:0.000134s ]
INFO: [ template_filter ] --END-- [ RunTime:0.000228s ]
NOTIC: [8] Undefined variable: page D:\wamp64\www\sucai\Application\Runtime\Cache\Admin\80206d73492dec29f52fdf3fb00cfe24.php 第 189 行.
INFO: Run Behavior\ParseTemplateBehavior [ RunTime:0.012717s ]
INFO: [ view_parse ] --END-- [ RunTime:0.012815s ]
INFO: [ view_filter ] --START--
INFO: Run Behavior\WriteHtmlCacheBehavior [ RunTime:0.000421s ]
INFO: [ view_filter ] --END-- [ RunTime:0.000510s ]
INFO: [ app_end ] --START--
INFO: Run Behavior\ShowPageTraceBehavior [ RunTime:0.000678s ]
INFO: [ app_end ] --END-- [ RunTime:0.000788s ]

[ 2017-08-16T23:09:54+08:00 ] ::1 /sucai/index.php/Admin/Cate/cateedit/cate_id/12
INFO: [ app_init ] --START--
INFO: Run Behavior\BuildLiteBehavior [ RunTime:0.000019s ]
INFO: [ app_init ] --END-- [ RunTime:0.000380s ]
INFO: [ app_begin ] --START--
INFO: Run Behavior\ReadHtmlCacheBehavior [ RunTime:0.000560s ]
INFO: [ app_begin ] --END-- [ RunTime:0.000649s ]
NOTIC: [8] Use of undefined constant regex - assumed 'regex' D:\wamp64\www\sucai\ThinkPHP\Common\functions.php 第 588 行.
NOTIC: [8] Use of undefined constant regex - assumed 'regex' D:\wamp64\www\sucai\ThinkPHP\Common\functions.php 第 588 行.
NOTIC: [8] Use of undefined constant regex - assumed 'regex' D:\wamp64\www\sucai\ThinkPHP\Common\functions.php 第 588 行.
NOTIC: [8] Use of undefined constant regex - assumed 'regex' D:\wamp64\www\sucai\ThinkPHP\Common\functions.php 第 588 行.
NOTIC: [8] Use of undefined constant regex - assumed 'regex' D:\wamp64\www\sucai\ThinkPHP\Common\functions.php 第 588 行.
SQL: SHOW COLUMNS FROM `sc_cate` [ RunTime:0.0005s ]
SQL: SELECT * FROM `sc_cate` WHERE `cate_id` = 12 LIMIT 1   [ RunTime:0.0003s ]
SQL: SELECT * FROM `sc_cate` ORDER BY cate_sort asc  [ RunTime:0.0003s ]
INFO: [ view_parse ] --START--
INFO: [ template_filter ] --START--
INFO: Run Behavior\ContentReplaceBehavior [ RunTime:0.000161s ]
INFO: [ template_filter ] --END-- [ RunTime:0.000251s ]
INFO: Run Behavior\ParseTemplateBehavior [ RunTime:0.010092s ]
INFO: [ view_parse ] --END-- [ RunTime:0.010189s ]
INFO: [ view_filter ] --START--
INFO: Run Behavior\WriteHtmlCacheBehavior [ RunTime:0.000392s ]
INFO: [ view_filter ] --END-- [ RunTime:0.000480s ]
INFO: [ app_end ] --START--
INFO: Run Behavior\ShowPageTraceBehavior [ RunTime:0.001500s ]
INFO: [ app_end ] --END-- [ RunTime:0.001625s ]

[ 2017-08-16T23:10:00+08:00 ] ::1 /sucai/index.php/Admin/Cate/cateedit/cate_id/12
INFO: [ app_init ] --START--
INFO: Run Behavior\BuildLiteBehavior [ RunTime:0.000032s ]
INFO: [ app_init ] --END-- [ RunTime:0.000566s ]
INFO: [ app_begin ] --START--
INFO: Run Behavior\ReadHtmlCacheBehavior [ RunTime:0.000653s ]
INFO: [ app_begin ] --END-- [ RunTime:0.000815s ]
NOTIC: [8] Use of undefined constant regex - assumed 'regex' D:\wamp64\www\sucai\ThinkPHP\Common\functions.php 第 588 行.
NOTIC: [8] Use of undefined constant regex - assumed 'regex' D:\wamp64\www\sucai\ThinkPHP\Common\functions.php 第 588 行.
NOTIC: [8] Use of undefined constant regex - assumed 'regex' D:\wamp64\www\sucai\ThinkPHP\Common\functions.php 第 588 行.
NOTIC: [8] Use of undefined constant regex - assumed 'regex' D:\wamp64\www\sucai\ThinkPHP\Common\functions.php 第 588 行.
NOTIC: [8] Use of undefined constant regex - assumed 'regex' D:\wamp64\www\sucai\ThinkPHP\Common\functions.php 第 588 行.
SQL: SHOW COLUMNS FROM `sc_cate` [ RunTime:0.0006s ]
NOTIC: [8] Undefined index: validate D:\wamp64\www\sucai\ThinkPHP\Library\Think\Model.class.php 第 1185 行.
NOTIC: [8] Undefined index: auto D:\wamp64\www\sucai\ThinkPHP\Library\Think\Model.class.php 第 1128 行.
SQL: UPDATE `sc_cate` SET `cate_name`='帮助中心11',`cate_keys`='帮助中心',`cate_describe`='帮助中心',`cate_parentid`='0',`cate_type`='1',`cate_content`='&lt;p&gt;帮助中心&lt;/p&gt;',`show`='1' WHERE `cate_id` = 12 [ RunTime:0.0005s ]
INFO: [ view_parse ] --START--
INFO: [ template_filter ] --START--
INFO: Run Behavior\ContentReplaceBehavior [ RunTime:0.000078s ]
INFO: [ template_filter ] --END-- [ RunTime:0.000172s ]
INFO: Run Behavior\ParseTemplateBehavior [ RunTime:0.007398s ]
INFO: [ view_parse ] --END-- [ RunTime:0.007867s ]
INFO: [ view_filter ] --START--
INFO: Run Behavior\WriteHtmlCacheBehavior [ RunTime:0.000408s ]
INFO: [ view_filter ] --END-- [ RunTime:0.000488s ]
INFO: [ app_end ] --START--
INFO: Run Behavior\ShowPageTraceBehavior [ RunTime:0.000504s ]
INFO: [ app_end ] --END-- [ RunTime:0.000585s ]

[ 2017-08-16T23:10:01+08:00 ] ::1 /sucai/index.php/Admin/Cate/catelist.html
INFO: [ app_init ] --START--
INFO: Run Behavior\BuildLiteBehavior [ RunTime:0.000020s ]
INFO: [ app_init ] --END-- [ RunTime:0.000450s ]
INFO: [ app_begin ] --START--
INFO: Run Behavior\ReadHtmlCacheBehavior [ RunTime:0.000469s ]
INFO: [ app_begin ] --END-- [ RunTime:0.000562s ]
NOTIC: [8] Use of undefined constant regex - assumed 'regex' D:\wamp64\www\sucai\ThinkPHP\Common\functions.php 第 588 行.
NOTIC: [8] Use of undefined constant regex - assumed 'regex' D:\wamp64\www\sucai\ThinkPHP\Common\functions.php 第 588 行.
NOTIC: [8] Use of undefined constant regex - assumed 'regex' D:\wamp64\www\sucai\ThinkPHP\Common\functions.php 第 588 行.
NOTIC: [8] Use of undefined constant regex - assumed 'regex' D:\wamp64\www\sucai\ThinkPHP\Common\functions.php 第 588 行.
NOTIC: [8] Use of undefined constant regex - assumed 'regex' D:\wamp64\www\sucai\ThinkPHP\Common\functions.php 第 588 行.
SQL: SHOW COLUMNS FROM `sc_cate` [ RunTime:0.0006s ]
SQL: SELECT * FROM `sc_cate` ORDER BY cate_sort asc  [ RunTime:0.0013s ]
INFO: [ view_parse ] --START--
INFO: [ template_filter ] --START--
INFO: Run Behavior\ContentReplaceBehavior [ RunTime:0.000125s ]
INFO: [ template_filter ] --END-- [ RunTime:0.000217s ]
NOTIC: [8] Undefined variable: page D:\wamp64\www\sucai\Application\Runtime\Cache\Admin\80206d73492dec29f52fdf3fb00cfe24.php 第 189 行.
INFO: Run Behavior\ParseTemplateBehavior [ RunTime:0.009951s ]
INFO: [ view_parse ] --END-- [ RunTime:0.010038s ]
INFO: [ view_filter ] --START--
INFO: Run Behavior\WriteHtmlCacheBehavior [ RunTime:0.000436s ]
INFO: [ view_filter ] --END-- [ RunTime:0.000519s ]
INFO: [ app_end ] --START--
INFO: Run Behavior\ShowPageTraceBehavior [ RunTime:0.000872s ]
INFO: [ app_end ] --END-- [ RunTime:0.000968s ]

[ 2017-08-16T23:10:09+08:00 ] ::1 /sucai/index.php/Admin/Cate/cateedit/cate_id/12
INFO: [ app_init ] --START--
INFO: Run Behavior\BuildLiteBehavior [ RunTime:0.000019s ]
INFO: [ app_init ] --END-- [ RunTime:0.000457s ]
INFO: [ app_begin ] --START--
INFO: Run Behavior\ReadHtmlCacheBehavior [ RunTime:0.000448s ]
INFO: [ app_begin ] --END-- [ RunTime:0.000537s ]
NOTIC: [8] Use of undefined constant regex - assumed 'regex' D:\wamp64\www\sucai\ThinkPHP\Common\functions.php 第 588 行.
NOTIC: [8] Use of undefined constant regex - assumed 'regex' D:\wamp64\www\sucai\ThinkPHP\Common\functions.php 第 588 行.
NOTIC: [8] Use of undefined constant regex - assumed 'regex' D:\wamp64\www\sucai\ThinkPHP\Common\functions.php 第 588 行.
NOTIC: [8] Use of undefined constant regex - assumed 'regex' D:\wamp64\www\sucai\ThinkPHP\Common\functions.php 第 588 行.
NOTIC: [8] Use of undefined constant regex - assumed 'regex' D:\wamp64\www\sucai\ThinkPHP\Common\functions.php 第 588 行.
SQL: SHOW COLUMNS FROM `sc_cate` [ RunTime:0.0005s ]
SQL: SELECT * FROM `sc_cate` WHERE `cate_id` = 12 LIMIT 1   [ RunTime:0.0002s ]
SQL: SELECT * FROM `sc_cate` ORDER BY cate_sort asc  [ RunTime:0.0003s ]
INFO: [ view_parse ] --START--
INFO: [ template_filter ] --START--
INFO: Run Behavior\ContentReplaceBehavior [ RunTime:0.000158s ]
INFO: [ template_filter ] --END-- [ RunTime:0.000265s ]
INFO: Run Behavior\ParseTemplateBehavior [ RunTime:0.010860s ]
INFO: [ view_parse ] --END-- [ RunTime:0.010982s ]
INFO: [ view_filter ] --START--
INFO: Run Behavior\WriteHtmlCacheBehavior [ RunTime:0.000378s ]
INFO: [ view_filter ] --END-- [ RunTime:0.000464s ]
INFO: [ app_end ] --START--
INFO: Run Behavior\ShowPageTraceBehavior [ RunTime:0.000645s ]
INFO: [ app_end ] --END-- [ RunTime:0.000769s ]

[ 2017-08-16T23:10:15+08:00 ] ::1 /sucai/index.php/Admin/Cate/cateedit/cate_id/12
INFO: [ app_init ] --START--
INFO: Run Behavior\BuildLiteBehavior [ RunTime:0.000020s ]
INFO: [ app_init ] --END-- [ RunTime:0.000458s ]
INFO: [ app_begin ] --START--
INFO: Run Behavior\ReadHtmlCacheBehavior [ RunTime:0.000514s ]
INFO: [ app_begin ] --END-- [ RunTime:0.000602s ]
NOTIC: [8] Use of undefined constant regex - assumed 'regex' D:\wamp64\www\sucai\ThinkPHP\Common\functions.php 第 588 行.
NOTIC: [8] Use of undefined constant regex - assumed 'regex' D:\wamp64\www\sucai\ThinkPHP\Common\functions.php 第 588 行.
NOTIC: [8] Use of undefined constant regex - assumed 'regex' D:\wamp64\www\sucai\ThinkPHP\Common\functions.php 第 588 行.
NOTIC: [8] Use of undefined constant regex - assumed 'regex' D:\wamp64\www\sucai\ThinkPHP\Common\functions.php 第 588 行.
NOTIC: [8] Use of undefined constant regex - assumed 'regex' D:\wamp64\www\sucai\ThinkPHP\Common\functions.php 第 588 行.
SQL: SHOW COLUMNS FROM `sc_cate` [ RunTime:0.0005s ]
NOTIC: [8] Undefined index: validate D:\wamp64\www\sucai\ThinkPHP\Library\Think\Model.class.php 第 1185 行.
NOTIC: [8] Undefined index: auto D:\wamp64\www\sucai\ThinkPHP\Library\Think\Model.class.php 第 1128 行.
SQL: UPDATE `sc_cate` SET `cate_name`='帮助中心',`cate_keys`='帮助中心',`cate_describe`='帮助中心',`cate_parentid`='0',`cate_type`='1',`cate_content`='&lt;p&gt;帮助中心&lt;/p&gt;',`show`='1' WHERE `cate_id` = 12 [ RunTime:0.0003s ]
INFO: [ view_parse ] --START--
INFO: [ template_filter ] --START--
INFO: Run Behavior\ContentReplaceBehavior [ RunTime:0.000091s ]
INFO: [ template_filter ] --END-- [ RunTime:0.000201s ]
INFO: Run Behavior\ParseTemplateBehavior [ RunTime:0.010645s ]
INFO: [ view_parse ] --END-- [ RunTime:0.010744s ]
INFO: [ view_filter ] --START--
INFO: Run Behavior\WriteHtmlCacheBehavior [ RunTime:0.000444s ]
INFO: [ view_filter ] --END-- [ RunTime:0.000524s ]
INFO: [ app_end ] --START--
INFO: Run Behavior\ShowPageTraceBehavior [ RunTime:0.000518s ]
INFO: [ app_end ] --END-- [ RunTime:0.000601s ]

[ 2017-08-16T23:10:16+08:00 ] ::1 /sucai/index.php/Admin/Cate/catelist.html
INFO: [ app_init ] --START--
INFO: Run Behavior\BuildLiteBehavior [ RunTime:0.000020s ]
INFO: [ app_init ] --END-- [ RunTime:0.000455s ]
INFO: [ app_begin ] --START--
INFO: Run Behavior\ReadHtmlCacheBehavior [ RunTime:0.000629s ]
INFO: [ app_begin ] --END-- [ RunTime:0.000781s ]
NOTIC: [8] Use of undefined constant regex - assumed 'regex' D:\wamp64\www\sucai\ThinkPHP\Common\functions.php 第 588 行.
NOTIC: [8] Use of undefined constant regex - assumed 'regex' D:\wamp64\www\sucai\ThinkPHP\Common\functions.php 第 588 行.
NOTIC: [8] Use of undefined constant regex - assumed 'regex' D:\wamp64\www\sucai\ThinkPHP\Common\functions.php 第 588 行.
NOTIC: [8] Use of undefined constant regex - assumed 'regex' D:\wamp64\www\sucai\ThinkPHP\Common\functions.php 第 588 行.
NOTIC: [8] Use of undefined constant regex - assumed 'regex' D:\wamp64\www\sucai\ThinkPHP\Common\functions.php 第 588 行.
SQL: SHOW COLUMNS FROM `sc_cate` [ RunTime:0.0005s ]
SQL: SELECT * FROM `sc_cate` ORDER BY cate_sort asc  [ RunTime:0.0004s ]
INFO: [ view_parse ] --START--
INFO: [ template_filter ] --START--
INFO: Run Behavior\ContentReplaceBehavior [ RunTime:0.000144s ]
INFO: [ template_filter ] --END-- [ RunTime:0.000319s ]
NOTIC: [8] Undefined variable: page D:\wamp64\www\sucai\Application\Runtime\Cache\Admin\80206d73492dec29f52fdf3fb00cfe24.php 第 189 行.
INFO: Run Behavior\ParseTemplateBehavior [ RunTime:0.014151s ]
INFO: [ view_parse ] --END-- [ RunTime:0.014247s ]
INFO: [ view_filter ] --START--
INFO: Run Behavior\WriteHtmlCacheBehavior [ RunTime:0.000373s ]
INFO: [ view_filter ] --END-- [ RunTime:0.000459s ]
INFO: [ app_end ] --START--
INFO: Run Behavior\ShowPageTraceBehavior [ RunTime:0.000632s ]
INFO: [ app_end ] --END-- [ RunTime:0.000754s ]

