[ 2017-10-20T10:32:18+08:00 ] 127.0.0.1 /sucai/index.php/Admin/
INFO: [ app_init ] --START--
INFO: Run Behavior\BuildLiteBehavior [ RunTime:0.000022s ]
INFO: [ app_init ] --END-- [ RunTime:0.000576s ]
INFO: [ app_begin ] --START--
INFO: Run Behavior\ReadHtmlCacheBehavior [ RunTime:0.000680s ]
INFO: [ app_begin ] --END-- [ RunTime:0.000837s ]
INFO: [ view_parse ] --START--
INFO: [ template_filter ] --START--
INFO: Run Behavior\ContentReplaceBehavior [ RunTime:0.000105s ]
INFO: [ template_filter ] --END-- [ RunTime:0.000283s ]
INFO: Run Behavior\ParseTemplateBehavior [ RunTime:0.028135s ]
INFO: [ view_parse ] --END-- [ RunTime:0.028256s ]
INFO: [ view_filter ] --START--
INFO: Run Behavior\WriteHtmlCacheBehavior [ RunTime:0.000392s ]
INFO: [ view_filter ] --END-- [ RunTime:0.000502s ]

[ 2017-10-20T10:32:22+08:00 ] 127.0.0.1 /sucai/index.php/Admin/Login/login.html
INFO: [ app_init ] --START--
INFO: Run Behavior\BuildLiteBehavior [ RunTime:0.000019s ]
INFO: [ app_init ] --END-- [ RunTime:0.000442s ]
INFO: [ app_begin ] --START--
INFO: Run Behavior\ReadHtmlCacheBehavior [ RunTime:0.000467s ]
INFO: [ app_begin ] --END-- [ RunTime:0.000555s ]
NOTIC: [8] Use of undefined constant regex - assumed 'regex' D:\wamp64\www\sucai\ThinkPHP\Common\functions.php 第 588 行.
NOTIC: [8] Use of undefined constant regex - assumed 'regex' D:\wamp64\www\sucai\ThinkPHP\Common\functions.php 第 588 行.
NOTIC: [8] Use of undefined constant regex - assumed 'regex' D:\wamp64\www\sucai\ThinkPHP\Common\functions.php 第 588 行.
NOTIC: [8] Use of undefined constant regex - assumed 'regex' D:\wamp64\www\sucai\ThinkPHP\Common\functions.php 第 588 行.
NOTIC: [8] Use of undefined constant callback - assumed 'callback' D:\wamp64\www\sucai\ThinkPHP\Common\functions.php 第 588 行.
NOTIC: [8] Use of undefined constant regex - assumed 'regex' D:\wamp64\www\sucai\ThinkPHP\Common\functions.php 第 588 行.
SQL: SHOW COLUMNS FROM `sc_admin` [ RunTime:0.0181s ]
INFO: [ view_parse ] --START--
INFO: [ template_filter ] --START--
INFO: Run Behavior\ContentReplaceBehavior [ RunTime:0.000078s ]
INFO: [ template_filter ] --END-- [ RunTime:0.000171s ]
INFO: Run Behavior\ParseTemplateBehavior [ RunTime:0.027453s ]
INFO: [ view_parse ] --END-- [ RunTime:0.027644s ]
INFO: [ view_filter ] --START--
INFO: Run Behavior\WriteHtmlCacheBehavior [ RunTime:0.000349s ]
INFO: [ view_filter ] --END-- [ RunTime:0.000511s ]
INFO: [ app_end ] --START--
INFO: Run Behavior\ShowPageTraceBehavior [ RunTime:0.000565s ]
INFO: [ app_end ] --END-- [ RunTime:0.000649s ]

[ 2017-10-20T10:32:22+08:00 ] 127.0.0.1 /sucai/index.php/Admin/Login/verify
INFO: [ app_init ] --START--
INFO: Run Behavior\BuildLiteBehavior [ RunTime:0.000020s ]
INFO: [ app_init ] --END-- [ RunTime:0.000556s ]
INFO: [ app_begin ] --START--
INFO: Run Behavior\ReadHtmlCacheBehavior [ RunTime:0.000473s ]
INFO: [ app_begin ] --END-- [ RunTime:0.000569s ]
INFO: [ app_end ] --START--
INFO: Run Behavior\ShowPageTraceBehavior [ RunTime:0.001019s ]
INFO: [ app_end ] --END-- [ RunTime:0.001238s ]

