[ 2017-10-26T15:22:40+08:00 ] 127.0.0.1 /sucai/index.php/admin
INFO: [ app_init ] --START--
INFO: Run Behavior\BuildLiteBehavior [ RunTime:0.000019s ]
INFO: [ app_init ] --END-- [ RunTime:0.000490s ]
INFO: [ app_begin ] --START--
INFO: Run Behavior\ReadHtmlCacheBehavior [ RunTime:0.000505s ]
INFO: [ app_begin ] --END-- [ RunTime:0.000594s ]
INFO: [ view_parse ] --START--
INFO: [ template_filter ] --START--
INFO: Run Behavior\ContentReplaceBehavior [ RunTime:0.000080s ]
INFO: [ template_filter ] --END-- [ RunTime:0.000173s ]
INFO: Run Behavior\ParseTemplateBehavior [ RunTime:0.006476s ]
INFO: [ view_parse ] --END-- [ RunTime:0.006773s ]
INFO: [ view_filter ] --START--
INFO: Run Behavior\WriteHtmlCacheBehavior [ RunTime:0.001785s ]
INFO: [ view_filter ] --END-- [ RunTime:0.001997s ]

[ 2017-10-26T15:22:43+08:00 ] 127.0.0.1 /sucai/index.php/Admin/Login/login.html
INFO: [ app_init ] --START--
INFO: Run Behavior\BuildLiteBehavior [ RunTime:0.000021s ]
INFO: [ app_init ] --END-- [ RunTime:0.000550s ]
INFO: [ app_begin ] --START--
INFO: Run Behavior\ReadHtmlCacheBehavior [ RunTime:0.000486s ]
INFO: [ app_begin ] --END-- [ RunTime:0.000581s ]
NOTIC: [8] Use of undefined constant regex - assumed 'regex' D:\wamp64\www\sucai\ThinkPHP\Common\functions.php 第 588 行.
NOTIC: [8] Use of undefined constant regex - assumed 'regex' D:\wamp64\www\sucai\ThinkPHP\Common\functions.php 第 588 行.
NOTIC: [8] Use of undefined constant regex - assumed 'regex' D:\wamp64\www\sucai\ThinkPHP\Common\functions.php 第 588 行.
NOTIC: [8] Use of undefined constant regex - assumed 'regex' D:\wamp64\www\sucai\ThinkPHP\Common\functions.php 第 588 行.
NOTIC: [8] Use of undefined constant callback - assumed 'callback' D:\wamp64\www\sucai\ThinkPHP\Common\functions.php 第 588 行.
NOTIC: [8] Use of undefined constant regex - assumed 'regex' D:\wamp64\www\sucai\ThinkPHP\Common\functions.php 第 588 行.
SQL: SHOW COLUMNS FROM `sc_admin` [ RunTime:0.0081s ]
INFO: [ view_parse ] --START--
INFO: [ template_filter ] --START--
INFO: Run Behavior\ContentReplaceBehavior [ RunTime:0.000156s ]
INFO: [ template_filter ] --END-- [ RunTime:0.000316s ]
INFO: Run Behavior\ParseTemplateBehavior [ RunTime:0.021882s ]
INFO: [ view_parse ] --END-- [ RunTime:0.022025s ]
INFO: [ view_filter ] --START--
INFO: Run Behavior\WriteHtmlCacheBehavior [ RunTime:0.000342s ]
INFO: [ view_filter ] --END-- [ RunTime:0.000431s ]
INFO: [ app_end ] --START--
INFO: Run Behavior\ShowPageTraceBehavior [ RunTime:0.000531s ]
INFO: [ app_end ] --END-- [ RunTime:0.000635s ]

[ 2017-10-26T15:22:43+08:00 ] 127.0.0.1 /sucai/index.php/Admin/Login/verify
INFO: [ app_init ] --START--
INFO: Run Behavior\BuildLiteBehavior [ RunTime:0.000032s ]
INFO: [ app_init ] --END-- [ RunTime:0.000720s ]
INFO: [ app_begin ] --START--
INFO: Run Behavior\ReadHtmlCacheBehavior [ RunTime:0.000778s ]
INFO: [ app_begin ] --END-- [ RunTime:0.000967s ]
INFO: [ app_end ] --START--
INFO: Run Behavior\ShowPageTraceBehavior [ RunTime:0.000644s ]
INFO: [ app_end ] --END-- [ RunTime:0.000761s ]

[ 2017-10-26T15:22:50+08:00 ] 127.0.0.1 /sucai/index.php/Admin/Login/verify/0.5537910268553128
INFO: [ app_init ] --START--
INFO: Run Behavior\BuildLiteBehavior [ RunTime:0.000023s ]
INFO: [ app_init ] --END-- [ RunTime:0.000448s ]
INFO: [ app_begin ] --START--
INFO: Run Behavior\ReadHtmlCacheBehavior [ RunTime:0.000797s ]
INFO: [ app_begin ] --END-- [ RunTime:0.000974s ]
INFO: [ app_end ] --START--
INFO: Run Behavior\ShowPageTraceBehavior [ RunTime:0.000734s ]
INFO: [ app_end ] --END-- [ RunTime:0.000865s ]

[ 2017-10-26T15:22:54+08:00 ] 127.0.0.1 /sucai/index.php/Admin/Login/login.html
INFO: [ app_init ] --START--
INFO: Run Behavior\BuildLiteBehavior [ RunTime:0.000019s ]
INFO: [ app_init ] --END-- [ RunTime:0.000380s ]
INFO: [ app_begin ] --START--
INFO: Run Behavior\ReadHtmlCacheBehavior [ RunTime:0.000387s ]
INFO: [ app_begin ] --END-- [ RunTime:0.000477s ]
NOTIC: [8] Use of undefined constant regex - assumed 'regex' D:\wamp64\www\sucai\ThinkPHP\Common\functions.php 第 588 行.
NOTIC: [8] Use of undefined constant regex - assumed 'regex' D:\wamp64\www\sucai\ThinkPHP\Common\functions.php 第 588 行.
NOTIC: [8] Use of undefined constant regex - assumed 'regex' D:\wamp64\www\sucai\ThinkPHP\Common\functions.php 第 588 行.
NOTIC: [8] Use of undefined constant regex - assumed 'regex' D:\wamp64\www\sucai\ThinkPHP\Common\functions.php 第 588 行.
NOTIC: [8] Use of undefined constant callback - assumed 'callback' D:\wamp64\www\sucai\ThinkPHP\Common\functions.php 第 588 行.
NOTIC: [8] Use of undefined constant regex - assumed 'regex' D:\wamp64\www\sucai\ThinkPHP\Common\functions.php 第 588 行.
SQL: SHOW COLUMNS FROM `sc_admin` [ RunTime:0.0007s ]
NOTIC: [8] Undefined index: validate D:\wamp64\www\sucai\ThinkPHP\Library\Think\Model.class.php 第 1185 行.
NOTIC: [8] Undefined index: auto D:\wamp64\www\sucai\ThinkPHP\Library\Think\Model.class.php 第 1128 行.
SQL: SELECT * FROM `sc_admin` WHERE ( a_name='admin' ) LIMIT 1   [ RunTime:0.0003s ]
INFO: [ view_parse ] --START--
INFO: [ template_filter ] --START--
INFO: Run Behavior\ContentReplaceBehavior [ RunTime:0.000157s ]
INFO: [ template_filter ] --END-- [ RunTime:0.000358s ]
INFO: Run Behavior\ParseTemplateBehavior [ RunTime:0.014515s ]
INFO: [ view_parse ] --END-- [ RunTime:0.014687s ]
INFO: [ view_filter ] --START--
INFO: Run Behavior\WriteHtmlCacheBehavior [ RunTime:0.000458s ]
INFO: [ view_filter ] --END-- [ RunTime:0.000573s ]
INFO: [ app_end ] --START--
INFO: Run Behavior\ShowPageTraceBehavior [ RunTime:0.000694s ]
INFO: [ app_end ] --END-- [ RunTime:0.000821s ]

[ 2017-10-26T15:22:55+08:00 ] 127.0.0.1 /sucai/index.php/Admin/Index/Index.html
INFO: [ app_init ] --START--
INFO: Run Behavior\BuildLiteBehavior [ RunTime:0.000019s ]
INFO: [ app_init ] --END-- [ RunTime:0.000442s ]
INFO: [ app_begin ] --START--
INFO: Run Behavior\ReadHtmlCacheBehavior [ RunTime:0.000487s ]
INFO: [ app_begin ] --END-- [ RunTime:0.000587s ]
INFO: [ view_parse ] --START--
INFO: [ template_filter ] --START--
INFO: Run Behavior\ContentReplaceBehavior [ RunTime:0.000411s ]
INFO: [ template_filter ] --END-- [ RunTime:0.000642s ]
INFO: Run Behavior\ParseTemplateBehavior [ RunTime:0.055745s ]
INFO: [ view_parse ] --END-- [ RunTime:0.055932s ]
INFO: [ view_filter ] --START--
INFO: Run Behavior\WriteHtmlCacheBehavior [ RunTime:0.000522s ]
INFO: [ view_filter ] --END-- [ RunTime:0.000895s ]
INFO: [ app_end ] --START--
INFO: Run Behavior\ShowPageTraceBehavior [ RunTime:0.000709s ]
INFO: [ app_end ] --END-- [ RunTime:0.000802s ]

[ 2017-10-26T15:22:58+08:00 ] 127.0.0.1 /sucai/index.php/Admin/Article/article_list
INFO: [ app_init ] --START--
INFO: Run Behavior\BuildLiteBehavior [ RunTime:0.000020s ]
INFO: [ app_init ] --END-- [ RunTime:0.000426s ]
INFO: [ app_begin ] --START--
INFO: Run Behavior\ReadHtmlCacheBehavior [ RunTime:0.000478s ]
INFO: [ app_begin ] --END-- [ RunTime:0.000570s ]
NOTIC: [8] Use of undefined constant regex - assumed 'regex' D:\wamp64\www\sucai\ThinkPHP\Common\functions.php 第 588 行.
NOTIC: [8] Use of undefined constant regex - assumed 'regex' D:\wamp64\www\sucai\ThinkPHP\Common\functions.php 第 588 行.
NOTIC: [8] Use of undefined constant regex - assumed 'regex' D:\wamp64\www\sucai\ThinkPHP\Common\functions.php 第 588 行.
NOTIC: [8] Use of undefined constant regex - assumed 'regex' D:\wamp64\www\sucai\ThinkPHP\Common\functions.php 第 588 行.
SQL: SHOW COLUMNS FROM `sc_article` [ RunTime:0.0006s ]
SQL: SELECT COUNT(*) AS tp_count FROM `sc_article` WHERE `article_title` LIKE '%%' LIMIT 1   [ RunTime:0.0006s ]
SQL: SELECT a.article_title,a.article_author,a.article_id,a.article_pic,a.article_time,a.article_reco,c.cate_name FROM sc_article a LEFT JOIN  sc_cate c on a.cate_id=c.cate_id  WHERE `article_title` LIKE '%%' ORDER BY article_id desc LIMIT 0,20   [ RunTime:0.0005s ]
NOTIC: [8] Use of undefined constant regex - assumed 'regex' D:\wamp64\www\sucai\ThinkPHP\Common\functions.php 第 588 行.
NOTIC: [8] Use of undefined constant regex - assumed 'regex' D:\wamp64\www\sucai\ThinkPHP\Common\functions.php 第 588 行.
NOTIC: [8] Use of undefined constant regex - assumed 'regex' D:\wamp64\www\sucai\ThinkPHP\Common\functions.php 第 588 行.
NOTIC: [8] Use of undefined constant regex - assumed 'regex' D:\wamp64\www\sucai\ThinkPHP\Common\functions.php 第 588 行.
NOTIC: [8] Use of undefined constant regex - assumed 'regex' D:\wamp64\www\sucai\ThinkPHP\Common\functions.php 第 588 行.
SQL: SHOW COLUMNS FROM `sc_cate` [ RunTime:0.0005s ]
SQL: SELECT * FROM `sc_cate` ORDER BY cate_sort asc  [ RunTime:0.0004s ]
INFO: [ view_parse ] --START--
INFO: [ template_filter ] --START--
INFO: Run Behavior\ContentReplaceBehavior [ RunTime:0.000144s ]
INFO: [ template_filter ] --END-- [ RunTime:0.000286s ]
NOTIC: [8] Undefined index: type_name D:\wamp64\www\sucai\Application\Runtime\Cache\Admin\f68c5a1a42542d9b876352dd3eb66abd.php 第 174 行.
NOTIC: [8] Undefined index: type_name D:\wamp64\www\sucai\Application\Runtime\Cache\Admin\f68c5a1a42542d9b876352dd3eb66abd.php 第 174 行.
NOTIC: [8] Undefined index: type_name D:\wamp64\www\sucai\Application\Runtime\Cache\Admin\f68c5a1a42542d9b876352dd3eb66abd.php 第 174 行.
NOTIC: [8] Undefined index: type_name D:\wamp64\www\sucai\Application\Runtime\Cache\Admin\f68c5a1a42542d9b876352dd3eb66abd.php 第 174 行.
NOTIC: [8] Undefined index: type_name D:\wamp64\www\sucai\Application\Runtime\Cache\Admin\f68c5a1a42542d9b876352dd3eb66abd.php 第 174 行.
NOTIC: [8] Undefined index: type_name D:\wamp64\www\sucai\Application\Runtime\Cache\Admin\f68c5a1a42542d9b876352dd3eb66abd.php 第 174 行.
NOTIC: [8] Undefined index: type_name D:\wamp64\www\sucai\Application\Runtime\Cache\Admin\f68c5a1a42542d9b876352dd3eb66abd.php 第 174 行.
NOTIC: [8] Undefined index: type_name D:\wamp64\www\sucai\Application\Runtime\Cache\Admin\f68c5a1a42542d9b876352dd3eb66abd.php 第 174 行.
NOTIC: [8] Undefined index: type_name D:\wamp64\www\sucai\Application\Runtime\Cache\Admin\f68c5a1a42542d9b876352dd3eb66abd.php 第 174 行.
NOTIC: [8] Undefined index: type_name D:\wamp64\www\sucai\Application\Runtime\Cache\Admin\f68c5a1a42542d9b876352dd3eb66abd.php 第 174 行.
INFO: Run Behavior\ParseTemplateBehavior [ RunTime:0.011525s ]
INFO: [ view_parse ] --END-- [ RunTime:0.011621s ]
INFO: [ view_filter ] --START--
INFO: Run Behavior\WriteHtmlCacheBehavior [ RunTime:0.000577s ]
INFO: [ view_filter ] --END-- [ RunTime:0.000667s ]
INFO: [ app_end ] --START--
INFO: Run Behavior\ShowPageTraceBehavior [ RunTime:0.000717s ]
INFO: [ app_end ] --END-- [ RunTime:0.000829s ]

[ 2017-10-26T15:23:03+08:00 ] 127.0.0.1 /sucai/index.php/Admin/Article/article_edit/article_id/16
INFO: [ app_init ] --START--
INFO: Run Behavior\BuildLiteBehavior [ RunTime:0.000020s ]
INFO: [ app_init ] --END-- [ RunTime:0.000425s ]
INFO: [ app_begin ] --START--
INFO: Run Behavior\ReadHtmlCacheBehavior [ RunTime:0.000575s ]
INFO: [ app_begin ] --END-- [ RunTime:0.000722s ]
NOTIC: [8] Use of undefined constant regex - assumed 'regex' D:\wamp64\www\sucai\ThinkPHP\Common\functions.php 第 588 行.
NOTIC: [8] Use of undefined constant regex - assumed 'regex' D:\wamp64\www\sucai\ThinkPHP\Common\functions.php 第 588 行.
NOTIC: [8] Use of undefined constant regex - assumed 'regex' D:\wamp64\www\sucai\ThinkPHP\Common\functions.php 第 588 行.
NOTIC: [8] Use of undefined constant regex - assumed 'regex' D:\wamp64\www\sucai\ThinkPHP\Common\functions.php 第 588 行.
SQL: SHOW COLUMNS FROM `sc_article` [ RunTime:0.0005s ]
SQL: SELECT * FROM `sc_article` WHERE `article_id` = 16 LIMIT 1   [ RunTime:0.0003s ]
NOTIC: [8] Use of undefined constant regex - assumed 'regex' D:\wamp64\www\sucai\ThinkPHP\Common\functions.php 第 588 行.
NOTIC: [8] Use of undefined constant regex - assumed 'regex' D:\wamp64\www\sucai\ThinkPHP\Common\functions.php 第 588 行.
NOTIC: [8] Use of undefined constant regex - assumed 'regex' D:\wamp64\www\sucai\ThinkPHP\Common\functions.php 第 588 行.
NOTIC: [8] Use of undefined constant regex - assumed 'regex' D:\wamp64\www\sucai\ThinkPHP\Common\functions.php 第 588 行.
NOTIC: [8] Use of undefined constant regex - assumed 'regex' D:\wamp64\www\sucai\ThinkPHP\Common\functions.php 第 588 行.
SQL: SHOW COLUMNS FROM `sc_cate` [ RunTime:0.0005s ]
SQL: SELECT * FROM `sc_cate` ORDER BY cate_sort asc  [ RunTime:0.0004s ]
SQL: SHOW COLUMNS FROM `sc_typeattr` [ RunTime:0.0320s ]
SQL: SELECT * FROM `sc_typeattr`  [ RunTime:0.0003s ]
SQL: SELECT * FROM `sc_typeattr` LIMIT 1   [ RunTime:0.0002s ]
SQL: SHOW COLUMNS FROM `sc_attrs` [ RunTime:0.0236s ]
SQL: SELECT * FROM `sc_attrs` WHERE `typeattr_id` = 13  [ RunTime:0.0003s ]
SQL: SHOW COLUMNS FROM `sc_article_attr` [ RunTime:0.0073s ]
SQL: SELECT * FROM `sc_article_attr` WHERE `article_id` = 16  [ RunTime:0.0003s ]
INFO: [ view_parse ] --START--
INFO: [ template_filter ] --START--
INFO: Run Behavior\ContentReplaceBehavior [ RunTime:0.000324s ]
INFO: [ template_filter ] --END-- [ RunTime:0.000506s ]
NOTIC: [8] Undefined variable: cate D:\wamp64\www\sucai\Application\Runtime\Cache\Admin\9abfaa23bfd05ceb7b170bb6e580a01b.php 第 166 行.
NOTIC: [8] Undefined variable: cate D:\wamp64\www\sucai\Application\Runtime\Cache\Admin\9abfaa23bfd05ceb7b170bb6e580a01b.php 第 167 行.
NOTIC: [8] Undefined variable: cate D:\wamp64\www\sucai\Application\Runtime\Cache\Admin\9abfaa23bfd05ceb7b170bb6e580a01b.php 第 166 行.
NOTIC: [8] Undefined variable: cate D:\wamp64\www\sucai\Application\Runtime\Cache\Admin\9abfaa23bfd05ceb7b170bb6e580a01b.php 第 167 行.
NOTIC: [8] Undefined variable: cate D:\wamp64\www\sucai\Application\Runtime\Cache\Admin\9abfaa23bfd05ceb7b170bb6e580a01b.php 第 166 行.
NOTIC: [8] Undefined variable: cate D:\wamp64\www\sucai\Application\Runtime\Cache\Admin\9abfaa23bfd05ceb7b170bb6e580a01b.php 第 167 行.
NOTIC: [8] Undefined variable: cate D:\wamp64\www\sucai\Application\Runtime\Cache\Admin\9abfaa23bfd05ceb7b170bb6e580a01b.php 第 166 行.
NOTIC: [8] Undefined variable: cate D:\wamp64\www\sucai\Application\Runtime\Cache\Admin\9abfaa23bfd05ceb7b170bb6e580a01b.php 第 167 行.
NOTIC: [8] Undefined variable: cate D:\wamp64\www\sucai\Application\Runtime\Cache\Admin\9abfaa23bfd05ceb7b170bb6e580a01b.php 第 166 行.
NOTIC: [8] Undefined variable: cate D:\wamp64\www\sucai\Application\Runtime\Cache\Admin\9abfaa23bfd05ceb7b170bb6e580a01b.php 第 167 行.
NOTIC: [8] Undefined variable: cate D:\wamp64\www\sucai\Application\Runtime\Cache\Admin\9abfaa23bfd05ceb7b170bb6e580a01b.php 第 166 行.
NOTIC: [8] Undefined variable: cate D:\wamp64\www\sucai\Application\Runtime\Cache\Admin\9abfaa23bfd05ceb7b170bb6e580a01b.php 第 167 行.
NOTIC: [8] Undefined variable: cate D:\wamp64\www\sucai\Application\Runtime\Cache\Admin\9abfaa23bfd05ceb7b170bb6e580a01b.php 第 166 行.
NOTIC: [8] Undefined variable: cate D:\wamp64\www\sucai\Application\Runtime\Cache\Admin\9abfaa23bfd05ceb7b170bb6e580a01b.php 第 167 行.
NOTIC: [8] Undefined variable: cate D:\wamp64\www\sucai\Application\Runtime\Cache\Admin\9abfaa23bfd05ceb7b170bb6e580a01b.php 第 166 行.
NOTIC: [8] Undefined variable: cate D:\wamp64\www\sucai\Application\Runtime\Cache\Admin\9abfaa23bfd05ceb7b170bb6e580a01b.php 第 167 行.
NOTIC: [8] Undefined variable: cate D:\wamp64\www\sucai\Application\Runtime\Cache\Admin\9abfaa23bfd05ceb7b170bb6e580a01b.php 第 166 行.
NOTIC: [8] Undefined variable: cate D:\wamp64\www\sucai\Application\Runtime\Cache\Admin\9abfaa23bfd05ceb7b170bb6e580a01b.php 第 167 行.
NOTIC: [8] Undefined variable: cate D:\wamp64\www\sucai\Application\Runtime\Cache\Admin\9abfaa23bfd05ceb7b170bb6e580a01b.php 第 166 行.
NOTIC: [8] Undefined variable: cate D:\wamp64\www\sucai\Application\Runtime\Cache\Admin\9abfaa23bfd05ceb7b170bb6e580a01b.php 第 167 行.
NOTIC: [8] Undefined variable: cate D:\wamp64\www\sucai\Application\Runtime\Cache\Admin\9abfaa23bfd05ceb7b170bb6e580a01b.php 第 166 行.
NOTIC: [8] Undefined variable: cate D:\wamp64\www\sucai\Application\Runtime\Cache\Admin\9abfaa23bfd05ceb7b170bb6e580a01b.php 第 167 行.
NOTIC: [8] Undefined variable: cate D:\wamp64\www\sucai\Application\Runtime\Cache\Admin\9abfaa23bfd05ceb7b170bb6e580a01b.php 第 166 行.
NOTIC: [8] Undefined variable: cate D:\wamp64\www\sucai\Application\Runtime\Cache\Admin\9abfaa23bfd05ceb7b170bb6e580a01b.php 第 167 行.
NOTIC: [8] Undefined variable: cate D:\wamp64\www\sucai\Application\Runtime\Cache\Admin\9abfaa23bfd05ceb7b170bb6e580a01b.php 第 166 行.
NOTIC: [8] Undefined variable: cate D:\wamp64\www\sucai\Application\Runtime\Cache\Admin\9abfaa23bfd05ceb7b170bb6e580a01b.php 第 167 行.
NOTIC: [8] Undefined variable: cate D:\wamp64\www\sucai\Application\Runtime\Cache\Admin\9abfaa23bfd05ceb7b170bb6e580a01b.php 第 166 行.
NOTIC: [8] Undefined variable: cate D:\wamp64\www\sucai\Application\Runtime\Cache\Admin\9abfaa23bfd05ceb7b170bb6e580a01b.php 第 167 行.
NOTIC: [8] Undefined variable: cate D:\wamp64\www\sucai\Application\Runtime\Cache\Admin\9abfaa23bfd05ceb7b170bb6e580a01b.php 第 166 行.
NOTIC: [8] Undefined variable: cate D:\wamp64\www\sucai\Application\Runtime\Cache\Admin\9abfaa23bfd05ceb7b170bb6e580a01b.php 第 167 行.
NOTIC: [8] Undefined variable: cate D:\wamp64\www\sucai\Application\Runtime\Cache\Admin\9abfaa23bfd05ceb7b170bb6e580a01b.php 第 166 行.
NOTIC: [8] Undefined variable: cate D:\wamp64\www\sucai\Application\Runtime\Cache\Admin\9abfaa23bfd05ceb7b170bb6e580a01b.php 第 167 行.
NOTIC: [8] Undefined variable: cate D:\wamp64\www\sucai\Application\Runtime\Cache\Admin\9abfaa23bfd05ceb7b170bb6e580a01b.php 第 166 行.
NOTIC: [8] Undefined variable: cate D:\wamp64\www\sucai\Application\Runtime\Cache\Admin\9abfaa23bfd05ceb7b170bb6e580a01b.php 第 167 行.
NOTIC: [8] Undefined variable: cate D:\wamp64\www\sucai\Application\Runtime\Cache\Admin\9abfaa23bfd05ceb7b170bb6e580a01b.php 第 166 行.
NOTIC: [8] Undefined variable: cate D:\wamp64\www\sucai\Application\Runtime\Cache\Admin\9abfaa23bfd05ceb7b170bb6e580a01b.php 第 167 行.
NOTIC: [8] Undefined variable: cate D:\wamp64\www\sucai\Application\Runtime\Cache\Admin\9abfaa23bfd05ceb7b170bb6e580a01b.php 第 166 行.
NOTIC: [8] Undefined variable: cate D:\wamp64\www\sucai\Application\Runtime\Cache\Admin\9abfaa23bfd05ceb7b170bb6e580a01b.php 第 167 行.
NOTIC: [8] Undefined variable: cate D:\wamp64\www\sucai\Application\Runtime\Cache\Admin\9abfaa23bfd05ceb7b170bb6e580a01b.php 第 166 行.
NOTIC: [8] Undefined variable: cate D:\wamp64\www\sucai\Application\Runtime\Cache\Admin\9abfaa23bfd05ceb7b170bb6e580a01b.php 第 167 行.
NOTIC: [8] Undefined variable: cate D:\wamp64\www\sucai\Application\Runtime\Cache\Admin\9abfaa23bfd05ceb7b170bb6e580a01b.php 第 166 行.
NOTIC: [8] Undefined variable: cate D:\wamp64\www\sucai\Application\Runtime\Cache\Admin\9abfaa23bfd05ceb7b170bb6e580a01b.php 第 167 行.
NOTIC: [8] Undefined variable: cate D:\wamp64\www\sucai\Application\Runtime\Cache\Admin\9abfaa23bfd05ceb7b170bb6e580a01b.php 第 166 行.
NOTIC: [8] Undefined variable: cate D:\wamp64\www\sucai\Application\Runtime\Cache\Admin\9abfaa23bfd05ceb7b170bb6e580a01b.php 第 167 行.
INFO: Run Behavior\ParseTemplateBehavior [ RunTime:0.015573s ]
INFO: [ view_parse ] --END-- [ RunTime:0.015689s ]
INFO: [ view_filter ] --START--
INFO: Run Behavior\WriteHtmlCacheBehavior [ RunTime:0.000413s ]
INFO: [ view_filter ] --END-- [ RunTime:0.000494s ]
INFO: [ app_end ] --START--
INFO: Run Behavior\ShowPageTraceBehavior [ RunTime:0.000528s ]
INFO: [ app_end ] --END-- [ RunTime:0.000617s ]

[ 2017-10-26T15:23:27+08:00 ] 127.0.0.1 /sucai/index.php/Admin/Article/article_edit/article_id/16
INFO: [ app_init ] --START--
INFO: Run Behavior\BuildLiteBehavior [ RunTime:0.000021s ]
INFO: [ app_init ] --END-- [ RunTime:0.000420s ]
INFO: [ app_begin ] --START--
INFO: Run Behavior\ReadHtmlCacheBehavior [ RunTime:0.000532s ]
INFO: [ app_begin ] --END-- [ RunTime:0.000632s ]
NOTIC: [8] Use of undefined constant regex - assumed 'regex' D:\wamp64\www\sucai\ThinkPHP\Common\functions.php 第 588 行.
NOTIC: [8] Use of undefined constant regex - assumed 'regex' D:\wamp64\www\sucai\ThinkPHP\Common\functions.php 第 588 行.
NOTIC: [8] Use of undefined constant regex - assumed 'regex' D:\wamp64\www\sucai\ThinkPHP\Common\functions.php 第 588 行.
NOTIC: [8] Use of undefined constant regex - assumed 'regex' D:\wamp64\www\sucai\ThinkPHP\Common\functions.php 第 588 行.
SQL: SHOW COLUMNS FROM `sc_article` [ RunTime:0.0007s ]
SQL: SELECT * FROM `sc_article` WHERE `article_id` = 16 LIMIT 1   [ RunTime:0.0022s ]
NOTIC: [8] Undefined index: validate D:\wamp64\www\sucai\ThinkPHP\Library\Think\Model.class.php 第 1185 行.
NOTIC: [8] Undefined index: auto D:\wamp64\www\sucai\ThinkPHP\Library\Think\Model.class.php 第 1128 行.
SQL: UPDATE `sc_article` SET `attrtype_id`='13',`article_title`='测试1',`article_author`='测试1',`article_keys`='图片代码,导航菜单,选项卡/滑动门,文字特效,表单代码,悬浮层/弹出层 ',`article_desc`='测试1测试1测试1测试1测试1测试1测试1',`article_reco`='1',`cate_id`='1',`article_content`='0' WHERE `article_id` = 16 [ RunTime:0.0004s ]
SQL: SHOW COLUMNS FROM `sc_article_attr` [ RunTime:0.0008s ]
SQL: DELETE FROM `sc_article_attr` WHERE `article_id` = 16 [ RunTime:0.0003s ]
INFO: [ view_parse ] --START--
INFO: [ template_filter ] --START--
INFO: Run Behavior\ContentReplaceBehavior [ RunTime:0.000082s ]
INFO: [ template_filter ] --END-- [ RunTime:0.000182s ]
INFO: Run Behavior\ParseTemplateBehavior [ RunTime:0.007184s ]
INFO: [ view_parse ] --END-- [ RunTime:0.007600s ]
INFO: [ view_filter ] --START--
INFO: Run Behavior\WriteHtmlCacheBehavior [ RunTime:0.000408s ]
INFO: [ view_filter ] --END-- [ RunTime:0.000491s ]
INFO: [ app_end ] --START--
INFO: Run Behavior\ShowPageTraceBehavior [ RunTime:0.000506s ]
INFO: [ app_end ] --END-- [ RunTime:0.000589s ]

[ 2017-10-26T15:23:28+08:00 ] 127.0.0.1 /sucai/index.php/Admin/Article/article_list.html
INFO: [ app_init ] --START--
INFO: Run Behavior\BuildLiteBehavior [ RunTime:0.000022s ]
INFO: [ app_init ] --END-- [ RunTime:0.000571s ]
INFO: [ app_begin ] --START--
INFO: Run Behavior\ReadHtmlCacheBehavior [ RunTime:0.000438s ]
INFO: [ app_begin ] --END-- [ RunTime:0.000562s ]
NOTIC: [8] Use of undefined constant regex - assumed 'regex' D:\wamp64\www\sucai\ThinkPHP\Common\functions.php 第 588 行.
NOTIC: [8] Use of undefined constant regex - assumed 'regex' D:\wamp64\www\sucai\ThinkPHP\Common\functions.php 第 588 行.
NOTIC: [8] Use of undefined constant regex - assumed 'regex' D:\wamp64\www\sucai\ThinkPHP\Common\functions.php 第 588 行.
NOTIC: [8] Use of undefined constant regex - assumed 'regex' D:\wamp64\www\sucai\ThinkPHP\Common\functions.php 第 588 行.
SQL: SHOW COLUMNS FROM `sc_article` [ RunTime:0.0005s ]
SQL: SELECT COUNT(*) AS tp_count FROM `sc_article` WHERE `article_title` LIKE '%%' LIMIT 1   [ RunTime:0.0002s ]
SQL: SELECT a.article_title,a.article_author,a.article_id,a.article_pic,a.article_time,a.article_reco,c.cate_name FROM sc_article a LEFT JOIN  sc_cate c on a.cate_id=c.cate_id  WHERE `article_title` LIKE '%%' ORDER BY article_id desc LIMIT 0,20   [ RunTime:0.0005s ]
NOTIC: [8] Use of undefined constant regex - assumed 'regex' D:\wamp64\www\sucai\ThinkPHP\Common\functions.php 第 588 行.
NOTIC: [8] Use of undefined constant regex - assumed 'regex' D:\wamp64\www\sucai\ThinkPHP\Common\functions.php 第 588 行.
NOTIC: [8] Use of undefined constant regex - assumed 'regex' D:\wamp64\www\sucai\ThinkPHP\Common\functions.php 第 588 行.
NOTIC: [8] Use of undefined constant regex - assumed 'regex' D:\wamp64\www\sucai\ThinkPHP\Common\functions.php 第 588 行.
NOTIC: [8] Use of undefined constant regex - assumed 'regex' D:\wamp64\www\sucai\ThinkPHP\Common\functions.php 第 588 行.
SQL: SHOW COLUMNS FROM `sc_cate` [ RunTime:0.0006s ]
SQL: SELECT * FROM `sc_cate` ORDER BY cate_sort asc  [ RunTime:0.0006s ]
INFO: [ view_parse ] --START--
INFO: [ template_filter ] --START--
INFO: Run Behavior\ContentReplaceBehavior [ RunTime:0.000142s ]
INFO: [ template_filter ] --END-- [ RunTime:0.000240s ]
NOTIC: [8] Undefined index: type_name D:\wamp64\www\sucai\Application\Runtime\Cache\Admin\f68c5a1a42542d9b876352dd3eb66abd.php 第 174 行.
NOTIC: [8] Undefined index: type_name D:\wamp64\www\sucai\Application\Runtime\Cache\Admin\f68c5a1a42542d9b876352dd3eb66abd.php 第 174 行.
NOTIC: [8] Undefined index: type_name D:\wamp64\www\sucai\Application\Runtime\Cache\Admin\f68c5a1a42542d9b876352dd3eb66abd.php 第 174 行.
NOTIC: [8] Undefined index: type_name D:\wamp64\www\sucai\Application\Runtime\Cache\Admin\f68c5a1a42542d9b876352dd3eb66abd.php 第 174 行.
NOTIC: [8] Undefined index: type_name D:\wamp64\www\sucai\Application\Runtime\Cache\Admin\f68c5a1a42542d9b876352dd3eb66abd.php 第 174 行.
NOTIC: [8] Undefined index: type_name D:\wamp64\www\sucai\Application\Runtime\Cache\Admin\f68c5a1a42542d9b876352dd3eb66abd.php 第 174 行.
NOTIC: [8] Undefined index: type_name D:\wamp64\www\sucai\Application\Runtime\Cache\Admin\f68c5a1a42542d9b876352dd3eb66abd.php 第 174 行.
NOTIC: [8] Undefined index: type_name D:\wamp64\www\sucai\Application\Runtime\Cache\Admin\f68c5a1a42542d9b876352dd3eb66abd.php 第 174 行.
NOTIC: [8] Undefined index: type_name D:\wamp64\www\sucai\Application\Runtime\Cache\Admin\f68c5a1a42542d9b876352dd3eb66abd.php 第 174 行.
NOTIC: [8] Undefined index: type_name D:\wamp64\www\sucai\Application\Runtime\Cache\Admin\f68c5a1a42542d9b876352dd3eb66abd.php 第 174 行.
INFO: Run Behavior\ParseTemplateBehavior [ RunTime:0.010729s ]
INFO: [ view_parse ] --END-- [ RunTime:0.010822s ]
INFO: [ view_filter ] --START--
INFO: Run Behavior\WriteHtmlCacheBehavior [ RunTime:0.000385s ]
INFO: [ view_filter ] --END-- [ RunTime:0.000466s ]
INFO: [ app_end ] --START--
INFO: Run Behavior\ShowPageTraceBehavior [ RunTime:0.000684s ]
INFO: [ app_end ] --END-- [ RunTime:0.000803s ]

[ 2017-10-26T15:24:03+08:00 ] 127.0.0.1 /sucai/index.php/Admin/Article/article_edit/article_id/13
INFO: [ app_init ] --START--
INFO: Run Behavior\BuildLiteBehavior [ RunTime:0.000019s ]
INFO: [ app_init ] --END-- [ RunTime:0.000370s ]
INFO: [ app_begin ] --START--
INFO: Run Behavior\ReadHtmlCacheBehavior [ RunTime:0.000408s ]
INFO: [ app_begin ] --END-- [ RunTime:0.000526s ]
NOTIC: [8] Use of undefined constant regex - assumed 'regex' D:\wamp64\www\sucai\ThinkPHP\Common\functions.php 第 588 行.
NOTIC: [8] Use of undefined constant regex - assumed 'regex' D:\wamp64\www\sucai\ThinkPHP\Common\functions.php 第 588 行.
NOTIC: [8] Use of undefined constant regex - assumed 'regex' D:\wamp64\www\sucai\ThinkPHP\Common\functions.php 第 588 行.
NOTIC: [8] Use of undefined constant regex - assumed 'regex' D:\wamp64\www\sucai\ThinkPHP\Common\functions.php 第 588 行.
SQL: SHOW COLUMNS FROM `sc_article` [ RunTime:0.0005s ]
SQL: SELECT * FROM `sc_article` WHERE `article_id` = 13 LIMIT 1   [ RunTime:0.0004s ]
NOTIC: [8] Use of undefined constant regex - assumed 'regex' D:\wamp64\www\sucai\ThinkPHP\Common\functions.php 第 588 行.
NOTIC: [8] Use of undefined constant regex - assumed 'regex' D:\wamp64\www\sucai\ThinkPHP\Common\functions.php 第 588 行.
NOTIC: [8] Use of undefined constant regex - assumed 'regex' D:\wamp64\www\sucai\ThinkPHP\Common\functions.php 第 588 行.
NOTIC: [8] Use of undefined constant regex - assumed 'regex' D:\wamp64\www\sucai\ThinkPHP\Common\functions.php 第 588 行.
NOTIC: [8] Use of undefined constant regex - assumed 'regex' D:\wamp64\www\sucai\ThinkPHP\Common\functions.php 第 588 行.
SQL: SHOW COLUMNS FROM `sc_cate` [ RunTime:0.0005s ]
SQL: SELECT * FROM `sc_cate` ORDER BY cate_sort asc  [ RunTime:0.0004s ]
SQL: SHOW COLUMNS FROM `sc_typeattr` [ RunTime:0.0006s ]
SQL: SELECT * FROM `sc_typeattr`  [ RunTime:0.0002s ]
SQL: SELECT * FROM `sc_typeattr` LIMIT 1   [ RunTime:0.0002s ]
SQL: SHOW COLUMNS FROM `sc_attrs` [ RunTime:0.0006s ]
SQL: SELECT * FROM `sc_attrs` WHERE `typeattr_id` = 13  [ RunTime:0.0003s ]
SQL: SHOW COLUMNS FROM `sc_article_attr` [ RunTime:0.0006s ]
SQL: SELECT * FROM `sc_article_attr` WHERE `article_id` = 13  [ RunTime:0.0003s ]
INFO: [ view_parse ] --START--
INFO: [ template_filter ] --START--
INFO: Run Behavior\ContentReplaceBehavior [ RunTime:0.000203s ]
INFO: [ template_filter ] --END-- [ RunTime:0.000302s ]
NOTIC: [8] Undefined variable: cate D:\wamp64\www\sucai\Application\Runtime\Cache\Admin\9abfaa23bfd05ceb7b170bb6e580a01b.php 第 166 行.
NOTIC: [8] Undefined variable: cate D:\wamp64\www\sucai\Application\Runtime\Cache\Admin\9abfaa23bfd05ceb7b170bb6e580a01b.php 第 167 行.
NOTIC: [8] Undefined variable: cate D:\wamp64\www\sucai\Application\Runtime\Cache\Admin\9abfaa23bfd05ceb7b170bb6e580a01b.php 第 166 行.
NOTIC: [8] Undefined variable: cate D:\wamp64\www\sucai\Application\Runtime\Cache\Admin\9abfaa23bfd05ceb7b170bb6e580a01b.php 第 167 行.
NOTIC: [8] Undefined variable: cate D:\wamp64\www\sucai\Application\Runtime\Cache\Admin\9abfaa23bfd05ceb7b170bb6e580a01b.php 第 166 行.
NOTIC: [8] Undefined variable: cate D:\wamp64\www\sucai\Application\Runtime\Cache\Admin\9abfaa23bfd05ceb7b170bb6e580a01b.php 第 167 行.
NOTIC: [8] Undefined variable: cate D:\wamp64\www\sucai\Application\Runtime\Cache\Admin\9abfaa23bfd05ceb7b170bb6e580a01b.php 第 166 行.
NOTIC: [8] Undefined variable: cate D:\wamp64\www\sucai\Application\Runtime\Cache\Admin\9abfaa23bfd05ceb7b170bb6e580a01b.php 第 167 行.
NOTIC: [8] Undefined variable: cate D:\wamp64\www\sucai\Application\Runtime\Cache\Admin\9abfaa23bfd05ceb7b170bb6e580a01b.php 第 166 行.
NOTIC: [8] Undefined variable: cate D:\wamp64\www\sucai\Application\Runtime\Cache\Admin\9abfaa23bfd05ceb7b170bb6e580a01b.php 第 167 行.
NOTIC: [8] Undefined variable: cate D:\wamp64\www\sucai\Application\Runtime\Cache\Admin\9abfaa23bfd05ceb7b170bb6e580a01b.php 第 166 行.
NOTIC: [8] Undefined variable: cate D:\wamp64\www\sucai\Application\Runtime\Cache\Admin\9abfaa23bfd05ceb7b170bb6e580a01b.php 第 167 行.
NOTIC: [8] Undefined variable: cate D:\wamp64\www\sucai\Application\Runtime\Cache\Admin\9abfaa23bfd05ceb7b170bb6e580a01b.php 第 166 行.
NOTIC: [8] Undefined variable: cate D:\wamp64\www\sucai\Application\Runtime\Cache\Admin\9abfaa23bfd05ceb7b170bb6e580a01b.php 第 167 行.
NOTIC: [8] Undefined variable: cate D:\wamp64\www\sucai\Application\Runtime\Cache\Admin\9abfaa23bfd05ceb7b170bb6e580a01b.php 第 166 行.
NOTIC: [8] Undefined variable: cate D:\wamp64\www\sucai\Application\Runtime\Cache\Admin\9abfaa23bfd05ceb7b170bb6e580a01b.php 第 167 行.
NOTIC: [8] Undefined variable: cate D:\wamp64\www\sucai\Application\Runtime\Cache\Admin\9abfaa23bfd05ceb7b170bb6e580a01b.php 第 166 行.
NOTIC: [8] Undefined variable: cate D:\wamp64\www\sucai\Application\Runtime\Cache\Admin\9abfaa23bfd05ceb7b170bb6e580a01b.php 第 167 行.
NOTIC: [8] Undefined variable: cate D:\wamp64\www\sucai\Application\Runtime\Cache\Admin\9abfaa23bfd05ceb7b170bb6e580a01b.php 第 166 行.
NOTIC: [8] Undefined variable: cate D:\wamp64\www\sucai\Application\Runtime\Cache\Admin\9abfaa23bfd05ceb7b170bb6e580a01b.php 第 167 行.
NOTIC: [8] Undefined variable: cate D:\wamp64\www\sucai\Application\Runtime\Cache\Admin\9abfaa23bfd05ceb7b170bb6e580a01b.php 第 166 行.
NOTIC: [8] Undefined variable: cate D:\wamp64\www\sucai\Application\Runtime\Cache\Admin\9abfaa23bfd05ceb7b170bb6e580a01b.php 第 167 行.
NOTIC: [8] Undefined variable: cate D:\wamp64\www\sucai\Application\Runtime\Cache\Admin\9abfaa23bfd05ceb7b170bb6e580a01b.php 第 166 行.
NOTIC: [8] Undefined variable: cate D:\wamp64\www\sucai\Application\Runtime\Cache\Admin\9abfaa23bfd05ceb7b170bb6e580a01b.php 第 167 行.
NOTIC: [8] Undefined variable: cate D:\wamp64\www\sucai\Application\Runtime\Cache\Admin\9abfaa23bfd05ceb7b170bb6e580a01b.php 第 166 行.
NOTIC: [8] Undefined variable: cate D:\wamp64\www\sucai\Application\Runtime\Cache\Admin\9abfaa23bfd05ceb7b170bb6e580a01b.php 第 167 行.
NOTIC: [8] Undefined variable: cate D:\wamp64\www\sucai\Application\Runtime\Cache\Admin\9abfaa23bfd05ceb7b170bb6e580a01b.php 第 166 行.
NOTIC: [8] Undefined variable: cate D:\wamp64\www\sucai\Application\Runtime\Cache\Admin\9abfaa23bfd05ceb7b170bb6e580a01b.php 第 167 行.
NOTIC: [8] Undefined variable: cate D:\wamp64\www\sucai\Application\Runtime\Cache\Admin\9abfaa23bfd05ceb7b170bb6e580a01b.php 第 166 行.
NOTIC: [8] Undefined variable: cate D:\wamp64\www\sucai\Application\Runtime\Cache\Admin\9abfaa23bfd05ceb7b170bb6e580a01b.php 第 167 行.
NOTIC: [8] Undefined variable: cate D:\wamp64\www\sucai\Application\Runtime\Cache\Admin\9abfaa23bfd05ceb7b170bb6e580a01b.php 第 166 行.
NOTIC: [8] Undefined variable: cate D:\wamp64\www\sucai\Application\Runtime\Cache\Admin\9abfaa23bfd05ceb7b170bb6e580a01b.php 第 167 行.
NOTIC: [8] Undefined variable: cate D:\wamp64\www\sucai\Application\Runtime\Cache\Admin\9abfaa23bfd05ceb7b170bb6e580a01b.php 第 166 行.
NOTIC: [8] Undefined variable: cate D:\wamp64\www\sucai\Application\Runtime\Cache\Admin\9abfaa23bfd05ceb7b170bb6e580a01b.php 第 167 行.
NOTIC: [8] Undefined variable: cate D:\wamp64\www\sucai\Application\Runtime\Cache\Admin\9abfaa23bfd05ceb7b170bb6e580a01b.php 第 166 行.
NOTIC: [8] Undefined variable: cate D:\wamp64\www\sucai\Application\Runtime\Cache\Admin\9abfaa23bfd05ceb7b170bb6e580a01b.php 第 167 行.
NOTIC: [8] Undefined variable: cate D:\wamp64\www\sucai\Application\Runtime\Cache\Admin\9abfaa23bfd05ceb7b170bb6e580a01b.php 第 166 行.
NOTIC: [8] Undefined variable: cate D:\wamp64\www\sucai\Application\Runtime\Cache\Admin\9abfaa23bfd05ceb7b170bb6e580a01b.php 第 167 行.
NOTIC: [8] Undefined variable: cate D:\wamp64\www\sucai\Application\Runtime\Cache\Admin\9abfaa23bfd05ceb7b170bb6e580a01b.php 第 166 行.
NOTIC: [8] Undefined variable: cate D:\wamp64\www\sucai\Application\Runtime\Cache\Admin\9abfaa23bfd05ceb7b170bb6e580a01b.php 第 167 行.
NOTIC: [8] Undefined variable: cate D:\wamp64\www\sucai\Application\Runtime\Cache\Admin\9abfaa23bfd05ceb7b170bb6e580a01b.php 第 166 行.
NOTIC: [8] Undefined variable: cate D:\wamp64\www\sucai\Application\Runtime\Cache\Admin\9abfaa23bfd05ceb7b170bb6e580a01b.php 第 167 行.
NOTIC: [8] Undefined variable: cate D:\wamp64\www\sucai\Application\Runtime\Cache\Admin\9abfaa23bfd05ceb7b170bb6e580a01b.php 第 166 行.
NOTIC: [8] Undefined variable: cate D:\wamp64\www\sucai\Application\Runtime\Cache\Admin\9abfaa23bfd05ceb7b170bb6e580a01b.php 第 167 行.
INFO: Run Behavior\ParseTemplateBehavior [ RunTime:0.013816s ]
INFO: [ view_parse ] --END-- [ RunTime:0.013903s ]
INFO: [ view_filter ] --START--
INFO: Run Behavior\WriteHtmlCacheBehavior [ RunTime:0.000461s ]
INFO: [ view_filter ] --END-- [ RunTime:0.000544s ]
INFO: [ app_end ] --START--
INFO: Run Behavior\ShowPageTraceBehavior [ RunTime:0.000670s ]
INFO: [ app_end ] --END-- [ RunTime:0.000770s ]

[ 2017-10-26T15:24:27+08:00 ] 127.0.0.1 /sucai/index.php/Admin/Article/article_edit/article_id/13
INFO: [ app_init ] --START--
INFO: Run Behavior\BuildLiteBehavior [ RunTime:0.000018s ]
INFO: [ app_init ] --END-- [ RunTime:0.000445s ]
INFO: [ app_begin ] --START--
INFO: Run Behavior\ReadHtmlCacheBehavior [ RunTime:0.000410s ]
INFO: [ app_begin ] --END-- [ RunTime:0.000500s ]
NOTIC: [8] Use of undefined constant regex - assumed 'regex' D:\wamp64\www\sucai\ThinkPHP\Common\functions.php 第 588 行.
NOTIC: [8] Use of undefined constant regex - assumed 'regex' D:\wamp64\www\sucai\ThinkPHP\Common\functions.php 第 588 行.
NOTIC: [8] Use of undefined constant regex - assumed 'regex' D:\wamp64\www\sucai\ThinkPHP\Common\functions.php 第 588 行.
NOTIC: [8] Use of undefined constant regex - assumed 'regex' D:\wamp64\www\sucai\ThinkPHP\Common\functions.php 第 588 行.
SQL: SHOW COLUMNS FROM `sc_article` [ RunTime:0.0005s ]
SQL: SELECT * FROM `sc_article` WHERE `article_id` = 13 LIMIT 1   [ RunTime:0.0003s ]
NOTIC: [8] Undefined index: validate D:\wamp64\www\sucai\ThinkPHP\Library\Think\Model.class.php 第 1185 行.
NOTIC: [8] Undefined index: auto D:\wamp64\www\sucai\ThinkPHP\Library\Think\Model.class.php 第 1128 行.
SQL: UPDATE `sc_article` SET `attrtype_id`='13',`article_title`='网页特效',`article_author`='admin',`article_keys`='网页特效,选项卡/滑动门 ,文字特效,表单代码 ',`article_desc`='网页特效网页特效网页特效网页特效',`article_reco`='1',`cate_id`='1',`article_content`='0' WHERE `article_id` = 13 [ RunTime:0.0003s ]
SQL: SHOW COLUMNS FROM `sc_article_attr` [ RunTime:0.0006s ]
SQL: DELETE FROM `sc_article_attr` WHERE `article_id` = 13 [ RunTime:0.0003s ]
SQL: INSERT INTO `sc_article_attr` (`article_id`,`attrs_id`,`attrs_value`) VALUES ('13','13','手机') [ RunTime:0.0002s ]
SQL: INSERT INTO `sc_article_attr` (`article_id`,`attrs_id`,`attrs_value`) VALUES ('13','12','Cur') [ RunTime:0.0002s ]
INFO: [ view_parse ] --START--
INFO: [ template_filter ] --START--
INFO: Run Behavior\ContentReplaceBehavior [ RunTime:0.000082s ]
INFO: [ template_filter ] --END-- [ RunTime:0.000218s ]
INFO: Run Behavior\ParseTemplateBehavior [ RunTime:0.006130s ]
INFO: [ view_parse ] --END-- [ RunTime:0.006251s ]
INFO: [ view_filter ] --START--
INFO: Run Behavior\WriteHtmlCacheBehavior [ RunTime:0.000416s ]
INFO: [ view_filter ] --END-- [ RunTime:0.000499s ]
INFO: [ app_end ] --START--
INFO: Run Behavior\ShowPageTraceBehavior [ RunTime:0.000533s ]
INFO: [ app_end ] --END-- [ RunTime:0.000619s ]

[ 2017-10-26T15:24:28+08:00 ] 127.0.0.1 /sucai/index.php/Admin/Article/article_list.html
INFO: [ app_init ] --START--
INFO: Run Behavior\BuildLiteBehavior [ RunTime:0.000019s ]
INFO: [ app_init ] --END-- [ RunTime:0.000443s ]
INFO: [ app_begin ] --START--
INFO: Run Behavior\ReadHtmlCacheBehavior [ RunTime:0.000457s ]
INFO: [ app_begin ] --END-- [ RunTime:0.000549s ]
NOTIC: [8] Use of undefined constant regex - assumed 'regex' D:\wamp64\www\sucai\ThinkPHP\Common\functions.php 第 588 行.
NOTIC: [8] Use of undefined constant regex - assumed 'regex' D:\wamp64\www\sucai\ThinkPHP\Common\functions.php 第 588 行.
NOTIC: [8] Use of undefined constant regex - assumed 'regex' D:\wamp64\www\sucai\ThinkPHP\Common\functions.php 第 588 行.
NOTIC: [8] Use of undefined constant regex - assumed 'regex' D:\wamp64\www\sucai\ThinkPHP\Common\functions.php 第 588 行.
SQL: SHOW COLUMNS FROM `sc_article` [ RunTime:0.0005s ]
SQL: SELECT COUNT(*) AS tp_count FROM `sc_article` WHERE `article_title` LIKE '%%' LIMIT 1   [ RunTime:0.0003s ]
SQL: SELECT a.article_title,a.article_author,a.article_id,a.article_pic,a.article_time,a.article_reco,c.cate_name FROM sc_article a LEFT JOIN  sc_cate c on a.cate_id=c.cate_id  WHERE `article_title` LIKE '%%' ORDER BY article_id desc LIMIT 0,20   [ RunTime:0.0004s ]
NOTIC: [8] Use of undefined constant regex - assumed 'regex' D:\wamp64\www\sucai\ThinkPHP\Common\functions.php 第 588 行.
NOTIC: [8] Use of undefined constant regex - assumed 'regex' D:\wamp64\www\sucai\ThinkPHP\Common\functions.php 第 588 行.
NOTIC: [8] Use of undefined constant regex - assumed 'regex' D:\wamp64\www\sucai\ThinkPHP\Common\functions.php 第 588 行.
NOTIC: [8] Use of undefined constant regex - assumed 'regex' D:\wamp64\www\sucai\ThinkPHP\Common\functions.php 第 588 行.
NOTIC: [8] Use of undefined constant regex - assumed 'regex' D:\wamp64\www\sucai\ThinkPHP\Common\functions.php 第 588 行.
SQL: SHOW COLUMNS FROM `sc_cate` [ RunTime:0.0005s ]
SQL: SELECT * FROM `sc_cate` ORDER BY cate_sort asc  [ RunTime:0.0004s ]
INFO: [ view_parse ] --START--
INFO: [ template_filter ] --START--
INFO: Run Behavior\ContentReplaceBehavior [ RunTime:0.000137s ]
INFO: [ template_filter ] --END-- [ RunTime:0.000234s ]
NOTIC: [8] Undefined index: type_name D:\wamp64\www\sucai\Application\Runtime\Cache\Admin\f68c5a1a42542d9b876352dd3eb66abd.php 第 174 行.
NOTIC: [8] Undefined index: type_name D:\wamp64\www\sucai\Application\Runtime\Cache\Admin\f68c5a1a42542d9b876352dd3eb66abd.php 第 174 行.
NOTIC: [8] Undefined index: type_name D:\wamp64\www\sucai\Application\Runtime\Cache\Admin\f68c5a1a42542d9b876352dd3eb66abd.php 第 174 行.
NOTIC: [8] Undefined index: type_name D:\wamp64\www\sucai\Application\Runtime\Cache\Admin\f68c5a1a42542d9b876352dd3eb66abd.php 第 174 行.
NOTIC: [8] Undefined index: type_name D:\wamp64\www\sucai\Application\Runtime\Cache\Admin\f68c5a1a42542d9b876352dd3eb66abd.php 第 174 行.
NOTIC: [8] Undefined index: type_name D:\wamp64\www\sucai\Application\Runtime\Cache\Admin\f68c5a1a42542d9b876352dd3eb66abd.php 第 174 行.
NOTIC: [8] Undefined index: type_name D:\wamp64\www\sucai\Application\Runtime\Cache\Admin\f68c5a1a42542d9b876352dd3eb66abd.php 第 174 行.
NOTIC: [8] Undefined index: type_name D:\wamp64\www\sucai\Application\Runtime\Cache\Admin\f68c5a1a42542d9b876352dd3eb66abd.php 第 174 行.
NOTIC: [8] Undefined index: type_name D:\wamp64\www\sucai\Application\Runtime\Cache\Admin\f68c5a1a42542d9b876352dd3eb66abd.php 第 174 行.
NOTIC: [8] Undefined index: type_name D:\wamp64\www\sucai\Application\Runtime\Cache\Admin\f68c5a1a42542d9b876352dd3eb66abd.php 第 174 行.
INFO: Run Behavior\ParseTemplateBehavior [ RunTime:0.012807s ]
INFO: [ view_parse ] --END-- [ RunTime:0.012894s ]
INFO: [ view_filter ] --START--
INFO: Run Behavior\WriteHtmlCacheBehavior [ RunTime:0.000448s ]
INFO: [ view_filter ] --END-- [ RunTime:0.000529s ]
INFO: [ app_end ] --START--
INFO: Run Behavior\ShowPageTraceBehavior [ RunTime:0.000832s ]
INFO: [ app_end ] --END-- [ RunTime:0.000970s ]

[ 2017-10-26T15:24:37+08:00 ] 127.0.0.1 /sucai/index.php/Admin/Article/article_edit/article_id/12
INFO: [ app_init ] --START--
INFO: Run Behavior\BuildLiteBehavior [ RunTime:0.000023s ]
INFO: [ app_init ] --END-- [ RunTime:0.000394s ]
INFO: [ app_begin ] --START--
INFO: Run Behavior\ReadHtmlCacheBehavior [ RunTime:0.000618s ]
INFO: [ app_begin ] --END-- [ RunTime:0.000733s ]
NOTIC: [8] Use of undefined constant regex - assumed 'regex' D:\wamp64\www\sucai\ThinkPHP\Common\functions.php 第 588 行.
NOTIC: [8] Use of undefined constant regex - assumed 'regex' D:\wamp64\www\sucai\ThinkPHP\Common\functions.php 第 588 行.
NOTIC: [8] Use of undefined constant regex - assumed 'regex' D:\wamp64\www\sucai\ThinkPHP\Common\functions.php 第 588 行.
NOTIC: [8] Use of undefined constant regex - assumed 'regex' D:\wamp64\www\sucai\ThinkPHP\Common\functions.php 第 588 行.
SQL: SHOW COLUMNS FROM `sc_article` [ RunTime:0.0006s ]
SQL: SELECT * FROM `sc_article` WHERE `article_id` = 12 LIMIT 1   [ RunTime:0.0003s ]
NOTIC: [8] Use of undefined constant regex - assumed 'regex' D:\wamp64\www\sucai\ThinkPHP\Common\functions.php 第 588 行.
NOTIC: [8] Use of undefined constant regex - assumed 'regex' D:\wamp64\www\sucai\ThinkPHP\Common\functions.php 第 588 行.
NOTIC: [8] Use of undefined constant regex - assumed 'regex' D:\wamp64\www\sucai\ThinkPHP\Common\functions.php 第 588 行.
NOTIC: [8] Use of undefined constant regex - assumed 'regex' D:\wamp64\www\sucai\ThinkPHP\Common\functions.php 第 588 行.
NOTIC: [8] Use of undefined constant regex - assumed 'regex' D:\wamp64\www\sucai\ThinkPHP\Common\functions.php 第 588 行.
SQL: SHOW COLUMNS FROM `sc_cate` [ RunTime:0.0005s ]
SQL: SELECT * FROM `sc_cate` ORDER BY cate_sort asc  [ RunTime:0.0007s ]
SQL: SHOW COLUMNS FROM `sc_typeattr` [ RunTime:0.0007s ]
SQL: SELECT * FROM `sc_typeattr`  [ RunTime:0.0002s ]
SQL: SELECT * FROM `sc_typeattr` LIMIT 1   [ RunTime:0.0002s ]
SQL: SHOW COLUMNS FROM `sc_attrs` [ RunTime:0.0006s ]
SQL: SELECT * FROM `sc_attrs` WHERE `typeattr_id` = 13  [ RunTime:0.0002s ]
SQL: SHOW COLUMNS FROM `sc_article_attr` [ RunTime:0.0006s ]
SQL: SELECT * FROM `sc_article_attr` WHERE `article_id` = 12  [ RunTime:0.0002s ]
INFO: [ view_parse ] --START--
INFO: [ template_filter ] --START--
INFO: Run Behavior\ContentReplaceBehavior [ RunTime:0.000276s ]
INFO: [ template_filter ] --END-- [ RunTime:0.000419s ]
NOTIC: [8] Undefined variable: cate D:\wamp64\www\sucai\Application\Runtime\Cache\Admin\9abfaa23bfd05ceb7b170bb6e580a01b.php 第 166 行.
NOTIC: [8] Undefined variable: cate D:\wamp64\www\sucai\Application\Runtime\Cache\Admin\9abfaa23bfd05ceb7b170bb6e580a01b.php 第 167 行.
NOTIC: [8] Undefined variable: cate D:\wamp64\www\sucai\Application\Runtime\Cache\Admin\9abfaa23bfd05ceb7b170bb6e580a01b.php 第 166 行.
NOTIC: [8] Undefined variable: cate D:\wamp64\www\sucai\Application\Runtime\Cache\Admin\9abfaa23bfd05ceb7b170bb6e580a01b.php 第 167 行.
NOTIC: [8] Undefined variable: cate D:\wamp64\www\sucai\Application\Runtime\Cache\Admin\9abfaa23bfd05ceb7b170bb6e580a01b.php 第 166 行.
NOTIC: [8] Undefined variable: cate D:\wamp64\www\sucai\Application\Runtime\Cache\Admin\9abfaa23bfd05ceb7b170bb6e580a01b.php 第 167 行.
NOTIC: [8] Undefined variable: cate D:\wamp64\www\sucai\Application\Runtime\Cache\Admin\9abfaa23bfd05ceb7b170bb6e580a01b.php 第 166 行.
NOTIC: [8] Undefined variable: cate D:\wamp64\www\sucai\Application\Runtime\Cache\Admin\9abfaa23bfd05ceb7b170bb6e580a01b.php 第 167 行.
NOTIC: [8] Undefined variable: cate D:\wamp64\www\sucai\Application\Runtime\Cache\Admin\9abfaa23bfd05ceb7b170bb6e580a01b.php 第 166 行.
NOTIC: [8] Undefined variable: cate D:\wamp64\www\sucai\Application\Runtime\Cache\Admin\9abfaa23bfd05ceb7b170bb6e580a01b.php 第 167 行.
NOTIC: [8] Undefined variable: cate D:\wamp64\www\sucai\Application\Runtime\Cache\Admin\9abfaa23bfd05ceb7b170bb6e580a01b.php 第 166 行.
NOTIC: [8] Undefined variable: cate D:\wamp64\www\sucai\Application\Runtime\Cache\Admin\9abfaa23bfd05ceb7b170bb6e580a01b.php 第 167 行.
NOTIC: [8] Undefined variable: cate D:\wamp64\www\sucai\Application\Runtime\Cache\Admin\9abfaa23bfd05ceb7b170bb6e580a01b.php 第 166 行.
NOTIC: [8] Undefined variable: cate D:\wamp64\www\sucai\Application\Runtime\Cache\Admin\9abfaa23bfd05ceb7b170bb6e580a01b.php 第 167 行.
NOTIC: [8] Undefined variable: cate D:\wamp64\www\sucai\Application\Runtime\Cache\Admin\9abfaa23bfd05ceb7b170bb6e580a01b.php 第 166 行.
NOTIC: [8] Undefined variable: cate D:\wamp64\www\sucai\Application\Runtime\Cache\Admin\9abfaa23bfd05ceb7b170bb6e580a01b.php 第 167 行.
NOTIC: [8] Undefined variable: cate D:\wamp64\www\sucai\Application\Runtime\Cache\Admin\9abfaa23bfd05ceb7b170bb6e580a01b.php 第 166 行.
NOTIC: [8] Undefined variable: cate D:\wamp64\www\sucai\Application\Runtime\Cache\Admin\9abfaa23bfd05ceb7b170bb6e580a01b.php 第 167 行.
NOTIC: [8] Undefined variable: cate D:\wamp64\www\sucai\Application\Runtime\Cache\Admin\9abfaa23bfd05ceb7b170bb6e580a01b.php 第 166 行.
NOTIC: [8] Undefined variable: cate D:\wamp64\www\sucai\Application\Runtime\Cache\Admin\9abfaa23bfd05ceb7b170bb6e580a01b.php 第 167 行.
NOTIC: [8] Undefined variable: cate D:\wamp64\www\sucai\Application\Runtime\Cache\Admin\9abfaa23bfd05ceb7b170bb6e580a01b.php 第 166 行.
NOTIC: [8] Undefined variable: cate D:\wamp64\www\sucai\Application\Runtime\Cache\Admin\9abfaa23bfd05ceb7b170bb6e580a01b.php 第 167 行.
NOTIC: [8] Undefined variable: cate D:\wamp64\www\sucai\Application\Runtime\Cache\Admin\9abfaa23bfd05ceb7b170bb6e580a01b.php 第 166 行.
NOTIC: [8] Undefined variable: cate D:\wamp64\www\sucai\Application\Runtime\Cache\Admin\9abfaa23bfd05ceb7b170bb6e580a01b.php 第 167 行.
NOTIC: [8] Undefined variable: cate D:\wamp64\www\sucai\Application\Runtime\Cache\Admin\9abfaa23bfd05ceb7b170bb6e580a01b.php 第 166 行.
NOTIC: [8] Undefined variable: cate D:\wamp64\www\sucai\Application\Runtime\Cache\Admin\9abfaa23bfd05ceb7b170bb6e580a01b.php 第 167 行.
NOTIC: [8] Undefined variable: cate D:\wamp64\www\sucai\Application\Runtime\Cache\Admin\9abfaa23bfd05ceb7b170bb6e580a01b.php 第 166 行.
NOTIC: [8] Undefined variable: cate D:\wamp64\www\sucai\Application\Runtime\Cache\Admin\9abfaa23bfd05ceb7b170bb6e580a01b.php 第 167 行.
NOTIC: [8] Undefined variable: cate D:\wamp64\www\sucai\Application\Runtime\Cache\Admin\9abfaa23bfd05ceb7b170bb6e580a01b.php 第 166 行.
NOTIC: [8] Undefined variable: cate D:\wamp64\www\sucai\Application\Runtime\Cache\Admin\9abfaa23bfd05ceb7b170bb6e580a01b.php 第 167 行.
NOTIC: [8] Undefined variable: cate D:\wamp64\www\sucai\Application\Runtime\Cache\Admin\9abfaa23bfd05ceb7b170bb6e580a01b.php 第 166 行.
NOTIC: [8] Undefined variable: cate D:\wamp64\www\sucai\Application\Runtime\Cache\Admin\9abfaa23bfd05ceb7b170bb6e580a01b.php 第 167 行.
NOTIC: [8] Undefined variable: cate D:\wamp64\www\sucai\Application\Runtime\Cache\Admin\9abfaa23bfd05ceb7b170bb6e580a01b.php 第 166 行.
NOTIC: [8] Undefined variable: cate D:\wamp64\www\sucai\Application\Runtime\Cache\Admin\9abfaa23bfd05ceb7b170bb6e580a01b.php 第 167 行.
NOTIC: [8] Undefined variable: cate D:\wamp64\www\sucai\Application\Runtime\Cache\Admin\9abfaa23bfd05ceb7b170bb6e580a01b.php 第 166 行.
NOTIC: [8] Undefined variable: cate D:\wamp64\www\sucai\Application\Runtime\Cache\Admin\9abfaa23bfd05ceb7b170bb6e580a01b.php 第 167 行.
NOTIC: [8] Undefined variable: cate D:\wamp64\www\sucai\Application\Runtime\Cache\Admin\9abfaa23bfd05ceb7b170bb6e580a01b.php 第 166 行.
NOTIC: [8] Undefined variable: cate D:\wamp64\www\sucai\Application\Runtime\Cache\Admin\9abfaa23bfd05ceb7b170bb6e580a01b.php 第 167 行.
NOTIC: [8] Undefined variable: cate D:\wamp64\www\sucai\Application\Runtime\Cache\Admin\9abfaa23bfd05ceb7b170bb6e580a01b.php 第 166 行.
NOTIC: [8] Undefined variable: cate D:\wamp64\www\sucai\Application\Runtime\Cache\Admin\9abfaa23bfd05ceb7b170bb6e580a01b.php 第 167 行.
NOTIC: [8] Undefined variable: cate D:\wamp64\www\sucai\Application\Runtime\Cache\Admin\9abfaa23bfd05ceb7b170bb6e580a01b.php 第 166 行.
NOTIC: [8] Undefined variable: cate D:\wamp64\www\sucai\Application\Runtime\Cache\Admin\9abfaa23bfd05ceb7b170bb6e580a01b.php 第 167 行.
NOTIC: [8] Undefined variable: cate D:\wamp64\www\sucai\Application\Runtime\Cache\Admin\9abfaa23bfd05ceb7b170bb6e580a01b.php 第 166 行.
NOTIC: [8] Undefined variable: cate D:\wamp64\www\sucai\Application\Runtime\Cache\Admin\9abfaa23bfd05ceb7b170bb6e580a01b.php 第 167 行.
INFO: Run Behavior\ParseTemplateBehavior [ RunTime:0.014213s ]
INFO: [ view_parse ] --END-- [ RunTime:0.014302s ]
INFO: [ view_filter ] --START--
INFO: Run Behavior\WriteHtmlCacheBehavior [ RunTime:0.000414s ]
INFO: [ view_filter ] --END-- [ RunTime:0.000497s ]
INFO: [ app_end ] --START--
INFO: Run Behavior\ShowPageTraceBehavior [ RunTime:0.000680s ]
INFO: [ app_end ] --END-- [ RunTime:0.000775s ]

[ 2017-10-26T15:25:04+08:00 ] 127.0.0.1 /sucai/index.php/Admin/Article/article_edit/article_id/12
INFO: [ app_init ] --START--
INFO: Run Behavior\BuildLiteBehavior [ RunTime:0.000019s ]
INFO: [ app_init ] --END-- [ RunTime:0.000471s ]
INFO: [ app_begin ] --START--
INFO: Run Behavior\ReadHtmlCacheBehavior [ RunTime:0.000681s ]
INFO: [ app_begin ] --END-- [ RunTime:0.000808s ]
NOTIC: [8] Use of undefined constant regex - assumed 'regex' D:\wamp64\www\sucai\ThinkPHP\Common\functions.php 第 588 行.
NOTIC: [8] Use of undefined constant regex - assumed 'regex' D:\wamp64\www\sucai\ThinkPHP\Common\functions.php 第 588 行.
NOTIC: [8] Use of undefined constant regex - assumed 'regex' D:\wamp64\www\sucai\ThinkPHP\Common\functions.php 第 588 行.
NOTIC: [8] Use of undefined constant regex - assumed 'regex' D:\wamp64\www\sucai\ThinkPHP\Common\functions.php 第 588 行.
SQL: SHOW COLUMNS FROM `sc_article` [ RunTime:0.0005s ]
SQL: SELECT * FROM `sc_article` WHERE `article_id` = 12 LIMIT 1   [ RunTime:0.0003s ]
NOTIC: [8] Undefined index: validate D:\wamp64\www\sucai\ThinkPHP\Library\Think\Model.class.php 第 1185 行.
NOTIC: [8] Undefined index: auto D:\wamp64\www\sucai\ThinkPHP\Library\Think\Model.class.php 第 1128 行.
SQL: UPDATE `sc_article` SET `attrtype_id`='13',`article_title`='测试',`article_author`='测试',`article_keys`='css3,抽奖,游戏,3D,手机特效,其它特效',`article_desc`='测试',`article_reco`='0',`cate_id`='1',`article_content`='0' WHERE `article_id` = 12 [ RunTime:0.0003s ]
SQL: SHOW COLUMNS FROM `sc_article_attr` [ RunTime:0.0007s ]
SQL: DELETE FROM `sc_article_attr` WHERE `article_id` = 12 [ RunTime:0.0003s ]
SQL: INSERT INTO `sc_article_attr` (`article_id`,`attrs_id`,`attrs_value`) VALUES ('12','13','手机') [ RunTime:0.0002s ]
SQL: INSERT INTO `sc_article_attr` (`article_id`,`attrs_id`,`attrs_value`) VALUES ('12','12','Ajax') [ RunTime:0.0002s ]
INFO: [ view_parse ] --START--
INFO: [ template_filter ] --START--
INFO: Run Behavior\ContentReplaceBehavior [ RunTime:0.000081s ]
INFO: [ template_filter ] --END-- [ RunTime:0.000175s ]
INFO: Run Behavior\ParseTemplateBehavior [ RunTime:0.005996s ]
INFO: [ view_parse ] --END-- [ RunTime:0.006106s ]
INFO: [ view_filter ] --START--
INFO: Run Behavior\WriteHtmlCacheBehavior [ RunTime:0.000443s ]
INFO: [ view_filter ] --END-- [ RunTime:0.000540s ]
INFO: [ app_end ] --START--
INFO: Run Behavior\ShowPageTraceBehavior [ RunTime:0.000552s ]
INFO: [ app_end ] --END-- [ RunTime:0.000641s ]

[ 2017-10-26T15:25:05+08:00 ] 127.0.0.1 /sucai/index.php/Admin/Article/article_list.html
INFO: [ app_init ] --START--
INFO: Run Behavior\BuildLiteBehavior [ RunTime:0.000031s ]
INFO: [ app_init ] --END-- [ RunTime:0.000645s ]
INFO: [ app_begin ] --START--
INFO: Run Behavior\ReadHtmlCacheBehavior [ RunTime:0.000696s ]
INFO: [ app_begin ] --END-- [ RunTime:0.000831s ]
NOTIC: [8] Use of undefined constant regex - assumed 'regex' D:\wamp64\www\sucai\ThinkPHP\Common\functions.php 第 588 行.
NOTIC: [8] Use of undefined constant regex - assumed 'regex' D:\wamp64\www\sucai\ThinkPHP\Common\functions.php 第 588 行.
NOTIC: [8] Use of undefined constant regex - assumed 'regex' D:\wamp64\www\sucai\ThinkPHP\Common\functions.php 第 588 行.
NOTIC: [8] Use of undefined constant regex - assumed 'regex' D:\wamp64\www\sucai\ThinkPHP\Common\functions.php 第 588 行.
SQL: SHOW COLUMNS FROM `sc_article` [ RunTime:0.0005s ]
SQL: SELECT COUNT(*) AS tp_count FROM `sc_article` WHERE `article_title` LIKE '%%' LIMIT 1   [ RunTime:0.0003s ]
SQL: SELECT a.article_title,a.article_author,a.article_id,a.article_pic,a.article_time,a.article_reco,c.cate_name FROM sc_article a LEFT JOIN  sc_cate c on a.cate_id=c.cate_id  WHERE `article_title` LIKE '%%' ORDER BY article_id desc LIMIT 0,20   [ RunTime:0.0004s ]
NOTIC: [8] Use of undefined constant regex - assumed 'regex' D:\wamp64\www\sucai\ThinkPHP\Common\functions.php 第 588 行.
NOTIC: [8] Use of undefined constant regex - assumed 'regex' D:\wamp64\www\sucai\ThinkPHP\Common\functions.php 第 588 行.
NOTIC: [8] Use of undefined constant regex - assumed 'regex' D:\wamp64\www\sucai\ThinkPHP\Common\functions.php 第 588 行.
NOTIC: [8] Use of undefined constant regex - assumed 'regex' D:\wamp64\www\sucai\ThinkPHP\Common\functions.php 第 588 行.
NOTIC: [8] Use of undefined constant regex - assumed 'regex' D:\wamp64\www\sucai\ThinkPHP\Common\functions.php 第 588 行.
SQL: SHOW COLUMNS FROM `sc_cate` [ RunTime:0.0005s ]
SQL: SELECT * FROM `sc_cate` ORDER BY cate_sort asc  [ RunTime:0.0004s ]
INFO: [ view_parse ] --START--
INFO: [ template_filter ] --START--
INFO: Run Behavior\ContentReplaceBehavior [ RunTime:0.000143s ]
INFO: [ template_filter ] --END-- [ RunTime:0.000282s ]
NOTIC: [8] Undefined index: type_name D:\wamp64\www\sucai\Application\Runtime\Cache\Admin\f68c5a1a42542d9b876352dd3eb66abd.php 第 174 行.
NOTIC: [8] Undefined index: type_name D:\wamp64\www\sucai\Application\Runtime\Cache\Admin\f68c5a1a42542d9b876352dd3eb66abd.php 第 174 行.
NOTIC: [8] Undefined index: type_name D:\wamp64\www\sucai\Application\Runtime\Cache\Admin\f68c5a1a42542d9b876352dd3eb66abd.php 第 174 行.
NOTIC: [8] Undefined index: type_name D:\wamp64\www\sucai\Application\Runtime\Cache\Admin\f68c5a1a42542d9b876352dd3eb66abd.php 第 174 行.
NOTIC: [8] Undefined index: type_name D:\wamp64\www\sucai\Application\Runtime\Cache\Admin\f68c5a1a42542d9b876352dd3eb66abd.php 第 174 行.
NOTIC: [8] Undefined index: type_name D:\wamp64\www\sucai\Application\Runtime\Cache\Admin\f68c5a1a42542d9b876352dd3eb66abd.php 第 174 行.
NOTIC: [8] Undefined index: type_name D:\wamp64\www\sucai\Application\Runtime\Cache\Admin\f68c5a1a42542d9b876352dd3eb66abd.php 第 174 行.
NOTIC: [8] Undefined index: type_name D:\wamp64\www\sucai\Application\Runtime\Cache\Admin\f68c5a1a42542d9b876352dd3eb66abd.php 第 174 行.
NOTIC: [8] Undefined index: type_name D:\wamp64\www\sucai\Application\Runtime\Cache\Admin\f68c5a1a42542d9b876352dd3eb66abd.php 第 174 行.
NOTIC: [8] Undefined index: type_name D:\wamp64\www\sucai\Application\Runtime\Cache\Admin\f68c5a1a42542d9b876352dd3eb66abd.php 第 174 行.
INFO: Run Behavior\ParseTemplateBehavior [ RunTime:0.013365s ]
INFO: [ view_parse ] --END-- [ RunTime:0.013455s ]
INFO: [ view_filter ] --START--
INFO: Run Behavior\WriteHtmlCacheBehavior [ RunTime:0.000469s ]
INFO: [ view_filter ] --END-- [ RunTime:0.000553s ]
INFO: [ app_end ] --START--
INFO: Run Behavior\ShowPageTraceBehavior [ RunTime:0.000807s ]
INFO: [ app_end ] --END-- [ RunTime:0.000940s ]

[ 2017-10-26T16:52:20+08:00 ] 127.0.0.1 /sucai/index.php/admin
INFO: [ app_init ] --START--
INFO: Run Behavior\BuildLiteBehavior [ RunTime:0.000019s ]
INFO: [ app_init ] --END-- [ RunTime:0.000416s ]
INFO: [ app_begin ] --START--
INFO: Run Behavior\ReadHtmlCacheBehavior [ RunTime:0.000499s ]
INFO: [ app_begin ] --END-- [ RunTime:0.000594s ]
INFO: [ view_parse ] --START--
INFO: [ template_filter ] --START--
INFO: Run Behavior\ContentReplaceBehavior [ RunTime:0.000133s ]
INFO: [ template_filter ] --END-- [ RunTime:0.000243s ]
INFO: Run Behavior\ParseTemplateBehavior [ RunTime:0.006975s ]
INFO: [ view_parse ] --END-- [ RunTime:0.007094s ]
INFO: [ view_filter ] --START--
INFO: Run Behavior\WriteHtmlCacheBehavior [ RunTime:0.000361s ]
INFO: [ view_filter ] --END-- [ RunTime:0.000445s ]
INFO: [ app_end ] --START--
INFO: Run Behavior\ShowPageTraceBehavior [ RunTime:0.002090s ]
INFO: [ app_end ] --END-- [ RunTime:0.002258s ]

[ 2017-10-26T16:52:28+08:00 ] 127.0.0.1 /sucai/index.php/Admin/System/sy_list
INFO: [ app_init ] --START--
INFO: Run Behavior\BuildLiteBehavior [ RunTime:0.000020s ]
INFO: [ app_init ] --END-- [ RunTime:0.000452s ]
INFO: [ app_begin ] --START--
INFO: Run Behavior\ReadHtmlCacheBehavior [ RunTime:0.000451s ]
INFO: [ app_begin ] --END-- [ RunTime:0.000547s ]
INFO: [ view_parse ] --START--
INFO: [ template_filter ] --START--
INFO: Run Behavior\ContentReplaceBehavior [ RunTime:0.000145s ]
INFO: [ template_filter ] --END-- [ RunTime:0.000247s ]
NOTIC: [8] Undefined variable: cateres D:\wamp64\www\sucai\Application\Runtime\Cache\Admin\579301ac3168a86910c3b98b16991a52.php 第 146 行.
NOTIC: [8] Undefined variable: lists D:\wamp64\www\sucai\Application\Runtime\Cache\Admin\579301ac3168a86910c3b98b16991a52.php 第 168 行.
NOTIC: [8] Undefined variable: page D:\wamp64\www\sucai\Application\Runtime\Cache\Admin\579301ac3168a86910c3b98b16991a52.php 第 195 行.
INFO: Run Behavior\ParseTemplateBehavior [ RunTime:0.015817s ]
INFO: [ view_parse ] --END-- [ RunTime:0.015908s ]
INFO: [ view_filter ] --START--
INFO: Run Behavior\WriteHtmlCacheBehavior [ RunTime:0.000431s ]
INFO: [ view_filter ] --END-- [ RunTime:0.000513s ]
INFO: [ app_end ] --START--
INFO: Run Behavior\ShowPageTraceBehavior [ RunTime:0.000559s ]
INFO: [ app_end ] --END-- [ RunTime:0.000642s ]

[ 2017-10-26T16:52:30+08:00 ] 127.0.0.1 /sucai/index.php/Admin/System/sy_add
INFO: [ app_init ] --START--
INFO: Run Behavior\BuildLiteBehavior [ RunTime:0.000019s ]
INFO: [ app_init ] --END-- [ RunTime:0.000448s ]
INFO: [ app_begin ] --START--
INFO: Run Behavior\ReadHtmlCacheBehavior [ RunTime:0.000422s ]
INFO: [ app_begin ] --END-- [ RunTime:0.000511s ]
INFO: [ view_parse ] --START--
INFO: [ template_filter ] --START--
INFO: Run Behavior\ContentReplaceBehavior [ RunTime:0.000138s ]
INFO: [ template_filter ] --END-- [ RunTime:0.000241s ]
INFO: Run Behavior\ParseTemplateBehavior [ RunTime:0.026993s ]
INFO: [ view_parse ] --END-- [ RunTime:0.027088s ]
INFO: [ view_filter ] --START--
INFO: Run Behavior\WriteHtmlCacheBehavior [ RunTime:0.000420s ]
INFO: [ view_filter ] --END-- [ RunTime:0.000505s ]
INFO: [ app_end ] --START--
INFO: Run Behavior\ShowPageTraceBehavior [ RunTime:0.000650s ]
INFO: [ app_end ] --END-- [ RunTime:0.000754s ]

[ 2017-10-26T16:53:31+08:00 ] 127.0.0.1 /sucai/index.php/Admin/System/sy_add
INFO: [ app_init ] --START--
INFO: Run Behavior\BuildLiteBehavior [ RunTime:0.000019s ]
INFO: [ app_init ] --END-- [ RunTime:0.000396s ]
INFO: [ app_begin ] --START--
INFO: Run Behavior\ReadHtmlCacheBehavior [ RunTime:0.000438s ]
INFO: [ app_begin ] --END-- [ RunTime:0.000527s ]
INFO: [ view_parse ] --START--
INFO: [ template_filter ] --START--
INFO: Run Behavior\ContentReplaceBehavior [ RunTime:0.000142s ]
INFO: [ template_filter ] --END-- [ RunTime:0.000248s ]
INFO: Run Behavior\ParseTemplateBehavior [ RunTime:0.009646s ]
INFO: [ view_parse ] --END-- [ RunTime:0.009763s ]
INFO: [ view_filter ] --START--
INFO: Run Behavior\WriteHtmlCacheBehavior [ RunTime:0.000423s ]
INFO: [ view_filter ] --END-- [ RunTime:0.000506s ]
INFO: [ app_end ] --START--
INFO: Run Behavior\ShowPageTraceBehavior [ RunTime:0.000759s ]
INFO: [ app_end ] --END-- [ RunTime:0.000900s ]

[ 2017-10-26T16:55:11+08:00 ] 127.0.0.1 /sucai/index.php/Admin/System/sy_add
INFO: [ app_init ] --START--
INFO: Run Behavior\BuildLiteBehavior [ RunTime:0.000019s ]
INFO: [ app_init ] --END-- [ RunTime:0.000480s ]
INFO: [ app_begin ] --START--
INFO: Run Behavior\ReadHtmlCacheBehavior [ RunTime:0.001415s ]
INFO: [ app_begin ] --END-- [ RunTime:0.001680s ]
INFO: [ view_parse ] --START--
INFO: [ template_filter ] --START--
INFO: Run Behavior\ContentReplaceBehavior [ RunTime:0.000080s ]
INFO: [ template_filter ] --END-- [ RunTime:0.000172s ]
INFO: Run Behavior\ParseTemplateBehavior [ RunTime:0.005779s ]
INFO: [ view_parse ] --END-- [ RunTime:0.005878s ]
INFO: [ view_filter ] --START--
INFO: Run Behavior\WriteHtmlCacheBehavior [ RunTime:0.000362s ]
INFO: [ view_filter ] --END-- [ RunTime:0.000448s ]
INFO: [ app_end ] --START--
INFO: Run Behavior\ShowPageTraceBehavior [ RunTime:0.000558s ]
INFO: [ app_end ] --END-- [ RunTime:0.000757s ]

[ 2017-10-26T16:55:12+08:00 ] 127.0.0.1 /sucai/index.php/Admin/System/sy_list.html
INFO: [ app_init ] --START--
INFO: Run Behavior\BuildLiteBehavior [ RunTime:0.000029s ]
INFO: [ app_init ] --END-- [ RunTime:0.000650s ]
INFO: [ app_begin ] --START--
INFO: Run Behavior\ReadHtmlCacheBehavior [ RunTime:0.000759s ]
INFO: [ app_begin ] --END-- [ RunTime:0.000920s ]
INFO: [ view_parse ] --START--
INFO: [ template_filter ] --START--
INFO: Run Behavior\ContentReplaceBehavior [ RunTime:0.000176s ]
INFO: [ template_filter ] --END-- [ RunTime:0.000278s ]
NOTIC: [8] Undefined variable: cateres D:\wamp64\www\sucai\Application\Runtime\Cache\Admin\579301ac3168a86910c3b98b16991a52.php 第 146 行.
NOTIC: [8] Undefined variable: lists D:\wamp64\www\sucai\Application\Runtime\Cache\Admin\579301ac3168a86910c3b98b16991a52.php 第 168 行.
NOTIC: [8] Undefined variable: page D:\wamp64\www\sucai\Application\Runtime\Cache\Admin\579301ac3168a86910c3b98b16991a52.php 第 195 行.
INFO: Run Behavior\ParseTemplateBehavior [ RunTime:0.013207s ]
INFO: [ view_parse ] --END-- [ RunTime:0.013353s ]
INFO: [ view_filter ] --START--
INFO: Run Behavior\WriteHtmlCacheBehavior [ RunTime:0.000416s ]
INFO: [ view_filter ] --END-- [ RunTime:0.000498s ]
INFO: [ app_end ] --START--
INFO: Run Behavior\ShowPageTraceBehavior [ RunTime:0.000557s ]
INFO: [ app_end ] --END-- [ RunTime:0.000640s ]

[ 2017-10-26T16:56:56+08:00 ] 127.0.0.1 /sucai/index.php/Admin/System/sy_add
INFO: [ app_init ] --START--
INFO: Run Behavior\BuildLiteBehavior [ RunTime:0.000019s ]
INFO: [ app_init ] --END-- [ RunTime:0.000446s ]
INFO: [ app_begin ] --START--
INFO: Run Behavior\ReadHtmlCacheBehavior [ RunTime:0.000465s ]
INFO: [ app_begin ] --END-- [ RunTime:0.000572s ]
INFO: [ view_parse ] --START--
INFO: [ template_filter ] --START--
INFO: Run Behavior\ContentReplaceBehavior [ RunTime:0.000137s ]
INFO: [ template_filter ] --END-- [ RunTime:0.000237s ]
INFO: Run Behavior\ParseTemplateBehavior [ RunTime:0.010517s ]
INFO: [ view_parse ] --END-- [ RunTime:0.010677s ]
INFO: [ view_filter ] --START--
INFO: Run Behavior\WriteHtmlCacheBehavior [ RunTime:0.000475s ]
INFO: [ view_filter ] --END-- [ RunTime:0.000561s ]
INFO: [ app_end ] --START--
INFO: Run Behavior\ShowPageTraceBehavior [ RunTime:0.000798s ]
INFO: [ app_end ] --END-- [ RunTime:0.000941s ]

[ 2017-10-26T16:57:41+08:00 ] 127.0.0.1 /sucai/index.php/Admin/System/sy_add
INFO: [ app_init ] --START--
INFO: Run Behavior\BuildLiteBehavior [ RunTime:0.000041s ]
INFO: [ app_init ] --END-- [ RunTime:0.001049s ]
INFO: [ app_begin ] --START--
INFO: Run Behavior\ReadHtmlCacheBehavior [ RunTime:0.000833s ]
INFO: [ app_begin ] --END-- [ RunTime:0.001035s ]
INFO: [ view_parse ] --START--
INFO: [ template_filter ] --START--
INFO: Run Behavior\ContentReplaceBehavior [ RunTime:0.000144s ]
INFO: [ template_filter ] --END-- [ RunTime:0.000238s ]
INFO: Run Behavior\ParseTemplateBehavior [ RunTime:0.007813s ]
INFO: [ view_parse ] --END-- [ RunTime:0.007916s ]
INFO: [ view_filter ] --START--
INFO: Run Behavior\WriteHtmlCacheBehavior [ RunTime:0.000359s ]
INFO: [ view_filter ] --END-- [ RunTime:0.000455s ]
INFO: [ app_end ] --START--
INFO: Run Behavior\ShowPageTraceBehavior [ RunTime:0.003319s ]
INFO: [ app_end ] --END-- [ RunTime:0.003584s ]

[ 2017-10-26T16:58:06+08:00 ] 127.0.0.1 /sucai/index.php/Admin/System/sy_add
INFO: [ app_init ] --START--
INFO: Run Behavior\BuildLiteBehavior [ RunTime:0.000018s ]
INFO: [ app_init ] --END-- [ RunTime:0.000469s ]
INFO: [ app_begin ] --START--
INFO: Run Behavior\ReadHtmlCacheBehavior [ RunTime:0.000477s ]
INFO: [ app_begin ] --END-- [ RunTime:0.000566s ]
INFO: [ view_parse ] --START--
INFO: [ template_filter ] --START--
INFO: Run Behavior\ContentReplaceBehavior [ RunTime:0.000079s ]
INFO: [ template_filter ] --END-- [ RunTime:0.000173s ]
INFO: Run Behavior\ParseTemplateBehavior [ RunTime:0.006510s ]
INFO: [ view_parse ] --END-- [ RunTime:0.006621s ]
INFO: [ view_filter ] --START--
INFO: Run Behavior\WriteHtmlCacheBehavior [ RunTime:0.000367s ]
INFO: [ view_filter ] --END-- [ RunTime:0.000454s ]
INFO: [ app_end ] --START--
INFO: Run Behavior\ShowPageTraceBehavior [ RunTime:0.000508s ]
INFO: [ app_end ] --END-- [ RunTime:0.000592s ]

[ 2017-10-26T16:58:07+08:00 ] 127.0.0.1 /sucai/index.php/Admin/System/sy_list.html
INFO: [ app_init ] --START--
INFO: Run Behavior\BuildLiteBehavior [ RunTime:0.000020s ]
INFO: [ app_init ] --END-- [ RunTime:0.000372s ]
INFO: [ app_begin ] --START--
INFO: Run Behavior\ReadHtmlCacheBehavior [ RunTime:0.000449s ]
INFO: [ app_begin ] --END-- [ RunTime:0.000548s ]
INFO: [ view_parse ] --START--
INFO: [ template_filter ] --START--
INFO: Run Behavior\ContentReplaceBehavior [ RunTime:0.000138s ]
INFO: [ template_filter ] --END-- [ RunTime:0.000233s ]
NOTIC: [8] Undefined variable: cateres D:\wamp64\www\sucai\Application\Runtime\Cache\Admin\579301ac3168a86910c3b98b16991a52.php 第 146 行.
NOTIC: [8] Undefined variable: lists D:\wamp64\www\sucai\Application\Runtime\Cache\Admin\579301ac3168a86910c3b98b16991a52.php 第 168 行.
NOTIC: [8] Undefined variable: page D:\wamp64\www\sucai\Application\Runtime\Cache\Admin\579301ac3168a86910c3b98b16991a52.php 第 195 行.
INFO: Run Behavior\ParseTemplateBehavior [ RunTime:0.011935s ]
INFO: [ view_parse ] --END-- [ RunTime:0.012085s ]
INFO: [ view_filter ] --START--
INFO: Run Behavior\WriteHtmlCacheBehavior [ RunTime:0.001027s ]
INFO: [ view_filter ] --END-- [ RunTime:0.001561s ]
INFO: [ app_end ] --START--
INFO: Run Behavior\ShowPageTraceBehavior [ RunTime:0.000727s ]
INFO: [ app_end ] --END-- [ RunTime:0.000822s ]

