[ 2018-05-13T16:41:08+08:00 ] ::1 /sucai/index.php/admin
INFO: [ app_init ] --START--
INFO: Run Behavior\BuildLiteBehavior [ RunTime:0.000192s ]
INFO: [ app_init ] --END-- [ RunTime:0.001089s ]
INFO: [ app_begin ] --START--
INFO: Run Behavior\ReadHtmlCacheBehavior [ RunTime:0.001053s ]
INFO: [ app_begin ] --END-- [ RunTime:0.001121s ]
INFO: [ view_parse ] --START--
INFO: [ template_filter ] --START--
INFO: Run Behavior\ContentReplaceBehavior [ RunTime:0.027957s ]
INFO: [ template_filter ] --END-- [ RunTime:0.028050s ]
INFO: Run Behavior\ParseTemplateBehavior [ RunTime:0.144257s ]
INFO: [ view_parse ] --END-- [ RunTime:0.144358s ]
INFO: [ view_filter ] --START--
INFO: Run Behavior\WriteHtmlCacheBehavior [ RunTime:0.026372s ]
INFO: [ view_filter ] --END-- [ RunTime:0.026457s ]

[ 2018-05-13T16:41:11+08:00 ] ::1 /sucai/index.php/Admin/Login/login.html
INFO: [ app_init ] --START--
INFO: Run Behavior\BuildLiteBehavior [ RunTime:0.000013s ]
INFO: [ app_init ] --END-- [ RunTime:0.000366s ]
INFO: [ app_begin ] --START--
INFO: Run Behavior\ReadHtmlCacheBehavior [ RunTime:0.000482s ]
INFO: [ app_begin ] --END-- [ RunTime:0.000538s ]
NOTIC: [8] Use of undefined constant regex - assumed 'regex' D:\wamp64\www\sucai\ThinkPHP\Common\functions.php 第 588 行.
NOTIC: [8] Use of undefined constant regex - assumed 'regex' D:\wamp64\www\sucai\ThinkPHP\Common\functions.php 第 588 行.
NOTIC: [8] Use of undefined constant regex - assumed 'regex' D:\wamp64\www\sucai\ThinkPHP\Common\functions.php 第 588 行.
NOTIC: [8] Use of undefined constant regex - assumed 'regex' D:\wamp64\www\sucai\ThinkPHP\Common\functions.php 第 588 行.
NOTIC: [8] Use of undefined constant callback - assumed 'callback' D:\wamp64\www\sucai\ThinkPHP\Common\functions.php 第 588 行.
NOTIC: [8] Use of undefined constant regex - assumed 'regex' D:\wamp64\www\sucai\ThinkPHP\Common\functions.php 第 588 行.
SQL: SHOW COLUMNS FROM `sc_admin` [ RunTime:0.0343s ]
INFO: [ view_parse ] --START--
INFO: [ template_filter ] --START--
INFO: Run Behavior\ContentReplaceBehavior [ RunTime:0.000055s ]
INFO: [ template_filter ] --END-- [ RunTime:0.000114s ]
INFO: Run Behavior\ParseTemplateBehavior [ RunTime:0.024955s ]
INFO: [ view_parse ] --END-- [ RunTime:0.025069s ]
INFO: [ view_filter ] --START--
INFO: Run Behavior\WriteHtmlCacheBehavior [ RunTime:0.000509s ]
INFO: [ view_filter ] --END-- [ RunTime:0.000564s ]
INFO: [ app_end ] --START--
INFO: Run Behavior\ShowPageTraceBehavior [ RunTime:0.011792s ]
INFO: [ app_end ] --END-- [ RunTime:0.011857s ]

[ 2018-05-13T16:41:12+08:00 ] ::1 /sucai/index.php/Admin/Login/verify
INFO: [ app_init ] --START--
INFO: Run Behavior\BuildLiteBehavior [ RunTime:0.000015s ]
INFO: [ app_init ] --END-- [ RunTime:0.000416s ]
INFO: [ app_begin ] --START--
INFO: Run Behavior\ReadHtmlCacheBehavior [ RunTime:0.000731s ]
INFO: [ app_begin ] --END-- [ RunTime:0.000804s ]
INFO: [ app_end ] --START--
INFO: Run Behavior\ShowPageTraceBehavior [ RunTime:0.000693s ]
INFO: [ app_end ] --END-- [ RunTime:0.000765s ]

[ 2018-05-13T16:41:46+08:00 ] ::1 /sucai/index.php/Admin/Login/login.html
INFO: [ app_init ] --START--
INFO: Run Behavior\BuildLiteBehavior [ RunTime:0.000026s ]
INFO: [ app_init ] --END-- [ RunTime:0.000628s ]
INFO: [ app_begin ] --START--
INFO: Run Behavior\ReadHtmlCacheBehavior [ RunTime:0.000823s ]
INFO: [ app_begin ] --END-- [ RunTime:0.000931s ]
NOTIC: [8] Use of undefined constant regex - assumed 'regex' D:\wamp64\www\sucai\ThinkPHP\Common\functions.php 第 588 行.
NOTIC: [8] Use of undefined constant regex - assumed 'regex' D:\wamp64\www\sucai\ThinkPHP\Common\functions.php 第 588 行.
NOTIC: [8] Use of undefined constant regex - assumed 'regex' D:\wamp64\www\sucai\ThinkPHP\Common\functions.php 第 588 行.
NOTIC: [8] Use of undefined constant regex - assumed 'regex' D:\wamp64\www\sucai\ThinkPHP\Common\functions.php 第 588 行.
NOTIC: [8] Use of undefined constant callback - assumed 'callback' D:\wamp64\www\sucai\ThinkPHP\Common\functions.php 第 588 行.
NOTIC: [8] Use of undefined constant regex - assumed 'regex' D:\wamp64\www\sucai\ThinkPHP\Common\functions.php 第 588 行.
SQL: SHOW COLUMNS FROM `sc_admin` [ RunTime:0.0010s ]
NOTIC: [8] Undefined index: validate D:\wamp64\www\sucai\ThinkPHP\Library\Think\Model.class.php 第 1185 行.
NOTIC: [8] Undefined index: auto D:\wamp64\www\sucai\ThinkPHP\Library\Think\Model.class.php 第 1128 行.
SQL: SELECT * FROM `sc_admin` WHERE ( a_name='admin' ) LIMIT 1   [ RunTime:0.0005s ]
INFO: [ view_parse ] --START--
INFO: [ template_filter ] --START--
INFO: Run Behavior\ContentReplaceBehavior [ RunTime:0.000323s ]
INFO: [ template_filter ] --END-- [ RunTime:0.001165s ]
INFO: Run Behavior\ParseTemplateBehavior [ RunTime:0.014120s ]
INFO: [ view_parse ] --END-- [ RunTime:0.014221s ]
INFO: [ view_filter ] --START--
INFO: Run Behavior\WriteHtmlCacheBehavior [ RunTime:0.000808s ]
INFO: [ view_filter ] --END-- [ RunTime:0.000902s ]
INFO: [ app_end ] --START--
INFO: Run Behavior\ShowPageTraceBehavior [ RunTime:0.000685s ]
INFO: [ app_end ] --END-- [ RunTime:0.000753s ]

[ 2018-05-13T16:41:47+08:00 ] ::1 /sucai/index.php/Admin/Index/Index.html
INFO: [ app_init ] --START--
INFO: Run Behavior\BuildLiteBehavior [ RunTime:0.000022s ]
INFO: [ app_init ] --END-- [ RunTime:0.000475s ]
INFO: [ app_begin ] --START--
INFO: Run Behavior\ReadHtmlCacheBehavior [ RunTime:0.000903s ]
INFO: [ app_begin ] --END-- [ RunTime:0.001094s ]
INFO: [ view_parse ] --START--
INFO: [ template_filter ] --START--
INFO: Run Behavior\ContentReplaceBehavior [ RunTime:0.000105s ]
INFO: [ template_filter ] --END-- [ RunTime:0.000168s ]
INFO: Run Behavior\ParseTemplateBehavior [ RunTime:0.040284s ]
INFO: [ view_parse ] --END-- [ RunTime:0.040367s ]
INFO: [ view_filter ] --START--
INFO: Run Behavior\WriteHtmlCacheBehavior [ RunTime:0.000542s ]
INFO: [ view_filter ] --END-- [ RunTime:0.000611s ]
INFO: [ app_end ] --START--
INFO: Run Behavior\ShowPageTraceBehavior [ RunTime:0.000842s ]
INFO: [ app_end ] --END-- [ RunTime:0.000917s ]

[ 2018-05-13T16:41:55+08:00 ] ::1 /sucai/index.php/Admin/Index/order_detail.html
INFO: [ app_init ] --START--
INFO: Run Behavior\BuildLiteBehavior [ RunTime:0.000014s ]
INFO: [ app_init ] --END-- [ RunTime:0.000435s ]
INFO: [ app_begin ] --START--
INFO: Run Behavior\ReadHtmlCacheBehavior [ RunTime:0.000552s ]
INFO: [ app_begin ] --END-- [ RunTime:0.000608s ]
ERR: 非法操作:order_detail

[ 2018-05-13T16:41:58+08:00 ] ::1 /sucai/index.php/Admin/Admin/adminlist
INFO: [ app_init ] --START--
INFO: Run Behavior\BuildLiteBehavior [ RunTime:0.000016s ]
INFO: [ app_init ] --END-- [ RunTime:0.000342s ]
INFO: [ app_begin ] --START--
INFO: Run Behavior\ReadHtmlCacheBehavior [ RunTime:0.000530s ]
INFO: [ app_begin ] --END-- [ RunTime:0.000592s ]
SQL: SHOW COLUMNS FROM `sc_admin` [ RunTime:0.0008s ]
SQL: SELECT COUNT(*) AS tp_count FROM `sc_admin` LIMIT 1   [ RunTime:0.0002s ]
SQL: SELECT * FROM `sc_admin` LIMIT 0,20   [ RunTime:0.0007s ]
INFO: [ view_parse ] --START--
INFO: [ template_filter ] --START--
INFO: Run Behavior\ContentReplaceBehavior [ RunTime:0.000115s ]
INFO: [ template_filter ] --END-- [ RunTime:0.000190s ]
INFO: Run Behavior\ParseTemplateBehavior [ RunTime:0.025648s ]
INFO: [ view_parse ] --END-- [ RunTime:0.025721s ]
INFO: [ view_filter ] --START--
INFO: Run Behavior\WriteHtmlCacheBehavior [ RunTime:0.000569s ]
INFO: [ view_filter ] --END-- [ RunTime:0.000619s ]
INFO: [ app_end ] --START--
INFO: Run Behavior\ShowPageTraceBehavior [ RunTime:0.000612s ]
INFO: [ app_end ] --END-- [ RunTime:0.000664s ]

[ 2018-05-13T16:42:00+08:00 ] ::1 /sucai/index.php/Admin/Attrtype/typeList
INFO: [ app_init ] --START--
INFO: Run Behavior\BuildLiteBehavior [ RunTime:0.000013s ]
INFO: [ app_init ] --END-- [ RunTime:0.000420s ]
INFO: [ app_begin ] --START--
INFO: Run Behavior\ReadHtmlCacheBehavior [ RunTime:0.000490s ]
INFO: [ app_begin ] --END-- [ RunTime:0.000543s ]
SQL: SHOW COLUMNS FROM `sc_typeattr` [ RunTime:0.0285s ]
SQL: SELECT COUNT(*) AS tp_count FROM `sc_typeattr` LIMIT 1   [ RunTime:0.0002s ]
SQL: SELECT * FROM `sc_typeattr` LIMIT 0,15   [ RunTime:0.0003s ]
INFO: [ view_parse ] --START--
INFO: [ template_filter ] --START--
INFO: Run Behavior\ContentReplaceBehavior [ RunTime:0.000098s ]
INFO: [ template_filter ] --END-- [ RunTime:0.000171s ]
INFO: Run Behavior\ParseTemplateBehavior [ RunTime:0.022063s ]
INFO: [ view_parse ] --END-- [ RunTime:0.022137s ]
INFO: [ view_filter ] --START--
INFO: Run Behavior\WriteHtmlCacheBehavior [ RunTime:0.000462s ]
INFO: [ view_filter ] --END-- [ RunTime:0.000512s ]
INFO: [ view_parse ] --START--
INFO: [ template_filter ] --START--
INFO: Run Behavior\ContentReplaceBehavior [ RunTime:0.000121s ]
INFO: [ template_filter ] --END-- [ RunTime:-0.006507s ]
INFO: Run Behavior\ParseTemplateBehavior [ RunTime:0.016340s ]
INFO: [ view_parse ] --END-- [ RunTime:-0.000860s ]
INFO: [ view_filter ] --START--
INFO: Run Behavior\WriteHtmlCacheBehavior [ RunTime:0.000016s ]
INFO: [ view_filter ] --END-- [ RunTime:-0.016755s ]
NOTIC: [2] Cannot modify header information - headers already sent by (output started at D:\wamp64\www\sucai\ThinkPHP\Library\Think\View.class.php:95) D:\wamp64\www\sucai\ThinkPHP\Library\Think\View.class.php 第 91 行.
NOTIC: [2] Cannot modify header information - headers already sent by (output started at D:\wamp64\www\sucai\ThinkPHP\Library\Think\View.class.php:95) D:\wamp64\www\sucai\ThinkPHP\Library\Think\View.class.php 第 92 行.
NOTIC: [2] Cannot modify header information - headers already sent by (output started at D:\wamp64\www\sucai\ThinkPHP\Library\Think\View.class.php:95) D:\wamp64\www\sucai\ThinkPHP\Library\Think\View.class.php 第 93 行.
INFO: [ app_end ] --START--
INFO: Run Behavior\ShowPageTraceBehavior [ RunTime:0.001988s ]
INFO: [ app_end ] --END-- [ RunTime:0.002377s ]

[ 2018-05-13T16:42:01+08:00 ] ::1 /sucai/index.php/Admin/Attrs/attrValue
INFO: [ app_init ] --START--
INFO: Run Behavior\BuildLiteBehavior [ RunTime:0.000015s ]
INFO: [ app_init ] --END-- [ RunTime:0.000452s ]
INFO: [ app_begin ] --START--
INFO: Run Behavior\ReadHtmlCacheBehavior [ RunTime:0.000504s ]
INFO: [ app_begin ] --END-- [ RunTime:0.000563s ]
SQL: SHOW COLUMNS FROM `sc_attrs` [ RunTime:0.0227s ]
SQL: SELECT COUNT(*) AS tp_count FROM sc_attrs a LIMIT 1   [ RunTime:0.0004s ]
SQL: SELECT a.*,t.* FROM sc_attrs a INNER JOIN sc_typeattr t on a.typeattr_id = t.type_id  ORDER BY a.typeattr_id desc LIMIT 0,15   [ RunTime:0.0010s ]
INFO: [ view_parse ] --START--
INFO: [ template_filter ] --START--
INFO: Run Behavior\ContentReplaceBehavior [ RunTime:0.000102s ]
INFO: [ template_filter ] --END-- [ RunTime:0.000158s ]
INFO: Run Behavior\ParseTemplateBehavior [ RunTime:0.019757s ]
INFO: [ view_parse ] --END-- [ RunTime:0.019815s ]
INFO: [ view_filter ] --START--
INFO: Run Behavior\WriteHtmlCacheBehavior [ RunTime:0.000441s ]
INFO: [ view_filter ] --END-- [ RunTime:0.000494s ]
INFO: [ app_end ] --START--
INFO: Run Behavior\ShowPageTraceBehavior [ RunTime:0.000611s ]
INFO: [ app_end ] --END-- [ RunTime:0.000673s ]

[ 2018-05-13T16:42:08+08:00 ] ::1 /sucai/index.php/Admin/Attrs/user_detail.html
INFO: [ app_init ] --START--
INFO: Run Behavior\BuildLiteBehavior [ RunTime:0.000025s ]
INFO: [ app_init ] --END-- [ RunTime:0.000374s ]
INFO: [ app_begin ] --START--
INFO: Run Behavior\ReadHtmlCacheBehavior [ RunTime:0.000501s ]
INFO: [ app_begin ] --END-- [ RunTime:0.000573s ]
ERR: 非法操作:user_detail

[ 2018-05-13T16:42:11+08:00 ] ::1 /sucai/index.php/Admin/Attrs/attrValue
INFO: [ app_init ] --START--
INFO: Run Behavior\BuildLiteBehavior [ RunTime:0.000015s ]
INFO: [ app_init ] --END-- [ RunTime:0.000411s ]
INFO: [ app_begin ] --START--
INFO: Run Behavior\ReadHtmlCacheBehavior [ RunTime:0.000491s ]
INFO: [ app_begin ] --END-- [ RunTime:0.000546s ]
SQL: SHOW COLUMNS FROM `sc_attrs` [ RunTime:0.0008s ]
SQL: SELECT COUNT(*) AS tp_count FROM sc_attrs a LIMIT 1   [ RunTime:0.0002s ]
SQL: SELECT a.*,t.* FROM sc_attrs a INNER JOIN sc_typeattr t on a.typeattr_id = t.type_id  ORDER BY a.typeattr_id desc LIMIT 0,15   [ RunTime:0.0007s ]
INFO: [ view_parse ] --START--
INFO: [ template_filter ] --START--
INFO: Run Behavior\ContentReplaceBehavior [ RunTime:0.000100s ]
INFO: [ template_filter ] --END-- [ RunTime:0.000158s ]
INFO: Run Behavior\ParseTemplateBehavior [ RunTime:0.006779s ]
INFO: [ view_parse ] --END-- [ RunTime:0.006847s ]
INFO: [ view_filter ] --START--
INFO: Run Behavior\WriteHtmlCacheBehavior [ RunTime:0.000496s ]
INFO: [ view_filter ] --END-- [ RunTime:0.000565s ]
INFO: [ app_end ] --START--
INFO: Run Behavior\ShowPageTraceBehavior [ RunTime:0.002731s ]
INFO: [ app_end ] --END-- [ RunTime:0.002831s ]

[ 2018-05-13T16:42:12+08:00 ] ::1 /sucai/index.php/Admin/Attrtype/typeList
INFO: [ app_init ] --START--
INFO: Run Behavior\BuildLiteBehavior [ RunTime:0.000016s ]
INFO: [ app_init ] --END-- [ RunTime:0.000361s ]
INFO: [ app_begin ] --START--
INFO: Run Behavior\ReadHtmlCacheBehavior [ RunTime:0.000501s ]
INFO: [ app_begin ] --END-- [ RunTime:0.000656s ]
SQL: SHOW COLUMNS FROM `sc_typeattr` [ RunTime:0.0009s ]
SQL: SELECT COUNT(*) AS tp_count FROM `sc_typeattr` LIMIT 1   [ RunTime:0.0002s ]
SQL: SELECT * FROM `sc_typeattr` LIMIT 0,15   [ RunTime:0.0003s ]
INFO: [ view_parse ] --START--
INFO: [ template_filter ] --START--
INFO: Run Behavior\ContentReplaceBehavior [ RunTime:0.000125s ]
INFO: [ template_filter ] --END-- [ RunTime:0.000218s ]
INFO: Run Behavior\ParseTemplateBehavior [ RunTime:0.005895s ]
INFO: [ view_parse ] --END-- [ RunTime:0.005959s ]
INFO: [ view_filter ] --START--
INFO: Run Behavior\WriteHtmlCacheBehavior [ RunTime:0.000445s ]
INFO: [ view_filter ] --END-- [ RunTime:0.000496s ]
INFO: [ view_parse ] --START--
INFO: [ template_filter ] --START--
INFO: Run Behavior\ContentReplaceBehavior [ RunTime:0.000093s ]
INFO: [ template_filter ] --END-- [ RunTime:-0.003833s ]
INFO: Run Behavior\ParseTemplateBehavior [ RunTime:0.003508s ]
INFO: [ view_parse ] --END-- [ RunTime:-0.000835s ]
INFO: [ view_filter ] --START--
INFO: Run Behavior\WriteHtmlCacheBehavior [ RunTime:0.000023s ]
INFO: [ view_filter ] --END-- [ RunTime:-0.003949s ]
NOTIC: [2] Cannot modify header information - headers already sent by (output started at D:\wamp64\www\sucai\ThinkPHP\Library\Think\View.class.php:95) D:\wamp64\www\sucai\ThinkPHP\Library\Think\View.class.php 第 91 行.
NOTIC: [2] Cannot modify header information - headers already sent by (output started at D:\wamp64\www\sucai\ThinkPHP\Library\Think\View.class.php:95) D:\wamp64\www\sucai\ThinkPHP\Library\Think\View.class.php 第 92 行.
NOTIC: [2] Cannot modify header information - headers already sent by (output started at D:\wamp64\www\sucai\ThinkPHP\Library\Think\View.class.php:95) D:\wamp64\www\sucai\ThinkPHP\Library\Think\View.class.php 第 93 行.
INFO: [ app_end ] --START--
INFO: Run Behavior\ShowPageTraceBehavior [ RunTime:0.001504s ]
INFO: [ app_end ] --END-- [ RunTime:0.001600s ]

[ 2018-05-13T16:42:15+08:00 ] ::1 /sucai/index.php/Admin/Attrtype/product_detail.html
INFO: [ app_init ] --START--
INFO: Run Behavior\BuildLiteBehavior [ RunTime:0.000014s ]
INFO: [ app_init ] --END-- [ RunTime:0.000394s ]
INFO: [ app_begin ] --START--
INFO: Run Behavior\ReadHtmlCacheBehavior [ RunTime:0.000485s ]
INFO: [ app_begin ] --END-- [ RunTime:0.000538s ]
ERR: 非法操作:product_detail

[ 2018-05-13T16:42:19+08:00 ] ::1 /sucai/index.php/Admin/Attrtype/typeList
INFO: [ app_init ] --START--
INFO: Run Behavior\BuildLiteBehavior [ RunTime:0.000057s ]
INFO: [ app_init ] --END-- [ RunTime:0.000923s ]
INFO: [ app_begin ] --START--
INFO: Run Behavior\ReadHtmlCacheBehavior [ RunTime:0.000550s ]
INFO: [ app_begin ] --END-- [ RunTime:0.000616s ]
SQL: SHOW COLUMNS FROM `sc_typeattr` [ RunTime:0.0008s ]
SQL: SELECT COUNT(*) AS tp_count FROM `sc_typeattr` LIMIT 1   [ RunTime:0.0002s ]
SQL: SELECT * FROM `sc_typeattr` LIMIT 0,15   [ RunTime:0.0002s ]
INFO: [ view_parse ] --START--
INFO: [ template_filter ] --START--
INFO: Run Behavior\ContentReplaceBehavior [ RunTime:0.000107s ]
INFO: [ template_filter ] --END-- [ RunTime:0.000198s ]
INFO: Run Behavior\ParseTemplateBehavior [ RunTime:0.005906s ]
INFO: [ view_parse ] --END-- [ RunTime:0.005966s ]
INFO: [ view_filter ] --START--
INFO: Run Behavior\WriteHtmlCacheBehavior [ RunTime:0.000458s ]
INFO: [ view_filter ] --END-- [ RunTime:0.000507s ]
INFO: [ view_parse ] --START--
INFO: [ template_filter ] --START--
INFO: Run Behavior\ContentReplaceBehavior [ RunTime:0.000092s ]
INFO: [ template_filter ] --END-- [ RunTime:-0.003770s ]
INFO: Run Behavior\ParseTemplateBehavior [ RunTime:0.003400s ]
INFO: [ view_parse ] --END-- [ RunTime:-0.000845s ]
INFO: [ view_filter ] --START--
INFO: Run Behavior\WriteHtmlCacheBehavior [ RunTime:0.000021s ]
INFO: [ view_filter ] --END-- [ RunTime:-0.003836s ]
NOTIC: [2] Cannot modify header information - headers already sent by (output started at D:\wamp64\www\sucai\ThinkPHP\Library\Think\View.class.php:95) D:\wamp64\www\sucai\ThinkPHP\Library\Think\View.class.php 第 91 行.
NOTIC: [2] Cannot modify header information - headers already sent by (output started at D:\wamp64\www\sucai\ThinkPHP\Library\Think\View.class.php:95) D:\wamp64\www\sucai\ThinkPHP\Library\Think\View.class.php 第 92 行.
NOTIC: [2] Cannot modify header information - headers already sent by (output started at D:\wamp64\www\sucai\ThinkPHP\Library\Think\View.class.php:95) D:\wamp64\www\sucai\ThinkPHP\Library\Think\View.class.php 第 93 行.
INFO: [ app_end ] --START--
INFO: Run Behavior\ShowPageTraceBehavior [ RunTime:0.001257s ]
INFO: [ app_end ] --END-- [ RunTime:0.001354s ]

[ 2018-05-13T16:42:20+08:00 ] ::1 /sucai/index.php/Admin/Attrs/attrValue
INFO: [ app_init ] --START--
INFO: Run Behavior\BuildLiteBehavior [ RunTime:0.000014s ]
INFO: [ app_init ] --END-- [ RunTime:0.000322s ]
INFO: [ app_begin ] --START--
INFO: Run Behavior\ReadHtmlCacheBehavior [ RunTime:0.000484s ]
INFO: [ app_begin ] --END-- [ RunTime:0.000537s ]
SQL: SHOW COLUMNS FROM `sc_attrs` [ RunTime:0.0010s ]
SQL: SELECT COUNT(*) AS tp_count FROM sc_attrs a LIMIT 1   [ RunTime:0.0003s ]
SQL: SELECT a.*,t.* FROM sc_attrs a INNER JOIN sc_typeattr t on a.typeattr_id = t.type_id  ORDER BY a.typeattr_id desc LIMIT 0,15   [ RunTime:0.0008s ]
INFO: [ view_parse ] --START--
INFO: [ template_filter ] --START--
INFO: Run Behavior\ContentReplaceBehavior [ RunTime:0.000101s ]
INFO: [ template_filter ] --END-- [ RunTime:0.000155s ]
INFO: Run Behavior\ParseTemplateBehavior [ RunTime:0.005442s ]
INFO: [ view_parse ] --END-- [ RunTime:0.005498s ]
INFO: [ view_filter ] --START--
INFO: Run Behavior\WriteHtmlCacheBehavior [ RunTime:0.000431s ]
INFO: [ view_filter ] --END-- [ RunTime:0.000485s ]
INFO: [ app_end ] --START--
INFO: Run Behavior\ShowPageTraceBehavior [ RunTime:0.000566s ]
INFO: [ app_end ] --END-- [ RunTime:0.000628s ]

